nohup: ignoring input
Namespace(alpha=1.0, anno_txt='./data/300W_LP_pose.txt', bs=128, dataset='/home/lfx/Data/300W_LP', epochs=30, gpu=5, log_interval=100, lr=0.001, lr_decay_epoch='10, 15, 20', lr_type='cos', momentum=0.9, net='v3', num_workers=6, prefix='v3_large_alpha1', save='./weight', use_fc=1, version='large', wd=4e-05, weights='', width_mult=1.0)
[21:15:38] src/operator/nn/./cudnn/./cudnn_algoreg-inl.h:97: Running performance tests to find the best convolution algorithm, this can take a while... (set the environment variable MXNET_CUDNN_AUTOTUNE_DEFAULT to 0 to disable)
Epoch[000] Batch[099/956] Speed: 54.27 samples/sec, Loss:(pitch, yaw, roll)/(89.777, 344.477, 72.676)
Epoch[000] Batch[199/956] Speed: 97.52 samples/sec, Loss:(pitch, yaw, roll)/(81.800, 211.377, 71.338)
Epoch[000] Batch[299/956] Speed: 182.66 samples/sec, Loss:(pitch, yaw, roll)/(74.110, 158.528, 64.163)
Epoch[000] Batch[399/956] Speed: 323.04 samples/sec, Loss:(pitch, yaw, roll)/(67.998, 130.636, 57.876)
Epoch[000] Batch[499/956] Speed: 319.20 samples/sec, Loss:(pitch, yaw, roll)/(62.861, 111.746, 53.057)
Epoch[000] Batch[599/956] Speed: 319.28 samples/sec, Loss:(pitch, yaw, roll)/(58.894, 98.427, 49.357)
Epoch[000] Batch[699/956] Speed: 320.50 samples/sec, Loss:(pitch, yaw, roll)/(55.192, 86.957, 45.992)
Epoch[000] Batch[799/956] Speed: 320.72 samples/sec, Loss:(pitch, yaw, roll)/(52.459, 78.417, 43.585)
Epoch[000] Batch[899/956] Speed: 318.07 samples/sec, Loss:(pitch, yaw, roll)/(50.583, 72.485, 41.958)
[21:27:05] src/operator/nn/./cudnn/./cudnn_algoreg-inl.h:97: Running performance tests to find the best convolution algorithm, this can take a while... (set the environment variable MXNET_CUDNN_AUTOTUNE_DEFAULT to 0 to disable)
Epoch[000] train: MAE:(pitch, yaw, roll, mean)/(6.558, 6.985, 5.538, 6.360), Cost=710 sec, lr=0.000997
Epoch[000] val  : MAE:(pitch, yaw, roll, mean)/(9.194, 10.834, 7.839, 9.289), Loss:(pitch, yaw, roll)/(111.048, 156.889, 123.819)
Min val mean MAE! save model!
Epoch[001] Batch[099/956] Speed: 314.42 samples/sec, Loss:(pitch, yaw, roll)/(33.791, 19.916, 27.931)
Epoch[001] Batch[199/956] Speed: 318.67 samples/sec, Loss:(pitch, yaw, roll)/(31.811, 17.209, 26.190)
Epoch[001] Batch[299/956] Speed: 318.00 samples/sec, Loss:(pitch, yaw, roll)/(30.560, 16.035, 25.408)
Epoch[001] Batch[399/956] Speed: 316.22 samples/sec, Loss:(pitch, yaw, roll)/(30.288, 15.644, 25.086)
Epoch[001] Batch[499/956] Speed: 316.27 samples/sec, Loss:(pitch, yaw, roll)/(30.221, 15.335, 24.901)
Epoch[001] Batch[599/956] Speed: 317.55 samples/sec, Loss:(pitch, yaw, roll)/(29.765, 14.841, 24.722)
Epoch[001] Batch[699/956] Speed: 319.37 samples/sec, Loss:(pitch, yaw, roll)/(29.131, 14.359, 24.219)
Epoch[001] Batch[799/956] Speed: 315.17 samples/sec, Loss:(pitch, yaw, roll)/(28.793, 14.018, 23.795)
Epoch[001] Batch[899/956] Speed: 316.79 samples/sec, Loss:(pitch, yaw, roll)/(28.812, 14.665, 23.878)
Epoch[001] train: MAE:(pitch, yaw, roll, mean)/(4.721, 3.626, 3.813, 4.053), Cost=388 sec, lr=0.000987
Epoch[001] val  : MAE:(pitch, yaw, roll, mean)/(9.035, 10.013, 7.360, 8.803), Loss:(pitch, yaw, roll)/(108.503, 132.108, 115.052)
Min val mean MAE! save model!
Epoch[002] Batch[099/956] Speed: 313.67 samples/sec, Loss:(pitch, yaw, roll)/(30.398, 13.278, 24.418)
Epoch[002] Batch[199/956] Speed: 316.86 samples/sec, Loss:(pitch, yaw, roll)/(29.190, 13.846, 24.100)
Epoch[002] Batch[299/956] Speed: 316.38 samples/sec, Loss:(pitch, yaw, roll)/(27.935, 12.798, 23.271)
Epoch[002] Batch[399/956] Speed: 317.20 samples/sec, Loss:(pitch, yaw, roll)/(27.143, 12.049, 22.475)
Epoch[002] Batch[499/956] Speed: 319.06 samples/sec, Loss:(pitch, yaw, roll)/(26.591, 11.607, 21.921)
Epoch[002] Batch[599/956] Speed: 315.89 samples/sec, Loss:(pitch, yaw, roll)/(26.497, 11.543, 21.896)
Epoch[002] Batch[699/956] Speed: 315.36 samples/sec, Loss:(pitch, yaw, roll)/(26.016, 11.244, 21.534)
Epoch[002] Batch[799/956] Speed: 318.82 samples/sec, Loss:(pitch, yaw, roll)/(25.906, 11.333, 21.507)
Epoch[002] Batch[899/956] Speed: 316.71 samples/sec, Loss:(pitch, yaw, roll)/(25.793, 11.173, 21.396)
Epoch[002] train: MAE:(pitch, yaw, roll, mean)/(4.301, 3.160, 3.436, 3.632), Cost=388 sec, lr=0.000970
Epoch[002] val  : MAE:(pitch, yaw, roll, mean)/(7.483, 8.570, 5.578, 7.210), Loss:(pitch, yaw, roll)/(84.987, 101.761, 86.946)
Min val mean MAE! save model!
Epoch[003] Batch[099/956] Speed: 312.58 samples/sec, Loss:(pitch, yaw, roll)/(22.853, 9.702, 19.243)
Epoch[003] Batch[199/956] Speed: 316.93 samples/sec, Loss:(pitch, yaw, roll)/(24.925, 13.610, 20.126)
Epoch[003] Batch[299/956] Speed: 317.23 samples/sec, Loss:(pitch, yaw, roll)/(27.489, 15.759, 22.107)
Epoch[003] Batch[399/956] Speed: 316.16 samples/sec, Loss:(pitch, yaw, roll)/(28.470, 15.810, 23.020)
Epoch[003] Batch[499/956] Speed: 318.67 samples/sec, Loss:(pitch, yaw, roll)/(28.573, 14.806, 23.209)
Epoch[003] Batch[599/956] Speed: 315.86 samples/sec, Loss:(pitch, yaw, roll)/(27.873, 13.820, 22.719)
Epoch[003] Batch[699/956] Speed: 315.69 samples/sec, Loss:(pitch, yaw, roll)/(27.487, 13.254, 22.536)
Epoch[003] Batch[799/956] Speed: 317.57 samples/sec, Loss:(pitch, yaw, roll)/(26.682, 12.644, 21.937)
Epoch[003] Batch[899/956] Speed: 316.77 samples/sec, Loss:(pitch, yaw, roll)/(26.267, 12.131, 21.654)
Epoch[003] train: MAE:(pitch, yaw, roll, mean)/(4.335, 3.123, 3.459, 3.639), Cost=389 sec, lr=0.000947
Epoch[003] val  : MAE:(pitch, yaw, roll, mean)/(7.153, 8.820, 5.697, 7.223), Loss:(pitch, yaw, roll)/(81.972, 105.279, 90.369)
Epoch[004] Batch[099/956] Speed: 310.99 samples/sec, Loss:(pitch, yaw, roll)/(23.556, 7.564, 20.158)
Epoch[004] Batch[199/956] Speed: 318.41 samples/sec, Loss:(pitch, yaw, roll)/(23.552, 7.500, 20.314)
Epoch[004] Batch[299/956] Speed: 318.04 samples/sec, Loss:(pitch, yaw, roll)/(22.901, 7.574, 19.795)
Epoch[004] Batch[399/956] Speed: 318.99 samples/sec, Loss:(pitch, yaw, roll)/(22.361, 7.569, 19.130)
Epoch[004] Batch[499/956] Speed: 317.15 samples/sec, Loss:(pitch, yaw, roll)/(21.838, 7.540, 18.605)
Epoch[004] Batch[599/956] Speed: 315.73 samples/sec, Loss:(pitch, yaw, roll)/(21.668, 7.548, 18.429)
Epoch[004] Batch[699/956] Speed: 316.84 samples/sec, Loss:(pitch, yaw, roll)/(21.924, 7.548, 18.875)
Epoch[004] Batch[799/956] Speed: 318.82 samples/sec, Loss:(pitch, yaw, roll)/(22.283, 8.031, 19.112)
Epoch[004] Batch[899/956] Speed: 319.22 samples/sec, Loss:(pitch, yaw, roll)/(22.340, 8.086, 19.168)
Epoch[004] train: MAE:(pitch, yaw, roll, mean)/(3.865, 2.636, 3.134, 3.212), Cost=388 sec, lr=0.000918
Epoch[004] val  : MAE:(pitch, yaw, roll, mean)/(7.265, 8.678, 5.982, 7.308), Loss:(pitch, yaw, roll)/(81.405, 102.436, 92.410)
Epoch[005] Batch[099/956] Speed: 314.31 samples/sec, Loss:(pitch, yaw, roll)/(21.371, 10.469, 17.227)
Epoch[005] Batch[199/956] Speed: 316.54 samples/sec, Loss:(pitch, yaw, roll)/(23.063, 9.816, 19.207)
Epoch[005] Batch[299/956] Speed: 318.68 samples/sec, Loss:(pitch, yaw, roll)/(22.628, 9.153, 18.969)
Epoch[005] Batch[399/956] Speed: 317.05 samples/sec, Loss:(pitch, yaw, roll)/(22.245, 8.618, 18.826)
Epoch[005] Batch[499/956] Speed: 316.35 samples/sec, Loss:(pitch, yaw, roll)/(22.196, 8.295, 18.857)
Epoch[005] Batch[599/956] Speed: 320.06 samples/sec, Loss:(pitch, yaw, roll)/(22.423, 8.108, 19.182)
Epoch[005] Batch[699/956] Speed: 317.78 samples/sec, Loss:(pitch, yaw, roll)/(22.074, 7.889, 18.953)
Epoch[005] Batch[799/956] Speed: 320.41 samples/sec, Loss:(pitch, yaw, roll)/(21.941, 7.719, 18.927)
Epoch[005] Batch[899/956] Speed: 318.31 samples/sec, Loss:(pitch, yaw, roll)/(21.872, 7.602, 18.853)
Epoch[005] train: MAE:(pitch, yaw, roll, mean)/(3.790, 2.526, 3.063, 3.126), Cost=387 sec, lr=0.000883
Epoch[005] val  : MAE:(pitch, yaw, roll, mean)/(6.942, 8.062, 5.466, 6.823), Loss:(pitch, yaw, roll)/(78.402, 92.548, 84.185)
Min val mean MAE! save model!
Epoch[006] Batch[099/956] Speed: 312.82 samples/sec, Loss:(pitch, yaw, roll)/(19.721, 6.209, 17.170)
Epoch[006] Batch[199/956] Speed: 316.82 samples/sec, Loss:(pitch, yaw, roll)/(19.652, 6.115, 17.429)
Epoch[006] Batch[299/956] Speed: 319.28 samples/sec, Loss:(pitch, yaw, roll)/(19.622, 6.180, 17.157)
Epoch[006] Batch[399/956] Speed: 318.94 samples/sec, Loss:(pitch, yaw, roll)/(19.471, 6.466, 17.022)
Epoch[006] Batch[499/956] Speed: 317.69 samples/sec, Loss:(pitch, yaw, roll)/(19.347, 6.504, 16.827)
Epoch[006] Batch[599/956] Speed: 320.21 samples/sec, Loss:(pitch, yaw, roll)/(19.504, 6.480, 16.949)
Epoch[006] Batch[699/956] Speed: 317.43 samples/sec, Loss:(pitch, yaw, roll)/(19.550, 6.426, 16.965)
Epoch[006] Batch[799/956] Speed: 320.28 samples/sec, Loss:(pitch, yaw, roll)/(19.919, 6.513, 17.355)
Epoch[006] Batch[899/956] Speed: 319.90 samples/sec, Loss:(pitch, yaw, roll)/(20.245, 6.516, 17.705)
Epoch[006] train: MAE:(pitch, yaw, roll, mean)/(3.584, 2.355, 2.913, 2.951), Cost=387 sec, lr=0.000843
Epoch[006] val  : MAE:(pitch, yaw, roll, mean)/(6.863, 8.132, 5.760, 6.918), Loss:(pitch, yaw, roll)/(75.687, 94.667, 87.608)
Epoch[007] Batch[099/956] Speed: 314.80 samples/sec, Loss:(pitch, yaw, roll)/(18.696, 6.266, 16.110)
Epoch[007] Batch[199/956] Speed: 318.76 samples/sec, Loss:(pitch, yaw, roll)/(19.551, 6.354, 16.865)
Epoch[007] Batch[299/956] Speed: 315.89 samples/sec, Loss:(pitch, yaw, roll)/(19.599, 6.207, 17.008)
Epoch[007] Batch[399/956] Speed: 320.17 samples/sec, Loss:(pitch, yaw, roll)/(19.902, 6.152, 17.225)
Epoch[007] Batch[499/956] Speed: 321.39 samples/sec, Loss:(pitch, yaw, roll)/(19.739, 6.186, 17.111)
Epoch[007] Batch[599/956] Speed: 317.94 samples/sec, Loss:(pitch, yaw, roll)/(19.702, 6.168, 17.087)
Epoch[007] Batch[699/956] Speed: 320.68 samples/sec, Loss:(pitch, yaw, roll)/(19.729, 6.152, 17.168)
Epoch[007] Batch[799/956] Speed: 320.47 samples/sec, Loss:(pitch, yaw, roll)/(19.601, 6.143, 17.102)
Epoch[007] Batch[899/956] Speed: 317.39 samples/sec, Loss:(pitch, yaw, roll)/(19.732, 6.126, 17.161)
Epoch[007] train: MAE:(pitch, yaw, roll, mean)/(3.500, 2.275, 2.836, 2.871), Cost=386 sec, lr=0.000799
Epoch[007] val  : MAE:(pitch, yaw, roll, mean)/(7.142, 7.934, 5.634, 6.904), Loss:(pitch, yaw, roll)/(83.724, 92.149, 88.129)
Epoch[008] Batch[099/956] Speed: 312.81 samples/sec, Loss:(pitch, yaw, roll)/(19.287, 6.282, 17.146)
Epoch[008] Batch[199/956] Speed: 318.61 samples/sec, Loss:(pitch, yaw, roll)/(19.472, 5.957, 17.219)
Epoch[008] Batch[299/956] Speed: 320.02 samples/sec, Loss:(pitch, yaw, roll)/(19.146, 5.918, 16.849)
Epoch[008] Batch[399/956] Speed: 317.03 samples/sec, Loss:(pitch, yaw, roll)/(19.095, 5.920, 16.904)
Epoch[008] Batch[499/956] Speed: 320.06 samples/sec, Loss:(pitch, yaw, roll)/(19.193, 5.847, 17.005)
Epoch[008] Batch[599/956] Speed: 315.91 samples/sec, Loss:(pitch, yaw, roll)/(19.125, 5.829, 16.917)
Epoch[008] Batch[699/956] Speed: 318.24 samples/sec, Loss:(pitch, yaw, roll)/(18.988, 5.809, 16.776)
Epoch[008] Batch[799/956] Speed: 320.17 samples/sec, Loss:(pitch, yaw, roll)/(18.906, 5.774, 16.639)
Epoch[008] Batch[899/956] Speed: 318.04 samples/sec, Loss:(pitch, yaw, roll)/(18.927, 5.758, 16.634)
Epoch[008] train: MAE:(pitch, yaw, roll, mean)/(3.402, 2.203, 2.774, 2.793), Cost=387 sec, lr=0.000750
Epoch[008] val  : MAE:(pitch, yaw, roll, mean)/(6.918, 7.739, 5.403, 6.686), Loss:(pitch, yaw, roll)/(76.951, 89.109, 83.667)
Min val mean MAE! save model!
Epoch[009] Batch[099/956] Speed: 313.64 samples/sec, Loss:(pitch, yaw, roll)/(17.489, 5.482, 15.378)
Epoch[009] Batch[199/956] Speed: 320.46 samples/sec, Loss:(pitch, yaw, roll)/(18.350, 5.586, 16.271)
Epoch[009] Batch[299/956] Speed: 318.54 samples/sec, Loss:(pitch, yaw, roll)/(17.954, 5.574, 15.852)
Epoch[009] Batch[399/956] Speed: 316.14 samples/sec, Loss:(pitch, yaw, roll)/(18.703, 5.555, 16.583)
Epoch[009] Batch[499/956] Speed: 318.75 samples/sec, Loss:(pitch, yaw, roll)/(18.734, 5.538, 16.574)
Epoch[009] Batch[599/956] Speed: 318.79 samples/sec, Loss:(pitch, yaw, roll)/(18.661, 5.540, 16.455)
Epoch[009] Batch[699/956] Speed: 318.78 samples/sec, Loss:(pitch, yaw, roll)/(18.661, 5.511, 16.469)
Epoch[009] Batch[799/956] Speed: 318.83 samples/sec, Loss:(pitch, yaw, roll)/(18.548, 5.463, 16.370)
Epoch[009] Batch[899/956] Speed: 318.00 samples/sec, Loss:(pitch, yaw, roll)/(18.377, 5.418, 16.281)
Epoch[009] train: MAE:(pitch, yaw, roll, mean)/(3.322, 2.123, 2.732, 2.726), Cost=387 sec, lr=0.000698
Epoch[009] val  : MAE:(pitch, yaw, roll, mean)/(6.616, 7.869, 5.291, 6.592), Loss:(pitch, yaw, roll)/(73.316, 94.243, 81.351)
Min val mean MAE! save model!
Epoch[010] Batch[099/956] Speed: 316.04 samples/sec, Loss:(pitch, yaw, roll)/(18.233, 5.393, 16.118)
Epoch[010] Batch[199/956] Speed: 319.75 samples/sec, Loss:(pitch, yaw, roll)/(18.539, 5.530, 16.297)
Epoch[010] Batch[299/956] Speed: 320.64 samples/sec, Loss:(pitch, yaw, roll)/(18.363, 5.474, 16.161)
Epoch[010] Batch[399/956] Speed: 316.93 samples/sec, Loss:(pitch, yaw, roll)/(18.240, 5.343, 16.055)
Epoch[010] Batch[499/956] Speed: 318.31 samples/sec, Loss:(pitch, yaw, roll)/(18.350, 5.333, 16.229)
Epoch[010] Batch[599/956] Speed: 320.43 samples/sec, Loss:(pitch, yaw, roll)/(18.272, 5.268, 16.189)
Epoch[010] Batch[699/956] Speed: 318.24 samples/sec, Loss:(pitch, yaw, roll)/(18.027, 5.207, 15.969)
Epoch[010] Batch[799/956] Speed: 320.26 samples/sec, Loss:(pitch, yaw, roll)/(17.977, 5.191, 15.927)
Epoch[010] Batch[899/956] Speed: 319.73 samples/sec, Loss:(pitch, yaw, roll)/(17.947, 5.154, 15.874)
Epoch[010] train: MAE:(pitch, yaw, roll, mean)/(3.264, 2.061, 2.666, 2.664), Cost=386 sec, lr=0.000643
Epoch[010] val  : MAE:(pitch, yaw, roll, mean)/(6.724, 7.614, 5.149, 6.496), Loss:(pitch, yaw, roll)/(71.366, 85.734, 77.673)
Min val mean MAE! save model!
Epoch[011] Batch[099/956] Speed: 315.32 samples/sec, Loss:(pitch, yaw, roll)/(18.427, 4.880, 16.168)
Epoch[011] Batch[199/956] Speed: 319.25 samples/sec, Loss:(pitch, yaw, roll)/(17.880, 4.940, 15.549)
Epoch[011] Batch[299/956] Speed: 317.30 samples/sec, Loss:(pitch, yaw, roll)/(17.538, 4.940, 15.466)
Epoch[011] Batch[399/956] Speed: 319.76 samples/sec, Loss:(pitch, yaw, roll)/(17.047, 4.908, 14.983)
Epoch[011] Batch[499/956] Speed: 316.44 samples/sec, Loss:(pitch, yaw, roll)/(17.148, 4.877, 15.176)
Epoch[011] Batch[599/956] Speed: 322.35 samples/sec, Loss:(pitch, yaw, roll)/(17.052, 4.856, 15.077)
Epoch[011] Batch[699/956] Speed: 318.83 samples/sec, Loss:(pitch, yaw, roll)/(17.058, 4.808, 15.103)
Epoch[011] Batch[799/956] Speed: 318.76 samples/sec, Loss:(pitch, yaw, roll)/(17.357, 4.804, 15.453)
Epoch[011] Batch[899/956] Speed: 315.78 samples/sec, Loss:(pitch, yaw, roll)/(17.290, 4.815, 15.423)
Epoch[011] train: MAE:(pitch, yaw, roll, mean)/(3.168, 1.984, 2.610, 2.587), Cost=386 sec, lr=0.000587
Epoch[011] val  : MAE:(pitch, yaw, roll, mean)/(6.840, 7.763, 5.293, 6.632), Loss:(pitch, yaw, roll)/(75.300, 92.808, 77.630)
Epoch[012] Batch[099/956] Speed: 316.41 samples/sec, Loss:(pitch, yaw, roll)/(15.744, 4.687, 14.338)
Epoch[012] Batch[199/956] Speed: 316.81 samples/sec, Loss:(pitch, yaw, roll)/(16.179, 4.878, 14.549)
Epoch[012] Batch[299/956] Speed: 317.74 samples/sec, Loss:(pitch, yaw, roll)/(16.363, 4.772, 14.752)
Epoch[012] Batch[399/956] Speed: 323.40 samples/sec, Loss:(pitch, yaw, roll)/(16.706, 4.758, 15.011)
Epoch[012] Batch[499/956] Speed: 324.01 samples/sec, Loss:(pitch, yaw, roll)/(16.689, 4.738, 14.988)
Epoch[012] Batch[599/956] Speed: 325.46 samples/sec, Loss:(pitch, yaw, roll)/(16.695, 4.704, 14.990)
Epoch[012] Batch[699/956] Speed: 325.88 samples/sec, Loss:(pitch, yaw, roll)/(16.681, 4.652, 14.893)
Epoch[012] Batch[799/956] Speed: 326.65 samples/sec, Loss:(pitch, yaw, roll)/(16.655, 4.602, 14.871)
Epoch[012] Batch[899/956] Speed: 326.04 samples/sec, Loss:(pitch, yaw, roll)/(16.776, 4.602, 14.983)
Epoch[012] train: MAE:(pitch, yaw, roll, mean)/(3.094, 1.929, 2.559, 2.528), Cost=381 sec, lr=0.000529
Epoch[012] val  : MAE:(pitch, yaw, roll, mean)/(6.750, 7.802, 5.244, 6.599), Loss:(pitch, yaw, roll)/(72.106, 95.367, 80.171)
Epoch[013] Batch[099/956] Speed: 324.23 samples/sec, Loss:(pitch, yaw, roll)/(18.227, 4.368, 16.109)
Epoch[013] Batch[199/956] Speed: 328.61 samples/sec, Loss:(pitch, yaw, roll)/(16.982, 4.406, 15.114)
Epoch[013] Batch[299/956] Speed: 326.11 samples/sec, Loss:(pitch, yaw, roll)/(16.159, 4.359, 14.295)
Epoch[013] Batch[399/956] Speed: 327.41 samples/sec, Loss:(pitch, yaw, roll)/(16.169, 4.313, 14.269)
Epoch[013] Batch[499/956] Speed: 327.78 samples/sec, Loss:(pitch, yaw, roll)/(15.934, 4.303, 14.078)
Epoch[013] Batch[599/956] Speed: 327.21 samples/sec, Loss:(pitch, yaw, roll)/(15.973, 4.293, 14.163)
Epoch[013] Batch[699/956] Speed: 327.86 samples/sec, Loss:(pitch, yaw, roll)/(15.936, 4.289, 14.150)
Epoch[013] Batch[799/956] Speed: 326.47 samples/sec, Loss:(pitch, yaw, roll)/(16.283, 4.281, 14.562)
Epoch[013] Batch[899/956] Speed: 328.14 samples/sec, Loss:(pitch, yaw, roll)/(16.219, 4.288, 14.516)
Epoch[013] train: MAE:(pitch, yaw, roll, mean)/(3.016, 1.855, 2.501, 2.458), Cost=376 sec, lr=0.000471
Epoch[013] val  : MAE:(pitch, yaw, roll, mean)/(6.474, 7.608, 5.435, 6.506), Loss:(pitch, yaw, roll)/(70.610, 89.876, 80.493)
Epoch[014] Batch[099/956] Speed: 323.14 samples/sec, Loss:(pitch, yaw, roll)/(16.878, 4.138, 15.029)
Epoch[014] Batch[199/956] Speed: 327.02 samples/sec, Loss:(pitch, yaw, roll)/(16.473, 4.200, 14.806)
Epoch[014] Batch[299/956] Speed: 328.20 samples/sec, Loss:(pitch, yaw, roll)/(15.933, 4.153, 14.284)
Epoch[014] Batch[399/956] Speed: 327.33 samples/sec, Loss:(pitch, yaw, roll)/(15.717, 4.133, 13.996)
Epoch[014] Batch[499/956] Speed: 328.58 samples/sec, Loss:(pitch, yaw, roll)/(15.830, 4.123, 14.183)
Epoch[014] Batch[599/956] Speed: 327.90 samples/sec, Loss:(pitch, yaw, roll)/(15.994, 4.151, 14.340)
Epoch[014] Batch[699/956] Speed: 327.42 samples/sec, Loss:(pitch, yaw, roll)/(15.780, 4.148, 14.112)
Epoch[014] Batch[799/956] Speed: 328.13 samples/sec, Loss:(pitch, yaw, roll)/(15.781, 4.139, 14.096)
Epoch[014] Batch[899/956] Speed: 328.01 samples/sec, Loss:(pitch, yaw, roll)/(15.893, 4.136, 14.236)
Epoch[014] train: MAE:(pitch, yaw, roll, mean)/(2.953, 1.810, 2.449, 2.404), Cost=375 sec, lr=0.000413
Epoch[014] val  : MAE:(pitch, yaw, roll, mean)/(6.548, 7.663, 5.114, 6.442), Loss:(pitch, yaw, roll)/(72.172, 92.788, 77.548)
Min val mean MAE! save model!
Epoch[015] Batch[099/956] Speed: 324.00 samples/sec, Loss:(pitch, yaw, roll)/(13.602, 3.919, 12.471)
Epoch[015] Batch[199/956] Speed: 327.32 samples/sec, Loss:(pitch, yaw, roll)/(14.322, 3.904, 12.962)
Epoch[015] Batch[299/956] Speed: 328.92 samples/sec, Loss:(pitch, yaw, roll)/(14.501, 3.935, 13.024)
Epoch[015] Batch[399/956] Speed: 327.42 samples/sec, Loss:(pitch, yaw, roll)/(14.888, 3.944, 13.419)
Epoch[015] Batch[499/956] Speed: 328.13 samples/sec, Loss:(pitch, yaw, roll)/(15.142, 3.939, 13.635)
Epoch[015] Batch[599/956] Speed: 326.93 samples/sec, Loss:(pitch, yaw, roll)/(15.201, 3.934, 13.730)
Epoch[015] Batch[699/956] Speed: 329.40 samples/sec, Loss:(pitch, yaw, roll)/(15.068, 3.931, 13.621)
Epoch[015] Batch[799/956] Speed: 327.23 samples/sec, Loss:(pitch, yaw, roll)/(15.373, 3.930, 13.920)
Epoch[015] Batch[899/956] Speed: 327.53 samples/sec, Loss:(pitch, yaw, roll)/(15.259, 3.919, 13.807)
Epoch[015] train: MAE:(pitch, yaw, roll, mean)/(2.879, 1.748, 2.390, 2.339), Cost=376 sec, lr=0.000357
Epoch[015] val  : MAE:(pitch, yaw, roll, mean)/(6.819, 7.510, 5.170, 6.500), Loss:(pitch, yaw, roll)/(72.394, 87.012, 78.245)
Epoch[016] Batch[099/956] Speed: 323.72 samples/sec, Loss:(pitch, yaw, roll)/(14.196, 3.750, 12.700)
Epoch[016] Batch[199/956] Speed: 327.67 samples/sec, Loss:(pitch, yaw, roll)/(14.418, 3.744, 13.008)
Epoch[016] Batch[299/956] Speed: 327.56 samples/sec, Loss:(pitch, yaw, roll)/(14.361, 3.771, 12.901)
Epoch[016] Batch[399/956] Speed: 328.86 samples/sec, Loss:(pitch, yaw, roll)/(14.595, 3.786, 13.133)
Epoch[016] Batch[499/956] Speed: 326.05 samples/sec, Loss:(pitch, yaw, roll)/(14.642, 3.815, 13.183)
Epoch[016] Batch[599/956] Speed: 328.16 samples/sec, Loss:(pitch, yaw, roll)/(14.585, 3.792, 13.184)
Epoch[016] Batch[699/956] Speed: 327.31 samples/sec, Loss:(pitch, yaw, roll)/(14.640, 3.792, 13.280)
Epoch[016] Batch[799/956] Speed: 327.73 samples/sec, Loss:(pitch, yaw, roll)/(14.710, 3.792, 13.374)
Epoch[016] Batch[899/956] Speed: 327.63 samples/sec, Loss:(pitch, yaw, roll)/(14.665, 3.775, 13.378)
Epoch[016] train: MAE:(pitch, yaw, roll, mean)/(2.787, 1.709, 2.333, 2.276), Cost=375 sec, lr=0.000302
Epoch[016] val  : MAE:(pitch, yaw, roll, mean)/(6.560, 7.747, 5.173, 6.493), Loss:(pitch, yaw, roll)/(71.759, 93.689, 80.014)
Epoch[017] Batch[099/956] Speed: 324.28 samples/sec, Loss:(pitch, yaw, roll)/(15.355, 3.682, 14.319)
Epoch[017] Batch[199/956] Speed: 328.13 samples/sec, Loss:(pitch, yaw, roll)/(14.673, 3.621, 13.610)
Epoch[017] Batch[299/956] Speed: 328.31 samples/sec, Loss:(pitch, yaw, roll)/(14.460, 3.648, 13.287)
Epoch[017] Batch[399/956] Speed: 326.32 samples/sec, Loss:(pitch, yaw, roll)/(14.344, 3.658, 13.086)
Epoch[017] Batch[499/956] Speed: 327.81 samples/sec, Loss:(pitch, yaw, roll)/(14.252, 3.636, 13.005)
Epoch[017] Batch[599/956] Speed: 328.16 samples/sec, Loss:(pitch, yaw, roll)/(14.238, 3.627, 12.967)
Epoch[017] Batch[699/956] Speed: 328.14 samples/sec, Loss:(pitch, yaw, roll)/(14.157, 3.609, 12.875)
Epoch[017] Batch[799/956] Speed: 328.78 samples/sec, Loss:(pitch, yaw, roll)/(14.237, 3.605, 12.936)
Epoch[017] Batch[899/956] Speed: 327.42 samples/sec, Loss:(pitch, yaw, roll)/(14.347, 3.601, 13.044)
Epoch[017] train: MAE:(pitch, yaw, roll, mean)/(2.746, 1.658, 2.292, 2.232), Cost=376 sec, lr=0.000250
Epoch[017] val  : MAE:(pitch, yaw, roll, mean)/(6.677, 7.463, 5.214, 6.451), Loss:(pitch, yaw, roll)/(72.206, 91.188, 78.599)
Epoch[018] Batch[099/956] Speed: 324.79 samples/sec, Loss:(pitch, yaw, roll)/(13.785, 3.491, 12.568)
Epoch[018] Batch[199/956] Speed: 327.02 samples/sec, Loss:(pitch, yaw, roll)/(13.340, 3.467, 12.166)
Epoch[018] Batch[299/956] Speed: 328.25 samples/sec, Loss:(pitch, yaw, roll)/(13.145, 3.452, 12.062)
Epoch[018] Batch[399/956] Speed: 326.67 samples/sec, Loss:(pitch, yaw, roll)/(13.029, 3.431, 11.918)
Epoch[018] Batch[499/956] Speed: 327.88 samples/sec, Loss:(pitch, yaw, roll)/(13.078, 3.419, 11.928)
Epoch[018] Batch[599/956] Speed: 329.17 samples/sec, Loss:(pitch, yaw, roll)/(13.157, 3.410, 12.019)
Epoch[018] Batch[699/956] Speed: 328.22 samples/sec, Loss:(pitch, yaw, roll)/(13.452, 3.422, 12.256)
Epoch[018] Batch[799/956] Speed: 327.35 samples/sec, Loss:(pitch, yaw, roll)/(13.567, 3.427, 12.376)
Epoch[018] Batch[899/956] Speed: 328.04 samples/sec, Loss:(pitch, yaw, roll)/(13.613, 3.431, 12.426)
Epoch[018] train: MAE:(pitch, yaw, roll, mean)/(2.673, 1.601, 2.232, 2.169), Cost=375 sec, lr=0.000202
Epoch[018] val  : MAE:(pitch, yaw, roll, mean)/(6.437, 7.568, 5.185, 6.397), Loss:(pitch, yaw, roll)/(68.953, 91.096, 77.799)
Min val mean MAE! save model!
Epoch[019] Batch[099/956] Speed: 324.17 samples/sec, Loss:(pitch, yaw, roll)/(12.492, 3.412, 11.567)
Epoch[019] Batch[199/956] Speed: 328.43 samples/sec, Loss:(pitch, yaw, roll)/(12.372, 3.363, 11.257)
Epoch[019] Batch[299/956] Speed: 327.84 samples/sec, Loss:(pitch, yaw, roll)/(12.328, 3.342, 11.247)
Epoch[019] Batch[399/956] Speed: 327.43 samples/sec, Loss:(pitch, yaw, roll)/(12.632, 3.321, 11.580)
Epoch[019] Batch[499/956] Speed: 327.20 samples/sec, Loss:(pitch, yaw, roll)/(12.977, 3.320, 11.885)
Epoch[019] Batch[599/956] Speed: 328.56 samples/sec, Loss:(pitch, yaw, roll)/(13.199, 3.309, 12.081)
Epoch[019] Batch[699/956] Speed: 329.27 samples/sec, Loss:(pitch, yaw, roll)/(13.276, 3.311, 12.140)
Epoch[019] Batch[799/956] Speed: 326.92 samples/sec, Loss:(pitch, yaw, roll)/(13.268, 3.306, 12.095)
Epoch[019] Batch[899/956] Speed: 328.64 samples/sec, Loss:(pitch, yaw, roll)/(13.290, 3.305, 12.116)
Epoch[019] train: MAE:(pitch, yaw, roll, mean)/(2.604, 1.564, 2.190, 2.119), Cost=375 sec, lr=0.000157
Epoch[019] val  : MAE:(pitch, yaw, roll, mean)/(6.644, 7.474, 5.117, 6.412), Loss:(pitch, yaw, roll)/(72.079, 91.019, 75.367)
Epoch[020] Batch[099/956] Speed: 324.06 samples/sec, Loss:(pitch, yaw, roll)/(13.924, 3.191, 12.772)
Epoch[020] Batch[199/956] Speed: 327.78 samples/sec, Loss:(pitch, yaw, roll)/(13.542, 3.215, 12.415)
Epoch[020] Batch[299/956] Speed: 329.17 samples/sec, Loss:(pitch, yaw, roll)/(13.313, 3.228, 12.207)
Epoch[020] Batch[399/956] Speed: 327.21 samples/sec, Loss:(pitch, yaw, roll)/(13.209, 3.233, 12.149)
Epoch[020] Batch[499/956] Speed: 328.16 samples/sec, Loss:(pitch, yaw, roll)/(13.104, 3.241, 12.055)
Epoch[020] Batch[599/956] Speed: 329.86 samples/sec, Loss:(pitch, yaw, roll)/(12.813, 3.241, 11.762)
Epoch[020] Batch[699/956] Speed: 326.82 samples/sec, Loss:(pitch, yaw, roll)/(12.774, 3.236, 11.713)
Epoch[020] Batch[799/956] Speed: 327.36 samples/sec, Loss:(pitch, yaw, roll)/(12.825, 3.232, 11.760)
Epoch[020] Batch[899/956] Speed: 327.50 samples/sec, Loss:(pitch, yaw, roll)/(12.722, 3.226, 11.680)
Epoch[020] train: MAE:(pitch, yaw, roll, mean)/(2.539, 1.540, 2.143, 2.074), Cost=375 sec, lr=0.000117
Epoch[020] val  : MAE:(pitch, yaw, roll, mean)/(6.410, 7.487, 5.036, 6.311), Loss:(pitch, yaw, roll)/(68.931, 89.304, 76.079)
Min val mean MAE! save model!
Epoch[021] Batch[099/956] Speed: 323.98 samples/sec, Loss:(pitch, yaw, roll)/(13.096, 3.235, 12.375)
Epoch[021] Batch[199/956] Speed: 327.01 samples/sec, Loss:(pitch, yaw, roll)/(12.473, 3.206, 11.688)
Epoch[021] Batch[299/956] Speed: 328.71 samples/sec, Loss:(pitch, yaw, roll)/(12.198, 3.173, 11.336)
Epoch[021] Batch[399/956] Speed: 327.62 samples/sec, Loss:(pitch, yaw, roll)/(12.159, 3.186, 11.300)
Epoch[021] Batch[499/956] Speed: 328.17 samples/sec, Loss:(pitch, yaw, roll)/(12.056, 3.186, 11.151)
Epoch[021] Batch[599/956] Speed: 327.63 samples/sec, Loss:(pitch, yaw, roll)/(11.997, 3.175, 11.048)
Epoch[021] Batch[699/956] Speed: 328.56 samples/sec, Loss:(pitch, yaw, roll)/(11.989, 3.167, 11.058)
Epoch[021] Batch[799/956] Speed: 327.76 samples/sec, Loss:(pitch, yaw, roll)/(12.111, 3.160, 11.149)
Epoch[021] Batch[899/956] Speed: 327.63 samples/sec, Loss:(pitch, yaw, roll)/(12.270, 3.154, 11.310)
Epoch[021] train: MAE:(pitch, yaw, roll, mean)/(2.493, 1.517, 2.112, 2.041), Cost=375 sec, lr=0.000083
Epoch[021] val  : MAE:(pitch, yaw, roll, mean)/(6.568, 7.367, 5.067, 6.334), Loss:(pitch, yaw, roll)/(70.992, 87.566, 76.357)
Epoch[022] Batch[099/956] Speed: 325.22 samples/sec, Loss:(pitch, yaw, roll)/(11.600, 3.064, 10.655)
Epoch[022] Batch[199/956] Speed: 328.05 samples/sec, Loss:(pitch, yaw, roll)/(11.535, 3.063, 10.601)
Epoch[022] Batch[299/956] Speed: 328.08 samples/sec, Loss:(pitch, yaw, roll)/(11.371, 3.045, 10.338)
Epoch[022] Batch[399/956] Speed: 327.41 samples/sec, Loss:(pitch, yaw, roll)/(11.494, 3.066, 10.464)
Epoch[022] Batch[499/956] Speed: 327.16 samples/sec, Loss:(pitch, yaw, roll)/(11.938, 3.065, 10.927)
Epoch[022] Batch[599/956] Speed: 328.13 samples/sec, Loss:(pitch, yaw, roll)/(11.745, 3.067, 10.728)
Epoch[022] Batch[699/956] Speed: 327.01 samples/sec, Loss:(pitch, yaw, roll)/(11.727, 3.072, 10.732)
Epoch[022] Batch[799/956] Speed: 328.36 samples/sec, Loss:(pitch, yaw, roll)/(11.692, 3.062, 10.728)
Epoch[022] Batch[899/956] Speed: 328.63 samples/sec, Loss:(pitch, yaw, roll)/(11.708, 3.064, 10.772)
Epoch[022] train: MAE:(pitch, yaw, roll, mean)/(2.433, 1.487, 2.055, 1.992), Cost=375 sec, lr=0.000054
Epoch[022] val  : MAE:(pitch, yaw, roll, mean)/(6.435, 7.375, 5.070, 6.293), Loss:(pitch, yaw, roll)/(69.537, 87.461, 77.039)
Min val mean MAE! save model!
Epoch[023] Batch[099/956] Speed: 324.67 samples/sec, Loss:(pitch, yaw, roll)/(10.894, 3.053, 10.201)
Epoch[023] Batch[199/956] Speed: 326.93 samples/sec, Loss:(pitch, yaw, roll)/(10.723, 3.045, 9.966)
Epoch[023] Batch[299/956] Speed: 326.83 samples/sec, Loss:(pitch, yaw, roll)/(11.202, 3.054, 10.364)
Epoch[023] Batch[399/956] Speed: 328.92 samples/sec, Loss:(pitch, yaw, roll)/(11.244, 3.034, 10.395)
Epoch[023] Batch[499/956] Speed: 327.10 samples/sec, Loss:(pitch, yaw, roll)/(11.351, 3.030, 10.477)
Epoch[023] Batch[599/956] Speed: 327.88 samples/sec, Loss:(pitch, yaw, roll)/(11.322, 3.029, 10.429)
Epoch[023] Batch[699/956] Speed: 328.09 samples/sec, Loss:(pitch, yaw, roll)/(11.177, 3.033, 10.264)
Epoch[023] Batch[799/956] Speed: 327.97 samples/sec, Loss:(pitch, yaw, roll)/(11.098, 3.032, 10.170)
Epoch[023] Batch[899/956] Speed: 328.31 samples/sec, Loss:(pitch, yaw, roll)/(11.140, 3.031, 10.197)
Epoch[023] train: MAE:(pitch, yaw, roll, mean)/(2.398, 1.476, 2.016, 1.963), Cost=375 sec, lr=0.000031
Epoch[023] val  : MAE:(pitch, yaw, roll, mean)/(6.519, 7.490, 5.123, 6.378), Loss:(pitch, yaw, roll)/(73.107, 91.227, 79.043)
Epoch[024] Batch[099/956] Speed: 324.97 samples/sec, Loss:(pitch, yaw, roll)/(11.764, 2.991, 10.692)
Epoch[024] Batch[199/956] Speed: 326.54 samples/sec, Loss:(pitch, yaw, roll)/(11.738, 3.003, 10.674)
Epoch[024] Batch[299/956] Speed: 328.65 samples/sec, Loss:(pitch, yaw, roll)/(11.538, 2.979, 10.557)
Epoch[024] Batch[399/956] Speed: 328.86 samples/sec, Loss:(pitch, yaw, roll)/(11.358, 2.978, 10.367)
Epoch[024] Batch[499/956] Speed: 327.59 samples/sec, Loss:(pitch, yaw, roll)/(11.234, 2.985, 10.311)
Epoch[024] Batch[599/956] Speed: 328.20 samples/sec, Loss:(pitch, yaw, roll)/(11.039, 2.985, 10.102)
Epoch[024] Batch[699/956] Speed: 327.91 samples/sec, Loss:(pitch, yaw, roll)/(11.004, 2.983, 10.102)
Epoch[024] Batch[799/956] Speed: 327.51 samples/sec, Loss:(pitch, yaw, roll)/(10.925, 2.986, 10.042)
Epoch[024] Batch[899/956] Speed: 329.04 samples/sec, Loss:(pitch, yaw, roll)/(10.979, 2.984, 10.081)
Epoch[024] train: MAE:(pitch, yaw, roll, mean)/(2.373, 1.459, 2.003, 1.945), Cost=375 sec, lr=0.000014
Epoch[024] val  : MAE:(pitch, yaw, roll, mean)/(6.547, 7.432, 5.043, 6.340), Loss:(pitch, yaw, roll)/(71.542, 89.608, 77.829)
Epoch[025] Batch[099/956] Speed: 323.87 samples/sec, Loss:(pitch, yaw, roll)/(11.707, 2.987, 10.888)
Epoch[025] Batch[199/956] Speed: 328.00 samples/sec, Loss:(pitch, yaw, roll)/(11.289, 2.984, 10.401)
Epoch[025] Batch[299/956] Speed: 327.92 samples/sec, Loss:(pitch, yaw, roll)/(10.812, 2.986, 9.930)
Epoch[025] Batch[399/956] Speed: 327.27 samples/sec, Loss:(pitch, yaw, roll)/(10.856, 2.985, 9.942)
Epoch[025] Batch[499/956] Speed: 328.06 samples/sec, Loss:(pitch, yaw, roll)/(10.794, 2.985, 9.871)
Epoch[025] Batch[599/956] Speed: 329.17 samples/sec, Loss:(pitch, yaw, roll)/(10.714, 2.975, 9.820)
Epoch[025] Batch[699/956] Speed: 328.99 samples/sec, Loss:(pitch, yaw, roll)/(10.723, 2.971, 9.850)
Epoch[025] Batch[799/956] Speed: 328.64 samples/sec, Loss:(pitch, yaw, roll)/(10.672, 2.966, 9.787)
Epoch[025] Batch[899/956] Speed: 328.55 samples/sec, Loss:(pitch, yaw, roll)/(10.794, 2.963, 9.886)
Epoch[025] train: MAE:(pitch, yaw, roll, mean)/(2.357, 1.452, 1.992, 1.934), Cost=375 sec, lr=0.000004
Epoch[025] val  : MAE:(pitch, yaw, roll, mean)/(6.468, 7.400, 5.062, 6.310), Loss:(pitch, yaw, roll)/(70.872, 89.319, 77.436)
Epoch[026] Batch[099/956] Speed: 325.04 samples/sec, Loss:(pitch, yaw, roll)/(10.831, 2.913, 9.749)
Epoch[026] Batch[199/956] Speed: 328.02 samples/sec, Loss:(pitch, yaw, roll)/(10.992, 2.940, 9.947)
Epoch[026] Batch[299/956] Speed: 327.94 samples/sec, Loss:(pitch, yaw, roll)/(10.719, 2.937, 9.674)
Epoch[026] Batch[399/956] Speed: 327.91 samples/sec, Loss:(pitch, yaw, roll)/(11.050, 2.959, 10.033)
Epoch[026] Batch[499/956] Speed: 328.91 samples/sec, Loss:(pitch, yaw, roll)/(10.717, 2.957, 9.730)
Epoch[026] Batch[599/956] Speed: 328.54 samples/sec, Loss:(pitch, yaw, roll)/(10.857, 2.961, 9.888)
Epoch[026] Batch[699/956] Speed: 329.44 samples/sec, Loss:(pitch, yaw, roll)/(10.891, 2.956, 9.922)
Epoch[026] Batch[799/956] Speed: 328.21 samples/sec, Loss:(pitch, yaw, roll)/(10.854, 2.956, 9.884)
Epoch[026] Batch[899/956] Speed: 327.65 samples/sec, Loss:(pitch, yaw, roll)/(10.858, 2.962, 9.913)
Epoch[026] train: MAE:(pitch, yaw, roll, mean)/(2.353, 1.452, 1.983, 1.929), Cost=374 sec, lr=0.000001
Epoch[026] val  : MAE:(pitch, yaw, roll, mean)/(6.448, 7.437, 5.049, 6.311), Loss:(pitch, yaw, roll)/(71.625, 90.487, 79.144)
Epoch[027] Batch[099/956] Speed: 325.47 samples/sec, Loss:(pitch, yaw, roll)/(10.104, 2.977, 9.349)
Epoch[027] Batch[199/956] Speed: 328.63 samples/sec, Loss:(pitch, yaw, roll)/(10.534, 2.952, 9.655)
Epoch[027] Batch[299/956] Speed: 328.55 samples/sec, Loss:(pitch, yaw, roll)/(10.519, 2.952, 9.517)
Epoch[027] Batch[399/956] Speed: 327.34 samples/sec, Loss:(pitch, yaw, roll)/(10.578, 2.961, 9.614)
Epoch[027] Batch[499/956] Speed: 326.66 samples/sec, Loss:(pitch, yaw, roll)/(10.733, 2.955, 9.868)
Epoch[027] Batch[599/956] Speed: 327.45 samples/sec, Loss:(pitch, yaw, roll)/(10.749, 2.954, 9.856)
Epoch[027] Batch[699/956] Speed: 325.65 samples/sec, Loss:(pitch, yaw, roll)/(10.805, 2.953, 9.892)
Epoch[027] Batch[799/956] Speed: 324.56 samples/sec, Loss:(pitch, yaw, roll)/(10.710, 2.957, 9.815)
Epoch[027] Batch[899/956] Speed: 324.31 samples/sec, Loss:(pitch, yaw, roll)/(10.727, 2.954, 9.803)
Epoch[027] train: MAE:(pitch, yaw, roll, mean)/(2.346, 1.447, 1.979, 1.924), Cost=377 sec, lr=0.000001
Epoch[027] val  : MAE:(pitch, yaw, roll, mean)/(6.532, 7.469, 5.124, 6.375), Loss:(pitch, yaw, roll)/(72.802, 91.185, 80.401)
Epoch[028] Batch[099/956] Speed: 321.08 samples/sec, Loss:(pitch, yaw, roll)/(11.185, 2.973, 10.213)
Epoch[028] Batch[199/956] Speed: 324.78 samples/sec, Loss:(pitch, yaw, roll)/(11.068, 2.946, 10.088)
Epoch[028] Batch[299/956] Speed: 325.68 samples/sec, Loss:(pitch, yaw, roll)/(10.997, 2.947, 10.002)
Epoch[028] Batch[399/956] Speed: 326.07 samples/sec, Loss:(pitch, yaw, roll)/(10.909, 2.953, 9.969)
Epoch[028] Batch[499/956] Speed: 324.09 samples/sec, Loss:(pitch, yaw, roll)/(10.856, 2.951, 9.902)
Epoch[028] Batch[599/956] Speed: 324.55 samples/sec, Loss:(pitch, yaw, roll)/(10.998, 2.949, 10.048)
Epoch[028] Batch[699/956] Speed: 325.42 samples/sec, Loss:(pitch, yaw, roll)/(10.846, 2.943, 9.876)
Epoch[028] Batch[799/956] Speed: 323.79 samples/sec, Loss:(pitch, yaw, roll)/(10.756, 2.947, 9.800)
Epoch[028] Batch[899/956] Speed: 325.63 samples/sec, Loss:(pitch, yaw, roll)/(10.790, 2.947, 9.884)
Epoch[028] train: MAE:(pitch, yaw, roll, mean)/(2.354, 1.445, 1.984, 1.928), Cost=378 sec, lr=0.000001
Epoch[028] val  : MAE:(pitch, yaw, roll, mean)/(6.554, 7.364, 5.017, 6.312), Loss:(pitch, yaw, roll)/(71.013, 88.561, 76.282)
Epoch[029] Batch[099/956] Speed: 320.85 samples/sec, Loss:(pitch, yaw, roll)/(10.432, 2.989, 9.602)
Epoch[029] Batch[199/956] Speed: 325.29 samples/sec, Loss:(pitch, yaw, roll)/(10.858, 2.970, 9.999)
Epoch[029] Batch[299/956] Speed: 322.70 samples/sec, Loss:(pitch, yaw, roll)/(10.822, 2.949, 9.952)
Epoch[029] Batch[399/956] Speed: 324.95 samples/sec, Loss:(pitch, yaw, roll)/(10.586, 2.946, 9.751)
Epoch[029] Batch[499/956] Speed: 325.92 samples/sec, Loss:(pitch, yaw, roll)/(10.722, 2.955, 9.884)
Epoch[029] Batch[599/956] Speed: 323.78 samples/sec, Loss:(pitch, yaw, roll)/(10.751, 2.948, 9.900)
Epoch[029] Batch[699/956] Speed: 326.69 samples/sec, Loss:(pitch, yaw, roll)/(10.558, 2.948, 9.694)
Epoch[029] Batch[799/956] Speed: 324.41 samples/sec, Loss:(pitch, yaw, roll)/(10.751, 2.953, 9.841)
Epoch[029] Batch[899/956] Speed: 326.10 samples/sec, Loss:(pitch, yaw, roll)/(10.656, 2.955, 9.732)
Epoch[029] train: MAE:(pitch, yaw, roll, mean)/(2.347, 1.448, 1.981, 1.925), Cost=379 sec, lr=0.000001
Epoch[029] val  : MAE:(pitch, yaw, roll, mean)/(6.504, 7.485, 5.047, 6.345), Loss:(pitch, yaw, roll)/(71.485, 90.633, 77.055)


Min mean MAE: 6.293, Epoch: 22.000
