nohup: ignoring input
Namespace(alpha=2.0, anno_txt='./data/300W_LP_pose.txt', bs=64, dataset='/home/lfx/Data/300W_LP', epochs=30, gpu=1, log_interval=100, lr=0.001, lr_decay_epoch='10, 15, 20', lr_type='cos', momentum=0.9, net='v2', num_workers=6, prefix='v2_alpha2', save='./weight', use_fc=1, version='small', wd=4e-05, weights='', width_mult=1.0)
[09:58:04] src/operator/nn/./cudnn/./cudnn_algoreg-inl.h:97: Running performance tests to find the best convolution algorithm, this can take a while... (set the environment variable MXNET_CUDNN_AUTOTUNE_DEFAULT to 0 to disable)
Epoch[000] Batch[099/1913] Speed: 111.29 samples/sec, Loss:(pitch, yaw, roll)/(171.878, 1402.477, 145.338)
Epoch[000] Batch[199/1913] Speed: 70.93 samples/sec, Loss:(pitch, yaw, roll)/(169.837, 998.518, 143.225)
Epoch[000] Batch[299/1913] Speed: 36.10 samples/sec, Loss:(pitch, yaw, roll)/(165.818, 797.213, 141.591)
Epoch[000] Batch[399/1913] Speed: 51.12 samples/sec, Loss:(pitch, yaw, roll)/(163.023, 682.393, 139.927)
Epoch[000] Batch[499/1913] Speed: 39.60 samples/sec, Loss:(pitch, yaw, roll)/(156.668, 605.585, 135.991)
Epoch[000] Batch[599/1913] Speed: 30.70 samples/sec, Loss:(pitch, yaw, roll)/(151.512, 542.376, 131.277)
Epoch[000] Batch[699/1913] Speed: 39.77 samples/sec, Loss:(pitch, yaw, roll)/(148.640, 495.368, 126.921)
Epoch[000] Batch[799/1913] Speed: 36.67 samples/sec, Loss:(pitch, yaw, roll)/(144.134, 457.096, 122.672)
Epoch[000] Batch[899/1913] Speed: 33.89 samples/sec, Loss:(pitch, yaw, roll)/(142.332, 432.388, 119.547)
Epoch[000] Batch[999/1913] Speed: 41.49 samples/sec, Loss:(pitch, yaw, roll)/(139.905, 403.286, 116.377)
Epoch[000] Batch[1099/1913] Speed: 50.46 samples/sec, Loss:(pitch, yaw, roll)/(137.715, 382.203, 113.739)
Epoch[000] Batch[1199/1913] Speed: 52.61 samples/sec, Loss:(pitch, yaw, roll)/(135.461, 364.137, 111.003)
Epoch[000] Batch[1299/1913] Speed: 65.33 samples/sec, Loss:(pitch, yaw, roll)/(132.824, 346.987, 108.573)
Epoch[000] Batch[1399/1913] Speed: 88.37 samples/sec, Loss:(pitch, yaw, roll)/(130.185, 331.460, 105.927)
Epoch[000] Batch[1499/1913] Speed: 99.37 samples/sec, Loss:(pitch, yaw, roll)/(127.513, 318.053, 103.352)
Epoch[000] Batch[1599/1913] Speed: 111.24 samples/sec, Loss:(pitch, yaw, roll)/(125.916, 305.525, 101.912)
Epoch[000] Batch[1699/1913] Speed: 107.82 samples/sec, Loss:(pitch, yaw, roll)/(123.471, 294.502, 99.659)
Epoch[000] Batch[1799/1913] Speed: 151.48 samples/sec, Loss:(pitch, yaw, roll)/(122.003, 285.996, 98.112)
Epoch[000] Batch[1899/1913] Speed: 341.39 samples/sec, Loss:(pitch, yaw, roll)/(119.896, 276.628, 96.147)
[10:34:39] src/operator/nn/./cudnn/./cudnn_algoreg-inl.h:97: Running performance tests to find the best convolution algorithm, this can take a while... (set the environment variable MXNET_CUDNN_AUTOTUNE_DEFAULT to 0 to disable)
Epoch[000] train: MAE:(pitch, yaw, roll, mean)/(7.581, 10.661, 6.439, 8.227), Cost=2201 sec, lr=0.000997
Epoch[000] val  : MAE:(pitch, yaw, roll, mean)/(10.620, 13.413, 9.318, 11.117), Loss:(pitch, yaw, roll)/(279.237, 479.447, 296.605)
Min val mean MAE! save model!
Epoch[001] Batch[099/1913] Speed: 323.52 samples/sec, Loss:(pitch, yaw, roll)/(90.761, 111.462, 69.226)
Epoch[001] Batch[199/1913] Speed: 326.07 samples/sec, Loss:(pitch, yaw, roll)/(87.379, 96.844, 65.632)
Epoch[001] Batch[299/1913] Speed: 333.81 samples/sec, Loss:(pitch, yaw, roll)/(87.667, 99.606, 66.312)
Epoch[001] Batch[399/1913] Speed: 343.75 samples/sec, Loss:(pitch, yaw, roll)/(87.365, 93.424, 65.812)
Epoch[001] Batch[499/1913] Speed: 303.61 samples/sec, Loss:(pitch, yaw, roll)/(86.808, 95.299, 65.001)
Epoch[001] Batch[599/1913] Speed: 277.91 samples/sec, Loss:(pitch, yaw, roll)/(87.022, 99.037, 65.363)
Epoch[001] Batch[699/1913] Speed: 285.93 samples/sec, Loss:(pitch, yaw, roll)/(87.347, 98.696, 65.651)
Epoch[001] Batch[799/1913] Speed: 285.20 samples/sec, Loss:(pitch, yaw, roll)/(86.825, 94.607, 65.283)
Epoch[001] Batch[899/1913] Speed: 288.43 samples/sec, Loss:(pitch, yaw, roll)/(86.098, 94.502, 64.592)
Epoch[001] Batch[999/1913] Speed: 285.75 samples/sec, Loss:(pitch, yaw, roll)/(85.702, 92.065, 64.334)
Epoch[001] Batch[1099/1913] Speed: 285.22 samples/sec, Loss:(pitch, yaw, roll)/(85.293, 91.216, 63.899)
Epoch[001] Batch[1199/1913] Speed: 308.22 samples/sec, Loss:(pitch, yaw, roll)/(85.200, 90.484, 63.721)
Epoch[001] Batch[1299/1913] Speed: 311.23 samples/sec, Loss:(pitch, yaw, roll)/(84.171, 87.981, 62.737)
Epoch[001] Batch[1399/1913] Speed: 321.65 samples/sec, Loss:(pitch, yaw, roll)/(84.086, 87.526, 62.940)
Epoch[001] Batch[1499/1913] Speed: 320.38 samples/sec, Loss:(pitch, yaw, roll)/(83.770, 87.036, 62.629)
Epoch[001] Batch[1599/1913] Speed: 317.28 samples/sec, Loss:(pitch, yaw, roll)/(83.874, 84.814, 62.810)
Epoch[001] Batch[1699/1913] Speed: 316.94 samples/sec, Loss:(pitch, yaw, roll)/(83.585, 84.826, 62.620)
Epoch[001] Batch[1799/1913] Speed: 322.01 samples/sec, Loss:(pitch, yaw, roll)/(83.634, 83.257, 62.836)
Epoch[001] Batch[1899/1913] Speed: 324.72 samples/sec, Loss:(pitch, yaw, roll)/(83.336, 81.462, 62.655)
Epoch[001] train: MAE:(pitch, yaw, roll, mean)/(6.123, 5.922, 4.785, 5.610), Cost=399 sec, lr=0.000987
Epoch[001] val  : MAE:(pitch, yaw, roll, mean)/(9.236, 11.330, 7.926, 9.497), Loss:(pitch, yaw, roll)/(239.002, 379.276, 244.585)
Min val mean MAE! save model!
Epoch[002] Batch[099/1913] Speed: 313.90 samples/sec, Loss:(pitch, yaw, roll)/(75.692, 42.001, 53.807)
Epoch[002] Batch[199/1913] Speed: 333.60 samples/sec, Loss:(pitch, yaw, roll)/(74.423, 47.089, 54.577)
Epoch[002] Batch[299/1913] Speed: 354.10 samples/sec, Loss:(pitch, yaw, roll)/(73.011, 47.854, 54.892)
Epoch[002] Batch[399/1913] Speed: 318.59 samples/sec, Loss:(pitch, yaw, roll)/(74.684, 48.837, 56.525)
Epoch[002] Batch[499/1913] Speed: 312.97 samples/sec, Loss:(pitch, yaw, roll)/(76.174, 49.312, 58.360)
Epoch[002] Batch[599/1913] Speed: 322.30 samples/sec, Loss:(pitch, yaw, roll)/(74.407, 48.922, 56.854)
Epoch[002] Batch[699/1913] Speed: 334.40 samples/sec, Loss:(pitch, yaw, roll)/(74.160, 50.571, 56.431)
Epoch[002] Batch[799/1913] Speed: 331.55 samples/sec, Loss:(pitch, yaw, roll)/(74.659, 54.016, 56.974)
Epoch[002] Batch[899/1913] Speed: 335.17 samples/sec, Loss:(pitch, yaw, roll)/(74.051, 53.800, 56.392)
Epoch[002] Batch[999/1913] Speed: 332.59 samples/sec, Loss:(pitch, yaw, roll)/(73.291, 52.105, 55.426)
Epoch[002] Batch[1099/1913] Speed: 337.15 samples/sec, Loss:(pitch, yaw, roll)/(72.386, 51.188, 54.905)
Epoch[002] Batch[1199/1913] Speed: 335.76 samples/sec, Loss:(pitch, yaw, roll)/(72.202, 51.984, 54.860)
Epoch[002] Batch[1299/1913] Speed: 333.38 samples/sec, Loss:(pitch, yaw, roll)/(73.108, 53.339, 55.570)
Epoch[002] Batch[1399/1913] Speed: 331.10 samples/sec, Loss:(pitch, yaw, roll)/(72.943, 52.773, 55.599)
Epoch[002] Batch[1499/1913] Speed: 322.32 samples/sec, Loss:(pitch, yaw, roll)/(72.870, 52.343, 55.614)
Epoch[002] Batch[1599/1913] Speed: 320.37 samples/sec, Loss:(pitch, yaw, roll)/(72.243, 52.186, 55.213)
Epoch[002] Batch[1699/1913] Speed: 321.19 samples/sec, Loss:(pitch, yaw, roll)/(72.424, 52.010, 55.308)
Epoch[002] Batch[1799/1913] Speed: 322.16 samples/sec, Loss:(pitch, yaw, roll)/(72.505, 50.944, 55.367)
Epoch[002] Batch[1899/1913] Speed: 316.12 samples/sec, Loss:(pitch, yaw, roll)/(72.209, 50.135, 55.104)
Epoch[002] train: MAE:(pitch, yaw, roll, mean)/(5.562, 4.625, 4.356, 4.847), Cost=376 sec, lr=0.000970
Epoch[002] val  : MAE:(pitch, yaw, roll, mean)/(9.000, 11.228, 7.358, 9.195), Loss:(pitch, yaw, roll)/(229.663, 335.443, 227.695)
Min val mean MAE! save model!
Epoch[003] Batch[099/1913] Speed: 314.49 samples/sec, Loss:(pitch, yaw, roll)/(67.590, 31.564, 48.833)
Epoch[003] Batch[199/1913] Speed: 329.37 samples/sec, Loss:(pitch, yaw, roll)/(67.075, 34.308, 48.974)
Epoch[003] Batch[299/1913] Speed: 354.63 samples/sec, Loss:(pitch, yaw, roll)/(67.528, 34.736, 51.207)
Epoch[003] Batch[399/1913] Speed: 343.76 samples/sec, Loss:(pitch, yaw, roll)/(66.018, 35.588, 50.380)
Epoch[003] Batch[499/1913] Speed: 340.80 samples/sec, Loss:(pitch, yaw, roll)/(67.142, 36.704, 50.980)
Epoch[003] Batch[599/1913] Speed: 336.25 samples/sec, Loss:(pitch, yaw, roll)/(69.915, 46.003, 53.196)
Epoch[003] Batch[699/1913] Speed: 338.26 samples/sec, Loss:(pitch, yaw, roll)/(70.206, 47.696, 53.566)
Epoch[003] Batch[799/1913] Speed: 336.14 samples/sec, Loss:(pitch, yaw, roll)/(70.671, 48.442, 53.784)
Epoch[003] Batch[899/1913] Speed: 339.78 samples/sec, Loss:(pitch, yaw, roll)/(70.569, 47.621, 53.748)
Epoch[003] Batch[999/1913] Speed: 339.04 samples/sec, Loss:(pitch, yaw, roll)/(70.308, 49.485, 53.341)
Epoch[003] Batch[1099/1913] Speed: 348.37 samples/sec, Loss:(pitch, yaw, roll)/(70.208, 48.233, 53.004)
Epoch[003] Batch[1199/1913] Speed: 340.54 samples/sec, Loss:(pitch, yaw, roll)/(70.004, 47.429, 52.810)
Epoch[003] Batch[1299/1913] Speed: 339.15 samples/sec, Loss:(pitch, yaw, roll)/(70.069, 46.375, 53.149)
Epoch[003] Batch[1399/1913] Speed: 344.81 samples/sec, Loss:(pitch, yaw, roll)/(69.325, 45.360, 52.701)
Epoch[003] Batch[1499/1913] Speed: 332.69 samples/sec, Loss:(pitch, yaw, roll)/(69.149, 44.576, 52.722)
Epoch[003] Batch[1599/1913] Speed: 301.24 samples/sec, Loss:(pitch, yaw, roll)/(68.546, 44.655, 52.195)
Epoch[003] Batch[1699/1913] Speed: 302.00 samples/sec, Loss:(pitch, yaw, roll)/(68.470, 44.071, 52.053)
Epoch[003] Batch[1799/1913] Speed: 304.88 samples/sec, Loss:(pitch, yaw, roll)/(68.327, 43.905, 51.916)
Epoch[003] Batch[1899/1913] Speed: 312.68 samples/sec, Loss:(pitch, yaw, roll)/(68.078, 43.086, 51.908)
Epoch[003] train: MAE:(pitch, yaw, roll, mean)/(5.377, 4.205, 4.169, 4.584), Cost=372 sec, lr=0.000947
Epoch[003] val  : MAE:(pitch, yaw, roll, mean)/(8.427, 9.207, 6.770, 8.135), Loss:(pitch, yaw, roll)/(210.626, 243.689, 202.967)
Min val mean MAE! save model!
Epoch[004] Batch[099/1913] Speed: 309.84 samples/sec, Loss:(pitch, yaw, roll)/(62.932, 41.396, 47.828)
Epoch[004] Batch[199/1913] Speed: 320.62 samples/sec, Loss:(pitch, yaw, roll)/(66.119, 35.609, 51.401)
Epoch[004] Batch[299/1913] Speed: 320.10 samples/sec, Loss:(pitch, yaw, roll)/(62.398, 32.612, 48.367)
Epoch[004] Batch[399/1913] Speed: 315.55 samples/sec, Loss:(pitch, yaw, roll)/(60.293, 31.654, 46.411)
Epoch[004] Batch[499/1913] Speed: 320.71 samples/sec, Loss:(pitch, yaw, roll)/(60.151, 31.476, 46.530)
Epoch[004] Batch[599/1913] Speed: 321.99 samples/sec, Loss:(pitch, yaw, roll)/(60.694, 34.003, 47.480)
Epoch[004] Batch[699/1913] Speed: 319.46 samples/sec, Loss:(pitch, yaw, roll)/(61.621, 34.455, 47.944)
Epoch[004] Batch[799/1913] Speed: 316.81 samples/sec, Loss:(pitch, yaw, roll)/(62.463, 35.423, 48.554)
Epoch[004] Batch[899/1913] Speed: 330.05 samples/sec, Loss:(pitch, yaw, roll)/(63.127, 37.087, 49.115)
Epoch[004] Batch[999/1913] Speed: 332.20 samples/sec, Loss:(pitch, yaw, roll)/(63.494, 36.600, 49.323)
Epoch[004] Batch[1099/1913] Speed: 332.46 samples/sec, Loss:(pitch, yaw, roll)/(63.771, 37.469, 49.488)
Epoch[004] Batch[1199/1913] Speed: 342.09 samples/sec, Loss:(pitch, yaw, roll)/(63.937, 36.893, 49.247)
Epoch[004] Batch[1299/1913] Speed: 338.40 samples/sec, Loss:(pitch, yaw, roll)/(63.952, 36.108, 49.393)
Epoch[004] Batch[1399/1913] Speed: 335.65 samples/sec, Loss:(pitch, yaw, roll)/(63.510, 35.277, 49.028)
Epoch[004] Batch[1499/1913] Speed: 351.79 samples/sec, Loss:(pitch, yaw, roll)/(63.706, 34.618, 49.198)
Epoch[004] Batch[1599/1913] Speed: 347.01 samples/sec, Loss:(pitch, yaw, roll)/(63.161, 34.155, 48.840)
Epoch[004] Batch[1699/1913] Speed: 335.86 samples/sec, Loss:(pitch, yaw, roll)/(63.148, 33.846, 48.756)
Epoch[004] Batch[1799/1913] Speed: 332.11 samples/sec, Loss:(pitch, yaw, roll)/(63.211, 33.209, 48.864)
Epoch[004] Batch[1899/1913] Speed: 341.34 samples/sec, Loss:(pitch, yaw, roll)/(63.296, 33.362, 48.775)
Epoch[004] train: MAE:(pitch, yaw, roll, mean)/(5.116, 3.806, 3.974, 4.299), Cost=373 sec, lr=0.000918
Epoch[004] val  : MAE:(pitch, yaw, roll, mean)/(9.090, 12.258, 7.295, 9.548), Loss:(pitch, yaw, roll)/(221.921, 398.678, 226.456)
Epoch[005] Batch[099/1913] Speed: 333.29 samples/sec, Loss:(pitch, yaw, roll)/(67.314, 40.327, 52.104)
Epoch[005] Batch[199/1913] Speed: 334.27 samples/sec, Loss:(pitch, yaw, roll)/(64.017, 41.992, 48.638)
Epoch[005] Batch[299/1913] Speed: 339.48 samples/sec, Loss:(pitch, yaw, roll)/(62.309, 35.988, 47.314)
Epoch[005] Batch[399/1913] Speed: 330.53 samples/sec, Loss:(pitch, yaw, roll)/(62.125, 34.956, 47.484)
Epoch[005] Batch[499/1913] Speed: 333.26 samples/sec, Loss:(pitch, yaw, roll)/(61.541, 36.035, 47.692)
Epoch[005] Batch[599/1913] Speed: 332.21 samples/sec, Loss:(pitch, yaw, roll)/(61.452, 34.406, 47.882)
Epoch[005] Batch[699/1913] Speed: 336.44 samples/sec, Loss:(pitch, yaw, roll)/(61.343, 32.503, 47.846)
Epoch[005] Batch[799/1913] Speed: 332.01 samples/sec, Loss:(pitch, yaw, roll)/(61.541, 31.126, 47.895)
Epoch[005] Batch[899/1913] Speed: 333.64 samples/sec, Loss:(pitch, yaw, roll)/(60.917, 29.813, 47.628)
Epoch[005] Batch[999/1913] Speed: 340.40 samples/sec, Loss:(pitch, yaw, roll)/(59.770, 28.936, 46.615)
Epoch[005] Batch[1099/1913] Speed: 320.58 samples/sec, Loss:(pitch, yaw, roll)/(59.498, 27.944, 46.585)
Epoch[005] Batch[1199/1913] Speed: 303.20 samples/sec, Loss:(pitch, yaw, roll)/(59.735, 27.828, 46.779)
Epoch[005] Batch[1299/1913] Speed: 307.31 samples/sec, Loss:(pitch, yaw, roll)/(59.303, 27.579, 46.534)
Epoch[005] Batch[1399/1913] Speed: 316.77 samples/sec, Loss:(pitch, yaw, roll)/(59.208, 27.539, 46.347)
Epoch[005] Batch[1499/1913] Speed: 319.03 samples/sec, Loss:(pitch, yaw, roll)/(59.609, 27.448, 46.696)
Epoch[005] Batch[1599/1913] Speed: 324.59 samples/sec, Loss:(pitch, yaw, roll)/(59.612, 27.087, 46.670)
Epoch[005] Batch[1699/1913] Speed: 324.76 samples/sec, Loss:(pitch, yaw, roll)/(59.709, 26.746, 46.732)
Epoch[005] Batch[1799/1913] Speed: 355.38 samples/sec, Loss:(pitch, yaw, roll)/(59.430, 27.180, 46.433)
Epoch[005] Batch[1899/1913] Speed: 349.72 samples/sec, Loss:(pitch, yaw, roll)/(59.655, 27.288, 46.489)
Epoch[005] train: MAE:(pitch, yaw, roll, mean)/(4.903, 3.425, 3.835, 4.054), Cost=373 sec, lr=0.000883
Epoch[005] val  : MAE:(pitch, yaw, roll, mean)/(8.626, 10.397, 6.974, 8.666), Loss:(pitch, yaw, roll)/(215.440, 334.648, 214.024)
Epoch[006] Batch[099/1913] Speed: 336.67 samples/sec, Loss:(pitch, yaw, roll)/(60.137, 20.953, 47.291)
Epoch[006] Batch[199/1913] Speed: 349.61 samples/sec, Loss:(pitch, yaw, roll)/(55.563, 21.646, 43.493)
Epoch[006] Batch[299/1913] Speed: 344.96 samples/sec, Loss:(pitch, yaw, roll)/(56.160, 23.679, 43.403)
Epoch[006] Batch[399/1913] Speed: 347.53 samples/sec, Loss:(pitch, yaw, roll)/(56.386, 22.516, 43.877)
Epoch[006] Batch[499/1913] Speed: 347.21 samples/sec, Loss:(pitch, yaw, roll)/(55.797, 21.905, 43.265)
Epoch[006] Batch[599/1913] Speed: 344.13 samples/sec, Loss:(pitch, yaw, roll)/(55.126, 21.772, 42.592)
Epoch[006] Batch[699/1913] Speed: 344.46 samples/sec, Loss:(pitch, yaw, roll)/(55.261, 21.634, 42.892)
Epoch[006] Batch[799/1913] Speed: 348.67 samples/sec, Loss:(pitch, yaw, roll)/(55.000, 21.395, 42.907)
Epoch[006] Batch[899/1913] Speed: 346.53 samples/sec, Loss:(pitch, yaw, roll)/(55.259, 22.017, 42.995)
Epoch[006] Batch[999/1913] Speed: 347.16 samples/sec, Loss:(pitch, yaw, roll)/(55.359, 22.645, 43.031)
Epoch[006] Batch[1099/1913] Speed: 347.54 samples/sec, Loss:(pitch, yaw, roll)/(55.652, 24.243, 43.293)
Epoch[006] Batch[1199/1913] Speed: 332.16 samples/sec, Loss:(pitch, yaw, roll)/(56.068, 24.392, 43.727)
Epoch[006] Batch[1299/1913] Speed: 299.00 samples/sec, Loss:(pitch, yaw, roll)/(56.274, 24.002, 43.915)
Epoch[006] Batch[1399/1913] Speed: 311.33 samples/sec, Loss:(pitch, yaw, roll)/(56.653, 23.629, 44.249)
Epoch[006] Batch[1499/1913] Speed: 317.34 samples/sec, Loss:(pitch, yaw, roll)/(56.418, 23.310, 44.172)
Epoch[006] Batch[1599/1913] Speed: 319.00 samples/sec, Loss:(pitch, yaw, roll)/(56.351, 23.214, 44.075)
Epoch[006] Batch[1699/1913] Speed: 326.83 samples/sec, Loss:(pitch, yaw, roll)/(56.228, 24.232, 43.861)
Epoch[006] Batch[1799/1913] Speed: 316.79 samples/sec, Loss:(pitch, yaw, roll)/(56.445, 24.261, 44.113)
Epoch[006] Batch[1899/1913] Speed: 321.92 samples/sec, Loss:(pitch, yaw, roll)/(56.412, 24.155, 44.234)
Epoch[006] train: MAE:(pitch, yaw, roll, mean)/(4.734, 3.271, 3.684, 3.896), Cost=369 sec, lr=0.000843
Epoch[006] val  : MAE:(pitch, yaw, roll, mean)/(8.463, 10.435, 6.874, 8.591), Loss:(pitch, yaw, roll)/(193.744, 245.663, 200.027)
Epoch[007] Batch[099/1913] Speed: 317.56 samples/sec, Loss:(pitch, yaw, roll)/(54.304, 17.821, 41.830)
Epoch[007] Batch[199/1913] Speed: 325.84 samples/sec, Loss:(pitch, yaw, roll)/(55.337, 22.764, 42.538)
Epoch[007] Batch[299/1913] Speed: 324.07 samples/sec, Loss:(pitch, yaw, roll)/(56.677, 21.187, 43.987)
Epoch[007] Batch[399/1913] Speed: 319.00 samples/sec, Loss:(pitch, yaw, roll)/(56.602, 20.836, 44.310)
Epoch[007] Batch[499/1913] Speed: 325.49 samples/sec, Loss:(pitch, yaw, roll)/(56.246, 20.093, 44.066)
Epoch[007] Batch[599/1913] Speed: 322.76 samples/sec, Loss:(pitch, yaw, roll)/(56.238, 20.519, 44.283)
Epoch[007] Batch[699/1913] Speed: 323.49 samples/sec, Loss:(pitch, yaw, roll)/(56.078, 21.254, 44.162)
Epoch[007] Batch[799/1913] Speed: 321.25 samples/sec, Loss:(pitch, yaw, roll)/(56.901, 22.213, 44.781)
Epoch[007] Batch[899/1913] Speed: 326.29 samples/sec, Loss:(pitch, yaw, roll)/(56.447, 23.316, 44.194)
Epoch[007] Batch[999/1913] Speed: 333.55 samples/sec, Loss:(pitch, yaw, roll)/(55.962, 23.109, 43.838)
Epoch[007] Batch[1099/1913] Speed: 351.37 samples/sec, Loss:(pitch, yaw, roll)/(55.918, 23.444, 43.725)
Epoch[007] Batch[1199/1913] Speed: 324.25 samples/sec, Loss:(pitch, yaw, roll)/(55.357, 23.196, 43.231)
Epoch[007] Batch[1299/1913] Speed: 311.56 samples/sec, Loss:(pitch, yaw, roll)/(54.938, 23.559, 42.781)
Epoch[007] Batch[1399/1913] Speed: 323.92 samples/sec, Loss:(pitch, yaw, roll)/(55.107, 23.663, 43.014)
Epoch[007] Batch[1499/1913] Speed: 313.34 samples/sec, Loss:(pitch, yaw, roll)/(55.163, 23.617, 43.202)
Epoch[007] Batch[1599/1913] Speed: 318.82 samples/sec, Loss:(pitch, yaw, roll)/(55.541, 23.365, 43.316)
Epoch[007] Batch[1699/1913] Speed: 315.51 samples/sec, Loss:(pitch, yaw, roll)/(55.338, 23.011, 43.285)
Epoch[007] Batch[1799/1913] Speed: 319.57 samples/sec, Loss:(pitch, yaw, roll)/(54.870, 22.718, 43.020)
Epoch[007] Batch[1899/1913] Speed: 318.11 samples/sec, Loss:(pitch, yaw, roll)/(54.613, 22.379, 42.813)
Epoch[007] train: MAE:(pitch, yaw, roll, mean)/(4.633, 3.087, 3.595, 3.772), Cost=381 sec, lr=0.000799
Epoch[007] val  : MAE:(pitch, yaw, roll, mean)/(8.035, 9.068, 6.271, 7.791), Loss:(pitch, yaw, roll)/(188.032, 219.879, 191.338)
Min val mean MAE! save model!
Epoch[008] Batch[099/1913] Speed: 310.70 samples/sec, Loss:(pitch, yaw, roll)/(52.631, 14.576, 42.700)
Epoch[008] Batch[199/1913] Speed: 321.80 samples/sec, Loss:(pitch, yaw, roll)/(51.416, 15.021, 40.675)
Epoch[008] Batch[299/1913] Speed: 320.96 samples/sec, Loss:(pitch, yaw, roll)/(51.558, 15.508, 41.205)
Epoch[008] Batch[399/1913] Speed: 315.20 samples/sec, Loss:(pitch, yaw, roll)/(53.281, 15.923, 42.784)
Epoch[008] Batch[499/1913] Speed: 315.99 samples/sec, Loss:(pitch, yaw, roll)/(52.275, 20.044, 41.711)
Epoch[008] Batch[599/1913] Speed: 319.07 samples/sec, Loss:(pitch, yaw, roll)/(52.551, 21.637, 41.743)
Epoch[008] Batch[699/1913] Speed: 315.02 samples/sec, Loss:(pitch, yaw, roll)/(52.654, 21.463, 42.129)
Epoch[008] Batch[799/1913] Speed: 315.12 samples/sec, Loss:(pitch, yaw, roll)/(52.352, 20.800, 41.627)
Epoch[008] Batch[899/1913] Speed: 316.90 samples/sec, Loss:(pitch, yaw, roll)/(52.776, 20.851, 41.995)
Epoch[008] Batch[999/1913] Speed: 328.99 samples/sec, Loss:(pitch, yaw, roll)/(52.291, 20.371, 41.479)
Epoch[008] Batch[1099/1913] Speed: 352.12 samples/sec, Loss:(pitch, yaw, roll)/(52.011, 19.961, 41.087)
Epoch[008] Batch[1199/1913] Speed: 347.46 samples/sec, Loss:(pitch, yaw, roll)/(51.491, 19.802, 40.748)
Epoch[008] Batch[1299/1913] Speed: 346.99 samples/sec, Loss:(pitch, yaw, roll)/(51.304, 19.694, 40.515)
Epoch[008] Batch[1399/1913] Speed: 345.09 samples/sec, Loss:(pitch, yaw, roll)/(51.525, 19.387, 40.691)
Epoch[008] Batch[1499/1913] Speed: 349.63 samples/sec, Loss:(pitch, yaw, roll)/(51.600, 19.990, 40.575)
Epoch[008] Batch[1599/1913] Speed: 340.39 samples/sec, Loss:(pitch, yaw, roll)/(51.489, 20.420, 40.408)
Epoch[008] Batch[1699/1913] Speed: 348.22 samples/sec, Loss:(pitch, yaw, roll)/(51.670, 20.471, 40.663)
Epoch[008] Batch[1799/1913] Speed: 345.62 samples/sec, Loss:(pitch, yaw, roll)/(51.753, 20.372, 40.812)
Epoch[008] Batch[1899/1913] Speed: 354.77 samples/sec, Loss:(pitch, yaw, roll)/(51.537, 20.206, 40.792)
Epoch[008] train: MAE:(pitch, yaw, roll, mean)/(4.474, 2.940, 3.487, 3.633), Cost=371 sec, lr=0.000750
Epoch[008] val  : MAE:(pitch, yaw, roll, mean)/(8.239, 8.103, 6.540, 7.628), Loss:(pitch, yaw, roll)/(192.204, 180.608, 192.780)
Min val mean MAE! save model!
Epoch[009] Batch[099/1913] Speed: 312.44 samples/sec, Loss:(pitch, yaw, roll)/(46.018, 15.879, 37.040)
Epoch[009] Batch[199/1913] Speed: 324.59 samples/sec, Loss:(pitch, yaw, roll)/(47.293, 15.327, 37.743)
Epoch[009] Batch[299/1913] Speed: 290.73 samples/sec, Loss:(pitch, yaw, roll)/(47.851, 15.233, 37.906)
Epoch[009] Batch[399/1913] Speed: 286.66 samples/sec, Loss:(pitch, yaw, roll)/(47.563, 15.031, 37.531)
Epoch[009] Batch[499/1913] Speed: 307.70 samples/sec, Loss:(pitch, yaw, roll)/(46.843, 14.807, 37.266)
Epoch[009] Batch[599/1913] Speed: 285.53 samples/sec, Loss:(pitch, yaw, roll)/(47.461, 15.681, 38.206)
Epoch[009] Batch[699/1913] Speed: 303.83 samples/sec, Loss:(pitch, yaw, roll)/(48.200, 16.472, 38.880)
Epoch[009] Batch[799/1913] Speed: 307.70 samples/sec, Loss:(pitch, yaw, roll)/(47.548, 16.508, 38.226)
Epoch[009] Batch[899/1913] Speed: 314.84 samples/sec, Loss:(pitch, yaw, roll)/(47.824, 16.597, 38.521)
Epoch[009] Batch[999/1913] Speed: 321.10 samples/sec, Loss:(pitch, yaw, roll)/(47.971, 16.703, 38.568)
Epoch[009] Batch[1099/1913] Speed: 319.71 samples/sec, Loss:(pitch, yaw, roll)/(48.207, 16.556, 38.829)
Epoch[009] Batch[1199/1913] Speed: 319.98 samples/sec, Loss:(pitch, yaw, roll)/(48.128, 16.459, 38.760)
Epoch[009] Batch[1299/1913] Speed: 318.04 samples/sec, Loss:(pitch, yaw, roll)/(48.509, 16.681, 39.122)
Epoch[009] Batch[1399/1913] Speed: 320.64 samples/sec, Loss:(pitch, yaw, roll)/(48.065, 16.523, 38.767)
Epoch[009] Batch[1499/1913] Speed: 322.26 samples/sec, Loss:(pitch, yaw, roll)/(47.810, 16.429, 38.548)
Epoch[009] Batch[1599/1913] Speed: 320.17 samples/sec, Loss:(pitch, yaw, roll)/(48.022, 16.341, 38.689)
Epoch[009] Batch[1699/1913] Speed: 321.42 samples/sec, Loss:(pitch, yaw, roll)/(48.314, 16.167, 39.043)
Epoch[009] Batch[1799/1913] Speed: 322.83 samples/sec, Loss:(pitch, yaw, roll)/(48.127, 16.053, 38.911)
Epoch[009] Batch[1899/1913] Speed: 323.55 samples/sec, Loss:(pitch, yaw, roll)/(48.395, 15.929, 39.058)
Epoch[009] train: MAE:(pitch, yaw, roll, mean)/(4.290, 2.707, 3.368, 3.455), Cost=394 sec, lr=0.000698
Epoch[009] val  : MAE:(pitch, yaw, roll, mean)/(7.937, 8.539, 6.722, 7.733), Loss:(pitch, yaw, roll)/(189.398, 202.118, 198.340)
Epoch[010] Batch[099/1913] Speed: 319.30 samples/sec, Loss:(pitch, yaw, roll)/(56.279, 18.912, 44.364)
Epoch[010] Batch[199/1913] Speed: 319.79 samples/sec, Loss:(pitch, yaw, roll)/(55.448, 24.884, 43.232)
Epoch[010] Batch[299/1913] Speed: 326.61 samples/sec, Loss:(pitch, yaw, roll)/(54.082, 22.240, 42.655)
Epoch[010] Batch[399/1913] Speed: 349.95 samples/sec, Loss:(pitch, yaw, roll)/(51.465, 20.454, 40.466)
Epoch[010] Batch[499/1913] Speed: 331.03 samples/sec, Loss:(pitch, yaw, roll)/(49.495, 19.369, 39.099)
Epoch[010] Batch[599/1913] Speed: 311.67 samples/sec, Loss:(pitch, yaw, roll)/(49.474, 18.429, 39.264)
Epoch[010] Batch[699/1913] Speed: 313.18 samples/sec, Loss:(pitch, yaw, roll)/(48.703, 17.726, 38.898)
Epoch[010] Batch[799/1913] Speed: 319.54 samples/sec, Loss:(pitch, yaw, roll)/(48.286, 17.124, 38.523)
Epoch[010] Batch[899/1913] Speed: 320.76 samples/sec, Loss:(pitch, yaw, roll)/(48.444, 16.671, 38.676)
Epoch[010] Batch[999/1913] Speed: 317.70 samples/sec, Loss:(pitch, yaw, roll)/(48.097, 16.374, 38.304)
Epoch[010] Batch[1099/1913] Speed: 319.95 samples/sec, Loss:(pitch, yaw, roll)/(48.138, 16.067, 38.327)
Epoch[010] Batch[1199/1913] Speed: 318.34 samples/sec, Loss:(pitch, yaw, roll)/(47.697, 15.831, 38.093)
Epoch[010] Batch[1299/1913] Speed: 318.16 samples/sec, Loss:(pitch, yaw, roll)/(47.582, 15.654, 38.074)
Epoch[010] Batch[1399/1913] Speed: 318.86 samples/sec, Loss:(pitch, yaw, roll)/(47.655, 15.548, 38.226)
Epoch[010] Batch[1499/1913] Speed: 319.05 samples/sec, Loss:(pitch, yaw, roll)/(47.640, 16.325, 38.339)
Epoch[010] Batch[1599/1913] Speed: 316.75 samples/sec, Loss:(pitch, yaw, roll)/(47.734, 16.394, 38.497)
Epoch[010] Batch[1699/1913] Speed: 318.99 samples/sec, Loss:(pitch, yaw, roll)/(47.490, 16.247, 38.301)
Epoch[010] Batch[1799/1913] Speed: 319.08 samples/sec, Loss:(pitch, yaw, roll)/(47.404, 16.095, 38.333)
Epoch[010] Batch[1899/1913] Speed: 315.83 samples/sec, Loss:(pitch, yaw, roll)/(47.044, 16.119, 38.115)
Epoch[010] train: MAE:(pitch, yaw, roll, mean)/(4.215, 2.650, 3.298, 3.388), Cost=384 sec, lr=0.000644
Epoch[010] val  : MAE:(pitch, yaw, roll, mean)/(7.926, 8.677, 6.084, 7.563), Loss:(pitch, yaw, roll)/(182.125, 212.235, 189.441)
Min val mean MAE! save model!
Epoch[011] Batch[099/1913] Speed: 310.00 samples/sec, Loss:(pitch, yaw, roll)/(43.892, 13.129, 35.211)
Epoch[011] Batch[199/1913] Speed: 315.45 samples/sec, Loss:(pitch, yaw, roll)/(42.925, 14.299, 34.321)
Epoch[011] Batch[299/1913] Speed: 323.66 samples/sec, Loss:(pitch, yaw, roll)/(43.986, 13.914, 35.326)
Epoch[011] Batch[399/1913] Speed: 349.31 samples/sec, Loss:(pitch, yaw, roll)/(44.882, 13.642, 36.445)
Epoch[011] Batch[499/1913] Speed: 342.19 samples/sec, Loss:(pitch, yaw, roll)/(44.633, 14.114, 36.140)
Epoch[011] Batch[599/1913] Speed: 338.99 samples/sec, Loss:(pitch, yaw, roll)/(44.569, 14.246, 35.974)
Epoch[011] Batch[699/1913] Speed: 335.09 samples/sec, Loss:(pitch, yaw, roll)/(44.880, 14.305, 36.176)
Epoch[011] Batch[799/1913] Speed: 335.35 samples/sec, Loss:(pitch, yaw, roll)/(44.283, 14.201, 35.547)
Epoch[011] Batch[899/1913] Speed: 342.84 samples/sec, Loss:(pitch, yaw, roll)/(44.662, 14.030, 35.863)
Epoch[011] Batch[999/1913] Speed: 334.11 samples/sec, Loss:(pitch, yaw, roll)/(44.097, 13.935, 35.273)
Epoch[011] Batch[1099/1913] Speed: 347.62 samples/sec, Loss:(pitch, yaw, roll)/(44.069, 13.869, 35.276)
Epoch[011] Batch[1199/1913] Speed: 335.40 samples/sec, Loss:(pitch, yaw, roll)/(43.847, 13.933, 35.056)
Epoch[011] Batch[1299/1913] Speed: 339.43 samples/sec, Loss:(pitch, yaw, roll)/(43.903, 13.880, 35.083)
Epoch[011] Batch[1399/1913] Speed: 338.49 samples/sec, Loss:(pitch, yaw, roll)/(43.836, 13.895, 35.079)
Epoch[011] Batch[1499/1913] Speed: 336.75 samples/sec, Loss:(pitch, yaw, roll)/(44.071, 13.929, 35.277)
Epoch[011] Batch[1599/1913] Speed: 292.28 samples/sec, Loss:(pitch, yaw, roll)/(44.171, 13.986, 35.425)
Epoch[011] Batch[1699/1913] Speed: 288.74 samples/sec, Loss:(pitch, yaw, roll)/(44.225, 13.934, 35.565)
Epoch[011] Batch[1799/1913] Speed: 299.97 samples/sec, Loss:(pitch, yaw, roll)/(44.377, 13.860, 35.671)
Epoch[011] Batch[1899/1913] Speed: 297.78 samples/sec, Loss:(pitch, yaw, roll)/(44.544, 13.762, 35.831)
Epoch[011] train: MAE:(pitch, yaw, roll, mean)/(4.086, 2.512, 3.176, 3.258), Cost=378 sec, lr=0.000587
Epoch[011] val  : MAE:(pitch, yaw, roll, mean)/(7.661, 7.956, 5.899, 7.172), Loss:(pitch, yaw, roll)/(179.253, 191.143, 170.528)
Min val mean MAE! save model!
Epoch[012] Batch[099/1913] Speed: 298.66 samples/sec, Loss:(pitch, yaw, roll)/(43.315, 12.871, 36.565)
Epoch[012] Batch[199/1913] Speed: 303.71 samples/sec, Loss:(pitch, yaw, roll)/(42.903, 12.945, 36.213)
Epoch[012] Batch[299/1913] Speed: 308.28 samples/sec, Loss:(pitch, yaw, roll)/(40.269, 13.075, 33.013)
Epoch[012] Batch[399/1913] Speed: 314.70 samples/sec, Loss:(pitch, yaw, roll)/(40.436, 12.844, 33.383)
Epoch[012] Batch[499/1913] Speed: 308.44 samples/sec, Loss:(pitch, yaw, roll)/(40.132, 12.680, 32.935)
Epoch[012] Batch[599/1913] Speed: 312.84 samples/sec, Loss:(pitch, yaw, roll)/(40.221, 12.656, 33.127)
Epoch[012] Batch[699/1913] Speed: 316.46 samples/sec, Loss:(pitch, yaw, roll)/(41.159, 12.656, 34.066)
Epoch[012] Batch[799/1913] Speed: 311.14 samples/sec, Loss:(pitch, yaw, roll)/(41.113, 12.677, 33.774)
Epoch[012] Batch[899/1913] Speed: 312.92 samples/sec, Loss:(pitch, yaw, roll)/(41.317, 12.603, 33.923)
Epoch[012] Batch[999/1913] Speed: 312.08 samples/sec, Loss:(pitch, yaw, roll)/(41.457, 12.691, 34.010)
Epoch[012] Batch[1099/1913] Speed: 314.58 samples/sec, Loss:(pitch, yaw, roll)/(41.133, 12.646, 33.611)
Epoch[012] Batch[1199/1913] Speed: 312.51 samples/sec, Loss:(pitch, yaw, roll)/(41.245, 12.726, 33.606)
Epoch[012] Batch[1299/1913] Speed: 335.39 samples/sec, Loss:(pitch, yaw, roll)/(41.829, 13.375, 34.023)
Epoch[012] Batch[1399/1913] Speed: 354.50 samples/sec, Loss:(pitch, yaw, roll)/(42.310, 13.592, 34.408)
Epoch[012] Batch[1499/1913] Speed: 308.92 samples/sec, Loss:(pitch, yaw, roll)/(42.470, 13.536, 34.550)
Epoch[012] Batch[1599/1913] Speed: 311.18 samples/sec, Loss:(pitch, yaw, roll)/(42.696, 13.468, 34.843)
Epoch[012] Batch[1699/1913] Speed: 312.09 samples/sec, Loss:(pitch, yaw, roll)/(42.583, 13.373, 34.737)
Epoch[012] Batch[1799/1913] Speed: 331.91 samples/sec, Loss:(pitch, yaw, roll)/(42.504, 13.300, 34.634)
Epoch[012] Batch[1899/1913] Speed: 317.08 samples/sec, Loss:(pitch, yaw, roll)/(42.442, 13.238, 34.622)
Epoch[012] train: MAE:(pitch, yaw, roll, mean)/(3.961, 2.469, 3.109, 3.180), Cost=390 sec, lr=0.000529
Epoch[012] val  : MAE:(pitch, yaw, roll, mean)/(7.661, 7.361, 6.153, 7.058), Loss:(pitch, yaw, roll)/(175.423, 166.897, 180.732)
Min val mean MAE! save model!
Epoch[013] Batch[099/1913] Speed: 321.31 samples/sec, Loss:(pitch, yaw, roll)/(43.969, 13.047, 35.628)
Epoch[013] Batch[199/1913] Speed: 327.34 samples/sec, Loss:(pitch, yaw, roll)/(43.036, 12.630, 35.136)
Epoch[013] Batch[299/1913] Speed: 324.54 samples/sec, Loss:(pitch, yaw, roll)/(40.854, 12.363, 33.127)
Epoch[013] Batch[399/1913] Speed: 327.67 samples/sec, Loss:(pitch, yaw, roll)/(40.035, 12.234, 32.536)
Epoch[013] Batch[499/1913] Speed: 326.19 samples/sec, Loss:(pitch, yaw, roll)/(39.595, 12.201, 32.474)
Epoch[013] Batch[599/1913] Speed: 327.80 samples/sec, Loss:(pitch, yaw, roll)/(39.357, 12.371, 32.186)
Epoch[013] Batch[699/1913] Speed: 324.30 samples/sec, Loss:(pitch, yaw, roll)/(39.705, 12.279, 32.489)
Epoch[013] Batch[799/1913] Speed: 324.06 samples/sec, Loss:(pitch, yaw, roll)/(40.079, 12.266, 32.875)
Epoch[013] Batch[899/1913] Speed: 326.60 samples/sec, Loss:(pitch, yaw, roll)/(40.359, 12.215, 33.037)
Epoch[013] Batch[999/1913] Speed: 328.04 samples/sec, Loss:(pitch, yaw, roll)/(39.885, 12.129, 32.459)
Epoch[013] Batch[1099/1913] Speed: 324.41 samples/sec, Loss:(pitch, yaw, roll)/(40.560, 12.074, 33.179)
Epoch[013] Batch[1199/1913] Speed: 324.34 samples/sec, Loss:(pitch, yaw, roll)/(40.493, 11.970, 33.116)
Epoch[013] Batch[1299/1913] Speed: 335.50 samples/sec, Loss:(pitch, yaw, roll)/(40.833, 11.939, 33.404)
Epoch[013] Batch[1399/1913] Speed: 351.65 samples/sec, Loss:(pitch, yaw, roll)/(40.735, 11.926, 33.380)
Epoch[013] Batch[1499/1913] Speed: 349.48 samples/sec, Loss:(pitch, yaw, roll)/(40.533, 11.903, 33.190)
Epoch[013] Batch[1599/1913] Speed: 343.21 samples/sec, Loss:(pitch, yaw, roll)/(40.472, 11.855, 33.213)
Epoch[013] Batch[1699/1913] Speed: 344.61 samples/sec, Loss:(pitch, yaw, roll)/(40.346, 11.795, 33.121)
Epoch[013] Batch[1799/1913] Speed: 346.73 samples/sec, Loss:(pitch, yaw, roll)/(40.109, 11.729, 32.892)
Epoch[013] Batch[1899/1913] Speed: 342.42 samples/sec, Loss:(pitch, yaw, roll)/(40.348, 11.943, 33.096)
Epoch[013] train: MAE:(pitch, yaw, roll, mean)/(3.836, 2.336, 3.022, 3.065), Cost=370 sec, lr=0.000471
Epoch[013] val  : MAE:(pitch, yaw, roll, mean)/(7.876, 8.225, 6.228, 7.443), Loss:(pitch, yaw, roll)/(177.064, 233.949, 184.163)
Epoch[014] Batch[099/1913] Speed: 343.99 samples/sec, Loss:(pitch, yaw, roll)/(36.197, 12.444, 28.710)
Epoch[014] Batch[199/1913] Speed: 341.82 samples/sec, Loss:(pitch, yaw, roll)/(38.570, 11.861, 31.533)
Epoch[014] Batch[299/1913] Speed: 344.87 samples/sec, Loss:(pitch, yaw, roll)/(40.245, 11.615, 32.966)
Epoch[014] Batch[399/1913] Speed: 345.36 samples/sec, Loss:(pitch, yaw, roll)/(38.520, 11.654, 31.307)
Epoch[014] Batch[499/1913] Speed: 350.33 samples/sec, Loss:(pitch, yaw, roll)/(37.853, 11.560, 30.648)
Epoch[014] Batch[599/1913] Speed: 336.74 samples/sec, Loss:(pitch, yaw, roll)/(38.055, 11.426, 31.093)
Epoch[014] Batch[699/1913] Speed: 322.11 samples/sec, Loss:(pitch, yaw, roll)/(38.754, 11.290, 31.829)
Epoch[014] Batch[799/1913] Speed: 329.32 samples/sec, Loss:(pitch, yaw, roll)/(38.364, 11.222, 31.662)
Epoch[014] Batch[899/1913] Speed: 335.97 samples/sec, Loss:(pitch, yaw, roll)/(37.920, 11.184, 31.167)
Epoch[014] Batch[999/1913] Speed: 336.70 samples/sec, Loss:(pitch, yaw, roll)/(38.439, 11.153, 31.692)
Epoch[014] Batch[1099/1913] Speed: 335.33 samples/sec, Loss:(pitch, yaw, roll)/(38.589, 11.185, 31.896)
Epoch[014] Batch[1199/1913] Speed: 338.33 samples/sec, Loss:(pitch, yaw, roll)/(38.493, 11.188, 31.709)
Epoch[014] Batch[1299/1913] Speed: 336.71 samples/sec, Loss:(pitch, yaw, roll)/(38.315, 11.168, 31.568)
Epoch[014] Batch[1399/1913] Speed: 340.07 samples/sec, Loss:(pitch, yaw, roll)/(38.430, 11.132, 31.710)
Epoch[014] Batch[1499/1913] Speed: 334.03 samples/sec, Loss:(pitch, yaw, roll)/(38.526, 11.106, 31.881)
Epoch[014] Batch[1599/1913] Speed: 337.52 samples/sec, Loss:(pitch, yaw, roll)/(38.624, 11.067, 31.944)
Epoch[014] Batch[1699/1913] Speed: 333.74 samples/sec, Loss:(pitch, yaw, roll)/(38.589, 11.075, 31.908)
Epoch[014] Batch[1799/1913] Speed: 335.75 samples/sec, Loss:(pitch, yaw, roll)/(38.601, 11.060, 31.926)
Epoch[014] Batch[1899/1913] Speed: 338.73 samples/sec, Loss:(pitch, yaw, roll)/(38.561, 11.055, 31.851)
Epoch[014] train: MAE:(pitch, yaw, roll, mean)/(3.755, 2.258, 2.958, 2.991), Cost=364 sec, lr=0.000414
Epoch[014] val  : MAE:(pitch, yaw, roll, mean)/(7.342, 8.534, 5.867, 7.248), Loss:(pitch, yaw, roll)/(164.065, 210.510, 173.821)
Epoch[015] Batch[099/1913] Speed: 330.56 samples/sec, Loss:(pitch, yaw, roll)/(40.162, 9.967, 34.427)
Epoch[015] Batch[199/1913] Speed: 338.58 samples/sec, Loss:(pitch, yaw, roll)/(39.021, 10.410, 33.021)
Epoch[015] Batch[299/1913] Speed: 338.37 samples/sec, Loss:(pitch, yaw, roll)/(36.585, 11.106, 30.603)
Epoch[015] Batch[399/1913] Speed: 340.78 samples/sec, Loss:(pitch, yaw, roll)/(36.659, 11.185, 30.235)
Epoch[015] Batch[499/1913] Speed: 350.91 samples/sec, Loss:(pitch, yaw, roll)/(37.557, 11.085, 30.907)
Epoch[015] Batch[599/1913] Speed: 340.69 samples/sec, Loss:(pitch, yaw, roll)/(37.405, 11.033, 30.538)
Epoch[015] Batch[699/1913] Speed: 325.25 samples/sec, Loss:(pitch, yaw, roll)/(37.077, 10.952, 30.294)
Epoch[015] Batch[799/1913] Speed: 330.53 samples/sec, Loss:(pitch, yaw, roll)/(37.385, 10.910, 30.610)
Epoch[015] Batch[899/1913] Speed: 330.14 samples/sec, Loss:(pitch, yaw, roll)/(37.071, 10.841, 30.334)
Epoch[015] Batch[999/1913] Speed: 333.06 samples/sec, Loss:(pitch, yaw, roll)/(37.328, 10.805, 30.555)
Epoch[015] Batch[1099/1913] Speed: 334.92 samples/sec, Loss:(pitch, yaw, roll)/(37.470, 10.760, 30.782)
Epoch[015] Batch[1199/1913] Speed: 337.06 samples/sec, Loss:(pitch, yaw, roll)/(37.032, 10.731, 30.319)
Epoch[015] Batch[1299/1913] Speed: 337.20 samples/sec, Loss:(pitch, yaw, roll)/(37.070, 10.705, 30.432)
Epoch[015] Batch[1399/1913] Speed: 335.93 samples/sec, Loss:(pitch, yaw, roll)/(36.806, 10.705, 30.184)
Epoch[015] Batch[1499/1913] Speed: 335.84 samples/sec, Loss:(pitch, yaw, roll)/(36.817, 10.761, 30.234)
Epoch[015] Batch[1599/1913] Speed: 340.80 samples/sec, Loss:(pitch, yaw, roll)/(36.599, 10.831, 30.103)
Epoch[015] Batch[1699/1913] Speed: 334.30 samples/sec, Loss:(pitch, yaw, roll)/(36.610, 10.932, 30.280)
Epoch[015] Batch[1799/1913] Speed: 337.06 samples/sec, Loss:(pitch, yaw, roll)/(36.828, 10.972, 30.524)
Epoch[015] Batch[1899/1913] Speed: 343.86 samples/sec, Loss:(pitch, yaw, roll)/(36.768, 10.962, 30.485)
Epoch[015] train: MAE:(pitch, yaw, roll, mean)/(3.654, 2.224, 2.888, 2.922), Cost=365 sec, lr=0.000357
Epoch[015] val  : MAE:(pitch, yaw, roll, mean)/(7.642, 8.706, 5.913, 7.420), Loss:(pitch, yaw, roll)/(176.350, 220.893, 171.453)
Epoch[016] Batch[099/1913] Speed: 336.42 samples/sec, Loss:(pitch, yaw, roll)/(37.402, 9.580, 31.756)
Epoch[016] Batch[199/1913] Speed: 345.68 samples/sec, Loss:(pitch, yaw, roll)/(36.747, 9.778, 30.778)
Epoch[016] Batch[299/1913] Speed: 343.22 samples/sec, Loss:(pitch, yaw, roll)/(36.411, 10.050, 30.586)
Epoch[016] Batch[399/1913] Speed: 345.07 samples/sec, Loss:(pitch, yaw, roll)/(36.214, 10.015, 30.351)
Epoch[016] Batch[499/1913] Speed: 349.23 samples/sec, Loss:(pitch, yaw, roll)/(36.185, 10.116, 30.424)
Epoch[016] Batch[599/1913] Speed: 356.68 samples/sec, Loss:(pitch, yaw, roll)/(36.141, 10.086, 30.352)
Epoch[016] Batch[699/1913] Speed: 347.92 samples/sec, Loss:(pitch, yaw, roll)/(35.263, 9.965, 29.484)
Epoch[016] Batch[799/1913] Speed: 350.49 samples/sec, Loss:(pitch, yaw, roll)/(35.413, 9.993, 29.581)
Epoch[016] Batch[899/1913] Speed: 346.13 samples/sec, Loss:(pitch, yaw, roll)/(35.389, 10.012, 29.514)
Epoch[016] Batch[999/1913] Speed: 351.50 samples/sec, Loss:(pitch, yaw, roll)/(35.676, 10.328, 29.775)
Epoch[016] Batch[1099/1913] Speed: 348.55 samples/sec, Loss:(pitch, yaw, roll)/(36.031, 10.346, 29.989)
Epoch[016] Batch[1199/1913] Speed: 351.08 samples/sec, Loss:(pitch, yaw, roll)/(35.970, 10.377, 29.897)
Epoch[016] Batch[1299/1913] Speed: 349.59 samples/sec, Loss:(pitch, yaw, roll)/(35.942, 10.363, 29.813)
Epoch[016] Batch[1399/1913] Speed: 352.03 samples/sec, Loss:(pitch, yaw, roll)/(36.067, 10.361, 29.967)
Epoch[016] Batch[1499/1913] Speed: 351.87 samples/sec, Loss:(pitch, yaw, roll)/(35.718, 10.463, 29.588)
Epoch[016] Batch[1599/1913] Speed: 323.67 samples/sec, Loss:(pitch, yaw, roll)/(35.592, 10.444, 29.586)
Epoch[016] Batch[1699/1913] Speed: 323.69 samples/sec, Loss:(pitch, yaw, roll)/(35.287, 10.409, 29.237)
Epoch[016] Batch[1799/1913] Speed: 335.62 samples/sec, Loss:(pitch, yaw, roll)/(35.336, 10.372, 29.268)
Epoch[016] Batch[1899/1913] Speed: 344.38 samples/sec, Loss:(pitch, yaw, roll)/(34.982, 10.354, 28.997)
Epoch[016] train: MAE:(pitch, yaw, roll, mean)/(3.562, 2.144, 2.815, 2.840), Cost=357 sec, lr=0.000303
Epoch[016] val  : MAE:(pitch, yaw, roll, mean)/(7.334, 8.368, 5.842, 7.181), Loss:(pitch, yaw, roll)/(163.480, 213.876, 175.604)
Epoch[017] Batch[099/1913] Speed: 332.21 samples/sec, Loss:(pitch, yaw, roll)/(35.582, 9.617, 29.273)
Epoch[017] Batch[199/1913] Speed: 340.79 samples/sec, Loss:(pitch, yaw, roll)/(35.204, 9.534, 29.147)
Epoch[017] Batch[299/1913] Speed: 342.52 samples/sec, Loss:(pitch, yaw, roll)/(33.606, 9.650, 27.658)
Epoch[017] Batch[399/1913] Speed: 338.29 samples/sec, Loss:(pitch, yaw, roll)/(33.429, 9.636, 27.294)
Epoch[017] Batch[499/1913] Speed: 341.13 samples/sec, Loss:(pitch, yaw, roll)/(33.457, 9.692, 27.350)
Epoch[017] Batch[599/1913] Speed: 341.18 samples/sec, Loss:(pitch, yaw, roll)/(33.297, 9.644, 27.323)
Epoch[017] Batch[699/1913] Speed: 340.86 samples/sec, Loss:(pitch, yaw, roll)/(33.000, 9.616, 27.145)
Epoch[017] Batch[799/1913] Speed: 337.11 samples/sec, Loss:(pitch, yaw, roll)/(33.254, 9.622, 27.480)
Epoch[017] Batch[899/1913] Speed: 342.90 samples/sec, Loss:(pitch, yaw, roll)/(33.041, 9.588, 27.355)
Epoch[017] Batch[999/1913] Speed: 338.73 samples/sec, Loss:(pitch, yaw, roll)/(32.998, 9.563, 27.306)
Epoch[017] Batch[1099/1913] Speed: 340.39 samples/sec, Loss:(pitch, yaw, roll)/(33.352, 9.549, 27.693)
Epoch[017] Batch[1199/1913] Speed: 341.07 samples/sec, Loss:(pitch, yaw, roll)/(33.443, 9.547, 27.765)
Epoch[017] Batch[1299/1913] Speed: 341.66 samples/sec, Loss:(pitch, yaw, roll)/(33.439, 9.571, 27.680)
Epoch[017] Batch[1399/1913] Speed: 345.62 samples/sec, Loss:(pitch, yaw, roll)/(33.267, 9.562, 27.530)
Epoch[017] Batch[1499/1913] Speed: 356.12 samples/sec, Loss:(pitch, yaw, roll)/(33.145, 9.549, 27.445)
Epoch[017] Batch[1599/1913] Speed: 338.88 samples/sec, Loss:(pitch, yaw, roll)/(33.033, 9.553, 27.361)
Epoch[017] Batch[1699/1913] Speed: 326.90 samples/sec, Loss:(pitch, yaw, roll)/(32.999, 9.542, 27.383)
Epoch[017] Batch[1799/1913] Speed: 332.59 samples/sec, Loss:(pitch, yaw, roll)/(33.119, 9.524, 27.545)
Epoch[017] Batch[1899/1913] Speed: 336.39 samples/sec, Loss:(pitch, yaw, roll)/(32.948, 9.529, 27.410)
Epoch[017] train: MAE:(pitch, yaw, roll, mean)/(3.443, 2.076, 2.722, 2.747), Cost=362 sec, lr=0.000251
Epoch[017] val  : MAE:(pitch, yaw, roll, mean)/(7.421, 7.614, 5.751, 6.929), Loss:(pitch, yaw, roll)/(169.004, 174.221, 166.946)
Min val mean MAE! save model!
Epoch[018] Batch[099/1913] Speed: 335.05 samples/sec, Loss:(pitch, yaw, roll)/(34.466, 8.953, 29.573)
Epoch[018] Batch[199/1913] Speed: 343.83 samples/sec, Loss:(pitch, yaw, roll)/(33.195, 9.091, 27.595)
Epoch[018] Batch[299/1913] Speed: 344.67 samples/sec, Loss:(pitch, yaw, roll)/(31.675, 9.191, 26.415)
Epoch[018] Batch[399/1913] Speed: 344.44 samples/sec, Loss:(pitch, yaw, roll)/(31.982, 9.184, 26.664)
Epoch[018] Batch[499/1913] Speed: 343.16 samples/sec, Loss:(pitch, yaw, roll)/(33.024, 9.186, 27.783)
Epoch[018] Batch[599/1913] Speed: 342.31 samples/sec, Loss:(pitch, yaw, roll)/(32.256, 9.161, 26.927)
Epoch[018] Batch[699/1913] Speed: 342.74 samples/sec, Loss:(pitch, yaw, roll)/(32.270, 9.217, 26.891)
Epoch[018] Batch[799/1913] Speed: 339.68 samples/sec, Loss:(pitch, yaw, roll)/(31.731, 9.216, 26.388)
Epoch[018] Batch[899/1913] Speed: 341.78 samples/sec, Loss:(pitch, yaw, roll)/(31.537, 9.219, 26.122)
Epoch[018] Batch[999/1913] Speed: 341.86 samples/sec, Loss:(pitch, yaw, roll)/(31.219, 9.208, 25.758)
Epoch[018] Batch[1099/1913] Speed: 344.14 samples/sec, Loss:(pitch, yaw, roll)/(31.069, 9.212, 25.556)
Epoch[018] Batch[1199/1913] Speed: 341.42 samples/sec, Loss:(pitch, yaw, roll)/(31.035, 9.210, 25.565)
Epoch[018] Batch[1299/1913] Speed: 343.67 samples/sec, Loss:(pitch, yaw, roll)/(30.872, 9.184, 25.488)
Epoch[018] Batch[1399/1913] Speed: 341.75 samples/sec, Loss:(pitch, yaw, roll)/(30.703, 9.159, 25.317)
Epoch[018] Batch[1499/1913] Speed: 354.62 samples/sec, Loss:(pitch, yaw, roll)/(31.212, 9.138, 25.740)
Epoch[018] Batch[1599/1913] Speed: 356.25 samples/sec, Loss:(pitch, yaw, roll)/(31.113, 9.142, 25.684)
Epoch[018] Batch[1699/1913] Speed: 349.21 samples/sec, Loss:(pitch, yaw, roll)/(31.318, 9.136, 25.888)
Epoch[018] Batch[1799/1913] Speed: 348.72 samples/sec, Loss:(pitch, yaw, roll)/(31.516, 9.150, 26.083)
Epoch[018] Batch[1899/1913] Speed: 350.64 samples/sec, Loss:(pitch, yaw, roll)/(31.261, 9.136, 25.882)
Epoch[018] train: MAE:(pitch, yaw, roll, mean)/(3.362, 2.029, 2.649, 2.680), Cost=357 sec, lr=0.000202
Epoch[018] val  : MAE:(pitch, yaw, roll, mean)/(7.164, 7.695, 5.627, 6.829), Loss:(pitch, yaw, roll)/(158.232, 177.563, 163.471)
Min val mean MAE! save model!
Epoch[019] Batch[099/1913] Speed: 343.68 samples/sec, Loss:(pitch, yaw, roll)/(28.211, 8.873, 22.856)
Epoch[019] Batch[199/1913] Speed: 352.23 samples/sec, Loss:(pitch, yaw, roll)/(29.357, 8.791, 23.387)
Epoch[019] Batch[299/1913] Speed: 350.34 samples/sec, Loss:(pitch, yaw, roll)/(29.849, 8.790, 23.699)
Epoch[019] Batch[399/1913] Speed: 354.25 samples/sec, Loss:(pitch, yaw, roll)/(29.921, 8.835, 24.186)
Epoch[019] Batch[499/1913] Speed: 349.51 samples/sec, Loss:(pitch, yaw, roll)/(30.335, 8.860, 24.807)
Epoch[019] Batch[599/1913] Speed: 353.33 samples/sec, Loss:(pitch, yaw, roll)/(30.171, 8.835, 24.780)
Epoch[019] Batch[699/1913] Speed: 324.44 samples/sec, Loss:(pitch, yaw, roll)/(30.309, 8.862, 25.110)
Epoch[019] Batch[799/1913] Speed: 321.14 samples/sec, Loss:(pitch, yaw, roll)/(30.057, 8.850, 25.018)
Epoch[019] Batch[899/1913] Speed: 335.29 samples/sec, Loss:(pitch, yaw, roll)/(29.569, 8.837, 24.537)
Epoch[019] Batch[999/1913] Speed: 342.42 samples/sec, Loss:(pitch, yaw, roll)/(29.416, 8.816, 24.339)
Epoch[019] Batch[1099/1913] Speed: 340.78 samples/sec, Loss:(pitch, yaw, roll)/(29.359, 8.805, 24.289)
Epoch[019] Batch[1199/1913] Speed: 340.32 samples/sec, Loss:(pitch, yaw, roll)/(29.141, 8.796, 23.995)
Epoch[019] Batch[1299/1913] Speed: 341.52 samples/sec, Loss:(pitch, yaw, roll)/(29.222, 8.790, 24.097)
Epoch[019] Batch[1399/1913] Speed: 340.86 samples/sec, Loss:(pitch, yaw, roll)/(29.251, 8.781, 24.194)
Epoch[019] Batch[1499/1913] Speed: 338.89 samples/sec, Loss:(pitch, yaw, roll)/(29.069, 8.785, 23.972)
Epoch[019] Batch[1599/1913] Speed: 341.58 samples/sec, Loss:(pitch, yaw, roll)/(29.249, 8.783, 24.066)
Epoch[019] Batch[1699/1913] Speed: 341.98 samples/sec, Loss:(pitch, yaw, roll)/(29.203, 8.771, 24.059)
Epoch[019] Batch[1799/1913] Speed: 338.40 samples/sec, Loss:(pitch, yaw, roll)/(29.333, 8.784, 24.172)
Epoch[019] Batch[1899/1913] Speed: 340.80 samples/sec, Loss:(pitch, yaw, roll)/(29.387, 8.771, 24.284)
Epoch[019] train: MAE:(pitch, yaw, roll, mean)/(3.273, 1.980, 2.577, 2.610), Cost=360 sec, lr=0.000158
Epoch[019] val  : MAE:(pitch, yaw, roll, mean)/(7.613, 7.871, 5.707, 7.064), Loss:(pitch, yaw, roll)/(173.263, 189.517, 166.097)
Epoch[020] Batch[099/1913] Speed: 335.25 samples/sec, Loss:(pitch, yaw, roll)/(26.725, 8.453, 21.693)
Epoch[020] Batch[199/1913] Speed: 339.44 samples/sec, Loss:(pitch, yaw, roll)/(27.894, 8.642, 23.434)
Epoch[020] Batch[299/1913] Speed: 342.90 samples/sec, Loss:(pitch, yaw, roll)/(28.332, 8.708, 23.482)
Epoch[020] Batch[399/1913] Speed: 341.00 samples/sec, Loss:(pitch, yaw, roll)/(28.830, 8.849, 23.915)
Epoch[020] Batch[499/1913] Speed: 346.60 samples/sec, Loss:(pitch, yaw, roll)/(27.915, 8.855, 23.054)
Epoch[020] Batch[599/1913] Speed: 356.92 samples/sec, Loss:(pitch, yaw, roll)/(27.740, 8.843, 22.919)
Epoch[020] Batch[699/1913] Speed: 334.88 samples/sec, Loss:(pitch, yaw, roll)/(28.300, 8.811, 23.373)
Epoch[020] Batch[799/1913] Speed: 329.51 samples/sec, Loss:(pitch, yaw, roll)/(28.326, 8.802, 23.547)
Epoch[020] Batch[899/1913] Speed: 333.48 samples/sec, Loss:(pitch, yaw, roll)/(28.005, 9.061, 23.376)
Epoch[020] Batch[999/1913] Speed: 336.58 samples/sec, Loss:(pitch, yaw, roll)/(28.235, 9.010, 23.623)
Epoch[020] Batch[1099/1913] Speed: 340.24 samples/sec, Loss:(pitch, yaw, roll)/(28.192, 8.977, 23.565)
Epoch[020] Batch[1199/1913] Speed: 336.00 samples/sec, Loss:(pitch, yaw, roll)/(28.343, 8.926, 23.766)
Epoch[020] Batch[1299/1913] Speed: 338.99 samples/sec, Loss:(pitch, yaw, roll)/(28.355, 8.877, 23.744)
Epoch[020] Batch[1399/1913] Speed: 341.10 samples/sec, Loss:(pitch, yaw, roll)/(28.004, 8.866, 23.420)
Epoch[020] Batch[1499/1913] Speed: 338.82 samples/sec, Loss:(pitch, yaw, roll)/(27.996, 8.823, 23.364)
Epoch[020] Batch[1599/1913] Speed: 340.31 samples/sec, Loss:(pitch, yaw, roll)/(27.911, 8.802, 23.257)
Epoch[020] Batch[1699/1913] Speed: 337.66 samples/sec, Loss:(pitch, yaw, roll)/(27.948, 8.771, 23.275)
Epoch[020] Batch[1799/1913] Speed: 345.04 samples/sec, Loss:(pitch, yaw, roll)/(27.894, 8.757, 23.226)
Epoch[020] Batch[1899/1913] Speed: 345.43 samples/sec, Loss:(pitch, yaw, roll)/(27.947, 8.731, 23.248)
Epoch[020] train: MAE:(pitch, yaw, roll, mean)/(3.200, 1.946, 2.523, 2.556), Cost=362 sec, lr=0.000118
Epoch[020] val  : MAE:(pitch, yaw, roll, mean)/(7.396, 8.249, 5.732, 7.125), Loss:(pitch, yaw, roll)/(164.409, 204.722, 169.307)
Epoch[021] Batch[099/1913] Speed: 319.04 samples/sec, Loss:(pitch, yaw, roll)/(23.831, 8.477, 19.211)
Epoch[021] Batch[199/1913] Speed: 321.35 samples/sec, Loss:(pitch, yaw, roll)/(24.402, 8.446, 20.076)
Epoch[021] Batch[299/1913] Speed: 318.25 samples/sec, Loss:(pitch, yaw, roll)/(24.036, 8.426, 19.598)
Epoch[021] Batch[399/1913] Speed: 325.77 samples/sec, Loss:(pitch, yaw, roll)/(25.167, 8.443, 20.474)
Epoch[021] Batch[499/1913] Speed: 325.30 samples/sec, Loss:(pitch, yaw, roll)/(25.732, 8.435, 21.089)
Epoch[021] Batch[599/1913] Speed: 343.42 samples/sec, Loss:(pitch, yaw, roll)/(25.812, 8.427, 21.166)
Epoch[021] Batch[699/1913] Speed: 338.76 samples/sec, Loss:(pitch, yaw, roll)/(26.227, 8.427, 21.407)
Epoch[021] Batch[799/1913] Speed: 338.52 samples/sec, Loss:(pitch, yaw, roll)/(26.332, 8.413, 21.656)
Epoch[021] Batch[899/1913] Speed: 347.43 samples/sec, Loss:(pitch, yaw, roll)/(26.535, 8.443, 21.882)
Epoch[021] Batch[999/1913] Speed: 335.14 samples/sec, Loss:(pitch, yaw, roll)/(26.546, 8.442, 21.939)
Epoch[021] Batch[1099/1913] Speed: 330.15 samples/sec, Loss:(pitch, yaw, roll)/(26.576, 8.430, 21.947)
Epoch[021] Batch[1199/1913] Speed: 334.21 samples/sec, Loss:(pitch, yaw, roll)/(26.495, 8.387, 21.884)
Epoch[021] Batch[1299/1913] Speed: 332.63 samples/sec, Loss:(pitch, yaw, roll)/(26.571, 8.366, 21.955)
Epoch[021] Batch[1399/1913] Speed: 331.48 samples/sec, Loss:(pitch, yaw, roll)/(26.676, 8.345, 22.037)
Epoch[021] Batch[1499/1913] Speed: 332.07 samples/sec, Loss:(pitch, yaw, roll)/(26.515, 8.357, 21.868)
Epoch[021] Batch[1599/1913] Speed: 336.29 samples/sec, Loss:(pitch, yaw, roll)/(26.461, 8.356, 21.844)
Epoch[021] Batch[1699/1913] Speed: 338.65 samples/sec, Loss:(pitch, yaw, roll)/(26.280, 8.390, 21.712)
Epoch[021] Batch[1799/1913] Speed: 325.90 samples/sec, Loss:(pitch, yaw, roll)/(26.370, 8.376, 21.815)
Epoch[021] Batch[1899/1913] Speed: 324.12 samples/sec, Loss:(pitch, yaw, roll)/(26.507, 8.354, 22.013)
Epoch[021] train: MAE:(pitch, yaw, roll, mean)/(3.121, 1.915, 2.475, 2.504), Cost=374 sec, lr=0.000083
Epoch[021] val  : MAE:(pitch, yaw, roll, mean)/(7.284, 7.680, 5.639, 6.868), Loss:(pitch, yaw, roll)/(160.472, 183.877, 165.018)
Epoch[022] Batch[099/1913] Speed: 317.32 samples/sec, Loss:(pitch, yaw, roll)/(24.410, 7.948, 20.527)
Epoch[022] Batch[199/1913] Speed: 325.10 samples/sec, Loss:(pitch, yaw, roll)/(24.471, 7.921, 20.189)
Epoch[022] Batch[299/1913] Speed: 324.10 samples/sec, Loss:(pitch, yaw, roll)/(24.610, 7.971, 20.035)
Epoch[022] Batch[399/1913] Speed: 323.89 samples/sec, Loss:(pitch, yaw, roll)/(26.184, 8.019, 21.535)
Epoch[022] Batch[499/1913] Speed: 318.04 samples/sec, Loss:(pitch, yaw, roll)/(26.809, 8.094, 22.279)
Epoch[022] Batch[599/1913] Speed: 319.41 samples/sec, Loss:(pitch, yaw, roll)/(26.564, 8.087, 21.993)
Epoch[022] Batch[699/1913] Speed: 322.68 samples/sec, Loss:(pitch, yaw, roll)/(26.289, 8.096, 21.789)
Epoch[022] Batch[799/1913] Speed: 323.80 samples/sec, Loss:(pitch, yaw, roll)/(26.132, 8.116, 21.641)
Epoch[022] Batch[899/1913] Speed: 320.82 samples/sec, Loss:(pitch, yaw, roll)/(25.904, 8.092, 21.467)
Epoch[022] Batch[999/1913] Speed: 323.83 samples/sec, Loss:(pitch, yaw, roll)/(25.986, 8.090, 21.546)
Epoch[022] Batch[1099/1913] Speed: 322.78 samples/sec, Loss:(pitch, yaw, roll)/(25.730, 8.085, 21.307)
Epoch[022] Batch[1199/1913] Speed: 322.76 samples/sec, Loss:(pitch, yaw, roll)/(25.549, 8.063, 21.047)
Epoch[022] Batch[1299/1913] Speed: 322.36 samples/sec, Loss:(pitch, yaw, roll)/(25.642, 8.066, 21.160)
Epoch[022] Batch[1399/1913] Speed: 320.26 samples/sec, Loss:(pitch, yaw, roll)/(25.604, 8.065, 21.128)
Epoch[022] Batch[1499/1913] Speed: 322.55 samples/sec, Loss:(pitch, yaw, roll)/(25.588, 8.061, 21.071)
Epoch[022] Batch[1599/1913] Speed: 322.30 samples/sec, Loss:(pitch, yaw, roll)/(25.718, 8.062, 21.224)
Epoch[022] Batch[1699/1913] Speed: 334.63 samples/sec, Loss:(pitch, yaw, roll)/(25.625, 8.059, 21.121)
Epoch[022] Batch[1799/1913] Speed: 332.63 samples/sec, Loss:(pitch, yaw, roll)/(25.638, 8.055, 21.115)
Epoch[022] Batch[1899/1913] Speed: 322.69 samples/sec, Loss:(pitch, yaw, roll)/(25.516, 8.050, 21.061)
Epoch[022] train: MAE:(pitch, yaw, roll, mean)/(3.061, 1.872, 2.416, 2.450), Cost=381 sec, lr=0.000054
Epoch[022] val  : MAE:(pitch, yaw, roll, mean)/(7.302, 7.778, 5.632, 6.904), Loss:(pitch, yaw, roll)/(161.566, 181.892, 162.679)
Epoch[023] Batch[099/1913] Speed: 313.12 samples/sec, Loss:(pitch, yaw, roll)/(21.133, 7.891, 16.842)
Epoch[023] Batch[199/1913] Speed: 320.49 samples/sec, Loss:(pitch, yaw, roll)/(22.224, 8.094, 17.812)
Epoch[023] Batch[299/1913] Speed: 320.06 samples/sec, Loss:(pitch, yaw, roll)/(22.446, 8.026, 18.099)
Epoch[023] Batch[399/1913] Speed: 322.40 samples/sec, Loss:(pitch, yaw, roll)/(22.611, 7.992, 18.601)
Epoch[023] Batch[499/1913] Speed: 321.30 samples/sec, Loss:(pitch, yaw, roll)/(23.137, 8.014, 19.039)
Epoch[023] Batch[599/1913] Speed: 320.87 samples/sec, Loss:(pitch, yaw, roll)/(23.520, 7.995, 19.513)
Epoch[023] Batch[699/1913] Speed: 316.69 samples/sec, Loss:(pitch, yaw, roll)/(23.673, 7.978, 19.678)
Epoch[023] Batch[799/1913] Speed: 317.25 samples/sec, Loss:(pitch, yaw, roll)/(23.541, 7.996, 19.546)
Epoch[023] Batch[899/1913] Speed: 319.53 samples/sec, Loss:(pitch, yaw, roll)/(23.764, 7.989, 19.750)
Epoch[023] Batch[999/1913] Speed: 322.30 samples/sec, Loss:(pitch, yaw, roll)/(24.209, 7.972, 20.199)
Epoch[023] Batch[1099/1913] Speed: 323.09 samples/sec, Loss:(pitch, yaw, roll)/(24.133, 7.969, 20.117)
Epoch[023] Batch[1199/1913] Speed: 321.33 samples/sec, Loss:(pitch, yaw, roll)/(24.157, 7.981, 20.118)
Epoch[023] Batch[1299/1913] Speed: 319.97 samples/sec, Loss:(pitch, yaw, roll)/(24.321, 7.956, 20.240)
Epoch[023] Batch[1399/1913] Speed: 320.50 samples/sec, Loss:(pitch, yaw, roll)/(24.386, 7.955, 20.292)
Epoch[023] Batch[1499/1913] Speed: 322.87 samples/sec, Loss:(pitch, yaw, roll)/(24.524, 7.966, 20.376)
Epoch[023] Batch[1599/1913] Speed: 322.20 samples/sec, Loss:(pitch, yaw, roll)/(24.406, 7.964, 20.211)
Epoch[023] Batch[1699/1913] Speed: 318.84 samples/sec, Loss:(pitch, yaw, roll)/(24.428, 7.961, 20.201)
Epoch[023] Batch[1799/1913] Speed: 336.90 samples/sec, Loss:(pitch, yaw, roll)/(24.508, 7.942, 20.288)
Epoch[023] Batch[1899/1913] Speed: 341.68 samples/sec, Loss:(pitch, yaw, roll)/(24.435, 7.938, 20.210)
Epoch[023] train: MAE:(pitch, yaw, roll, mean)/(3.019, 1.854, 2.378, 2.417), Cost=382 sec, lr=0.000031
Epoch[023] val  : MAE:(pitch, yaw, roll, mean)/(7.224, 7.802, 5.758, 6.928), Loss:(pitch, yaw, roll)/(162.068, 183.674, 167.474)
Epoch[024] Batch[099/1913] Speed: 325.31 samples/sec, Loss:(pitch, yaw, roll)/(24.340, 8.108, 19.710)
Epoch[024] Batch[199/1913] Speed: 333.82 samples/sec, Loss:(pitch, yaw, roll)/(23.761, 8.017, 19.293)
Epoch[024] Batch[299/1913] Speed: 334.20 samples/sec, Loss:(pitch, yaw, roll)/(24.569, 7.970, 20.261)
Epoch[024] Batch[399/1913] Speed: 330.97 samples/sec, Loss:(pitch, yaw, roll)/(25.006, 7.913, 20.774)
Epoch[024] Batch[499/1913] Speed: 330.73 samples/sec, Loss:(pitch, yaw, roll)/(25.311, 7.906, 20.946)
Epoch[024] Batch[599/1913] Speed: 333.26 samples/sec, Loss:(pitch, yaw, roll)/(25.153, 7.870, 20.666)
Epoch[024] Batch[699/1913] Speed: 335.36 samples/sec, Loss:(pitch, yaw, roll)/(24.773, 7.860, 20.338)
Epoch[024] Batch[799/1913] Speed: 331.02 samples/sec, Loss:(pitch, yaw, roll)/(24.467, 7.861, 20.059)
Epoch[024] Batch[899/1913] Speed: 334.74 samples/sec, Loss:(pitch, yaw, roll)/(24.320, 7.841, 19.992)
Epoch[024] Batch[999/1913] Speed: 335.37 samples/sec, Loss:(pitch, yaw, roll)/(24.275, 7.831, 19.909)
Epoch[024] Batch[1099/1913] Speed: 321.04 samples/sec, Loss:(pitch, yaw, roll)/(24.606, 7.813, 20.282)
Epoch[024] Batch[1199/1913] Speed: 320.12 samples/sec, Loss:(pitch, yaw, roll)/(24.333, 7.842, 20.021)
Epoch[024] Batch[1299/1913] Speed: 316.83 samples/sec, Loss:(pitch, yaw, roll)/(24.486, 7.832, 20.165)
Epoch[024] Batch[1399/1913] Speed: 322.79 samples/sec, Loss:(pitch, yaw, roll)/(24.456, 7.837, 20.187)
Epoch[024] Batch[1499/1913] Speed: 323.70 samples/sec, Loss:(pitch, yaw, roll)/(24.561, 7.838, 20.257)
Epoch[024] Batch[1599/1913] Speed: 320.57 samples/sec, Loss:(pitch, yaw, roll)/(24.336, 7.822, 20.040)
Epoch[024] Batch[1699/1913] Speed: 325.64 samples/sec, Loss:(pitch, yaw, roll)/(24.373, 7.812, 20.097)
Epoch[024] Batch[1799/1913] Speed: 324.20 samples/sec, Loss:(pitch, yaw, roll)/(24.196, 7.802, 19.976)
Epoch[024] Batch[1899/1913] Speed: 324.99 samples/sec, Loss:(pitch, yaw, roll)/(24.092, 7.801, 19.869)
Epoch[024] train: MAE:(pitch, yaw, roll, mean)/(2.995, 1.836, 2.356, 2.395), Cost=376 sec, lr=0.000014
Epoch[024] val  : MAE:(pitch, yaw, roll, mean)/(7.239, 7.724, 5.706, 6.890), Loss:(pitch, yaw, roll)/(158.336, 183.527, 159.807)
Epoch[025] Batch[099/1913] Speed: 315.57 samples/sec, Loss:(pitch, yaw, roll)/(25.767, 7.583, 21.313)
Epoch[025] Batch[199/1913] Speed: 320.72 samples/sec, Loss:(pitch, yaw, roll)/(25.000, 7.712, 21.033)
Epoch[025] Batch[299/1913] Speed: 321.27 samples/sec, Loss:(pitch, yaw, roll)/(24.982, 7.776, 20.854)
Epoch[025] Batch[399/1913] Speed: 319.44 samples/sec, Loss:(pitch, yaw, roll)/(25.689, 7.768, 21.417)
Epoch[025] Batch[499/1913] Speed: 321.54 samples/sec, Loss:(pitch, yaw, roll)/(25.000, 7.812, 20.786)
Epoch[025] Batch[599/1913] Speed: 322.25 samples/sec, Loss:(pitch, yaw, roll)/(25.032, 7.802, 20.854)
Epoch[025] Batch[699/1913] Speed: 321.72 samples/sec, Loss:(pitch, yaw, roll)/(24.574, 7.796, 20.308)
Epoch[025] Batch[799/1913] Speed: 321.10 samples/sec, Loss:(pitch, yaw, roll)/(24.216, 7.824, 19.938)
Epoch[025] Batch[899/1913] Speed: 340.43 samples/sec, Loss:(pitch, yaw, roll)/(24.273, 7.822, 20.079)
Epoch[025] Batch[999/1913] Speed: 335.32 samples/sec, Loss:(pitch, yaw, roll)/(24.100, 7.792, 19.830)
Epoch[025] Batch[1099/1913] Speed: 324.66 samples/sec, Loss:(pitch, yaw, roll)/(23.843, 7.796, 19.610)
Epoch[025] Batch[1199/1913] Speed: 320.94 samples/sec, Loss:(pitch, yaw, roll)/(23.976, 7.789, 19.766)
Epoch[025] Batch[1299/1913] Speed: 321.99 samples/sec, Loss:(pitch, yaw, roll)/(23.844, 7.768, 19.657)
Epoch[025] Batch[1399/1913] Speed: 319.42 samples/sec, Loss:(pitch, yaw, roll)/(23.797, 7.767, 19.598)
Epoch[025] Batch[1499/1913] Speed: 320.36 samples/sec, Loss:(pitch, yaw, roll)/(23.648, 7.764, 19.463)
Epoch[025] Batch[1599/1913] Speed: 321.80 samples/sec, Loss:(pitch, yaw, roll)/(23.812, 7.759, 19.628)
Epoch[025] Batch[1699/1913] Speed: 323.38 samples/sec, Loss:(pitch, yaw, roll)/(23.798, 7.764, 19.576)
Epoch[025] Batch[1799/1913] Speed: 318.12 samples/sec, Loss:(pitch, yaw, roll)/(23.857, 7.774, 19.655)
Epoch[025] Batch[1899/1913] Speed: 316.80 samples/sec, Loss:(pitch, yaw, roll)/(23.730, 7.776, 19.538)
Epoch[025] train: MAE:(pitch, yaw, roll, mean)/(2.976, 1.830, 2.346, 2.384), Cost=382 sec, lr=0.000004
Epoch[025] val  : MAE:(pitch, yaw, roll, mean)/(7.405, 7.838, 5.689, 6.977), Loss:(pitch, yaw, roll)/(165.754, 188.483, 164.730)
Epoch[026] Batch[099/1913] Speed: 309.97 samples/sec, Loss:(pitch, yaw, roll)/(24.328, 7.753, 19.776)
Epoch[026] Batch[199/1913] Speed: 314.05 samples/sec, Loss:(pitch, yaw, roll)/(24.336, 7.814, 19.929)
Epoch[026] Batch[299/1913] Speed: 317.89 samples/sec, Loss:(pitch, yaw, roll)/(23.643, 7.760, 19.329)
Epoch[026] Batch[399/1913] Speed: 319.48 samples/sec, Loss:(pitch, yaw, roll)/(23.426, 7.715, 19.203)
Epoch[026] Batch[499/1913] Speed: 317.50 samples/sec, Loss:(pitch, yaw, roll)/(23.376, 7.748, 19.277)
Epoch[026] Batch[599/1913] Speed: 318.27 samples/sec, Loss:(pitch, yaw, roll)/(23.558, 7.768, 19.547)
Epoch[026] Batch[699/1913] Speed: 320.11 samples/sec, Loss:(pitch, yaw, roll)/(23.580, 7.787, 19.521)
Epoch[026] Batch[799/1913] Speed: 316.66 samples/sec, Loss:(pitch, yaw, roll)/(23.486, 7.832, 19.470)
Epoch[026] Batch[899/1913] Speed: 330.95 samples/sec, Loss:(pitch, yaw, roll)/(23.513, 7.811, 19.502)
Epoch[026] Batch[999/1913] Speed: 338.27 samples/sec, Loss:(pitch, yaw, roll)/(23.776, 7.779, 19.808)
Epoch[026] Batch[1099/1913] Speed: 329.47 samples/sec, Loss:(pitch, yaw, roll)/(23.583, 7.765, 19.530)
Epoch[026] Batch[1199/1913] Speed: 327.12 samples/sec, Loss:(pitch, yaw, roll)/(23.545, 7.745, 19.505)
Epoch[026] Batch[1299/1913] Speed: 330.21 samples/sec, Loss:(pitch, yaw, roll)/(23.372, 7.740, 19.323)
Epoch[026] Batch[1399/1913] Speed: 328.92 samples/sec, Loss:(pitch, yaw, roll)/(23.418, 7.751, 19.342)
Epoch[026] Batch[1499/1913] Speed: 333.38 samples/sec, Loss:(pitch, yaw, roll)/(23.201, 7.754, 19.121)
Epoch[026] Batch[1599/1913] Speed: 329.43 samples/sec, Loss:(pitch, yaw, roll)/(23.221, 7.746, 19.113)
Epoch[026] Batch[1699/1913] Speed: 333.98 samples/sec, Loss:(pitch, yaw, roll)/(23.077, 7.745, 19.009)
Epoch[026] Batch[1799/1913] Speed: 331.88 samples/sec, Loss:(pitch, yaw, roll)/(23.105, 7.755, 19.052)
Epoch[026] Batch[1899/1913] Speed: 333.87 samples/sec, Loss:(pitch, yaw, roll)/(23.097, 7.746, 19.008)
Epoch[026] train: MAE:(pitch, yaw, roll, mean)/(2.959, 1.826, 2.330, 2.372), Cost=378 sec, lr=0.000001
Epoch[026] val  : MAE:(pitch, yaw, roll, mean)/(7.578, 8.036, 5.816, 7.143), Loss:(pitch, yaw, roll)/(172.049, 197.056, 168.639)
Epoch[027] Batch[099/1913] Speed: 326.58 samples/sec, Loss:(pitch, yaw, roll)/(24.315, 7.810, 20.262)
Epoch[027] Batch[199/1913] Speed: 321.10 samples/sec, Loss:(pitch, yaw, roll)/(23.284, 7.818, 19.300)
Epoch[027] Batch[299/1913] Speed: 323.14 samples/sec, Loss:(pitch, yaw, roll)/(23.004, 7.816, 19.066)
Epoch[027] Batch[399/1913] Speed: 320.57 samples/sec, Loss:(pitch, yaw, roll)/(22.755, 7.790, 18.742)
Epoch[027] Batch[499/1913] Speed: 322.55 samples/sec, Loss:(pitch, yaw, roll)/(23.040, 7.760, 18.922)
Epoch[027] Batch[599/1913] Speed: 323.46 samples/sec, Loss:(pitch, yaw, roll)/(22.866, 7.751, 18.631)
Epoch[027] Batch[699/1913] Speed: 317.87 samples/sec, Loss:(pitch, yaw, roll)/(22.934, 7.753, 18.657)
Epoch[027] Batch[799/1913] Speed: 320.77 samples/sec, Loss:(pitch, yaw, roll)/(22.873, 7.745, 18.639)
Epoch[027] Batch[899/1913] Speed: 320.60 samples/sec, Loss:(pitch, yaw, roll)/(22.989, 7.748, 18.744)
Epoch[027] Batch[999/1913] Speed: 320.61 samples/sec, Loss:(pitch, yaw, roll)/(23.229, 7.741, 19.023)
Epoch[027] Batch[1099/1913] Speed: 317.23 samples/sec, Loss:(pitch, yaw, roll)/(23.453, 7.709, 19.246)
Epoch[027] Batch[1199/1913] Speed: 319.92 samples/sec, Loss:(pitch, yaw, roll)/(23.483, 7.692, 19.267)
Epoch[027] Batch[1299/1913] Speed: 323.43 samples/sec, Loss:(pitch, yaw, roll)/(23.320, 7.693, 19.160)
Epoch[027] Batch[1399/1913] Speed: 319.75 samples/sec, Loss:(pitch, yaw, roll)/(23.163, 7.692, 18.995)
Epoch[027] Batch[1499/1913] Speed: 321.45 samples/sec, Loss:(pitch, yaw, roll)/(23.131, 7.700, 18.972)
Epoch[027] Batch[1599/1913] Speed: 321.96 samples/sec, Loss:(pitch, yaw, roll)/(23.351, 7.711, 19.205)
Epoch[027] Batch[1699/1913] Speed: 319.34 samples/sec, Loss:(pitch, yaw, roll)/(23.327, 7.712, 19.243)
Epoch[027] Batch[1799/1913] Speed: 320.55 samples/sec, Loss:(pitch, yaw, roll)/(23.219, 7.728, 19.126)
Epoch[027] Batch[1899/1913] Speed: 321.70 samples/sec, Loss:(pitch, yaw, roll)/(23.360, 7.730, 19.293)
Epoch[027] train: MAE:(pitch, yaw, roll, mean)/(2.960, 1.821, 2.333, 2.371), Cost=383 sec, lr=0.000001
Epoch[027] val  : MAE:(pitch, yaw, roll, mean)/(7.264, 7.949, 5.614, 6.942), Loss:(pitch, yaw, roll)/(161.521, 195.600, 159.947)
Epoch[028] Batch[099/1913] Speed: 336.96 samples/sec, Loss:(pitch, yaw, roll)/(23.718, 7.559, 20.483)
Epoch[028] Batch[199/1913] Speed: 321.32 samples/sec, Loss:(pitch, yaw, roll)/(22.912, 7.681, 19.571)
Epoch[028] Batch[299/1913] Speed: 316.39 samples/sec, Loss:(pitch, yaw, roll)/(21.717, 7.715, 18.056)
Epoch[028] Batch[399/1913] Speed: 314.65 samples/sec, Loss:(pitch, yaw, roll)/(22.217, 7.713, 18.302)
Epoch[028] Batch[499/1913] Speed: 319.11 samples/sec, Loss:(pitch, yaw, roll)/(22.306, 7.724, 18.336)
Epoch[028] Batch[599/1913] Speed: 319.63 samples/sec, Loss:(pitch, yaw, roll)/(22.536, 7.745, 18.642)
Epoch[028] Batch[699/1913] Speed: 315.74 samples/sec, Loss:(pitch, yaw, roll)/(22.316, 7.735, 18.373)
Epoch[028] Batch[799/1913] Speed: 319.01 samples/sec, Loss:(pitch, yaw, roll)/(22.405, 7.733, 18.552)
Epoch[028] Batch[899/1913] Speed: 318.77 samples/sec, Loss:(pitch, yaw, roll)/(23.050, 7.756, 19.119)
Epoch[028] Batch[999/1913] Speed: 315.94 samples/sec, Loss:(pitch, yaw, roll)/(22.843, 7.767, 18.909)
Epoch[028] Batch[1099/1913] Speed: 315.27 samples/sec, Loss:(pitch, yaw, roll)/(23.138, 7.783, 19.163)
Epoch[028] Batch[1199/1913] Speed: 316.96 samples/sec, Loss:(pitch, yaw, roll)/(23.193, 7.787, 19.187)
Epoch[028] Batch[1299/1913] Speed: 320.58 samples/sec, Loss:(pitch, yaw, roll)/(23.262, 7.789, 19.226)
Epoch[028] Batch[1399/1913] Speed: 318.00 samples/sec, Loss:(pitch, yaw, roll)/(23.343, 7.798, 19.288)
Epoch[028] Batch[1499/1913] Speed: 317.08 samples/sec, Loss:(pitch, yaw, roll)/(23.439, 7.776, 19.369)
Epoch[028] Batch[1599/1913] Speed: 315.34 samples/sec, Loss:(pitch, yaw, roll)/(23.517, 7.774, 19.498)
Epoch[028] Batch[1699/1913] Speed: 316.96 samples/sec, Loss:(pitch, yaw, roll)/(23.504, 7.764, 19.465)
Epoch[028] Batch[1799/1913] Speed: 317.49 samples/sec, Loss:(pitch, yaw, roll)/(23.561, 7.770, 19.508)
Epoch[028] Batch[1899/1913] Speed: 322.50 samples/sec, Loss:(pitch, yaw, roll)/(23.536, 7.771, 19.452)
Epoch[028] train: MAE:(pitch, yaw, roll, mean)/(2.961, 1.834, 2.342, 2.379), Cost=385 sec, lr=0.000001
Epoch[028] val  : MAE:(pitch, yaw, roll, mean)/(7.296, 7.913, 5.731, 6.980), Loss:(pitch, yaw, roll)/(159.184, 187.212, 162.881)
Epoch[029] Batch[099/1913] Speed: 334.58 samples/sec, Loss:(pitch, yaw, roll)/(22.727, 7.821, 18.992)
Epoch[029] Batch[199/1913] Speed: 331.50 samples/sec, Loss:(pitch, yaw, roll)/(22.260, 7.731, 17.871)
Epoch[029] Batch[299/1913] Speed: 329.57 samples/sec, Loss:(pitch, yaw, roll)/(22.147, 7.812, 17.755)
Epoch[029] Batch[399/1913] Speed: 327.54 samples/sec, Loss:(pitch, yaw, roll)/(22.183, 7.748, 17.823)
Epoch[029] Batch[499/1913] Speed: 331.44 samples/sec, Loss:(pitch, yaw, roll)/(22.304, 7.760, 18.043)
Epoch[029] Batch[599/1913] Speed: 333.42 samples/sec, Loss:(pitch, yaw, roll)/(22.751, 7.774, 18.462)
Epoch[029] Batch[699/1913] Speed: 332.31 samples/sec, Loss:(pitch, yaw, roll)/(22.812, 7.783, 18.562)
Epoch[029] Batch[799/1913] Speed: 332.87 samples/sec, Loss:(pitch, yaw, roll)/(22.720, 7.766, 18.490)
Epoch[029] Batch[899/1913] Speed: 332.51 samples/sec, Loss:(pitch, yaw, roll)/(22.973, 7.755, 18.821)
Epoch[029] Batch[999/1913] Speed: 333.59 samples/sec, Loss:(pitch, yaw, roll)/(22.825, 7.746, 18.683)
Epoch[029] Batch[1099/1913] Speed: 339.09 samples/sec, Loss:(pitch, yaw, roll)/(23.059, 7.744, 18.928)
Epoch[029] Batch[1199/1913] Speed: 325.94 samples/sec, Loss:(pitch, yaw, roll)/(23.018, 7.758, 18.952)
Epoch[029] Batch[1299/1913] Speed: 323.70 samples/sec, Loss:(pitch, yaw, roll)/(23.077, 7.754, 18.952)
Epoch[029] Batch[1399/1913] Speed: 319.34 samples/sec, Loss:(pitch, yaw, roll)/(23.179, 7.743, 19.067)
Epoch[029] Batch[1499/1913] Speed: 312.54 samples/sec, Loss:(pitch, yaw, roll)/(23.262, 7.766, 19.149)
Epoch[029] Batch[1599/1913] Speed: 318.58 samples/sec, Loss:(pitch, yaw, roll)/(23.261, 7.773, 19.140)
Epoch[029] Batch[1699/1913] Speed: 311.45 samples/sec, Loss:(pitch, yaw, roll)/(23.205, 7.757, 19.083)
Epoch[029] Batch[1799/1913] Speed: 314.93 samples/sec, Loss:(pitch, yaw, roll)/(23.125, 7.755, 18.991)
Epoch[029] Batch[1899/1913] Speed: 318.25 samples/sec, Loss:(pitch, yaw, roll)/(23.210, 7.773, 19.138)
Epoch[029] train: MAE:(pitch, yaw, roll, mean)/(2.957, 1.825, 2.329, 2.370), Cost=377 sec, lr=0.000001
Epoch[029] val  : MAE:(pitch, yaw, roll, mean)/(7.309, 7.974, 5.742, 7.008), Loss:(pitch, yaw, roll)/(164.722, 194.390, 168.888)


Min mean MAE: 6.829, Epoch: 18.000
