nohup: ignoring input
Namespace(alpha=1.0, anno_txt='./data/300W_LP_pose.txt', bs=128, dataset='/home/lfx/Data/300W_LP', epochs=30, gpu=3, log_interval=100, lr=0.001, lr_decay_epoch='10, 15, 20', lr_type='cos', momentum=0.9, num_workers=6, prefix='v3_small_alpha1', save='./weight', use_fc=1, version='large', wd=4e-05, weights='', width_mult=1.0)
[00:07:39] src/operator/nn/./cudnn/./cudnn_algoreg-inl.h:97: Running performance tests to find the best convolution algorithm, this can take a while... (set the environment variable MXNET_CUDNN_AUTOTUNE_DEFAULT to 0 to disable)
Epoch[000] Batch[099/956] Speed: 263.75 samples/sec, Loss:(pitch, yaw, roll)/(86.307, 500.257, 73.125)
Epoch[000] Batch[199/956] Speed: 331.13 samples/sec, Loss:(pitch, yaw, roll)/(81.662, 330.521, 69.667)
Epoch[000] Batch[299/956] Speed: 321.31 samples/sec, Loss:(pitch, yaw, roll)/(76.561, 259.354, 64.519)
Epoch[000] Batch[399/956] Speed: 320.72 samples/sec, Loss:(pitch, yaw, roll)/(72.584, 216.268, 60.032)
Epoch[000] Batch[499/956] Speed: 319.87 samples/sec, Loss:(pitch, yaw, roll)/(69.553, 185.841, 56.670)
Epoch[000] Batch[599/956] Speed: 316.86 samples/sec, Loss:(pitch, yaw, roll)/(66.378, 165.042, 53.536)
Epoch[000] Batch[699/956] Speed: 318.91 samples/sec, Loss:(pitch, yaw, roll)/(63.799, 149.634, 51.185)
Epoch[000] Batch[799/956] Speed: 316.96 samples/sec, Loss:(pitch, yaw, roll)/(61.889, 136.558, 49.424)
Epoch[000] Batch[899/956] Speed: 318.12 samples/sec, Loss:(pitch, yaw, roll)/(59.876, 126.716, 47.472)
[00:14:12] src/operator/nn/./cudnn/./cudnn_algoreg-inl.h:97: Running performance tests to find the best convolution algorithm, this can take a while... (set the environment variable MXNET_CUDNN_AUTOTUNE_DEFAULT to 0 to disable)
Epoch[000] train: MAE:(pitch, yaw, roll, mean)/(7.451, 9.490, 6.206, 7.716), Cost=400 sec, lr=0.000997
Epoch[000] val  : MAE:(pitch, yaw, roll, mean)/(10.384, 17.326, 9.879, 12.530), Loss:(pitch, yaw, roll)/(142.330, 469.073, 151.498)
Min val mean MAE! save model!
Epoch[001] Batch[099/956] Speed: 316.48 samples/sec, Loss:(pitch, yaw, roll)/(44.711, 45.424, 35.205)
Epoch[001] Batch[199/956] Speed: 317.41 samples/sec, Loss:(pitch, yaw, roll)/(42.973, 44.247, 33.241)
Epoch[001] Batch[299/956] Speed: 318.84 samples/sec, Loss:(pitch, yaw, roll)/(43.005, 41.626, 33.045)
Epoch[001] Batch[399/956] Speed: 318.66 samples/sec, Loss:(pitch, yaw, roll)/(42.167, 40.211, 32.365)
Epoch[001] Batch[499/956] Speed: 317.21 samples/sec, Loss:(pitch, yaw, roll)/(41.320, 37.329, 31.543)
Epoch[001] Batch[599/956] Speed: 317.56 samples/sec, Loss:(pitch, yaw, roll)/(40.700, 35.258, 31.028)
Epoch[001] Batch[699/956] Speed: 317.47 samples/sec, Loss:(pitch, yaw, roll)/(40.358, 34.481, 30.710)
Epoch[001] Batch[799/956] Speed: 320.65 samples/sec, Loss:(pitch, yaw, roll)/(40.017, 34.776, 30.419)
Epoch[001] Batch[899/956] Speed: 316.67 samples/sec, Loss:(pitch, yaw, roll)/(40.481, 35.642, 30.810)
Epoch[001] train: MAE:(pitch, yaw, roll, mean)/(5.893, 5.326, 4.675, 5.298), Cost=387 sec, lr=0.000987
Epoch[001] val  : MAE:(pitch, yaw, roll, mean)/(9.917, 14.973, 9.140, 11.343), Loss:(pitch, yaw, roll)/(129.905, 324.263, 136.485)
Min val mean MAE! save model!
Epoch[002] Batch[099/956] Speed: 312.62 samples/sec, Loss:(pitch, yaw, roll)/(40.317, 39.717, 30.000)
Epoch[002] Batch[199/956] Speed: 317.39 samples/sec, Loss:(pitch, yaw, roll)/(40.272, 34.562, 29.988)
Epoch[002] Batch[299/956] Speed: 318.79 samples/sec, Loss:(pitch, yaw, roll)/(37.997, 32.498, 28.271)
Epoch[002] Batch[399/956] Speed: 317.43 samples/sec, Loss:(pitch, yaw, roll)/(37.243, 30.279, 27.903)
Epoch[002] Batch[499/956] Speed: 316.32 samples/sec, Loss:(pitch, yaw, roll)/(37.126, 28.987, 27.923)
Epoch[002] Batch[599/956] Speed: 317.43 samples/sec, Loss:(pitch, yaw, roll)/(36.775, 28.165, 27.659)
Epoch[002] Batch[699/956] Speed: 318.20 samples/sec, Loss:(pitch, yaw, roll)/(36.593, 26.879, 27.601)
Epoch[002] Batch[799/956] Speed: 316.63 samples/sec, Loss:(pitch, yaw, roll)/(36.383, 26.375, 27.697)
Epoch[002] Batch[899/956] Speed: 318.92 samples/sec, Loss:(pitch, yaw, roll)/(36.031, 25.429, 27.530)
Epoch[002] train: MAE:(pitch, yaw, roll, mean)/(5.417, 4.477, 4.235, 4.710), Cost=387 sec, lr=0.000970
Epoch[002] val  : MAE:(pitch, yaw, roll, mean)/(8.500, 10.239, 6.890, 8.543), Loss:(pitch, yaw, roll)/(105.814, 173.239, 106.117)
Min val mean MAE! save model!
Epoch[003] Batch[099/956] Speed: 312.43 samples/sec, Loss:(pitch, yaw, roll)/(30.320, 18.486, 23.081)
Epoch[003] Batch[199/956] Speed: 318.68 samples/sec, Loss:(pitch, yaw, roll)/(30.843, 19.803, 23.927)
Epoch[003] Batch[299/956] Speed: 317.05 samples/sec, Loss:(pitch, yaw, roll)/(32.713, 24.199, 25.608)
Epoch[003] Batch[399/956] Speed: 317.37 samples/sec, Loss:(pitch, yaw, roll)/(33.255, 23.225, 25.839)
Epoch[003] Batch[499/956] Speed: 318.79 samples/sec, Loss:(pitch, yaw, roll)/(33.413, 21.729, 25.821)
Epoch[003] Batch[599/956] Speed: 317.54 samples/sec, Loss:(pitch, yaw, roll)/(33.534, 21.499, 26.044)
Epoch[003] Batch[699/956] Speed: 316.59 samples/sec, Loss:(pitch, yaw, roll)/(33.027, 20.773, 25.623)
Epoch[003] Batch[799/956] Speed: 317.39 samples/sec, Loss:(pitch, yaw, roll)/(32.944, 20.277, 25.542)
Epoch[003] Batch[899/956] Speed: 316.72 samples/sec, Loss:(pitch, yaw, roll)/(32.771, 20.352, 25.391)
Epoch[003] train: MAE:(pitch, yaw, roll, mean)/(5.108, 4.053, 3.974, 4.378), Cost=388 sec, lr=0.000947
Epoch[003] val  : MAE:(pitch, yaw, roll, mean)/(8.673, 9.462, 6.871, 8.336), Loss:(pitch, yaw, roll)/(106.236, 131.592, 101.423)
Min val mean MAE! save model!
Epoch[004] Batch[099/956] Speed: 314.00 samples/sec, Loss:(pitch, yaw, roll)/(31.140, 15.641, 24.411)
Epoch[004] Batch[199/956] Speed: 316.35 samples/sec, Loss:(pitch, yaw, roll)/(30.861, 17.653, 24.285)
Epoch[004] Batch[299/956] Speed: 318.55 samples/sec, Loss:(pitch, yaw, roll)/(30.773, 17.872, 23.875)
Epoch[004] Batch[399/956] Speed: 316.97 samples/sec, Loss:(pitch, yaw, roll)/(30.944, 18.304, 24.041)
Epoch[004] Batch[499/956] Speed: 317.49 samples/sec, Loss:(pitch, yaw, roll)/(32.521, 21.434, 25.524)
Epoch[004] Batch[599/956] Speed: 317.41 samples/sec, Loss:(pitch, yaw, roll)/(32.721, 21.743, 25.577)
Epoch[004] Batch[699/956] Speed: 317.24 samples/sec, Loss:(pitch, yaw, roll)/(32.668, 20.997, 25.557)
Epoch[004] Batch[799/956] Speed: 317.35 samples/sec, Loss:(pitch, yaw, roll)/(32.076, 20.215, 25.054)
Epoch[004] Batch[899/956] Speed: 315.63 samples/sec, Loss:(pitch, yaw, roll)/(31.834, 20.069, 24.813)
Epoch[004] train: MAE:(pitch, yaw, roll, mean)/(5.033, 4.031, 3.925, 4.329), Cost=388 sec, lr=0.000918
Epoch[004] val  : MAE:(pitch, yaw, roll, mean)/(8.113, 9.642, 6.668, 8.141), Loss:(pitch, yaw, roll)/(95.661, 116.196, 100.989)
Min val mean MAE! save model!
Epoch[005] Batch[099/956] Speed: 313.96 samples/sec, Loss:(pitch, yaw, roll)/(32.129, 19.167, 24.866)
Epoch[005] Batch[199/956] Speed: 317.20 samples/sec, Loss:(pitch, yaw, roll)/(30.732, 17.356, 24.201)
Epoch[005] Batch[299/956] Speed: 317.64 samples/sec, Loss:(pitch, yaw, roll)/(31.677, 18.915, 24.603)
Epoch[005] Batch[399/956] Speed: 320.43 samples/sec, Loss:(pitch, yaw, roll)/(30.772, 17.915, 23.835)
Epoch[005] Batch[499/956] Speed: 318.86 samples/sec, Loss:(pitch, yaw, roll)/(30.742, 16.998, 24.105)
Epoch[005] Batch[599/956] Speed: 315.57 samples/sec, Loss:(pitch, yaw, roll)/(30.517, 16.208, 23.971)
Epoch[005] Batch[699/956] Speed: 317.22 samples/sec, Loss:(pitch, yaw, roll)/(29.919, 15.482, 23.540)
Epoch[005] Batch[799/956] Speed: 317.34 samples/sec, Loss:(pitch, yaw, roll)/(30.325, 15.804, 23.800)
Epoch[005] Batch[899/956] Speed: 318.86 samples/sec, Loss:(pitch, yaw, roll)/(29.941, 15.752, 23.403)
Epoch[005] train: MAE:(pitch, yaw, roll, mean)/(4.814, 3.581, 3.740, 4.045), Cost=387 sec, lr=0.000883
Epoch[005] val  : MAE:(pitch, yaw, roll, mean)/(8.007, 9.000, 6.386, 7.798), Loss:(pitch, yaw, roll)/(95.873, 140.219, 95.669)
Min val mean MAE! save model!
Epoch[006] Batch[099/956] Speed: 312.61 samples/sec, Loss:(pitch, yaw, roll)/(26.543, 11.274, 21.001)
Epoch[006] Batch[199/956] Speed: 318.45 samples/sec, Loss:(pitch, yaw, roll)/(26.578, 11.061, 20.984)
Epoch[006] Batch[299/956] Speed: 317.35 samples/sec, Loss:(pitch, yaw, roll)/(27.002, 11.074, 21.453)
Epoch[006] Batch[399/956] Speed: 315.78 samples/sec, Loss:(pitch, yaw, roll)/(26.748, 11.020, 21.296)
Epoch[006] Batch[499/956] Speed: 318.82 samples/sec, Loss:(pitch, yaw, roll)/(26.615, 11.279, 21.161)
Epoch[006] Batch[599/956] Speed: 315.72 samples/sec, Loss:(pitch, yaw, roll)/(26.715, 11.823, 21.089)
Epoch[006] Batch[699/956] Speed: 318.66 samples/sec, Loss:(pitch, yaw, roll)/(27.791, 13.532, 21.776)
Epoch[006] Batch[799/956] Speed: 315.92 samples/sec, Loss:(pitch, yaw, roll)/(28.151, 14.831, 22.004)
Epoch[006] Batch[899/956] Speed: 318.87 samples/sec, Loss:(pitch, yaw, roll)/(28.285, 14.907, 22.116)
Epoch[006] train: MAE:(pitch, yaw, roll, mean)/(4.670, 3.452, 3.640, 3.920), Cost=388 sec, lr=0.000843
Epoch[006] val  : MAE:(pitch, yaw, roll, mean)/(8.730, 8.510, 6.840, 8.027), Loss:(pitch, yaw, roll)/(103.211, 149.937, 101.458)
Epoch[007] Batch[099/956] Speed: 315.51 samples/sec, Loss:(pitch, yaw, roll)/(28.850, 13.465, 23.371)
Epoch[007] Batch[199/956] Speed: 315.65 samples/sec, Loss:(pitch, yaw, roll)/(28.593, 13.340, 22.972)
Epoch[007] Batch[299/956] Speed: 318.75 samples/sec, Loss:(pitch, yaw, roll)/(27.816, 12.149, 22.386)
Epoch[007] Batch[399/956] Speed: 315.80 samples/sec, Loss:(pitch, yaw, roll)/(26.888, 11.495, 21.543)
Epoch[007] Batch[499/956] Speed: 317.94 samples/sec, Loss:(pitch, yaw, roll)/(26.554, 11.135, 21.251)
Epoch[007] Batch[599/956] Speed: 318.47 samples/sec, Loss:(pitch, yaw, roll)/(26.634, 11.036, 21.306)
Epoch[007] Batch[699/956] Speed: 316.96 samples/sec, Loss:(pitch, yaw, roll)/(26.524, 10.827, 21.279)
Epoch[007] Batch[799/956] Speed: 317.43 samples/sec, Loss:(pitch, yaw, roll)/(26.514, 11.213, 21.355)
Epoch[007] Batch[899/956] Speed: 318.82 samples/sec, Loss:(pitch, yaw, roll)/(26.206, 11.102, 21.037)
Epoch[007] train: MAE:(pitch, yaw, roll, mean)/(4.402, 3.111, 3.456, 3.656), Cost=387 sec, lr=0.000799
Epoch[007] val  : MAE:(pitch, yaw, roll, mean)/(7.861, 8.144, 5.951, 7.319), Loss:(pitch, yaw, roll)/(88.004, 108.546, 87.397)
Min val mean MAE! save model!
Epoch[008] Batch[099/956] Speed: 314.17 samples/sec, Loss:(pitch, yaw, roll)/(24.720, 8.799, 19.388)
Epoch[008] Batch[199/956] Speed: 317.13 samples/sec, Loss:(pitch, yaw, roll)/(24.462, 9.926, 19.739)
Epoch[008] Batch[299/956] Speed: 319.05 samples/sec, Loss:(pitch, yaw, roll)/(25.266, 10.823, 20.334)
Epoch[008] Batch[399/956] Speed: 315.95 samples/sec, Loss:(pitch, yaw, roll)/(24.796, 10.520, 19.862)
Epoch[008] Batch[499/956] Speed: 317.21 samples/sec, Loss:(pitch, yaw, roll)/(25.084, 10.311, 20.167)
Epoch[008] Batch[599/956] Speed: 317.27 samples/sec, Loss:(pitch, yaw, roll)/(24.896, 10.106, 20.099)
Epoch[008] Batch[699/956] Speed: 317.30 samples/sec, Loss:(pitch, yaw, roll)/(24.446, 9.906, 19.632)
Epoch[008] Batch[799/956] Speed: 316.70 samples/sec, Loss:(pitch, yaw, roll)/(24.586, 9.811, 19.809)
Epoch[008] Batch[899/956] Speed: 317.67 samples/sec, Loss:(pitch, yaw, roll)/(24.412, 9.791, 19.664)
Epoch[008] train: MAE:(pitch, yaw, roll, mean)/(4.248, 2.995, 3.330, 3.524), Cost=388 sec, lr=0.000750
Epoch[008] val  : MAE:(pitch, yaw, roll, mean)/(8.429, 10.042, 7.172, 8.548), Loss:(pitch, yaw, roll)/(102.182, 173.192, 110.857)
Epoch[009] Batch[099/956] Speed: 317.36 samples/sec, Loss:(pitch, yaw, roll)/(24.454, 10.631, 19.417)
Epoch[009] Batch[199/956] Speed: 315.26 samples/sec, Loss:(pitch, yaw, roll)/(24.599, 10.882, 19.774)
Epoch[009] Batch[299/956] Speed: 317.56 samples/sec, Loss:(pitch, yaw, roll)/(24.078, 10.127, 19.223)
Epoch[009] Batch[399/956] Speed: 317.37 samples/sec, Loss:(pitch, yaw, roll)/(23.848, 9.702, 19.098)
Epoch[009] Batch[499/956] Speed: 316.85 samples/sec, Loss:(pitch, yaw, roll)/(23.874, 9.785, 19.279)
Epoch[009] Batch[599/956] Speed: 317.88 samples/sec, Loss:(pitch, yaw, roll)/(23.912, 9.501, 19.353)
Epoch[009] Batch[699/956] Speed: 318.25 samples/sec, Loss:(pitch, yaw, roll)/(23.711, 9.315, 19.172)
Epoch[009] Batch[799/956] Speed: 317.50 samples/sec, Loss:(pitch, yaw, roll)/(23.892, 9.126, 19.375)
Epoch[009] Batch[899/956] Speed: 317.63 samples/sec, Loss:(pitch, yaw, roll)/(23.905, 9.026, 19.481)
Epoch[009] train: MAE:(pitch, yaw, roll, mean)/(4.145, 2.835, 3.274, 3.418), Cost=387 sec, lr=0.000698
Epoch[009] val  : MAE:(pitch, yaw, roll, mean)/(7.748, 6.653, 5.879, 6.760), Loss:(pitch, yaw, roll)/(88.885, 72.968, 84.384)
Min val mean MAE! save model!
Epoch[010] Batch[099/956] Speed: 314.09 samples/sec, Loss:(pitch, yaw, roll)/(22.540, 8.803, 18.186)
Epoch[010] Batch[199/956] Speed: 317.72 samples/sec, Loss:(pitch, yaw, roll)/(22.777, 8.477, 18.838)
Epoch[010] Batch[299/956] Speed: 317.46 samples/sec, Loss:(pitch, yaw, roll)/(22.419, 8.564, 18.307)
Epoch[010] Batch[399/956] Speed: 317.32 samples/sec, Loss:(pitch, yaw, roll)/(22.373, 8.463, 18.197)
Epoch[010] Batch[499/956] Speed: 316.83 samples/sec, Loss:(pitch, yaw, roll)/(22.552, 8.395, 18.200)
Epoch[010] Batch[599/956] Speed: 317.59 samples/sec, Loss:(pitch, yaw, roll)/(22.698, 8.278, 18.359)
Epoch[010] Batch[699/956] Speed: 316.94 samples/sec, Loss:(pitch, yaw, roll)/(22.592, 8.308, 18.235)
Epoch[010] Batch[799/956] Speed: 317.22 samples/sec, Loss:(pitch, yaw, roll)/(22.897, 8.525, 18.410)
Epoch[010] Batch[899/956] Speed: 317.61 samples/sec, Loss:(pitch, yaw, roll)/(23.546, 9.501, 18.818)
Epoch[010] train: MAE:(pitch, yaw, roll, mean)/(4.131, 2.887, 3.221, 3.413), Cost=388 sec, lr=0.000643
Epoch[010] val  : MAE:(pitch, yaw, roll, mean)/(8.233, 8.376, 6.287, 7.632), Loss:(pitch, yaw, roll)/(100.716, 112.548, 93.048)
Epoch[011] Batch[099/956] Speed: 316.06 samples/sec, Loss:(pitch, yaw, roll)/(23.011, 9.720, 18.252)
Epoch[011] Batch[199/956] Speed: 317.24 samples/sec, Loss:(pitch, yaw, roll)/(24.091, 10.682, 19.235)
Epoch[011] Batch[299/956] Speed: 318.30 samples/sec, Loss:(pitch, yaw, roll)/(24.497, 11.602, 19.896)
Epoch[011] Batch[399/956] Speed: 315.98 samples/sec, Loss:(pitch, yaw, roll)/(24.421, 11.359, 19.791)
Epoch[011] Batch[499/956] Speed: 317.61 samples/sec, Loss:(pitch, yaw, roll)/(23.483, 10.679, 19.016)
Epoch[011] Batch[599/956] Speed: 318.47 samples/sec, Loss:(pitch, yaw, roll)/(23.414, 10.322, 19.066)
Epoch[011] Batch[699/956] Speed: 318.61 samples/sec, Loss:(pitch, yaw, roll)/(23.318, 9.917, 19.112)
Epoch[011] Batch[799/956] Speed: 317.46 samples/sec, Loss:(pitch, yaw, roll)/(23.114, 9.644, 18.930)
Epoch[011] Batch[899/956] Speed: 317.08 samples/sec, Loss:(pitch, yaw, roll)/(22.732, 9.419, 18.588)
Epoch[011] train: MAE:(pitch, yaw, roll, mean)/(4.034, 2.793, 3.184, 3.337), Cost=387 sec, lr=0.000587
Epoch[011] val  : MAE:(pitch, yaw, roll, mean)/(7.484, 7.245, 5.689, 6.806), Loss:(pitch, yaw, roll)/(85.523, 77.993, 82.793)
Epoch[012] Batch[099/956] Speed: 316.39 samples/sec, Loss:(pitch, yaw, roll)/(21.706, 7.437, 17.854)
Epoch[012] Batch[199/956] Speed: 322.19 samples/sec, Loss:(pitch, yaw, roll)/(21.050, 7.304, 17.279)
Epoch[012] Batch[299/956] Speed: 324.27 samples/sec, Loss:(pitch, yaw, roll)/(20.822, 7.307, 16.960)
Epoch[012] Batch[399/956] Speed: 326.25 samples/sec, Loss:(pitch, yaw, roll)/(21.341, 7.945, 17.427)
Epoch[012] Batch[499/956] Speed: 325.63 samples/sec, Loss:(pitch, yaw, roll)/(22.115, 9.727, 17.904)
Epoch[012] Batch[599/956] Speed: 325.97 samples/sec, Loss:(pitch, yaw, roll)/(22.498, 9.522, 18.241)
Epoch[012] Batch[699/956] Speed: 326.01 samples/sec, Loss:(pitch, yaw, roll)/(22.587, 9.287, 18.333)
Epoch[012] Batch[799/956] Speed: 327.43 samples/sec, Loss:(pitch, yaw, roll)/(22.306, 9.159, 18.096)
Epoch[012] Batch[899/956] Speed: 327.46 samples/sec, Loss:(pitch, yaw, roll)/(22.094, 8.988, 17.962)
Epoch[012] train: MAE:(pitch, yaw, roll, mean)/(3.982, 2.728, 3.122, 3.277), Cost=379 sec, lr=0.000529
Epoch[012] val  : MAE:(pitch, yaw, roll, mean)/(7.679, 7.886, 5.762, 7.109), Loss:(pitch, yaw, roll)/(91.250, 92.619, 85.095)
Epoch[013] Batch[099/956] Speed: 323.04 samples/sec, Loss:(pitch, yaw, roll)/(21.196, 7.417, 17.831)
Epoch[013] Batch[199/956] Speed: 327.30 samples/sec, Loss:(pitch, yaw, roll)/(21.440, 7.222, 17.858)
Epoch[013] Batch[299/956] Speed: 329.24 samples/sec, Loss:(pitch, yaw, roll)/(21.300, 7.139, 17.678)
Epoch[013] Batch[399/956] Speed: 327.04 samples/sec, Loss:(pitch, yaw, roll)/(21.385, 7.743, 17.651)
Epoch[013] Batch[499/956] Speed: 329.50 samples/sec, Loss:(pitch, yaw, roll)/(21.184, 8.287, 17.445)
Epoch[013] Batch[599/956] Speed: 328.21 samples/sec, Loss:(pitch, yaw, roll)/(21.567, 8.971, 17.639)
Epoch[013] Batch[699/956] Speed: 327.49 samples/sec, Loss:(pitch, yaw, roll)/(21.662, 8.962, 17.636)
Epoch[013] Batch[799/956] Speed: 327.11 samples/sec, Loss:(pitch, yaw, roll)/(21.467, 8.759, 17.475)
Epoch[013] Batch[899/956] Speed: 329.57 samples/sec, Loss:(pitch, yaw, roll)/(21.237, 8.725, 17.269)
Epoch[013] train: MAE:(pitch, yaw, roll, mean)/(3.887, 2.691, 3.056, 3.211), Cost=375 sec, lr=0.000471
Epoch[013] val  : MAE:(pitch, yaw, roll, mean)/(7.384, 8.159, 5.844, 7.129), Loss:(pitch, yaw, roll)/(88.062, 119.935, 90.487)
Epoch[014] Batch[099/956] Speed: 325.91 samples/sec, Loss:(pitch, yaw, roll)/(18.270, 6.982, 14.769)
Epoch[014] Batch[199/956] Speed: 328.51 samples/sec, Loss:(pitch, yaw, roll)/(18.344, 6.847, 14.979)
Epoch[014] Batch[299/956] Speed: 329.81 samples/sec, Loss:(pitch, yaw, roll)/(19.035, 7.049, 15.377)
Epoch[014] Batch[399/956] Speed: 327.39 samples/sec, Loss:(pitch, yaw, roll)/(19.619, 7.243, 15.834)
Epoch[014] Batch[499/956] Speed: 328.21 samples/sec, Loss:(pitch, yaw, roll)/(19.335, 7.402, 15.586)
Epoch[014] Batch[599/956] Speed: 328.66 samples/sec, Loss:(pitch, yaw, roll)/(19.729, 7.317, 16.111)
Epoch[014] Batch[699/956] Speed: 327.00 samples/sec, Loss:(pitch, yaw, roll)/(19.795, 7.475, 16.161)
Epoch[014] Batch[799/956] Speed: 328.43 samples/sec, Loss:(pitch, yaw, roll)/(20.146, 7.657, 16.481)
Epoch[014] Batch[899/956] Speed: 328.43 samples/sec, Loss:(pitch, yaw, roll)/(20.017, 7.669, 16.392)
Epoch[014] train: MAE:(pitch, yaw, roll, mean)/(3.748, 2.528, 2.958, 3.078), Cost=374 sec, lr=0.000413
Epoch[014] val  : MAE:(pitch, yaw, roll, mean)/(7.290, 7.651, 5.831, 6.924), Loss:(pitch, yaw, roll)/(85.942, 98.922, 87.568)
Epoch[015] Batch[099/956] Speed: 326.86 samples/sec, Loss:(pitch, yaw, roll)/(19.009, 7.611, 15.372)
Epoch[015] Batch[199/956] Speed: 326.77 samples/sec, Loss:(pitch, yaw, roll)/(20.011, 7.931, 16.182)
Epoch[015] Batch[299/956] Speed: 327.36 samples/sec, Loss:(pitch, yaw, roll)/(19.268, 7.596, 15.596)
Epoch[015] Batch[399/956] Speed: 328.93 samples/sec, Loss:(pitch, yaw, roll)/(19.696, 7.343, 16.057)
Epoch[015] Batch[499/956] Speed: 326.48 samples/sec, Loss:(pitch, yaw, roll)/(19.357, 7.197, 15.801)
Epoch[015] Batch[599/956] Speed: 329.61 samples/sec, Loss:(pitch, yaw, roll)/(19.218, 7.201, 15.701)
Epoch[015] Batch[699/956] Speed: 328.89 samples/sec, Loss:(pitch, yaw, roll)/(19.122, 7.117, 15.629)
Epoch[015] Batch[799/956] Speed: 328.80 samples/sec, Loss:(pitch, yaw, roll)/(18.965, 7.027, 15.508)
Epoch[015] Batch[899/956] Speed: 328.82 samples/sec, Loss:(pitch, yaw, roll)/(18.866, 6.947, 15.416)
Epoch[015] train: MAE:(pitch, yaw, roll, mean)/(3.657, 2.462, 2.877, 2.999), Cost=375 sec, lr=0.000357
Epoch[015] val  : MAE:(pitch, yaw, roll, mean)/(7.728, 7.319, 5.657, 6.901), Loss:(pitch, yaw, roll)/(90.126, 101.583, 84.564)
Epoch[016] Batch[099/956] Speed: 324.64 samples/sec, Loss:(pitch, yaw, roll)/(19.153, 6.527, 16.086)
Epoch[016] Batch[199/956] Speed: 328.78 samples/sec, Loss:(pitch, yaw, roll)/(17.881, 6.371, 14.675)
Epoch[016] Batch[299/956] Speed: 328.40 samples/sec, Loss:(pitch, yaw, roll)/(17.991, 6.407, 14.738)
Epoch[016] Batch[399/956] Speed: 329.65 samples/sec, Loss:(pitch, yaw, roll)/(17.562, 6.335, 14.472)
Epoch[016] Batch[499/956] Speed: 330.75 samples/sec, Loss:(pitch, yaw, roll)/(17.444, 6.329, 14.355)
Epoch[016] Batch[599/956] Speed: 329.61 samples/sec, Loss:(pitch, yaw, roll)/(17.580, 6.288, 14.488)
Epoch[016] Batch[699/956] Speed: 328.19 samples/sec, Loss:(pitch, yaw, roll)/(17.786, 6.282, 14.697)
Epoch[016] Batch[799/956] Speed: 330.24 samples/sec, Loss:(pitch, yaw, roll)/(17.718, 6.263, 14.620)
Epoch[016] Batch[899/956] Speed: 329.41 samples/sec, Loss:(pitch, yaw, roll)/(17.799, 6.356, 14.719)
Epoch[016] train: MAE:(pitch, yaw, roll, mean)/(3.528, 2.338, 2.779, 2.882), Cost=374 sec, lr=0.000302
Epoch[016] val  : MAE:(pitch, yaw, roll, mean)/(7.402, 7.159, 5.660, 6.740), Loss:(pitch, yaw, roll)/(87.691, 83.761, 83.412)
Min val mean MAE! save model!
Epoch[017] Batch[099/956] Speed: 324.98 samples/sec, Loss:(pitch, yaw, roll)/(16.877, 5.961, 14.081)
Epoch[017] Batch[199/956] Speed: 328.87 samples/sec, Loss:(pitch, yaw, roll)/(16.157, 6.045, 13.345)
Epoch[017] Batch[299/956] Speed: 329.72 samples/sec, Loss:(pitch, yaw, roll)/(16.429, 6.158, 13.428)
Epoch[017] Batch[399/956] Speed: 330.20 samples/sec, Loss:(pitch, yaw, roll)/(16.703, 6.147, 13.704)
Epoch[017] Batch[499/956] Speed: 329.05 samples/sec, Loss:(pitch, yaw, roll)/(16.714, 6.227, 13.707)
Epoch[017] Batch[599/956] Speed: 328.35 samples/sec, Loss:(pitch, yaw, roll)/(16.946, 6.241, 13.900)
Epoch[017] Batch[699/956] Speed: 328.99 samples/sec, Loss:(pitch, yaw, roll)/(17.028, 6.206, 14.025)
Epoch[017] Batch[799/956] Speed: 329.51 samples/sec, Loss:(pitch, yaw, roll)/(16.936, 6.193, 13.951)
Epoch[017] Batch[899/956] Speed: 330.04 samples/sec, Loss:(pitch, yaw, roll)/(16.928, 6.163, 13.917)
Epoch[017] train: MAE:(pitch, yaw, roll, mean)/(3.461, 2.304, 2.731, 2.832), Cost=374 sec, lr=0.000250
Epoch[017] val  : MAE:(pitch, yaw, roll, mean)/(7.242, 6.996, 5.638, 6.625), Loss:(pitch, yaw, roll)/(84.467, 88.196, 83.605)
Min val mean MAE! save model!
Epoch[018] Batch[099/956] Speed: 324.59 samples/sec, Loss:(pitch, yaw, roll)/(15.181, 5.817, 12.337)
Epoch[018] Batch[199/956] Speed: 331.23 samples/sec, Loss:(pitch, yaw, roll)/(15.366, 5.813, 12.731)
Epoch[018] Batch[299/956] Speed: 329.50 samples/sec, Loss:(pitch, yaw, roll)/(15.844, 5.826, 13.170)
Epoch[018] Batch[399/956] Speed: 329.13 samples/sec, Loss:(pitch, yaw, roll)/(15.613, 5.828, 12.904)
Epoch[018] Batch[499/956] Speed: 327.88 samples/sec, Loss:(pitch, yaw, roll)/(15.908, 5.842, 13.262)
Epoch[018] Batch[599/956] Speed: 328.73 samples/sec, Loss:(pitch, yaw, roll)/(15.738, 5.821, 13.048)
Epoch[018] Batch[699/956] Speed: 329.70 samples/sec, Loss:(pitch, yaw, roll)/(15.711, 5.789, 13.016)
Epoch[018] Batch[799/956] Speed: 330.03 samples/sec, Loss:(pitch, yaw, roll)/(15.904, 5.803, 13.197)
Epoch[018] Batch[899/956] Speed: 329.65 samples/sec, Loss:(pitch, yaw, roll)/(15.832, 5.794, 13.129)
Epoch[018] train: MAE:(pitch, yaw, roll, mean)/(3.341, 2.245, 2.656, 2.747), Cost=373 sec, lr=0.000202
Epoch[018] val  : MAE:(pitch, yaw, roll, mean)/(7.306, 7.106, 5.740, 6.717), Loss:(pitch, yaw, roll)/(87.508, 90.444, 84.343)
Epoch[019] Batch[099/956] Speed: 325.82 samples/sec, Loss:(pitch, yaw, roll)/(15.397, 5.658, 12.739)
Epoch[019] Batch[199/956] Speed: 328.26 samples/sec, Loss:(pitch, yaw, roll)/(15.872, 5.728, 13.363)
Epoch[019] Batch[299/956] Speed: 329.27 samples/sec, Loss:(pitch, yaw, roll)/(15.588, 5.722, 12.975)
Epoch[019] Batch[399/956] Speed: 327.43 samples/sec, Loss:(pitch, yaw, roll)/(15.541, 5.640, 12.848)
Epoch[019] Batch[499/956] Speed: 329.43 samples/sec, Loss:(pitch, yaw, roll)/(15.279, 5.626, 12.610)
Epoch[019] Batch[599/956] Speed: 329.79 samples/sec, Loss:(pitch, yaw, roll)/(15.258, 5.604, 12.546)
Epoch[019] Batch[699/956] Speed: 329.24 samples/sec, Loss:(pitch, yaw, roll)/(15.111, 5.609, 12.419)
Epoch[019] Batch[799/956] Speed: 329.52 samples/sec, Loss:(pitch, yaw, roll)/(15.031, 5.608, 12.380)
Epoch[019] Batch[899/956] Speed: 329.86 samples/sec, Loss:(pitch, yaw, roll)/(15.044, 5.604, 12.366)
Epoch[019] train: MAE:(pitch, yaw, roll, mean)/(3.266, 2.200, 2.582, 2.683), Cost=374 sec, lr=0.000157
Epoch[019] val  : MAE:(pitch, yaw, roll, mean)/(7.368, 7.031, 5.673, 6.691), Loss:(pitch, yaw, roll)/(86.088, 84.230, 80.424)
Epoch[020] Batch[099/956] Speed: 324.91 samples/sec, Loss:(pitch, yaw, roll)/(13.455, 5.593, 10.795)
Epoch[020] Batch[199/956] Speed: 329.22 samples/sec, Loss:(pitch, yaw, roll)/(13.944, 5.513, 11.394)
Epoch[020] Batch[299/956] Speed: 330.55 samples/sec, Loss:(pitch, yaw, roll)/(14.294, 5.517, 11.832)
Epoch[020] Batch[399/956] Speed: 329.52 samples/sec, Loss:(pitch, yaw, roll)/(14.267, 5.500, 11.872)
Epoch[020] Batch[499/956] Speed: 330.32 samples/sec, Loss:(pitch, yaw, roll)/(14.297, 5.496, 11.826)
Epoch[020] Batch[599/956] Speed: 328.45 samples/sec, Loss:(pitch, yaw, roll)/(14.165, 5.486, 11.768)
Epoch[020] Batch[699/956] Speed: 330.03 samples/sec, Loss:(pitch, yaw, roll)/(14.168, 5.477, 11.721)
Epoch[020] Batch[799/956] Speed: 329.30 samples/sec, Loss:(pitch, yaw, roll)/(14.242, 5.481, 11.741)
Epoch[020] Batch[899/956] Speed: 328.78 samples/sec, Loss:(pitch, yaw, roll)/(14.313, 5.471, 11.750)
Epoch[020] train: MAE:(pitch, yaw, roll, mean)/(3.193, 2.168, 2.525, 2.629), Cost=374 sec, lr=0.000117
Epoch[020] val  : MAE:(pitch, yaw, roll, mean)/(7.405, 7.170, 5.544, 6.706), Loss:(pitch, yaw, roll)/(84.075, 92.881, 81.318)
Epoch[021] Batch[099/956] Speed: 325.39 samples/sec, Loss:(pitch, yaw, roll)/(14.340, 5.322, 12.121)
Epoch[021] Batch[199/956] Speed: 329.44 samples/sec, Loss:(pitch, yaw, roll)/(13.731, 5.341, 11.420)
Epoch[021] Batch[299/956] Speed: 328.38 samples/sec, Loss:(pitch, yaw, roll)/(13.388, 5.332, 10.979)
Epoch[021] Batch[399/956] Speed: 328.87 samples/sec, Loss:(pitch, yaw, roll)/(13.432, 5.326, 10.991)
Epoch[021] Batch[499/956] Speed: 328.99 samples/sec, Loss:(pitch, yaw, roll)/(13.530, 5.319, 11.059)
Epoch[021] Batch[599/956] Speed: 329.63 samples/sec, Loss:(pitch, yaw, roll)/(13.680, 5.298, 11.204)
Epoch[021] Batch[699/956] Speed: 327.84 samples/sec, Loss:(pitch, yaw, roll)/(13.677, 5.294, 11.171)
Epoch[021] Batch[799/956] Speed: 327.59 samples/sec, Loss:(pitch, yaw, roll)/(13.640, 5.302, 11.129)
Epoch[021] Batch[899/956] Speed: 330.84 samples/sec, Loss:(pitch, yaw, roll)/(13.656, 5.300, 11.158)
Epoch[021] train: MAE:(pitch, yaw, roll, mean)/(3.130, 2.124, 2.469, 2.575), Cost=374 sec, lr=0.000083
Epoch[021] val  : MAE:(pitch, yaw, roll, mean)/(7.323, 7.412, 5.651, 6.796), Loss:(pitch, yaw, roll)/(87.887, 112.907, 83.209)
Epoch[022] Batch[099/956] Speed: 326.09 samples/sec, Loss:(pitch, yaw, roll)/(13.012, 5.223, 10.232)
Epoch[022] Batch[199/956] Speed: 329.09 samples/sec, Loss:(pitch, yaw, roll)/(13.434, 5.214, 10.852)
Epoch[022] Batch[299/956] Speed: 325.93 samples/sec, Loss:(pitch, yaw, roll)/(13.629, 5.210, 11.134)
Epoch[022] Batch[399/956] Speed: 329.72 samples/sec, Loss:(pitch, yaw, roll)/(13.604, 5.209, 11.091)
Epoch[022] Batch[499/956] Speed: 329.66 samples/sec, Loss:(pitch, yaw, roll)/(13.396, 5.178, 10.930)
Epoch[022] Batch[599/956] Speed: 327.93 samples/sec, Loss:(pitch, yaw, roll)/(13.312, 5.202, 10.894)
Epoch[022] Batch[699/956] Speed: 328.38 samples/sec, Loss:(pitch, yaw, roll)/(13.319, 5.189, 10.916)
Epoch[022] Batch[799/956] Speed: 328.74 samples/sec, Loss:(pitch, yaw, roll)/(13.340, 5.192, 10.943)
Epoch[022] Batch[899/956] Speed: 328.19 samples/sec, Loss:(pitch, yaw, roll)/(13.217, 5.192, 10.817)
Epoch[022] train: MAE:(pitch, yaw, roll, mean)/(3.077, 2.091, 2.433, 2.534), Cost=374 sec, lr=0.000054
Epoch[022] val  : MAE:(pitch, yaw, roll, mean)/(7.260, 7.473, 5.548, 6.760), Loss:(pitch, yaw, roll)/(85.809, 106.852, 80.437)
Epoch[023] Batch[099/956] Speed: 323.27 samples/sec, Loss:(pitch, yaw, roll)/(13.070, 5.134, 10.457)
Epoch[023] Batch[199/956] Speed: 328.83 samples/sec, Loss:(pitch, yaw, roll)/(12.429, 5.151, 9.890)
Epoch[023] Batch[299/956] Speed: 330.68 samples/sec, Loss:(pitch, yaw, roll)/(12.697, 5.100, 10.208)
Epoch[023] Batch[399/956] Speed: 328.10 samples/sec, Loss:(pitch, yaw, roll)/(12.611, 5.110, 10.163)
Epoch[023] Batch[499/956] Speed: 330.52 samples/sec, Loss:(pitch, yaw, roll)/(12.610, 5.106, 10.127)
Epoch[023] Batch[599/956] Speed: 328.98 samples/sec, Loss:(pitch, yaw, roll)/(12.535, 5.116, 10.053)
Epoch[023] Batch[699/956] Speed: 330.20 samples/sec, Loss:(pitch, yaw, roll)/(12.421, 5.109, 9.964)
Epoch[023] Batch[799/956] Speed: 326.73 samples/sec, Loss:(pitch, yaw, roll)/(12.522, 5.165, 10.040)
Epoch[023] Batch[899/956] Speed: 331.24 samples/sec, Loss:(pitch, yaw, roll)/(12.549, 5.155, 10.080)
Epoch[023] train: MAE:(pitch, yaw, roll, mean)/(3.031, 2.072, 2.378, 2.493), Cost=374 sec, lr=0.000031
Epoch[023] val  : MAE:(pitch, yaw, roll, mean)/(7.315, 7.379, 5.610, 6.768), Loss:(pitch, yaw, roll)/(85.981, 99.922, 81.009)
Epoch[024] Batch[099/956] Speed: 325.29 samples/sec, Loss:(pitch, yaw, roll)/(13.286, 4.959, 10.844)
Epoch[024] Batch[199/956] Speed: 328.92 samples/sec, Loss:(pitch, yaw, roll)/(12.825, 5.033, 10.433)
Epoch[024] Batch[299/956] Speed: 330.09 samples/sec, Loss:(pitch, yaw, roll)/(12.621, 5.033, 10.317)
Epoch[024] Batch[399/956] Speed: 327.29 samples/sec, Loss:(pitch, yaw, roll)/(12.667, 5.046, 10.310)
Epoch[024] Batch[499/956] Speed: 330.24 samples/sec, Loss:(pitch, yaw, roll)/(12.459, 5.064, 10.124)
Epoch[024] Batch[599/956] Speed: 331.04 samples/sec, Loss:(pitch, yaw, roll)/(12.382, 5.056, 10.047)
Epoch[024] Batch[699/956] Speed: 327.69 samples/sec, Loss:(pitch, yaw, roll)/(12.317, 5.057, 9.979)
Epoch[024] Batch[799/956] Speed: 329.34 samples/sec, Loss:(pitch, yaw, roll)/(12.320, 5.050, 9.973)
Epoch[024] Batch[899/956] Speed: 329.04 samples/sec, Loss:(pitch, yaw, roll)/(12.293, 5.045, 9.947)
Epoch[024] train: MAE:(pitch, yaw, roll, mean)/(2.999, 2.059, 2.368, 2.475), Cost=374 sec, lr=0.000014
Epoch[024] val  : MAE:(pitch, yaw, roll, mean)/(7.307, 7.560, 5.563, 6.810), Loss:(pitch, yaw, roll)/(86.309, 116.919, 81.186)
Epoch[025] Batch[099/956] Speed: 325.43 samples/sec, Loss:(pitch, yaw, roll)/(11.561, 4.987, 9.167)
Epoch[025] Batch[199/956] Speed: 328.21 samples/sec, Loss:(pitch, yaw, roll)/(11.579, 5.012, 9.220)
Epoch[025] Batch[299/956] Speed: 331.00 samples/sec, Loss:(pitch, yaw, roll)/(11.524, 5.005, 9.209)
Epoch[025] Batch[399/956] Speed: 329.01 samples/sec, Loss:(pitch, yaw, roll)/(11.775, 5.015, 9.433)
Epoch[025] Batch[499/956] Speed: 328.03 samples/sec, Loss:(pitch, yaw, roll)/(11.832, 5.009, 9.478)
Epoch[025] Batch[599/956] Speed: 329.75 samples/sec, Loss:(pitch, yaw, roll)/(11.946, 5.023, 9.586)
Epoch[025] Batch[699/956] Speed: 327.51 samples/sec, Loss:(pitch, yaw, roll)/(12.002, 5.039, 9.618)
Epoch[025] Batch[799/956] Speed: 330.52 samples/sec, Loss:(pitch, yaw, roll)/(11.992, 5.023, 9.594)
Epoch[025] Batch[899/956] Speed: 327.22 samples/sec, Loss:(pitch, yaw, roll)/(12.042, 5.018, 9.655)
Epoch[025] train: MAE:(pitch, yaw, roll, mean)/(2.988, 2.051, 2.343, 2.460), Cost=374 sec, lr=0.000004
Epoch[025] val  : MAE:(pitch, yaw, roll, mean)/(7.236, 7.323, 5.527, 6.695), Loss:(pitch, yaw, roll)/(84.746, 98.951, 81.238)
Epoch[026] Batch[099/956] Speed: 325.22 samples/sec, Loss:(pitch, yaw, roll)/(12.293, 5.006, 10.093)
Epoch[026] Batch[199/956] Speed: 330.29 samples/sec, Loss:(pitch, yaw, roll)/(12.066, 4.986, 9.834)
Epoch[026] Batch[299/956] Speed: 330.45 samples/sec, Loss:(pitch, yaw, roll)/(12.513, 5.003, 10.257)
Epoch[026] Batch[399/956] Speed: 327.78 samples/sec, Loss:(pitch, yaw, roll)/(12.281, 5.000, 9.979)
Epoch[026] Batch[499/956] Speed: 330.16 samples/sec, Loss:(pitch, yaw, roll)/(12.258, 5.013, 9.963)
Epoch[026] Batch[599/956] Speed: 328.43 samples/sec, Loss:(pitch, yaw, roll)/(12.204, 5.025, 9.922)
Epoch[026] Batch[699/956] Speed: 329.89 samples/sec, Loss:(pitch, yaw, roll)/(12.120, 5.020, 9.814)
Epoch[026] Batch[799/956] Speed: 328.98 samples/sec, Loss:(pitch, yaw, roll)/(12.121, 5.021, 9.805)
Epoch[026] Batch[899/956] Speed: 328.97 samples/sec, Loss:(pitch, yaw, roll)/(12.154, 5.021, 9.836)
Epoch[026] train: MAE:(pitch, yaw, roll, mean)/(2.981, 2.051, 2.354, 2.462), Cost=373 sec, lr=0.000001
Epoch[026] val  : MAE:(pitch, yaw, roll, mean)/(7.406, 7.320, 5.608, 6.778), Loss:(pitch, yaw, roll)/(88.790, 103.774, 81.959)
Epoch[027] Batch[099/956] Speed: 324.13 samples/sec, Loss:(pitch, yaw, roll)/(11.714, 4.982, 9.087)
Epoch[027] Batch[199/956] Speed: 329.11 samples/sec, Loss:(pitch, yaw, roll)/(12.038, 4.977, 9.507)
Epoch[027] Batch[299/956] Speed: 327.80 samples/sec, Loss:(pitch, yaw, roll)/(12.023, 4.989, 9.577)
Epoch[027] Batch[399/956] Speed: 329.92 samples/sec, Loss:(pitch, yaw, roll)/(11.921, 4.985, 9.518)
Epoch[027] Batch[499/956] Speed: 326.86 samples/sec, Loss:(pitch, yaw, roll)/(11.994, 4.966, 9.586)
Epoch[027] Batch[599/956] Speed: 328.37 samples/sec, Loss:(pitch, yaw, roll)/(11.907, 4.971, 9.526)
Epoch[027] Batch[699/956] Speed: 325.94 samples/sec, Loss:(pitch, yaw, roll)/(11.919, 4.975, 9.561)
Epoch[027] Batch[799/956] Speed: 326.45 samples/sec, Loss:(pitch, yaw, roll)/(11.983, 4.965, 9.628)
Epoch[027] Batch[899/956] Speed: 328.60 samples/sec, Loss:(pitch, yaw, roll)/(11.991, 4.966, 9.656)
Epoch[027] train: MAE:(pitch, yaw, roll, mean)/(2.977, 2.041, 2.333, 2.450), Cost=376 sec, lr=0.000001
Epoch[027] val  : MAE:(pitch, yaw, roll, mean)/(7.261, 7.436, 5.577, 6.758), Loss:(pitch, yaw, roll)/(83.909, 107.487, 81.647)
Epoch[028] Batch[099/956] Speed: 325.21 samples/sec, Loss:(pitch, yaw, roll)/(12.307, 5.042, 9.710)
Epoch[028] Batch[199/956] Speed: 328.63 samples/sec, Loss:(pitch, yaw, roll)/(12.565, 5.028, 10.044)
Epoch[028] Batch[299/956] Speed: 326.57 samples/sec, Loss:(pitch, yaw, roll)/(12.320, 5.017, 9.883)
Epoch[028] Batch[399/956] Speed: 327.64 samples/sec, Loss:(pitch, yaw, roll)/(12.080, 5.000, 9.726)
Epoch[028] Batch[499/956] Speed: 327.99 samples/sec, Loss:(pitch, yaw, roll)/(11.975, 5.007, 9.667)
Epoch[028] Batch[599/956] Speed: 328.45 samples/sec, Loss:(pitch, yaw, roll)/(11.915, 5.014, 9.582)
Epoch[028] Batch[699/956] Speed: 327.57 samples/sec, Loss:(pitch, yaw, roll)/(11.936, 5.014, 9.596)
Epoch[028] Batch[799/956] Speed: 327.75 samples/sec, Loss:(pitch, yaw, roll)/(11.835, 5.019, 9.521)
Epoch[028] Batch[899/956] Speed: 328.70 samples/sec, Loss:(pitch, yaw, roll)/(11.983, 5.011, 9.668)
Epoch[028] train: MAE:(pitch, yaw, roll, mean)/(2.973, 2.052, 2.343, 2.456), Cost=375 sec, lr=0.000001
Epoch[028] val  : MAE:(pitch, yaw, roll, mean)/(7.278, 7.303, 5.523, 6.702), Loss:(pitch, yaw, roll)/(84.881, 102.967, 79.060)
Epoch[029] Batch[099/956] Speed: 323.72 samples/sec, Loss:(pitch, yaw, roll)/(11.844, 4.995, 9.604)
Epoch[029] Batch[199/956] Speed: 326.70 samples/sec, Loss:(pitch, yaw, roll)/(11.876, 4.989, 9.679)
Epoch[029] Batch[299/956] Speed: 325.67 samples/sec, Loss:(pitch, yaw, roll)/(12.196, 5.022, 9.883)
Epoch[029] Batch[399/956] Speed: 328.65 samples/sec, Loss:(pitch, yaw, roll)/(12.080, 5.020, 9.846)
Epoch[029] Batch[499/956] Speed: 326.82 samples/sec, Loss:(pitch, yaw, roll)/(12.159, 5.018, 9.886)
Epoch[029] Batch[599/956] Speed: 327.84 samples/sec, Loss:(pitch, yaw, roll)/(12.092, 5.008, 9.813)
Epoch[029] Batch[699/956] Speed: 327.65 samples/sec, Loss:(pitch, yaw, roll)/(11.935, 5.010, 9.634)
Epoch[029] Batch[799/956] Speed: 328.97 samples/sec, Loss:(pitch, yaw, roll)/(11.938, 5.119, 9.622)
Epoch[029] Batch[899/956] Speed: 327.17 samples/sec, Loss:(pitch, yaw, roll)/(11.976, 5.112, 9.672)
Epoch[029] train: MAE:(pitch, yaw, roll, mean)/(2.979, 2.053, 2.343, 2.458), Cost=376 sec, lr=0.000001
Epoch[029] val  : MAE:(pitch, yaw, roll, mean)/(7.337, 7.411, 5.590, 6.779), Loss:(pitch, yaw, roll)/(88.271, 107.433, 84.461)


Min mean MAE: 6.625
