nohup: ignoring input
Namespace(alpha=2.0, anno_txt='./data/300W_LP_pose.txt', bs=256, dataset='/home/lfx/Data/300W_LP', epochs=30, gpu=1, log_interval=100, lr=0.001, lr_decay_epoch='10, 15, 20', lr_type='cos', momentum=0.9, net='facenet', num_workers=6, prefix='facenet_alpha2', save='./weight', use_fc=1, version='small', wd=4e-05, weights='', width_mult=1.0)
[15:54:29] src/operator/nn/./cudnn/./cudnn_algoreg-inl.h:97: Running performance tests to find the best convolution algorithm, this can take a while... (set the environment variable MXNET_CUDNN_AUTOTUNE_DEFAULT to 0 to disable)
Epoch[000] Batch[099/478] Speed: 105.16 samples/sec, Loss:(pitch, yaw, roll)/(157.420, 391.177, 101.148)
Epoch[000] Batch[199/478] Speed: 109.31 samples/sec, Loss:(pitch, yaw, roll)/(121.636, 242.549, 84.173)
Epoch[000] Batch[299/478] Speed: 102.37 samples/sec, Loss:(pitch, yaw, roll)/(105.528, 181.723, 76.483)
Epoch[000] Batch[399/478] Speed: 111.93 samples/sec, Loss:(pitch, yaw, roll)/(96.207, 148.951, 71.307)
Epoch[000] train: MAE:(pitch, yaw, roll, mean)/(6.208, 7.163, 4.871, 6.081), Cost=1246 sec, lr=0.000997
Epoch[000] val  : MAE:(pitch, yaw, roll, mean)/(8.478, 10.160, 7.756, 8.798), Loss:(pitch, yaw, roll)/(204.339, 261.266, 244.689)
Min val mean MAE! save model!
Epoch[001] Batch[099/478] Speed: 677.29 samples/sec, Loss:(pitch, yaw, roll)/(53.892, 34.483, 44.804)
Epoch[001] Batch[199/478] Speed: 731.29 samples/sec, Loss:(pitch, yaw, roll)/(53.616, 34.056, 45.022)
Epoch[001] Batch[299/478] Speed: 729.79 samples/sec, Loss:(pitch, yaw, roll)/(54.943, 34.073, 45.816)
Epoch[001] Batch[399/478] Speed: 725.16 samples/sec, Loss:(pitch, yaw, roll)/(53.877, 32.645, 45.087)
Epoch[001] train: MAE:(pitch, yaw, roll, mean)/(4.388, 4.079, 3.545, 4.004), Cost=172 sec, lr=0.000987
Epoch[001] val  : MAE:(pitch, yaw, roll, mean)/(7.714, 10.105, 7.635, 8.485), Loss:(pitch, yaw, roll)/(177.898, 266.167, 229.653)
Min val mean MAE! save model!
Epoch[002] Batch[099/478] Speed: 703.67 samples/sec, Loss:(pitch, yaw, roll)/(48.347, 27.265, 41.571)
Epoch[002] Batch[199/478] Speed: 724.43 samples/sec, Loss:(pitch, yaw, roll)/(47.961, 28.053, 40.821)
Epoch[002] Batch[299/478] Speed: 724.88 samples/sec, Loss:(pitch, yaw, roll)/(46.622, 27.477, 39.294)
Epoch[002] Batch[399/478] Speed: 729.30 samples/sec, Loss:(pitch, yaw, roll)/(45.827, 26.892, 38.803)
Epoch[002] train: MAE:(pitch, yaw, roll, mean)/(3.976, 3.835, 3.207, 3.673), Cost=172 sec, lr=0.000970
Epoch[002] val  : MAE:(pitch, yaw, roll, mean)/(7.564, 9.656, 6.740, 7.987), Loss:(pitch, yaw, roll)/(169.952, 241.501, 207.691)
Min val mean MAE! save model!
Epoch[003] Batch[099/478] Speed: 701.08 samples/sec, Loss:(pitch, yaw, roll)/(42.965, 22.285, 37.898)
Epoch[003] Batch[199/478] Speed: 718.86 samples/sec, Loss:(pitch, yaw, roll)/(42.186, 22.726, 36.343)
Epoch[003] Batch[299/478] Speed: 721.37 samples/sec, Loss:(pitch, yaw, roll)/(42.384, 24.158, 36.576)
Epoch[003] Batch[399/478] Speed: 720.69 samples/sec, Loss:(pitch, yaw, roll)/(43.309, 24.055, 37.403)
Epoch[003] train: MAE:(pitch, yaw, roll, mean)/(3.779, 3.701, 3.048, 3.510), Cost=173 sec, lr=0.000947
Epoch[003] val  : MAE:(pitch, yaw, roll, mean)/(7.571, 9.328, 6.500, 7.800), Loss:(pitch, yaw, roll)/(176.529, 243.978, 200.506)
Min val mean MAE! save model!
Epoch[004] Batch[099/478] Speed: 711.81 samples/sec, Loss:(pitch, yaw, roll)/(41.276, 26.380, 36.498)
Epoch[004] Batch[199/478] Speed: 729.44 samples/sec, Loss:(pitch, yaw, roll)/(38.802, 25.729, 33.790)
Epoch[004] Batch[299/478] Speed: 722.17 samples/sec, Loss:(pitch, yaw, roll)/(38.912, 25.101, 33.737)
Epoch[004] Batch[399/478] Speed: 717.60 samples/sec, Loss:(pitch, yaw, roll)/(39.636, 24.550, 34.413)
Epoch[004] train: MAE:(pitch, yaw, roll, mean)/(3.599, 3.724, 2.936, 3.419), Cost=172 sec, lr=0.000918
Epoch[004] val  : MAE:(pitch, yaw, roll, mean)/(7.482, 8.677, 6.352, 7.503), Loss:(pitch, yaw, roll)/(170.988, 220.509, 199.543)
Min val mean MAE! save model!
Epoch[005] Batch[099/478] Speed: 693.15 samples/sec, Loss:(pitch, yaw, roll)/(41.661, 23.363, 36.605)
Epoch[005] Batch[199/478] Speed: 721.00 samples/sec, Loss:(pitch, yaw, roll)/(39.912, 21.903, 34.810)
Epoch[005] Batch[299/478] Speed: 720.30 samples/sec, Loss:(pitch, yaw, roll)/(40.002, 23.113, 35.005)
Epoch[005] Batch[399/478] Speed: 719.19 samples/sec, Loss:(pitch, yaw, roll)/(38.862, 23.444, 33.803)
Epoch[005] train: MAE:(pitch, yaw, roll, mean)/(3.525, 3.631, 2.903, 3.353), Cost=174 sec, lr=0.000883
Epoch[005] val  : MAE:(pitch, yaw, roll, mean)/(7.738, 9.140, 6.301, 7.726), Loss:(pitch, yaw, roll)/(173.587, 236.545, 196.145)
Epoch[006] Batch[099/478] Speed: 695.61 samples/sec, Loss:(pitch, yaw, roll)/(39.614, 22.490, 34.812)
Epoch[006] Batch[199/478] Speed: 718.84 samples/sec, Loss:(pitch, yaw, roll)/(38.175, 23.223, 33.650)
Epoch[006] Batch[299/478] Speed: 719.74 samples/sec, Loss:(pitch, yaw, roll)/(37.309, 22.852, 32.766)
Epoch[006] Batch[399/478] Speed: 720.13 samples/sec, Loss:(pitch, yaw, roll)/(37.078, 22.558, 32.467)
Epoch[006] train: MAE:(pitch, yaw, roll, mean)/(3.439, 3.557, 2.801, 3.266), Cost=174 sec, lr=0.000843
Epoch[006] val  : MAE:(pitch, yaw, roll, mean)/(7.769, 8.452, 5.910, 7.377), Loss:(pitch, yaw, roll)/(171.441, 213.287, 183.147)
Min val mean MAE! save model!
Epoch[007] Batch[099/478] Speed: 696.08 samples/sec, Loss:(pitch, yaw, roll)/(33.621, 24.270, 29.138)
Epoch[007] Batch[199/478] Speed: 719.27 samples/sec, Loss:(pitch, yaw, roll)/(35.238, 20.779, 30.553)
Epoch[007] Batch[299/478] Speed: 718.04 samples/sec, Loss:(pitch, yaw, roll)/(34.295, 20.507, 30.122)
Epoch[007] Batch[399/478] Speed: 717.69 samples/sec, Loss:(pitch, yaw, roll)/(34.904, 20.099, 30.743)
Epoch[007] train: MAE:(pitch, yaw, roll, mean)/(3.328, 3.371, 2.738, 3.146), Cost=174 sec, lr=0.000799
Epoch[007] val  : MAE:(pitch, yaw, roll, mean)/(7.411, 9.006, 6.242, 7.553), Loss:(pitch, yaw, roll)/(168.591, 239.558, 194.981)
Epoch[008] Batch[099/478] Speed: 696.05 samples/sec, Loss:(pitch, yaw, roll)/(35.782, 17.980, 31.342)
Epoch[008] Batch[199/478] Speed: 716.48 samples/sec, Loss:(pitch, yaw, roll)/(34.992, 19.946, 30.731)
Epoch[008] Batch[299/478] Speed: 716.31 samples/sec, Loss:(pitch, yaw, roll)/(34.656, 20.052, 30.474)
Epoch[008] Batch[399/478] Speed: 718.08 samples/sec, Loss:(pitch, yaw, roll)/(35.089, 20.266, 31.179)
Epoch[008] train: MAE:(pitch, yaw, roll, mean)/(3.273, 3.366, 2.705, 3.115), Cost=174 sec, lr=0.000750
Epoch[008] val  : MAE:(pitch, yaw, roll, mean)/(7.260, 8.521, 5.930, 7.237), Loss:(pitch, yaw, roll)/(165.526, 213.135, 184.541)
Min val mean MAE! save model!
Epoch[009] Batch[099/478] Speed: 695.54 samples/sec, Loss:(pitch, yaw, roll)/(34.392, 17.912, 31.122)
Epoch[009] Batch[199/478] Speed: 718.04 samples/sec, Loss:(pitch, yaw, roll)/(34.414, 16.758, 30.760)
Epoch[009] Batch[299/478] Speed: 718.85 samples/sec, Loss:(pitch, yaw, roll)/(33.544, 17.557, 29.862)
Epoch[009] Batch[399/478] Speed: 718.09 samples/sec, Loss:(pitch, yaw, roll)/(34.382, 18.175, 30.418)
Epoch[009] train: MAE:(pitch, yaw, roll, mean)/(3.251, 3.229, 2.671, 3.050), Cost=174 sec, lr=0.000698
Epoch[009] val  : MAE:(pitch, yaw, roll, mean)/(6.908, 8.832, 5.811, 7.184), Loss:(pitch, yaw, roll)/(156.905, 219.078, 185.831)
Min val mean MAE! save model!
Epoch[010] Batch[099/478] Speed: 694.04 samples/sec, Loss:(pitch, yaw, roll)/(32.819, 20.904, 29.563)
Epoch[010] Batch[199/478] Speed: 718.75 samples/sec, Loss:(pitch, yaw, roll)/(31.819, 19.395, 28.351)
Epoch[010] Batch[299/478] Speed: 717.42 samples/sec, Loss:(pitch, yaw, roll)/(32.331, 19.727, 29.030)
Epoch[010] Batch[399/478] Speed: 719.60 samples/sec, Loss:(pitch, yaw, roll)/(32.685, 19.181, 29.412)
Epoch[010] train: MAE:(pitch, yaw, roll, mean)/(3.127, 3.297, 2.609, 3.011), Cost=174 sec, lr=0.000643
Epoch[010] val  : MAE:(pitch, yaw, roll, mean)/(7.208, 8.830, 6.052, 7.364), Loss:(pitch, yaw, roll)/(163.454, 222.626, 185.738)
Epoch[011] Batch[099/478] Speed: 697.40 samples/sec, Loss:(pitch, yaw, roll)/(32.737, 18.978, 28.926)
Epoch[011] Batch[199/478] Speed: 718.66 samples/sec, Loss:(pitch, yaw, roll)/(32.821, 20.164, 29.263)
Epoch[011] Batch[299/478] Speed: 719.30 samples/sec, Loss:(pitch, yaw, roll)/(32.362, 19.679, 29.010)
Epoch[011] Batch[399/478] Speed: 720.16 samples/sec, Loss:(pitch, yaw, roll)/(32.195, 19.639, 28.973)
Epoch[011] train: MAE:(pitch, yaw, roll, mean)/(3.057, 3.345, 2.544, 2.982), Cost=173 sec, lr=0.000587
Epoch[011] val  : MAE:(pitch, yaw, roll, mean)/(7.136, 8.500, 5.872, 7.170), Loss:(pitch, yaw, roll)/(160.733, 212.406, 184.647)
Min val mean MAE! save model!
Epoch[012] Batch[099/478] Speed: 697.11 samples/sec, Loss:(pitch, yaw, roll)/(28.481, 18.818, 25.883)
Epoch[012] Batch[199/478] Speed: 720.58 samples/sec, Loss:(pitch, yaw, roll)/(28.622, 18.374, 26.026)
Epoch[012] Batch[299/478] Speed: 719.35 samples/sec, Loss:(pitch, yaw, roll)/(29.926, 18.574, 27.090)
Epoch[012] Batch[399/478] Speed: 719.51 samples/sec, Loss:(pitch, yaw, roll)/(30.062, 18.682, 27.122)
Epoch[012] train: MAE:(pitch, yaw, roll, mean)/(2.978, 3.217, 2.505, 2.900), Cost=173 sec, lr=0.000529
Epoch[012] val  : MAE:(pitch, yaw, roll, mean)/(7.077, 8.431, 5.743, 7.083), Loss:(pitch, yaw, roll)/(158.635, 213.538, 176.237)
Min val mean MAE! save model!
Epoch[013] Batch[099/478] Speed: 698.43 samples/sec, Loss:(pitch, yaw, roll)/(29.580, 18.899, 26.498)
Epoch[013] Batch[199/478] Speed: 718.89 samples/sec, Loss:(pitch, yaw, roll)/(30.087, 17.619, 27.233)
Epoch[013] Batch[299/478] Speed: 717.75 samples/sec, Loss:(pitch, yaw, roll)/(30.094, 17.661, 27.174)
Epoch[013] Batch[399/478] Speed: 717.84 samples/sec, Loss:(pitch, yaw, roll)/(30.346, 17.528, 27.691)
Epoch[013] train: MAE:(pitch, yaw, roll, mean)/(2.945, 3.181, 2.497, 2.874), Cost=174 sec, lr=0.000471
Epoch[013] val  : MAE:(pitch, yaw, roll, mean)/(6.946, 8.539, 5.792, 7.092), Loss:(pitch, yaw, roll)/(157.020, 220.504, 181.519)
Epoch[014] Batch[099/478] Speed: 694.47 samples/sec, Loss:(pitch, yaw, roll)/(28.036, 17.290, 24.946)
Epoch[014] Batch[199/478] Speed: 717.81 samples/sec, Loss:(pitch, yaw, roll)/(28.971, 16.742, 26.376)
Epoch[014] Batch[299/478] Speed: 721.54 samples/sec, Loss:(pitch, yaw, roll)/(29.048, 17.251, 26.569)
Epoch[014] Batch[399/478] Speed: 718.90 samples/sec, Loss:(pitch, yaw, roll)/(28.666, 17.112, 26.059)
Epoch[014] train: MAE:(pitch, yaw, roll, mean)/(2.877, 3.116, 2.425, 2.806), Cost=173 sec, lr=0.000413
Epoch[014] val  : MAE:(pitch, yaw, roll, mean)/(6.982, 8.464, 5.692, 7.046), Loss:(pitch, yaw, roll)/(152.481, 217.194, 178.260)
Min val mean MAE! save model!
Epoch[015] Batch[099/478] Speed: 694.22 samples/sec, Loss:(pitch, yaw, roll)/(25.919, 18.243, 23.751)
Epoch[015] Batch[199/478] Speed: 718.81 samples/sec, Loss:(pitch, yaw, roll)/(27.481, 18.152, 25.303)
Epoch[015] Batch[299/478] Speed: 719.06 samples/sec, Loss:(pitch, yaw, roll)/(27.752, 17.663, 25.538)
Epoch[015] Batch[399/478] Speed: 718.87 samples/sec, Loss:(pitch, yaw, roll)/(27.831, 17.719, 25.579)
Epoch[015] train: MAE:(pitch, yaw, roll, mean)/(2.793, 3.207, 2.369, 2.789), Cost=173 sec, lr=0.000357
Epoch[015] val  : MAE:(pitch, yaw, roll, mean)/(7.116, 8.250, 5.994, 7.120), Loss:(pitch, yaw, roll)/(159.819, 213.319, 186.453)
Epoch[016] Batch[099/478] Speed: 696.37 samples/sec, Loss:(pitch, yaw, roll)/(25.699, 16.658, 23.506)
Epoch[016] Batch[199/478] Speed: 720.16 samples/sec, Loss:(pitch, yaw, roll)/(26.391, 16.763, 23.966)
Epoch[016] Batch[299/478] Speed: 718.67 samples/sec, Loss:(pitch, yaw, roll)/(26.634, 16.217, 24.475)
Epoch[016] Batch[399/478] Speed: 718.15 samples/sec, Loss:(pitch, yaw, roll)/(27.428, 16.995, 25.292)
Epoch[016] train: MAE:(pitch, yaw, roll, mean)/(2.741, 3.082, 2.343, 2.722), Cost=173 sec, lr=0.000302
Epoch[016] val  : MAE:(pitch, yaw, roll, mean)/(6.934, 8.552, 5.651, 7.046), Loss:(pitch, yaw, roll)/(158.640, 216.435, 180.600)
Min val mean MAE! save model!
Epoch[017] Batch[099/478] Speed: 696.36 samples/sec, Loss:(pitch, yaw, roll)/(25.004, 17.761, 23.040)
Epoch[017] Batch[199/478] Speed: 718.80 samples/sec, Loss:(pitch, yaw, roll)/(25.245, 16.618, 23.249)
Epoch[017] Batch[299/478] Speed: 717.69 samples/sec, Loss:(pitch, yaw, roll)/(26.059, 16.386, 23.887)
Epoch[017] Batch[399/478] Speed: 717.08 samples/sec, Loss:(pitch, yaw, roll)/(26.188, 15.938, 24.121)
Epoch[017] train: MAE:(pitch, yaw, roll, mean)/(2.673, 3.015, 2.291, 2.660), Cost=174 sec, lr=0.000250
Epoch[017] val  : MAE:(pitch, yaw, roll, mean)/(7.033, 8.263, 5.763, 7.020), Loss:(pitch, yaw, roll)/(161.422, 206.109, 183.521)
Min val mean MAE! save model!
Epoch[018] Batch[099/478] Speed: 694.90 samples/sec, Loss:(pitch, yaw, roll)/(27.446, 17.471, 25.468)
Epoch[018] Batch[199/478] Speed: 719.33 samples/sec, Loss:(pitch, yaw, roll)/(25.878, 16.945, 23.953)
Epoch[018] Batch[299/478] Speed: 717.47 samples/sec, Loss:(pitch, yaw, roll)/(26.186, 16.650, 24.333)
Epoch[018] Batch[399/478] Speed: 717.16 samples/sec, Loss:(pitch, yaw, roll)/(25.647, 16.493, 23.899)
Epoch[018] train: MAE:(pitch, yaw, roll, mean)/(2.601, 3.132, 2.236, 2.657), Cost=174 sec, lr=0.000202
Epoch[018] val  : MAE:(pitch, yaw, roll, mean)/(6.939, 8.249, 5.756, 6.981), Loss:(pitch, yaw, roll)/(156.376, 206.895, 181.456)
Min val mean MAE! save model!
Epoch[019] Batch[099/478] Speed: 696.90 samples/sec, Loss:(pitch, yaw, roll)/(23.607, 12.559, 21.761)
Epoch[019] Batch[199/478] Speed: 717.52 samples/sec, Loss:(pitch, yaw, roll)/(23.660, 14.457, 21.887)
Epoch[019] Batch[299/478] Speed: 720.19 samples/sec, Loss:(pitch, yaw, roll)/(24.033, 15.183, 22.297)
Epoch[019] Batch[399/478] Speed: 718.78 samples/sec, Loss:(pitch, yaw, roll)/(24.217, 15.593, 22.484)
Epoch[019] train: MAE:(pitch, yaw, roll, mean)/(2.529, 3.008, 2.189, 2.576), Cost=173 sec, lr=0.000157
Epoch[019] val  : MAE:(pitch, yaw, roll, mean)/(6.916, 8.235, 5.669, 6.940), Loss:(pitch, yaw, roll)/(155.935, 205.404, 181.939)
Min val mean MAE! save model!
Epoch[020] Batch[099/478] Speed: 698.22 samples/sec, Loss:(pitch, yaw, roll)/(23.582, 18.856, 22.179)
Epoch[020] Batch[199/478] Speed: 717.96 samples/sec, Loss:(pitch, yaw, roll)/(23.015, 18.932, 21.388)
Epoch[020] Batch[299/478] Speed: 715.75 samples/sec, Loss:(pitch, yaw, roll)/(23.081, 18.228, 21.571)
Epoch[020] Batch[399/478] Speed: 716.07 samples/sec, Loss:(pitch, yaw, roll)/(23.433, 18.339, 21.887)
Epoch[020] train: MAE:(pitch, yaw, roll, mean)/(2.486, 3.275, 2.148, 2.636), Cost=174 sec, lr=0.000117
Epoch[020] val  : MAE:(pitch, yaw, roll, mean)/(6.948, 8.282, 5.675, 6.968), Loss:(pitch, yaw, roll)/(155.227, 206.980, 181.361)
Epoch[021] Batch[099/478] Speed: 694.14 samples/sec, Loss:(pitch, yaw, roll)/(23.775, 14.989, 22.114)
Epoch[021] Batch[199/478] Speed: 718.40 samples/sec, Loss:(pitch, yaw, roll)/(22.888, 16.306, 21.285)
Epoch[021] Batch[299/478] Speed: 718.75 samples/sec, Loss:(pitch, yaw, roll)/(22.665, 15.506, 21.195)
Epoch[021] Batch[399/478] Speed: 720.37 samples/sec, Loss:(pitch, yaw, roll)/(22.705, 15.070, 21.224)
Epoch[021] train: MAE:(pitch, yaw, roll, mean)/(2.433, 2.893, 2.116, 2.480), Cost=173 sec, lr=0.000083
Epoch[021] val  : MAE:(pitch, yaw, roll, mean)/(6.942, 8.082, 5.677, 6.900), Loss:(pitch, yaw, roll)/(156.340, 207.178, 181.122)
Min val mean MAE! save model!
Epoch[022] Batch[099/478] Speed: 696.61 samples/sec, Loss:(pitch, yaw, roll)/(21.473, 12.848, 19.810)
Epoch[022] Batch[199/478] Speed: 719.88 samples/sec, Loss:(pitch, yaw, roll)/(21.581, 16.235, 20.014)
Epoch[022] Batch[299/478] Speed: 719.99 samples/sec, Loss:(pitch, yaw, roll)/(21.966, 17.194, 20.413)
Epoch[022] Batch[399/478] Speed: 716.75 samples/sec, Loss:(pitch, yaw, roll)/(21.948, 16.682, 20.434)
Epoch[022] train: MAE:(pitch, yaw, roll, mean)/(2.390, 3.010, 2.065, 2.488), Cost=173 sec, lr=0.000054
Epoch[022] val  : MAE:(pitch, yaw, roll, mean)/(6.898, 8.187, 5.671, 6.919), Loss:(pitch, yaw, roll)/(152.824, 209.224, 178.771)
Epoch[023] Batch[099/478] Speed: 695.15 samples/sec, Loss:(pitch, yaw, roll)/(20.715, 13.031, 19.457)
Epoch[023] Batch[199/478] Speed: 716.55 samples/sec, Loss:(pitch, yaw, roll)/(21.752, 12.610, 20.485)
Epoch[023] Batch[299/478] Speed: 717.59 samples/sec, Loss:(pitch, yaw, roll)/(21.528, 13.831, 20.181)
Epoch[023] Batch[399/478] Speed: 724.62 samples/sec, Loss:(pitch, yaw, roll)/(21.437, 13.774, 20.121)
Epoch[023] train: MAE:(pitch, yaw, roll, mean)/(2.369, 2.796, 2.074, 2.413), Cost=173 sec, lr=0.000031
Epoch[023] val  : MAE:(pitch, yaw, roll, mean)/(6.934, 8.209, 5.653, 6.932), Loss:(pitch, yaw, roll)/(154.124, 210.249, 177.493)
Epoch[024] Batch[099/478] Speed: 708.54 samples/sec, Loss:(pitch, yaw, roll)/(20.978, 13.999, 19.763)
Epoch[024] Batch[199/478] Speed: 724.75 samples/sec, Loss:(pitch, yaw, roll)/(20.672, 15.030, 19.419)
Epoch[024] Batch[299/478] Speed: 724.34 samples/sec, Loss:(pitch, yaw, roll)/(20.810, 14.874, 19.537)
Epoch[024] Batch[399/478] Speed: 729.06 samples/sec, Loss:(pitch, yaw, roll)/(20.900, 14.186, 19.619)
Epoch[024] train: MAE:(pitch, yaw, roll, mean)/(2.333, 2.866, 2.037, 2.412), Cost=172 sec, lr=0.000014
Epoch[024] val  : MAE:(pitch, yaw, roll, mean)/(6.836, 8.133, 5.658, 6.876), Loss:(pitch, yaw, roll)/(149.919, 208.249, 174.970)
Min val mean MAE! save model!
Epoch[025] Batch[099/478] Speed: 700.38 samples/sec, Loss:(pitch, yaw, roll)/(20.228, 15.377, 19.120)
Epoch[025] Batch[199/478] Speed: 730.24 samples/sec, Loss:(pitch, yaw, roll)/(20.189, 15.556, 18.869)
Epoch[025] Batch[299/478] Speed: 724.34 samples/sec, Loss:(pitch, yaw, roll)/(20.351, 16.939, 19.029)
Epoch[025] Batch[399/478] Speed: 720.59 samples/sec, Loss:(pitch, yaw, roll)/(20.636, 16.239, 19.274)
Epoch[025] train: MAE:(pitch, yaw, roll, mean)/(2.327, 3.050, 2.032, 2.470), Cost=172 sec, lr=0.000004
Epoch[025] val  : MAE:(pitch, yaw, roll, mean)/(6.885, 8.208, 5.623, 6.905), Loss:(pitch, yaw, roll)/(153.823, 209.197, 177.186)
Epoch[026] Batch[099/478] Speed: 705.88 samples/sec, Loss:(pitch, yaw, roll)/(20.345, 15.474, 18.933)
Epoch[026] Batch[199/478] Speed: 723.48 samples/sec, Loss:(pitch, yaw, roll)/(20.505, 15.169, 19.170)
Epoch[026] Batch[299/478] Speed: 723.06 samples/sec, Loss:(pitch, yaw, roll)/(20.616, 14.935, 19.414)
Epoch[026] Batch[399/478] Speed: 728.64 samples/sec, Loss:(pitch, yaw, roll)/(20.611, 15.245, 19.426)
Epoch[026] train: MAE:(pitch, yaw, roll, mean)/(2.319, 2.925, 2.040, 2.428), Cost=171 sec, lr=0.000001
Epoch[026] val  : MAE:(pitch, yaw, roll, mean)/(6.896, 8.486, 5.702, 7.028), Loss:(pitch, yaw, roll)/(154.011, 217.232, 179.139)
Epoch[027] Batch[099/478] Speed: 701.49 samples/sec, Loss:(pitch, yaw, roll)/(21.198, 13.228, 19.921)
Epoch[027] Batch[199/478] Speed: 724.54 samples/sec, Loss:(pitch, yaw, roll)/(20.643, 14.954, 19.253)
Epoch[027] Batch[299/478] Speed: 722.12 samples/sec, Loss:(pitch, yaw, roll)/(20.710, 14.687, 19.305)
Epoch[027] Batch[399/478] Speed: 721.11 samples/sec, Loss:(pitch, yaw, roll)/(20.672, 14.489, 19.327)
Epoch[027] train: MAE:(pitch, yaw, roll, mean)/(2.322, 2.912, 2.042, 2.425), Cost=172 sec, lr=0.000001
Epoch[027] val  : MAE:(pitch, yaw, roll, mean)/(6.919, 8.205, 5.602, 6.909), Loss:(pitch, yaw, roll)/(156.712, 207.067, 177.654)
Epoch[028] Batch[099/478] Speed: 702.51 samples/sec, Loss:(pitch, yaw, roll)/(19.430, 15.794, 17.896)
Epoch[028] Batch[199/478] Speed: 724.48 samples/sec, Loss:(pitch, yaw, roll)/(19.627, 15.531, 18.026)
Epoch[028] Batch[299/478] Speed: 734.15 samples/sec, Loss:(pitch, yaw, roll)/(19.924, 15.935, 18.408)
Epoch[028] Batch[399/478] Speed: 725.53 samples/sec, Loss:(pitch, yaw, roll)/(20.464, 15.968, 19.151)
Epoch[028] train: MAE:(pitch, yaw, roll, mean)/(2.299, 2.872, 2.022, 2.398), Cost=171 sec, lr=0.000001
Epoch[028] val  : MAE:(pitch, yaw, roll, mean)/(6.903, 8.168, 5.691, 6.921), Loss:(pitch, yaw, roll)/(153.862, 209.814, 179.682)
Epoch[029] Batch[099/478] Speed: 704.87 samples/sec, Loss:(pitch, yaw, roll)/(20.348, 13.902, 18.813)
Epoch[029] Batch[199/478] Speed: 723.50 samples/sec, Loss:(pitch, yaw, roll)/(20.345, 14.239, 18.998)
Epoch[029] Batch[299/478] Speed: 722.67 samples/sec, Loss:(pitch, yaw, roll)/(20.330, 14.436, 19.125)
Epoch[029] Batch[399/478] Speed: 724.08 samples/sec, Loss:(pitch, yaw, roll)/(20.573, 14.394, 19.376)
Epoch[029] train: MAE:(pitch, yaw, roll, mean)/(2.302, 2.864, 2.020, 2.395), Cost=172 sec, lr=0.000001
Epoch[029] val  : MAE:(pitch, yaw, roll, mean)/(6.922, 8.163, 5.664, 6.916), Loss:(pitch, yaw, roll)/(152.409, 207.341, 175.459)


Min mean MAE: 6.876, Epoch: 24.000
