nohup: ignoring input
Namespace(alpha=1.0, anno_txt='./data/300W_LP_pose.txt', bs=64, dataset='/home/lfx/Data/300W_LP', epochs=30, gpu=7, log_interval=100, lr=0.001, lr_decay_epoch='10, 15, 20', lr_type='cos', momentum=0.9, net='v2', num_workers=6, prefix='v2_alpha1', save='./weight', use_fc=1, version='small', wd=4e-05, weights='', width_mult=1.0)
[00:06:35] src/operator/nn/./cudnn/./cudnn_algoreg-inl.h:97: Running performance tests to find the best convolution algorithm, this can take a while... (set the environment variable MXNET_CUDNN_AUTOTUNE_DEFAULT to 0 to disable)
Epoch[000] Batch[099/1913] Speed: 249.56 samples/sec, Loss:(pitch, yaw, roll)/(89.053, 663.940, 74.191)
Epoch[000] Batch[199/1913] Speed: 356.64 samples/sec, Loss:(pitch, yaw, roll)/(86.705, 457.755, 72.170)
Epoch[000] Batch[299/1913] Speed: 358.52 samples/sec, Loss:(pitch, yaw, roll)/(84.077, 365.797, 70.871)
Epoch[000] Batch[399/1913] Speed: 357.38 samples/sec, Loss:(pitch, yaw, roll)/(81.733, 314.360, 69.551)
Epoch[000] Batch[499/1913] Speed: 358.63 samples/sec, Loss:(pitch, yaw, roll)/(79.338, 279.732, 67.004)
Epoch[000] Batch[599/1913] Speed: 357.41 samples/sec, Loss:(pitch, yaw, roll)/(77.162, 252.817, 64.521)
Epoch[000] Batch[699/1913] Speed: 357.18 samples/sec, Loss:(pitch, yaw, roll)/(75.071, 230.280, 61.751)
Epoch[000] Batch[799/1913] Speed: 356.50 samples/sec, Loss:(pitch, yaw, roll)/(73.333, 214.369, 59.928)
Epoch[000] Batch[899/1913] Speed: 357.42 samples/sec, Loss:(pitch, yaw, roll)/(71.669, 201.183, 58.068)
Epoch[000] Batch[999/1913] Speed: 356.45 samples/sec, Loss:(pitch, yaw, roll)/(70.301, 189.565, 56.586)
Epoch[000] Batch[1099/1913] Speed: 357.16 samples/sec, Loss:(pitch, yaw, roll)/(68.793, 180.040, 55.177)
Epoch[000] Batch[1199/1913] Speed: 355.73 samples/sec, Loss:(pitch, yaw, roll)/(67.073, 170.858, 53.577)
Epoch[000] Batch[1299/1913] Speed: 356.95 samples/sec, Loss:(pitch, yaw, roll)/(65.802, 163.187, 52.280)
Epoch[000] Batch[1399/1913] Speed: 358.12 samples/sec, Loss:(pitch, yaw, roll)/(64.322, 155.645, 50.974)
Epoch[000] Batch[1499/1913] Speed: 356.52 samples/sec, Loss:(pitch, yaw, roll)/(63.311, 148.533, 50.111)
Epoch[000] Batch[1599/1913] Speed: 356.59 samples/sec, Loss:(pitch, yaw, roll)/(62.332, 142.866, 49.275)
Epoch[000] Batch[1699/1913] Speed: 354.83 samples/sec, Loss:(pitch, yaw, roll)/(61.329, 138.242, 48.301)
Epoch[000] Batch[1799/1913] Speed: 353.99 samples/sec, Loss:(pitch, yaw, roll)/(60.575, 134.635, 47.533)
Epoch[000] Batch[1899/1913] Speed: 356.59 samples/sec, Loss:(pitch, yaw, roll)/(59.857, 130.116, 46.833)
[00:12:31] src/operator/nn/./cudnn/./cudnn_algoreg-inl.h:97: Running performance tests to find the best convolution algorithm, this can take a while... (set the environment variable MXNET_CUDNN_AUTOTUNE_DEFAULT to 0 to disable)
Epoch[000] train: MAE:(pitch, yaw, roll, mean)/(7.478, 10.282, 6.174, 7.978), Cost=359 sec, lr=0.000997
Epoch[000] val  : MAE:(pitch, yaw, roll, mean)/(10.653, 16.599, 9.116, 12.123), Loss:(pitch, yaw, roll)/(141.642, 286.614, 146.001)
Min val mean MAE! save model!
Epoch[001] Batch[099/1913] Speed: 352.24 samples/sec, Loss:(pitch, yaw, roll)/(44.168, 47.139, 32.943)
Epoch[001] Batch[199/1913] Speed: 357.08 samples/sec, Loss:(pitch, yaw, roll)/(46.147, 51.508, 35.305)
Epoch[001] Batch[299/1913] Speed: 357.50 samples/sec, Loss:(pitch, yaw, roll)/(44.848, 51.808, 34.413)
Epoch[001] Batch[399/1913] Speed: 358.13 samples/sec, Loss:(pitch, yaw, roll)/(43.993, 49.160, 33.561)
Epoch[001] Batch[499/1913] Speed: 356.48 samples/sec, Loss:(pitch, yaw, roll)/(43.394, 48.293, 33.178)
Epoch[001] Batch[599/1913] Speed: 357.42 samples/sec, Loss:(pitch, yaw, roll)/(43.615, 47.767, 33.396)
Epoch[001] Batch[699/1913] Speed: 355.85 samples/sec, Loss:(pitch, yaw, roll)/(43.674, 46.205, 33.615)
Epoch[001] Batch[799/1913] Speed: 355.24 samples/sec, Loss:(pitch, yaw, roll)/(43.022, 44.874, 32.891)
Epoch[001] Batch[899/1913] Speed: 354.63 samples/sec, Loss:(pitch, yaw, roll)/(42.687, 43.523, 32.576)
Epoch[001] Batch[999/1913] Speed: 355.22 samples/sec, Loss:(pitch, yaw, roll)/(42.578, 44.515, 32.543)
Epoch[001] Batch[1099/1913] Speed: 355.25 samples/sec, Loss:(pitch, yaw, roll)/(42.198, 43.035, 32.372)
Epoch[001] Batch[1199/1913] Speed: 356.29 samples/sec, Loss:(pitch, yaw, roll)/(42.471, 42.907, 32.415)
Epoch[001] Batch[1299/1913] Speed: 355.91 samples/sec, Loss:(pitch, yaw, roll)/(42.118, 41.690, 32.145)
Epoch[001] Batch[1399/1913] Speed: 354.75 samples/sec, Loss:(pitch, yaw, roll)/(42.041, 41.122, 32.011)
Epoch[001] Batch[1499/1913] Speed: 356.52 samples/sec, Loss:(pitch, yaw, roll)/(41.941, 40.798, 31.872)
Epoch[001] Batch[1599/1913] Speed: 356.79 samples/sec, Loss:(pitch, yaw, roll)/(41.725, 40.189, 31.717)
Epoch[001] Batch[1699/1913] Speed: 355.84 samples/sec, Loss:(pitch, yaw, roll)/(41.620, 39.521, 31.720)
Epoch[001] Batch[1799/1913] Speed: 354.73 samples/sec, Loss:(pitch, yaw, roll)/(41.799, 39.335, 31.820)
Epoch[001] Batch[1899/1913] Speed: 355.91 samples/sec, Loss:(pitch, yaw, roll)/(41.853, 39.453, 31.815)
Epoch[001] train: MAE:(pitch, yaw, roll, mean)/(6.007, 5.708, 4.712, 5.476), Cost=345 sec, lr=0.000987
Epoch[001] val  : MAE:(pitch, yaw, roll, mean)/(10.293, 18.761, 9.196, 12.750), Loss:(pitch, yaw, roll)/(138.354, 416.587, 143.326)
Epoch[002] Batch[099/1913] Speed: 352.27 samples/sec, Loss:(pitch, yaw, roll)/(40.737, 40.056, 31.371)
Epoch[002] Batch[199/1913] Speed: 356.00 samples/sec, Loss:(pitch, yaw, roll)/(39.979, 36.411, 30.922)
Epoch[002] Batch[299/1913] Speed: 356.60 samples/sec, Loss:(pitch, yaw, roll)/(40.359, 34.170, 31.246)
Epoch[002] Batch[399/1913] Speed: 355.59 samples/sec, Loss:(pitch, yaw, roll)/(39.847, 31.748, 30.838)
Epoch[002] Batch[499/1913] Speed: 357.29 samples/sec, Loss:(pitch, yaw, roll)/(38.240, 31.088, 29.423)
Epoch[002] Batch[599/1913] Speed: 355.33 samples/sec, Loss:(pitch, yaw, roll)/(37.804, 29.768, 29.199)
Epoch[002] Batch[699/1913] Speed: 357.42 samples/sec, Loss:(pitch, yaw, roll)/(37.618, 28.500, 29.017)
Epoch[002] Batch[799/1913] Speed: 355.52 samples/sec, Loss:(pitch, yaw, roll)/(37.156, 26.980, 28.801)
Epoch[002] Batch[899/1913] Speed: 355.97 samples/sec, Loss:(pitch, yaw, roll)/(37.044, 26.462, 28.666)
Epoch[002] Batch[999/1913] Speed: 355.59 samples/sec, Loss:(pitch, yaw, roll)/(36.990, 25.727, 28.526)
Epoch[002] Batch[1099/1913] Speed: 356.82 samples/sec, Loss:(pitch, yaw, roll)/(36.800, 25.290, 28.373)
Epoch[002] Batch[1199/1913] Speed: 355.77 samples/sec, Loss:(pitch, yaw, roll)/(36.756, 25.533, 28.314)
Epoch[002] Batch[1299/1913] Speed: 356.02 samples/sec, Loss:(pitch, yaw, roll)/(36.947, 25.080, 28.442)
Epoch[002] Batch[1399/1913] Speed: 357.17 samples/sec, Loss:(pitch, yaw, roll)/(36.889, 25.285, 28.422)
Epoch[002] Batch[1499/1913] Speed: 356.77 samples/sec, Loss:(pitch, yaw, roll)/(37.043, 25.118, 28.516)
Epoch[002] Batch[1599/1913] Speed: 356.14 samples/sec, Loss:(pitch, yaw, roll)/(36.936, 24.880, 28.467)
Epoch[002] Batch[1699/1913] Speed: 357.03 samples/sec, Loss:(pitch, yaw, roll)/(37.030, 24.653, 28.579)
Epoch[002] Batch[1799/1913] Speed: 355.90 samples/sec, Loss:(pitch, yaw, roll)/(36.748, 24.310, 28.326)
Epoch[002] Batch[1899/1913] Speed: 355.90 samples/sec, Loss:(pitch, yaw, roll)/(36.563, 23.905, 28.168)
Epoch[002] train: MAE:(pitch, yaw, roll, mean)/(5.482, 4.340, 4.274, 4.699), Cost=345 sec, lr=0.000970
Epoch[002] val  : MAE:(pitch, yaw, roll, mean)/(8.900, 11.046, 7.571, 9.173), Loss:(pitch, yaw, roll)/(116.725, 197.286, 115.407)
Min val mean MAE! save model!
Epoch[003] Batch[099/1913] Speed: 350.77 samples/sec, Loss:(pitch, yaw, roll)/(35.751, 31.685, 25.916)
Epoch[003] Batch[199/1913] Speed: 355.99 samples/sec, Loss:(pitch, yaw, roll)/(34.723, 31.266, 25.702)
Epoch[003] Batch[299/1913] Speed: 356.61 samples/sec, Loss:(pitch, yaw, roll)/(35.070, 28.203, 25.849)
Epoch[003] Batch[399/1913] Speed: 356.72 samples/sec, Loss:(pitch, yaw, roll)/(34.088, 24.959, 25.449)
Epoch[003] Batch[499/1913] Speed: 355.91 samples/sec, Loss:(pitch, yaw, roll)/(34.557, 24.188, 26.136)
Epoch[003] Batch[599/1913] Speed: 356.31 samples/sec, Loss:(pitch, yaw, roll)/(35.279, 25.798, 26.607)
Epoch[003] Batch[699/1913] Speed: 356.45 samples/sec, Loss:(pitch, yaw, roll)/(34.928, 24.893, 26.290)
Epoch[003] Batch[799/1913] Speed: 356.54 samples/sec, Loss:(pitch, yaw, roll)/(35.219, 24.711, 26.752)
Epoch[003] Batch[899/1913] Speed: 357.54 samples/sec, Loss:(pitch, yaw, roll)/(35.416, 24.654, 26.953)
Epoch[003] Batch[999/1913] Speed: 356.88 samples/sec, Loss:(pitch, yaw, roll)/(35.474, 24.061, 27.011)
Epoch[003] Batch[1099/1913] Speed: 355.73 samples/sec, Loss:(pitch, yaw, roll)/(35.684, 23.578, 27.313)
Epoch[003] Batch[1199/1913] Speed: 356.25 samples/sec, Loss:(pitch, yaw, roll)/(35.615, 23.470, 27.241)
Epoch[003] Batch[1299/1913] Speed: 356.55 samples/sec, Loss:(pitch, yaw, roll)/(35.680, 23.582, 27.222)
Epoch[003] Batch[1399/1913] Speed: 356.44 samples/sec, Loss:(pitch, yaw, roll)/(35.385, 23.100, 27.029)
Epoch[003] Batch[1499/1913] Speed: 355.83 samples/sec, Loss:(pitch, yaw, roll)/(35.375, 22.913, 26.997)
Epoch[003] Batch[1599/1913] Speed: 357.23 samples/sec, Loss:(pitch, yaw, roll)/(35.514, 23.708, 27.160)
Epoch[003] Batch[1699/1913] Speed: 355.70 samples/sec, Loss:(pitch, yaw, roll)/(35.623, 24.202, 27.177)
Epoch[003] Batch[1799/1913] Speed: 356.21 samples/sec, Loss:(pitch, yaw, roll)/(35.563, 24.180, 27.136)
Epoch[003] Batch[1899/1913] Speed: 355.38 samples/sec, Loss:(pitch, yaw, roll)/(35.430, 23.799, 27.042)
Epoch[003] train: MAE:(pitch, yaw, roll, mean)/(5.387, 4.308, 4.162, 4.619), Cost=345 sec, lr=0.000947
Epoch[003] val  : MAE:(pitch, yaw, roll, mean)/(8.553, 9.823, 7.618, 8.665), Loss:(pitch, yaw, roll)/(105.588, 125.402, 115.235)
Min val mean MAE! save model!
Epoch[004] Batch[099/1913] Speed: 352.11 samples/sec, Loss:(pitch, yaw, roll)/(31.640, 16.139, 24.631)
Epoch[004] Batch[199/1913] Speed: 355.73 samples/sec, Loss:(pitch, yaw, roll)/(31.927, 14.640, 25.586)
Epoch[004] Batch[299/1913] Speed: 354.98 samples/sec, Loss:(pitch, yaw, roll)/(31.282, 18.138, 24.360)
Epoch[004] Batch[399/1913] Speed: 355.66 samples/sec, Loss:(pitch, yaw, roll)/(32.184, 17.971, 25.407)
Epoch[004] Batch[499/1913] Speed: 355.77 samples/sec, Loss:(pitch, yaw, roll)/(32.043, 17.373, 24.937)
Epoch[004] Batch[599/1913] Speed: 354.72 samples/sec, Loss:(pitch, yaw, roll)/(31.870, 17.403, 24.789)
Epoch[004] Batch[699/1913] Speed: 355.95 samples/sec, Loss:(pitch, yaw, roll)/(31.791, 17.005, 24.696)
Epoch[004] Batch[799/1913] Speed: 355.94 samples/sec, Loss:(pitch, yaw, roll)/(31.786, 16.492, 24.834)
Epoch[004] Batch[899/1913] Speed: 357.08 samples/sec, Loss:(pitch, yaw, roll)/(32.422, 16.186, 25.411)
Epoch[004] Batch[999/1913] Speed: 355.79 samples/sec, Loss:(pitch, yaw, roll)/(32.332, 16.668, 25.337)
Epoch[004] Batch[1099/1913] Speed: 357.12 samples/sec, Loss:(pitch, yaw, roll)/(32.274, 16.634, 25.147)
Epoch[004] Batch[1199/1913] Speed: 357.26 samples/sec, Loss:(pitch, yaw, roll)/(32.269, 16.388, 25.185)
Epoch[004] Batch[1299/1913] Speed: 355.21 samples/sec, Loss:(pitch, yaw, roll)/(32.381, 16.328, 25.309)
Epoch[004] Batch[1399/1913] Speed: 355.70 samples/sec, Loss:(pitch, yaw, roll)/(32.389, 16.189, 25.251)
Epoch[004] Batch[1499/1913] Speed: 355.06 samples/sec, Loss:(pitch, yaw, roll)/(32.154, 15.897, 25.038)
Epoch[004] Batch[1599/1913] Speed: 356.15 samples/sec, Loss:(pitch, yaw, roll)/(31.903, 15.678, 24.851)
Epoch[004] Batch[1699/1913] Speed: 354.64 samples/sec, Loss:(pitch, yaw, roll)/(31.884, 15.580, 24.823)
Epoch[004] Batch[1799/1913] Speed: 355.46 samples/sec, Loss:(pitch, yaw, roll)/(31.812, 15.522, 24.727)
Epoch[004] Batch[1899/1913] Speed: 354.79 samples/sec, Loss:(pitch, yaw, roll)/(31.915, 15.348, 24.801)
Epoch[004] train: MAE:(pitch, yaw, roll, mean)/(5.006, 3.556, 3.885, 4.149), Cost=346 sec, lr=0.000918
Epoch[004] val  : MAE:(pitch, yaw, roll, mean)/(8.697, 8.947, 6.826, 8.157), Loss:(pitch, yaw, roll)/(103.921, 124.681, 106.983)
Min val mean MAE! save model!
Epoch[005] Batch[099/1913] Speed: 350.60 samples/sec, Loss:(pitch, yaw, roll)/(30.010, 16.626, 24.860)
Epoch[005] Batch[199/1913] Speed: 355.84 samples/sec, Loss:(pitch, yaw, roll)/(31.107, 14.914, 24.827)
Epoch[005] Batch[299/1913] Speed: 355.56 samples/sec, Loss:(pitch, yaw, roll)/(31.104, 14.051, 24.718)
Epoch[005] Batch[399/1913] Speed: 355.71 samples/sec, Loss:(pitch, yaw, roll)/(31.240, 15.500, 24.724)
Epoch[005] Batch[499/1913] Speed: 356.66 samples/sec, Loss:(pitch, yaw, roll)/(31.145, 14.996, 24.605)
Epoch[005] Batch[599/1913] Speed: 356.26 samples/sec, Loss:(pitch, yaw, roll)/(31.768, 15.144, 24.810)
Epoch[005] Batch[699/1913] Speed: 356.25 samples/sec, Loss:(pitch, yaw, roll)/(31.262, 15.216, 24.401)
Epoch[005] Batch[799/1913] Speed: 357.37 samples/sec, Loss:(pitch, yaw, roll)/(31.044, 15.182, 24.250)
Epoch[005] Batch[899/1913] Speed: 357.37 samples/sec, Loss:(pitch, yaw, roll)/(31.365, 15.468, 24.754)
Epoch[005] Batch[999/1913] Speed: 354.25 samples/sec, Loss:(pitch, yaw, roll)/(31.426, 15.281, 24.808)
Epoch[005] Batch[1099/1913] Speed: 356.43 samples/sec, Loss:(pitch, yaw, roll)/(31.951, 15.730, 25.225)
Epoch[005] Batch[1199/1913] Speed: 355.62 samples/sec, Loss:(pitch, yaw, roll)/(31.736, 15.815, 24.987)
Epoch[005] Batch[1299/1913] Speed: 356.33 samples/sec, Loss:(pitch, yaw, roll)/(31.796, 16.843, 24.952)
Epoch[005] Batch[1399/1913] Speed: 356.19 samples/sec, Loss:(pitch, yaw, roll)/(31.793, 16.759, 24.876)
Epoch[005] Batch[1499/1913] Speed: 354.92 samples/sec, Loss:(pitch, yaw, roll)/(31.955, 16.600, 25.007)
Epoch[005] Batch[1599/1913] Speed: 356.30 samples/sec, Loss:(pitch, yaw, roll)/(31.988, 16.689, 25.077)
Epoch[005] Batch[1699/1913] Speed: 354.88 samples/sec, Loss:(pitch, yaw, roll)/(31.865, 16.885, 24.901)
Epoch[005] Batch[1799/1913] Speed: 356.07 samples/sec, Loss:(pitch, yaw, roll)/(31.622, 16.706, 24.685)
Epoch[005] Batch[1899/1913] Speed: 357.16 samples/sec, Loss:(pitch, yaw, roll)/(31.459, 16.463, 24.546)
Epoch[005] train: MAE:(pitch, yaw, roll, mean)/(4.964, 3.612, 3.880, 4.152), Cost=345 sec, lr=0.000883
Epoch[005] val  : MAE:(pitch, yaw, roll, mean)/(8.240, 11.918, 7.277, 9.145), Loss:(pitch, yaw, roll)/(103.143, 185.354, 108.633)
Epoch[006] Batch[099/1913] Speed: 352.47 samples/sec, Loss:(pitch, yaw, roll)/(27.888, 13.153, 22.011)
Epoch[006] Batch[199/1913] Speed: 357.06 samples/sec, Loss:(pitch, yaw, roll)/(29.484, 11.973, 23.333)
Epoch[006] Batch[299/1913] Speed: 356.96 samples/sec, Loss:(pitch, yaw, roll)/(29.534, 11.696, 23.515)
Epoch[006] Batch[399/1913] Speed: 356.60 samples/sec, Loss:(pitch, yaw, roll)/(28.975, 11.093, 22.862)
Epoch[006] Batch[499/1913] Speed: 356.04 samples/sec, Loss:(pitch, yaw, roll)/(29.041, 11.149, 23.229)
Epoch[006] Batch[599/1913] Speed: 355.13 samples/sec, Loss:(pitch, yaw, roll)/(29.513, 11.203, 23.489)
Epoch[006] Batch[699/1913] Speed: 356.13 samples/sec, Loss:(pitch, yaw, roll)/(28.947, 11.076, 23.020)
Epoch[006] Batch[799/1913] Speed: 355.94 samples/sec, Loss:(pitch, yaw, roll)/(28.936, 10.959, 23.093)
Epoch[006] Batch[899/1913] Speed: 356.11 samples/sec, Loss:(pitch, yaw, roll)/(28.666, 11.148, 22.869)
Epoch[006] Batch[999/1913] Speed: 355.44 samples/sec, Loss:(pitch, yaw, roll)/(28.865, 11.306, 23.071)
Epoch[006] Batch[1099/1913] Speed: 354.36 samples/sec, Loss:(pitch, yaw, roll)/(28.973, 11.813, 23.032)
Epoch[006] Batch[1199/1913] Speed: 356.58 samples/sec, Loss:(pitch, yaw, roll)/(28.906, 11.773, 22.927)
Epoch[006] Batch[1299/1913] Speed: 356.35 samples/sec, Loss:(pitch, yaw, roll)/(29.345, 13.192, 23.105)
Epoch[006] Batch[1399/1913] Speed: 356.29 samples/sec, Loss:(pitch, yaw, roll)/(29.450, 13.494, 23.243)
Epoch[006] Batch[1499/1913] Speed: 356.54 samples/sec, Loss:(pitch, yaw, roll)/(29.260, 13.333, 22.986)
Epoch[006] Batch[1599/1913] Speed: 355.58 samples/sec, Loss:(pitch, yaw, roll)/(29.366, 13.300, 23.121)
Epoch[006] Batch[1699/1913] Speed: 354.55 samples/sec, Loss:(pitch, yaw, roll)/(29.252, 13.353, 23.035)
Epoch[006] Batch[1799/1913] Speed: 356.13 samples/sec, Loss:(pitch, yaw, roll)/(29.244, 13.185, 23.039)
Epoch[006] Batch[1899/1913] Speed: 356.19 samples/sec, Loss:(pitch, yaw, roll)/(29.267, 13.047, 23.129)
Epoch[006] train: MAE:(pitch, yaw, roll, mean)/(4.741, 3.206, 3.694, 3.880), Cost=346 sec, lr=0.000843
Epoch[006] val  : MAE:(pitch, yaw, roll, mean)/(7.898, 11.484, 6.803, 8.728), Loss:(pitch, yaw, roll)/(95.000, 191.573, 99.748)
Epoch[007] Batch[099/1913] Speed: 351.38 samples/sec, Loss:(pitch, yaw, roll)/(30.246, 11.955, 25.527)
Epoch[007] Batch[199/1913] Speed: 355.37 samples/sec, Loss:(pitch, yaw, roll)/(29.278, 12.848, 23.819)
Epoch[007] Batch[299/1913] Speed: 356.14 samples/sec, Loss:(pitch, yaw, roll)/(29.274, 13.677, 23.575)
Epoch[007] Batch[399/1913] Speed: 355.34 samples/sec, Loss:(pitch, yaw, roll)/(29.969, 15.110, 24.045)
Epoch[007] Batch[499/1913] Speed: 357.16 samples/sec, Loss:(pitch, yaw, roll)/(29.843, 14.420, 23.747)
Epoch[007] Batch[599/1913] Speed: 356.33 samples/sec, Loss:(pitch, yaw, roll)/(29.537, 13.636, 23.454)
Epoch[007] Batch[699/1913] Speed: 356.61 samples/sec, Loss:(pitch, yaw, roll)/(29.260, 13.020, 23.166)
Epoch[007] Batch[799/1913] Speed: 354.42 samples/sec, Loss:(pitch, yaw, roll)/(28.855, 12.732, 22.830)
Epoch[007] Batch[899/1913] Speed: 357.22 samples/sec, Loss:(pitch, yaw, roll)/(28.641, 12.466, 22.594)
Epoch[007] Batch[999/1913] Speed: 356.07 samples/sec, Loss:(pitch, yaw, roll)/(28.590, 12.174, 22.539)
Epoch[007] Batch[1099/1913] Speed: 355.45 samples/sec, Loss:(pitch, yaw, roll)/(28.749, 11.926, 22.755)
Epoch[007] Batch[1199/1913] Speed: 357.12 samples/sec, Loss:(pitch, yaw, roll)/(28.686, 11.784, 22.774)
Epoch[007] Batch[1299/1913] Speed: 357.16 samples/sec, Loss:(pitch, yaw, roll)/(28.476, 11.620, 22.619)
Epoch[007] Batch[1399/1913] Speed: 356.59 samples/sec, Loss:(pitch, yaw, roll)/(28.479, 11.446, 22.649)
Epoch[007] Batch[1499/1913] Speed: 356.79 samples/sec, Loss:(pitch, yaw, roll)/(28.348, 11.308, 22.555)
Epoch[007] Batch[1599/1913] Speed: 356.06 samples/sec, Loss:(pitch, yaw, roll)/(28.274, 11.156, 22.560)
Epoch[007] Batch[1699/1913] Speed: 355.09 samples/sec, Loss:(pitch, yaw, roll)/(28.099, 11.045, 22.413)
Epoch[007] Batch[1799/1913] Speed: 355.01 samples/sec, Loss:(pitch, yaw, roll)/(27.737, 10.943, 22.102)
Epoch[007] Batch[1899/1913] Speed: 354.92 samples/sec, Loss:(pitch, yaw, roll)/(27.723, 10.833, 22.089)
Epoch[007] train: MAE:(pitch, yaw, roll, mean)/(4.569, 2.951, 3.566, 3.696), Cost=345 sec, lr=0.000799
Epoch[007] val  : MAE:(pitch, yaw, roll, mean)/(7.530, 8.538, 6.013, 7.361), Loss:(pitch, yaw, roll)/(89.061, 117.497, 91.775)
Min val mean MAE! save model!
Epoch[008] Batch[099/1913] Speed: 350.79 samples/sec, Loss:(pitch, yaw, roll)/(25.873, 9.072, 20.178)
Epoch[008] Batch[199/1913] Speed: 354.55 samples/sec, Loss:(pitch, yaw, roll)/(25.969, 9.036, 20.267)
Epoch[008] Batch[299/1913] Speed: 356.74 samples/sec, Loss:(pitch, yaw, roll)/(25.267, 8.904, 19.777)
Epoch[008] Batch[399/1913] Speed: 355.50 samples/sec, Loss:(pitch, yaw, roll)/(25.876, 8.803, 20.647)
Epoch[008] Batch[499/1913] Speed: 355.03 samples/sec, Loss:(pitch, yaw, roll)/(25.719, 8.908, 20.607)
Epoch[008] Batch[599/1913] Speed: 355.22 samples/sec, Loss:(pitch, yaw, roll)/(25.945, 9.088, 20.850)
Epoch[008] Batch[699/1913] Speed: 356.39 samples/sec, Loss:(pitch, yaw, roll)/(26.124, 10.493, 20.907)
Epoch[008] Batch[799/1913] Speed: 357.36 samples/sec, Loss:(pitch, yaw, roll)/(26.461, 11.452, 20.938)
Epoch[008] Batch[899/1913] Speed: 355.89 samples/sec, Loss:(pitch, yaw, roll)/(27.052, 12.287, 21.442)
Epoch[008] Batch[999/1913] Speed: 355.40 samples/sec, Loss:(pitch, yaw, roll)/(27.401, 12.173, 21.808)
Epoch[008] Batch[1099/1913] Speed: 356.38 samples/sec, Loss:(pitch, yaw, roll)/(27.444, 12.208, 21.853)
Epoch[008] Batch[1199/1913] Speed: 355.15 samples/sec, Loss:(pitch, yaw, roll)/(27.368, 12.093, 21.786)
Epoch[008] Batch[1299/1913] Speed: 356.15 samples/sec, Loss:(pitch, yaw, roll)/(27.026, 11.874, 21.474)
Epoch[008] Batch[1399/1913] Speed: 355.75 samples/sec, Loss:(pitch, yaw, roll)/(26.898, 11.630, 21.311)
Epoch[008] Batch[1499/1913] Speed: 356.08 samples/sec, Loss:(pitch, yaw, roll)/(27.060, 11.427, 21.477)
Epoch[008] Batch[1599/1913] Speed: 357.04 samples/sec, Loss:(pitch, yaw, roll)/(26.930, 11.223, 21.424)
Epoch[008] Batch[1699/1913] Speed: 356.03 samples/sec, Loss:(pitch, yaw, roll)/(26.657, 11.069, 21.188)
Epoch[008] Batch[1799/1913] Speed: 356.08 samples/sec, Loss:(pitch, yaw, roll)/(26.649, 10.906, 21.198)
Epoch[008] Batch[1899/1913] Speed: 357.21 samples/sec, Loss:(pitch, yaw, roll)/(26.795, 10.856, 21.367)
Epoch[008] train: MAE:(pitch, yaw, roll, mean)/(4.471, 2.928, 3.484, 3.628), Cost=345 sec, lr=0.000750
Epoch[008] val  : MAE:(pitch, yaw, roll, mean)/(7.614, 8.785, 6.120, 7.506), Loss:(pitch, yaw, roll)/(88.809, 108.993, 92.125)
Epoch[009] Batch[099/1913] Speed: 348.31 samples/sec, Loss:(pitch, yaw, roll)/(25.547, 9.436, 21.056)
Epoch[009] Batch[199/1913] Speed: 355.73 samples/sec, Loss:(pitch, yaw, roll)/(24.369, 9.118, 19.463)
Epoch[009] Batch[299/1913] Speed: 354.57 samples/sec, Loss:(pitch, yaw, roll)/(25.305, 9.593, 20.378)
Epoch[009] Batch[399/1913] Speed: 355.38 samples/sec, Loss:(pitch, yaw, roll)/(25.153, 9.267, 20.316)
Epoch[009] Batch[499/1913] Speed: 355.84 samples/sec, Loss:(pitch, yaw, roll)/(25.246, 9.060, 20.294)
Epoch[009] Batch[599/1913] Speed: 355.59 samples/sec, Loss:(pitch, yaw, roll)/(24.822, 8.949, 19.795)
Epoch[009] Batch[699/1913] Speed: 355.91 samples/sec, Loss:(pitch, yaw, roll)/(24.601, 8.800, 19.599)
Epoch[009] Batch[799/1913] Speed: 356.50 samples/sec, Loss:(pitch, yaw, roll)/(24.862, 8.684, 19.905)
Epoch[009] Batch[899/1913] Speed: 355.16 samples/sec, Loss:(pitch, yaw, roll)/(25.138, 8.916, 20.214)
Epoch[009] Batch[999/1913] Speed: 355.50 samples/sec, Loss:(pitch, yaw, roll)/(25.061, 8.962, 20.141)
Epoch[009] Batch[1099/1913] Speed: 354.46 samples/sec, Loss:(pitch, yaw, roll)/(25.236, 8.971, 20.312)
Epoch[009] Batch[1199/1913] Speed: 355.36 samples/sec, Loss:(pitch, yaw, roll)/(25.153, 8.916, 20.254)
Epoch[009] Batch[1299/1913] Speed: 355.77 samples/sec, Loss:(pitch, yaw, roll)/(25.162, 9.485, 20.288)
Epoch[009] Batch[1399/1913] Speed: 354.88 samples/sec, Loss:(pitch, yaw, roll)/(25.134, 9.460, 20.233)
Epoch[009] Batch[1499/1913] Speed: 357.03 samples/sec, Loss:(pitch, yaw, roll)/(25.210, 9.400, 20.323)
Epoch[009] Batch[1599/1913] Speed: 354.88 samples/sec, Loss:(pitch, yaw, roll)/(25.331, 9.314, 20.476)
Epoch[009] Batch[1699/1913] Speed: 357.24 samples/sec, Loss:(pitch, yaw, roll)/(25.494, 9.415, 20.660)
Epoch[009] Batch[1799/1913] Speed: 357.16 samples/sec, Loss:(pitch, yaw, roll)/(25.469, 9.397, 20.639)
Epoch[009] Batch[1899/1913] Speed: 354.95 samples/sec, Loss:(pitch, yaw, roll)/(25.319, 9.365, 20.489)
Epoch[009] train: MAE:(pitch, yaw, roll, mean)/(4.314, 2.733, 3.369, 3.472), Cost=346 sec, lr=0.000698
Epoch[009] val  : MAE:(pitch, yaw, roll, mean)/(7.650, 9.823, 6.380, 7.951), Loss:(pitch, yaw, roll)/(90.197, 154.204, 98.193)
Epoch[010] Batch[099/1913] Speed: 350.64 samples/sec, Loss:(pitch, yaw, roll)/(26.628, 9.873, 21.666)
Epoch[010] Batch[199/1913] Speed: 357.28 samples/sec, Loss:(pitch, yaw, roll)/(25.253, 9.030, 20.246)
Epoch[010] Batch[299/1913] Speed: 355.99 samples/sec, Loss:(pitch, yaw, roll)/(25.020, 8.708, 20.443)
Epoch[010] Batch[399/1913] Speed: 355.31 samples/sec, Loss:(pitch, yaw, roll)/(25.010, 8.800, 20.492)
Epoch[010] Batch[499/1913] Speed: 355.08 samples/sec, Loss:(pitch, yaw, roll)/(24.992, 8.889, 20.361)
Epoch[010] Batch[599/1913] Speed: 355.54 samples/sec, Loss:(pitch, yaw, roll)/(24.578, 8.667, 19.951)
Epoch[010] Batch[699/1913] Speed: 354.08 samples/sec, Loss:(pitch, yaw, roll)/(24.394, 8.686, 19.688)
Epoch[010] Batch[799/1913] Speed: 356.29 samples/sec, Loss:(pitch, yaw, roll)/(24.472, 8.616, 19.898)
Epoch[010] Batch[899/1913] Speed: 356.14 samples/sec, Loss:(pitch, yaw, roll)/(24.846, 8.606, 20.241)
Epoch[010] Batch[999/1913] Speed: 355.24 samples/sec, Loss:(pitch, yaw, roll)/(24.620, 8.725, 20.040)
Epoch[010] Batch[1099/1913] Speed: 357.83 samples/sec, Loss:(pitch, yaw, roll)/(24.642, 8.731, 19.982)
Epoch[010] Batch[1199/1913] Speed: 356.60 samples/sec, Loss:(pitch, yaw, roll)/(24.701, 8.661, 20.034)
Epoch[010] Batch[1299/1913] Speed: 354.20 samples/sec, Loss:(pitch, yaw, roll)/(24.383, 8.580, 19.727)
Epoch[010] Batch[1399/1913] Speed: 356.00 samples/sec, Loss:(pitch, yaw, roll)/(24.596, 8.500, 19.942)
Epoch[010] Batch[1499/1913] Speed: 355.25 samples/sec, Loss:(pitch, yaw, roll)/(24.715, 8.447, 20.014)
Epoch[010] Batch[1599/1913] Speed: 355.68 samples/sec, Loss:(pitch, yaw, roll)/(24.549, 8.431, 19.860)
Epoch[010] Batch[1699/1913] Speed: 356.20 samples/sec, Loss:(pitch, yaw, roll)/(24.597, 8.396, 19.928)
Epoch[010] Batch[1799/1913] Speed: 356.82 samples/sec, Loss:(pitch, yaw, roll)/(24.528, 8.358, 19.904)
Epoch[010] Batch[1899/1913] Speed: 356.18 samples/sec, Loss:(pitch, yaw, roll)/(24.439, 8.364, 19.816)
Epoch[010] train: MAE:(pitch, yaw, roll, mean)/(4.196, 2.617, 3.283, 3.365), Cost=346 sec, lr=0.000644
Epoch[010] val  : MAE:(pitch, yaw, roll, mean)/(7.469, 8.913, 6.173, 7.519), Loss:(pitch, yaw, roll)/(88.455, 127.503, 93.442)
Epoch[011] Batch[099/1913] Speed: 349.97 samples/sec, Loss:(pitch, yaw, roll)/(20.760, 7.471, 16.816)
Epoch[011] Batch[199/1913] Speed: 357.10 samples/sec, Loss:(pitch, yaw, roll)/(23.028, 8.602, 18.791)
Epoch[011] Batch[299/1913] Speed: 355.68 samples/sec, Loss:(pitch, yaw, roll)/(23.344, 8.267, 19.081)
Epoch[011] Batch[399/1913] Speed: 354.36 samples/sec, Loss:(pitch, yaw, roll)/(23.555, 8.083, 19.193)
Epoch[011] Batch[499/1913] Speed: 355.63 samples/sec, Loss:(pitch, yaw, roll)/(23.683, 8.264, 19.482)
Epoch[011] Batch[599/1913] Speed: 358.10 samples/sec, Loss:(pitch, yaw, roll)/(24.112, 8.656, 19.991)
Epoch[011] Batch[699/1913] Speed: 356.37 samples/sec, Loss:(pitch, yaw, roll)/(23.978, 8.634, 19.955)
Epoch[011] Batch[799/1913] Speed: 356.07 samples/sec, Loss:(pitch, yaw, roll)/(24.211, 8.597, 20.104)
Epoch[011] Batch[899/1913] Speed: 354.43 samples/sec, Loss:(pitch, yaw, roll)/(23.909, 8.795, 19.767)
Epoch[011] Batch[999/1913] Speed: 355.76 samples/sec, Loss:(pitch, yaw, roll)/(23.636, 8.672, 19.515)
Epoch[011] Batch[1099/1913] Speed: 356.59 samples/sec, Loss:(pitch, yaw, roll)/(23.549, 8.560, 19.407)
Epoch[011] Batch[1199/1913] Speed: 356.52 samples/sec, Loss:(pitch, yaw, roll)/(23.771, 8.410, 19.592)
Epoch[011] Batch[1299/1913] Speed: 355.71 samples/sec, Loss:(pitch, yaw, roll)/(23.717, 8.299, 19.558)
Epoch[011] Batch[1399/1913] Speed: 356.68 samples/sec, Loss:(pitch, yaw, roll)/(23.852, 8.241, 19.743)
Epoch[011] Batch[1499/1913] Speed: 356.17 samples/sec, Loss:(pitch, yaw, roll)/(23.525, 8.214, 19.455)
Epoch[011] Batch[1599/1913] Speed: 355.98 samples/sec, Loss:(pitch, yaw, roll)/(23.663, 8.210, 19.552)
Epoch[011] Batch[1699/1913] Speed: 356.57 samples/sec, Loss:(pitch, yaw, roll)/(23.531, 8.166, 19.388)
Epoch[011] Batch[1799/1913] Speed: 356.46 samples/sec, Loss:(pitch, yaw, roll)/(23.374, 8.107, 19.235)
Epoch[011] Batch[1899/1913] Speed: 354.76 samples/sec, Loss:(pitch, yaw, roll)/(23.249, 8.058, 19.112)
Epoch[011] train: MAE:(pitch, yaw, roll, mean)/(4.067, 2.526, 3.207, 3.267), Cost=346 sec, lr=0.000587
Epoch[011] val  : MAE:(pitch, yaw, roll, mean)/(7.431, 8.526, 5.934, 7.297), Loss:(pitch, yaw, roll)/(83.594, 118.383, 89.648)
Min val mean MAE! save model!
Epoch[012] Batch[099/1913] Speed: 348.33 samples/sec, Loss:(pitch, yaw, roll)/(21.634, 7.079, 17.554)
Epoch[012] Batch[199/1913] Speed: 356.40 samples/sec, Loss:(pitch, yaw, roll)/(22.519, 6.933, 18.605)
Epoch[012] Batch[299/1913] Speed: 354.93 samples/sec, Loss:(pitch, yaw, roll)/(22.301, 6.901, 18.151)
Epoch[012] Batch[399/1913] Speed: 356.32 samples/sec, Loss:(pitch, yaw, roll)/(21.811, 7.038, 17.811)
Epoch[012] Batch[499/1913] Speed: 357.05 samples/sec, Loss:(pitch, yaw, roll)/(22.149, 7.070, 18.243)
Epoch[012] Batch[599/1913] Speed: 353.80 samples/sec, Loss:(pitch, yaw, roll)/(22.055, 7.115, 18.070)
Epoch[012] Batch[699/1913] Speed: 355.28 samples/sec, Loss:(pitch, yaw, roll)/(22.158, 7.095, 18.206)
Epoch[012] Batch[799/1913] Speed: 355.67 samples/sec, Loss:(pitch, yaw, roll)/(22.254, 7.085, 18.321)
Epoch[012] Batch[899/1913] Speed: 355.55 samples/sec, Loss:(pitch, yaw, roll)/(22.160, 7.067, 18.165)
Epoch[012] Batch[999/1913] Speed: 355.74 samples/sec, Loss:(pitch, yaw, roll)/(22.143, 7.074, 18.111)
Epoch[012] Batch[1099/1913] Speed: 356.35 samples/sec, Loss:(pitch, yaw, roll)/(22.099, 7.047, 18.147)
Epoch[012] Batch[1199/1913] Speed: 355.29 samples/sec, Loss:(pitch, yaw, roll)/(22.314, 7.024, 18.382)
Epoch[012] Batch[1299/1913] Speed: 356.12 samples/sec, Loss:(pitch, yaw, roll)/(22.368, 7.010, 18.412)
Epoch[012] Batch[1399/1913] Speed: 356.14 samples/sec, Loss:(pitch, yaw, roll)/(22.382, 6.983, 18.443)
Epoch[012] Batch[1499/1913] Speed: 352.75 samples/sec, Loss:(pitch, yaw, roll)/(22.252, 6.973, 18.350)
Epoch[012] Batch[1599/1913] Speed: 354.84 samples/sec, Loss:(pitch, yaw, roll)/(22.093, 6.956, 18.232)
Epoch[012] Batch[1699/1913] Speed: 355.64 samples/sec, Loss:(pitch, yaw, roll)/(21.955, 6.971, 18.110)
Epoch[012] Batch[1799/1913] Speed: 356.94 samples/sec, Loss:(pitch, yaw, roll)/(21.871, 6.970, 18.090)
Epoch[012] Batch[1899/1913] Speed: 356.41 samples/sec, Loss:(pitch, yaw, roll)/(21.811, 6.974, 18.051)
Epoch[012] train: MAE:(pitch, yaw, roll, mean)/(3.907, 2.376, 3.098, 3.127), Cost=346 sec, lr=0.000529
Epoch[012] val  : MAE:(pitch, yaw, roll, mean)/(7.551, 8.392, 6.169, 7.370), Loss:(pitch, yaw, roll)/(86.389, 117.849, 95.826)
Epoch[013] Batch[099/1913] Speed: 351.91 samples/sec, Loss:(pitch, yaw, roll)/(21.827, 6.953, 18.283)
Epoch[013] Batch[199/1913] Speed: 355.37 samples/sec, Loss:(pitch, yaw, roll)/(21.750, 6.833, 18.177)
Epoch[013] Batch[299/1913] Speed: 356.59 samples/sec, Loss:(pitch, yaw, roll)/(22.501, 6.743, 18.640)
Epoch[013] Batch[399/1913] Speed: 356.25 samples/sec, Loss:(pitch, yaw, roll)/(22.410, 6.734, 18.472)
Epoch[013] Batch[499/1913] Speed: 355.62 samples/sec, Loss:(pitch, yaw, roll)/(22.364, 6.796, 18.408)
Epoch[013] Batch[599/1913] Speed: 357.82 samples/sec, Loss:(pitch, yaw, roll)/(22.560, 7.018, 18.551)
Epoch[013] Batch[699/1913] Speed: 356.07 samples/sec, Loss:(pitch, yaw, roll)/(22.131, 6.958, 18.278)
Epoch[013] Batch[799/1913] Speed: 356.57 samples/sec, Loss:(pitch, yaw, roll)/(22.210, 6.963, 18.300)
Epoch[013] Batch[899/1913] Speed: 356.46 samples/sec, Loss:(pitch, yaw, roll)/(21.830, 6.915, 17.964)
Epoch[013] Batch[999/1913] Speed: 355.60 samples/sec, Loss:(pitch, yaw, roll)/(21.770, 6.903, 17.862)
Epoch[013] Batch[1099/1913] Speed: 356.45 samples/sec, Loss:(pitch, yaw, roll)/(21.623, 6.864, 17.756)
Epoch[013] Batch[1199/1913] Speed: 357.54 samples/sec, Loss:(pitch, yaw, roll)/(21.634, 6.833, 17.762)
Epoch[013] Batch[1299/1913] Speed: 356.51 samples/sec, Loss:(pitch, yaw, roll)/(21.672, 6.825, 17.761)
Epoch[013] Batch[1399/1913] Speed: 357.26 samples/sec, Loss:(pitch, yaw, roll)/(21.532, 6.810, 17.671)
Epoch[013] Batch[1499/1913] Speed: 356.67 samples/sec, Loss:(pitch, yaw, roll)/(21.362, 6.770, 17.543)
Epoch[013] Batch[1599/1913] Speed: 357.71 samples/sec, Loss:(pitch, yaw, roll)/(21.377, 6.816, 17.574)
Epoch[013] Batch[1699/1913] Speed: 357.04 samples/sec, Loss:(pitch, yaw, roll)/(21.228, 6.814, 17.454)
Epoch[013] Batch[1799/1913] Speed: 356.19 samples/sec, Loss:(pitch, yaw, roll)/(21.287, 6.874, 17.498)
Epoch[013] Batch[1899/1913] Speed: 357.10 samples/sec, Loss:(pitch, yaw, roll)/(21.181, 6.863, 17.421)
Epoch[013] train: MAE:(pitch, yaw, roll, mean)/(3.865, 2.331, 3.026, 3.074), Cost=345 sec, lr=0.000471
Epoch[013] val  : MAE:(pitch, yaw, roll, mean)/(7.232, 8.782, 5.956, 7.323), Loss:(pitch, yaw, roll)/(79.879, 105.756, 91.786)
Epoch[014] Batch[099/1913] Speed: 351.34 samples/sec, Loss:(pitch, yaw, roll)/(19.153, 6.568, 15.788)
Epoch[014] Batch[199/1913] Speed: 356.47 samples/sec, Loss:(pitch, yaw, roll)/(18.821, 6.435, 15.285)
Epoch[014] Batch[299/1913] Speed: 358.55 samples/sec, Loss:(pitch, yaw, roll)/(18.914, 6.626, 15.561)
Epoch[014] Batch[399/1913] Speed: 358.14 samples/sec, Loss:(pitch, yaw, roll)/(18.966, 6.582, 15.723)
Epoch[014] Batch[499/1913] Speed: 357.71 samples/sec, Loss:(pitch, yaw, roll)/(19.238, 6.501, 15.933)
Epoch[014] Batch[599/1913] Speed: 356.75 samples/sec, Loss:(pitch, yaw, roll)/(19.556, 6.531, 16.176)
Epoch[014] Batch[699/1913] Speed: 356.85 samples/sec, Loss:(pitch, yaw, roll)/(20.006, 6.543, 16.599)
Epoch[014] Batch[799/1913] Speed: 357.09 samples/sec, Loss:(pitch, yaw, roll)/(19.879, 6.516, 16.436)
Epoch[014] Batch[899/1913] Speed: 358.01 samples/sec, Loss:(pitch, yaw, roll)/(19.708, 6.474, 16.231)
Epoch[014] Batch[999/1913] Speed: 357.32 samples/sec, Loss:(pitch, yaw, roll)/(19.696, 6.474, 16.239)
Epoch[014] Batch[1099/1913] Speed: 357.50 samples/sec, Loss:(pitch, yaw, roll)/(19.722, 6.465, 16.283)
Epoch[014] Batch[1199/1913] Speed: 357.88 samples/sec, Loss:(pitch, yaw, roll)/(20.049, 6.443, 16.720)
Epoch[014] Batch[1299/1913] Speed: 357.73 samples/sec, Loss:(pitch, yaw, roll)/(20.073, 6.440, 16.690)
Epoch[014] Batch[1399/1913] Speed: 357.20 samples/sec, Loss:(pitch, yaw, roll)/(20.182, 6.438, 16.811)
Epoch[014] Batch[1499/1913] Speed: 355.04 samples/sec, Loss:(pitch, yaw, roll)/(20.214, 6.418, 16.829)
Epoch[014] Batch[1599/1913] Speed: 357.88 samples/sec, Loss:(pitch, yaw, roll)/(20.232, 6.420, 16.875)
Epoch[014] Batch[1699/1913] Speed: 357.26 samples/sec, Loss:(pitch, yaw, roll)/(20.088, 6.448, 16.760)
Epoch[014] Batch[1799/1913] Speed: 357.34 samples/sec, Loss:(pitch, yaw, roll)/(20.086, 6.432, 16.749)
Epoch[014] Batch[1899/1913] Speed: 357.51 samples/sec, Loss:(pitch, yaw, roll)/(19.984, 6.416, 16.659)
Epoch[014] train: MAE:(pitch, yaw, roll, mean)/(3.705, 2.269, 2.933, 2.969), Cost=344 sec, lr=0.000414
Epoch[014] val  : MAE:(pitch, yaw, roll, mean)/(7.166, 8.671, 5.992, 7.276), Loss:(pitch, yaw, roll)/(77.055, 125.202, 94.758)
Min val mean MAE! save model!
Epoch[015] Batch[099/1913] Speed: 352.63 samples/sec, Loss:(pitch, yaw, roll)/(19.981, 6.142, 16.454)
Epoch[015] Batch[199/1913] Speed: 357.63 samples/sec, Loss:(pitch, yaw, roll)/(19.001, 6.106, 15.369)
Epoch[015] Batch[299/1913] Speed: 358.36 samples/sec, Loss:(pitch, yaw, roll)/(19.407, 6.058, 16.022)
Epoch[015] Batch[399/1913] Speed: 357.03 samples/sec, Loss:(pitch, yaw, roll)/(19.726, 5.999, 16.219)
Epoch[015] Batch[499/1913] Speed: 358.50 samples/sec, Loss:(pitch, yaw, roll)/(19.107, 5.971, 15.649)
Epoch[015] Batch[599/1913] Speed: 357.61 samples/sec, Loss:(pitch, yaw, roll)/(19.096, 5.984, 15.662)
Epoch[015] Batch[699/1913] Speed: 357.06 samples/sec, Loss:(pitch, yaw, roll)/(19.350, 5.985, 16.013)
Epoch[015] Batch[799/1913] Speed: 358.66 samples/sec, Loss:(pitch, yaw, roll)/(19.720, 5.999, 16.384)
Epoch[015] Batch[899/1913] Speed: 356.98 samples/sec, Loss:(pitch, yaw, roll)/(19.409, 6.012, 16.185)
Epoch[015] Batch[999/1913] Speed: 357.28 samples/sec, Loss:(pitch, yaw, roll)/(19.489, 6.046, 16.222)
Epoch[015] Batch[1099/1913] Speed: 356.49 samples/sec, Loss:(pitch, yaw, roll)/(19.266, 6.051, 16.039)
Epoch[015] Batch[1199/1913] Speed: 355.82 samples/sec, Loss:(pitch, yaw, roll)/(19.203, 6.057, 16.020)
Epoch[015] Batch[1299/1913] Speed: 356.07 samples/sec, Loss:(pitch, yaw, roll)/(19.213, 6.046, 16.026)
Epoch[015] Batch[1399/1913] Speed: 357.28 samples/sec, Loss:(pitch, yaw, roll)/(19.141, 6.069, 15.965)
Epoch[015] Batch[1499/1913] Speed: 357.67 samples/sec, Loss:(pitch, yaw, roll)/(19.106, 6.146, 15.931)
Epoch[015] Batch[1599/1913] Speed: 357.68 samples/sec, Loss:(pitch, yaw, roll)/(18.996, 6.142, 15.841)
Epoch[015] Batch[1699/1913] Speed: 358.51 samples/sec, Loss:(pitch, yaw, roll)/(18.947, 6.153, 15.828)
Epoch[015] Batch[1799/1913] Speed: 357.24 samples/sec, Loss:(pitch, yaw, roll)/(18.947, 6.140, 15.809)
Epoch[015] Batch[1899/1913] Speed: 357.19 samples/sec, Loss:(pitch, yaw, roll)/(19.024, 6.123, 15.896)
Epoch[015] train: MAE:(pitch, yaw, roll, mean)/(3.615, 2.193, 2.874, 2.894), Cost=344 sec, lr=0.000357
Epoch[015] val  : MAE:(pitch, yaw, roll, mean)/(7.176, 8.504, 5.841, 7.174), Loss:(pitch, yaw, roll)/(82.635, 113.203, 90.429)
Min val mean MAE! save model!
Epoch[016] Batch[099/1913] Speed: 352.66 samples/sec, Loss:(pitch, yaw, roll)/(21.304, 5.833, 18.421)
Epoch[016] Batch[199/1913] Speed: 357.35 samples/sec, Loss:(pitch, yaw, roll)/(20.484, 6.009, 17.550)
Epoch[016] Batch[299/1913] Speed: 357.25 samples/sec, Loss:(pitch, yaw, roll)/(19.179, 5.970, 16.172)
Epoch[016] Batch[399/1913] Speed: 357.60 samples/sec, Loss:(pitch, yaw, roll)/(18.696, 5.936, 15.723)
Epoch[016] Batch[499/1913] Speed: 356.83 samples/sec, Loss:(pitch, yaw, roll)/(19.044, 5.939, 15.937)
Epoch[016] Batch[599/1913] Speed: 356.29 samples/sec, Loss:(pitch, yaw, roll)/(18.693, 5.928, 15.607)
Epoch[016] Batch[699/1913] Speed: 357.54 samples/sec, Loss:(pitch, yaw, roll)/(18.383, 5.895, 15.354)
Epoch[016] Batch[799/1913] Speed: 355.82 samples/sec, Loss:(pitch, yaw, roll)/(18.079, 5.869, 15.128)
Epoch[016] Batch[899/1913] Speed: 357.55 samples/sec, Loss:(pitch, yaw, roll)/(17.896, 5.842, 14.943)
Epoch[016] Batch[999/1913] Speed: 356.90 samples/sec, Loss:(pitch, yaw, roll)/(17.910, 5.845, 14.967)
Epoch[016] Batch[1099/1913] Speed: 358.62 samples/sec, Loss:(pitch, yaw, roll)/(18.013, 5.856, 15.065)
Epoch[016] Batch[1199/1913] Speed: 356.80 samples/sec, Loss:(pitch, yaw, roll)/(18.059, 5.846, 15.088)
Epoch[016] Batch[1299/1913] Speed: 356.64 samples/sec, Loss:(pitch, yaw, roll)/(18.147, 5.842, 15.148)
Epoch[016] Batch[1399/1913] Speed: 358.43 samples/sec, Loss:(pitch, yaw, roll)/(18.236, 5.850, 15.267)
Epoch[016] Batch[1499/1913] Speed: 357.82 samples/sec, Loss:(pitch, yaw, roll)/(18.210, 5.857, 15.225)
Epoch[016] Batch[1599/1913] Speed: 356.62 samples/sec, Loss:(pitch, yaw, roll)/(18.196, 5.838, 15.189)
Epoch[016] Batch[1699/1913] Speed: 358.08 samples/sec, Loss:(pitch, yaw, roll)/(18.235, 5.827, 15.286)
Epoch[016] Batch[1799/1913] Speed: 358.85 samples/sec, Loss:(pitch, yaw, roll)/(18.279, 5.854, 15.320)
Epoch[016] Batch[1899/1913] Speed: 358.38 samples/sec, Loss:(pitch, yaw, roll)/(18.246, 5.847, 15.285)
Epoch[016] train: MAE:(pitch, yaw, roll, mean)/(3.524, 2.133, 2.801, 2.819), Cost=344 sec, lr=0.000303
Epoch[016] val  : MAE:(pitch, yaw, roll, mean)/(7.438, 8.854, 5.916, 7.403), Loss:(pitch, yaw, roll)/(81.155, 136.024, 91.308)
Epoch[017] Batch[099/1913] Speed: 352.57 samples/sec, Loss:(pitch, yaw, roll)/(17.435, 5.653, 14.412)
Epoch[017] Batch[199/1913] Speed: 356.94 samples/sec, Loss:(pitch, yaw, roll)/(17.743, 5.557, 14.692)
Epoch[017] Batch[299/1913] Speed: 357.66 samples/sec, Loss:(pitch, yaw, roll)/(17.242, 5.562, 14.217)
Epoch[017] Batch[399/1913] Speed: 355.01 samples/sec, Loss:(pitch, yaw, roll)/(16.760, 5.577, 13.842)
Epoch[017] Batch[499/1913] Speed: 357.13 samples/sec, Loss:(pitch, yaw, roll)/(16.738, 5.671, 13.742)
Epoch[017] Batch[599/1913] Speed: 356.17 samples/sec, Loss:(pitch, yaw, roll)/(16.982, 5.648, 13.944)
Epoch[017] Batch[699/1913] Speed: 358.00 samples/sec, Loss:(pitch, yaw, roll)/(17.130, 5.644, 14.166)
Epoch[017] Batch[799/1913] Speed: 357.46 samples/sec, Loss:(pitch, yaw, roll)/(17.289, 5.655, 14.319)
Epoch[017] Batch[899/1913] Speed: 357.69 samples/sec, Loss:(pitch, yaw, roll)/(17.403, 5.675, 14.414)
Epoch[017] Batch[999/1913] Speed: 357.50 samples/sec, Loss:(pitch, yaw, roll)/(17.313, 5.658, 14.343)
Epoch[017] Batch[1099/1913] Speed: 356.93 samples/sec, Loss:(pitch, yaw, roll)/(17.218, 5.649, 14.302)
Epoch[017] Batch[1199/1913] Speed: 356.13 samples/sec, Loss:(pitch, yaw, roll)/(17.333, 5.636, 14.415)
Epoch[017] Batch[1299/1913] Speed: 357.06 samples/sec, Loss:(pitch, yaw, roll)/(17.472, 5.617, 14.563)
Epoch[017] Batch[1399/1913] Speed: 356.48 samples/sec, Loss:(pitch, yaw, roll)/(17.436, 5.604, 14.532)
Epoch[017] Batch[1499/1913] Speed: 355.11 samples/sec, Loss:(pitch, yaw, roll)/(17.372, 5.580, 14.432)
Epoch[017] Batch[1599/1913] Speed: 357.49 samples/sec, Loss:(pitch, yaw, roll)/(17.225, 5.568, 14.302)
Epoch[017] Batch[1699/1913] Speed: 357.19 samples/sec, Loss:(pitch, yaw, roll)/(17.195, 5.562, 14.257)
Epoch[017] Batch[1799/1913] Speed: 356.58 samples/sec, Loss:(pitch, yaw, roll)/(17.265, 5.547, 14.313)
Epoch[017] Batch[1899/1913] Speed: 356.66 samples/sec, Loss:(pitch, yaw, roll)/(17.288, 5.555, 14.353)
Epoch[017] train: MAE:(pitch, yaw, roll, mean)/(3.435, 2.057, 2.709, 2.733), Cost=345 sec, lr=0.000251
Epoch[017] val  : MAE:(pitch, yaw, roll, mean)/(7.149, 8.460, 5.677, 7.095), Loss:(pitch, yaw, roll)/(77.543, 109.421, 85.654)
Min val mean MAE! save model!
Epoch[018] Batch[099/1913] Speed: 352.78 samples/sec, Loss:(pitch, yaw, roll)/(17.804, 5.756, 15.408)
Epoch[018] Batch[199/1913] Speed: 357.93 samples/sec, Loss:(pitch, yaw, roll)/(15.767, 5.548, 13.140)
Epoch[018] Batch[299/1913] Speed: 356.49 samples/sec, Loss:(pitch, yaw, roll)/(16.109, 5.519, 13.484)
Epoch[018] Batch[399/1913] Speed: 359.23 samples/sec, Loss:(pitch, yaw, roll)/(15.939, 5.506, 13.374)
Epoch[018] Batch[499/1913] Speed: 358.03 samples/sec, Loss:(pitch, yaw, roll)/(16.127, 5.478, 13.537)
Epoch[018] Batch[599/1913] Speed: 357.11 samples/sec, Loss:(pitch, yaw, roll)/(16.453, 5.462, 13.856)
Epoch[018] Batch[699/1913] Speed: 357.51 samples/sec, Loss:(pitch, yaw, roll)/(16.357, 5.443, 13.714)
Epoch[018] Batch[799/1913] Speed: 357.43 samples/sec, Loss:(pitch, yaw, roll)/(16.176, 5.474, 13.563)
Epoch[018] Batch[899/1913] Speed: 356.77 samples/sec, Loss:(pitch, yaw, roll)/(16.256, 5.457, 13.642)
Epoch[018] Batch[999/1913] Speed: 357.71 samples/sec, Loss:(pitch, yaw, roll)/(16.371, 5.454, 13.761)
Epoch[018] Batch[1099/1913] Speed: 356.91 samples/sec, Loss:(pitch, yaw, roll)/(16.321, 5.439, 13.662)
Epoch[018] Batch[1199/1913] Speed: 355.97 samples/sec, Loss:(pitch, yaw, roll)/(16.197, 5.420, 13.546)
Epoch[018] Batch[1299/1913] Speed: 356.80 samples/sec, Loss:(pitch, yaw, roll)/(16.155, 5.421, 13.495)
Epoch[018] Batch[1399/1913] Speed: 357.34 samples/sec, Loss:(pitch, yaw, roll)/(16.190, 5.401, 13.522)
Epoch[018] Batch[1499/1913] Speed: 357.75 samples/sec, Loss:(pitch, yaw, roll)/(16.312, 5.387, 13.648)
Epoch[018] Batch[1599/1913] Speed: 357.09 samples/sec, Loss:(pitch, yaw, roll)/(16.434, 5.377, 13.772)
Epoch[018] Batch[1699/1913] Speed: 358.13 samples/sec, Loss:(pitch, yaw, roll)/(16.400, 5.368, 13.723)
Epoch[018] Batch[1799/1913] Speed: 357.69 samples/sec, Loss:(pitch, yaw, roll)/(16.333, 5.361, 13.672)
Epoch[018] Batch[1899/1913] Speed: 357.60 samples/sec, Loss:(pitch, yaw, roll)/(16.364, 5.357, 13.688)
Epoch[018] train: MAE:(pitch, yaw, roll, mean)/(3.345, 2.012, 2.657, 2.672), Cost=344 sec, lr=0.000202
Epoch[018] val  : MAE:(pitch, yaw, roll, mean)/(7.100, 8.009, 5.779, 6.963), Loss:(pitch, yaw, roll)/(79.556, 102.598, 92.082)
Min val mean MAE! save model!
Epoch[019] Batch[099/1913] Speed: 352.83 samples/sec, Loss:(pitch, yaw, roll)/(16.300, 5.237, 13.760)
Epoch[019] Batch[199/1913] Speed: 358.26 samples/sec, Loss:(pitch, yaw, roll)/(15.682, 5.253, 13.248)
Epoch[019] Batch[299/1913] Speed: 357.80 samples/sec, Loss:(pitch, yaw, roll)/(15.703, 5.285, 13.373)
Epoch[019] Batch[399/1913] Speed: 358.72 samples/sec, Loss:(pitch, yaw, roll)/(16.133, 5.294, 13.785)
Epoch[019] Batch[499/1913] Speed: 357.35 samples/sec, Loss:(pitch, yaw, roll)/(16.158, 5.303, 13.710)
Epoch[019] Batch[599/1913] Speed: 357.41 samples/sec, Loss:(pitch, yaw, roll)/(15.972, 5.272, 13.454)
Epoch[019] Batch[699/1913] Speed: 357.41 samples/sec, Loss:(pitch, yaw, roll)/(15.715, 5.244, 13.256)
Epoch[019] Batch[799/1913] Speed: 357.67 samples/sec, Loss:(pitch, yaw, roll)/(15.780, 5.265, 13.313)
Epoch[019] Batch[899/1913] Speed: 357.68 samples/sec, Loss:(pitch, yaw, roll)/(15.644, 5.277, 13.205)
Epoch[019] Batch[999/1913] Speed: 358.87 samples/sec, Loss:(pitch, yaw, roll)/(15.574, 5.267, 13.155)
Epoch[019] Batch[1099/1913] Speed: 356.92 samples/sec, Loss:(pitch, yaw, roll)/(15.586, 5.247, 13.181)
Epoch[019] Batch[1199/1913] Speed: 358.80 samples/sec, Loss:(pitch, yaw, roll)/(15.556, 5.228, 13.135)
Epoch[019] Batch[1299/1913] Speed: 354.55 samples/sec, Loss:(pitch, yaw, roll)/(15.517, 5.230, 13.059)
Epoch[019] Batch[1399/1913] Speed: 355.08 samples/sec, Loss:(pitch, yaw, roll)/(15.413, 5.241, 12.963)
Epoch[019] Batch[1499/1913] Speed: 355.08 samples/sec, Loss:(pitch, yaw, roll)/(15.329, 5.224, 12.875)
Epoch[019] Batch[1599/1913] Speed: 355.81 samples/sec, Loss:(pitch, yaw, roll)/(15.282, 5.226, 12.847)
Epoch[019] Batch[1699/1913] Speed: 356.88 samples/sec, Loss:(pitch, yaw, roll)/(15.245, 5.221, 12.784)
Epoch[019] Batch[1799/1913] Speed: 354.17 samples/sec, Loss:(pitch, yaw, roll)/(15.273, 5.215, 12.798)
Epoch[019] Batch[1899/1913] Speed: 354.72 samples/sec, Loss:(pitch, yaw, roll)/(15.412, 5.212, 12.891)
Epoch[019] train: MAE:(pitch, yaw, roll, mean)/(3.233, 1.978, 2.567, 2.592), Cost=345 sec, lr=0.000158
Epoch[019] val  : MAE:(pitch, yaw, roll, mean)/(7.154, 9.105, 5.684, 7.314), Loss:(pitch, yaw, roll)/(78.581, 120.783, 86.634)
Epoch[020] Batch[099/1913] Speed: 349.61 samples/sec, Loss:(pitch, yaw, roll)/(13.044, 4.989, 10.346)
Epoch[020] Batch[199/1913] Speed: 353.96 samples/sec, Loss:(pitch, yaw, roll)/(13.891, 5.020, 11.299)
Epoch[020] Batch[299/1913] Speed: 354.95 samples/sec, Loss:(pitch, yaw, roll)/(13.951, 5.042, 11.354)
Epoch[020] Batch[399/1913] Speed: 355.18 samples/sec, Loss:(pitch, yaw, roll)/(14.144, 5.079, 11.713)
Epoch[020] Batch[499/1913] Speed: 353.98 samples/sec, Loss:(pitch, yaw, roll)/(14.399, 5.072, 12.017)
Epoch[020] Batch[599/1913] Speed: 354.13 samples/sec, Loss:(pitch, yaw, roll)/(14.390, 5.044, 12.063)
Epoch[020] Batch[699/1913] Speed: 354.31 samples/sec, Loss:(pitch, yaw, roll)/(14.400, 5.039, 12.037)
Epoch[020] Batch[799/1913] Speed: 353.71 samples/sec, Loss:(pitch, yaw, roll)/(14.439, 5.052, 12.124)
Epoch[020] Batch[899/1913] Speed: 352.89 samples/sec, Loss:(pitch, yaw, roll)/(14.561, 5.138, 12.244)
Epoch[020] Batch[999/1913] Speed: 353.41 samples/sec, Loss:(pitch, yaw, roll)/(14.695, 5.122, 12.379)
Epoch[020] Batch[1099/1913] Speed: 356.56 samples/sec, Loss:(pitch, yaw, roll)/(14.500, 5.097, 12.189)
Epoch[020] Batch[1199/1913] Speed: 358.30 samples/sec, Loss:(pitch, yaw, roll)/(14.559, 5.104, 12.220)
Epoch[020] Batch[1299/1913] Speed: 359.36 samples/sec, Loss:(pitch, yaw, roll)/(14.691, 5.105, 12.298)
Epoch[020] Batch[1399/1913] Speed: 358.59 samples/sec, Loss:(pitch, yaw, roll)/(14.596, 5.097, 12.204)
Epoch[020] Batch[1499/1913] Speed: 357.76 samples/sec, Loss:(pitch, yaw, roll)/(14.692, 5.103, 12.315)
Epoch[020] Batch[1599/1913] Speed: 359.50 samples/sec, Loss:(pitch, yaw, roll)/(14.707, 5.098, 12.296)
Epoch[020] Batch[1699/1913] Speed: 359.31 samples/sec, Loss:(pitch, yaw, roll)/(14.630, 5.092, 12.209)
Epoch[020] Batch[1799/1913] Speed: 360.20 samples/sec, Loss:(pitch, yaw, roll)/(14.779, 5.090, 12.313)
Epoch[020] Batch[1899/1913] Speed: 359.22 samples/sec, Loss:(pitch, yaw, roll)/(14.765, 5.083, 12.309)
Epoch[020] train: MAE:(pitch, yaw, roll, mean)/(3.179, 1.936, 2.520, 2.545), Cost=345 sec, lr=0.000118
Epoch[020] val  : MAE:(pitch, yaw, roll, mean)/(7.403, 8.603, 5.957, 7.321), Loss:(pitch, yaw, roll)/(81.302, 113.701, 91.634)
Epoch[021] Batch[099/1913] Speed: 354.44 samples/sec, Loss:(pitch, yaw, roll)/(16.197, 4.895, 14.320)
Epoch[021] Batch[199/1913] Speed: 358.64 samples/sec, Loss:(pitch, yaw, roll)/(15.910, 4.987, 13.879)
Epoch[021] Batch[299/1913] Speed: 356.99 samples/sec, Loss:(pitch, yaw, roll)/(15.323, 4.974, 13.271)
Epoch[021] Batch[399/1913] Speed: 357.83 samples/sec, Loss:(pitch, yaw, roll)/(14.862, 4.917, 12.678)
Epoch[021] Batch[499/1913] Speed: 358.75 samples/sec, Loss:(pitch, yaw, roll)/(14.606, 4.982, 12.353)
Epoch[021] Batch[599/1913] Speed: 357.66 samples/sec, Loss:(pitch, yaw, roll)/(14.302, 5.042, 12.079)
Epoch[021] Batch[699/1913] Speed: 359.37 samples/sec, Loss:(pitch, yaw, roll)/(14.305, 5.035, 12.097)
Epoch[021] Batch[799/1913] Speed: 357.47 samples/sec, Loss:(pitch, yaw, roll)/(14.261, 5.026, 12.071)
Epoch[021] Batch[899/1913] Speed: 358.74 samples/sec, Loss:(pitch, yaw, roll)/(14.307, 5.007, 12.075)
Epoch[021] Batch[999/1913] Speed: 358.92 samples/sec, Loss:(pitch, yaw, roll)/(14.268, 5.005, 12.017)
Epoch[021] Batch[1099/1913] Speed: 359.47 samples/sec, Loss:(pitch, yaw, roll)/(14.253, 4.986, 11.998)
Epoch[021] Batch[1199/1913] Speed: 359.96 samples/sec, Loss:(pitch, yaw, roll)/(14.355, 4.988, 12.086)
Epoch[021] Batch[1299/1913] Speed: 359.52 samples/sec, Loss:(pitch, yaw, roll)/(14.385, 4.983, 12.095)
Epoch[021] Batch[1399/1913] Speed: 359.82 samples/sec, Loss:(pitch, yaw, roll)/(14.245, 4.971, 11.995)
Epoch[021] Batch[1499/1913] Speed: 357.84 samples/sec, Loss:(pitch, yaw, roll)/(14.108, 4.965, 11.848)
Epoch[021] Batch[1599/1913] Speed: 357.75 samples/sec, Loss:(pitch, yaw, roll)/(14.117, 4.957, 11.845)
Epoch[021] Batch[1699/1913] Speed: 360.31 samples/sec, Loss:(pitch, yaw, roll)/(14.153, 4.950, 11.846)
Epoch[021] Batch[1799/1913] Speed: 359.22 samples/sec, Loss:(pitch, yaw, roll)/(14.165, 4.949, 11.874)
Epoch[021] Batch[1899/1913] Speed: 356.65 samples/sec, Loss:(pitch, yaw, roll)/(14.148, 4.947, 11.851)
Epoch[021] train: MAE:(pitch, yaw, roll, mean)/(3.101, 1.901, 2.464, 2.489), Cost=343 sec, lr=0.000083
Epoch[021] val  : MAE:(pitch, yaw, roll, mean)/(7.160, 8.207, 5.856, 7.074), Loss:(pitch, yaw, roll)/(81.974, 108.000, 90.161)
Epoch[022] Batch[099/1913] Speed: 354.69 samples/sec, Loss:(pitch, yaw, roll)/(12.894, 4.652, 10.547)
Epoch[022] Batch[199/1913] Speed: 357.69 samples/sec, Loss:(pitch, yaw, roll)/(13.198, 4.703, 10.822)
Epoch[022] Batch[299/1913] Speed: 359.45 samples/sec, Loss:(pitch, yaw, roll)/(13.260, 4.770, 11.111)
Epoch[022] Batch[399/1913] Speed: 358.61 samples/sec, Loss:(pitch, yaw, roll)/(13.287, 4.748, 11.194)
Epoch[022] Batch[499/1913] Speed: 357.56 samples/sec, Loss:(pitch, yaw, roll)/(13.514, 4.772, 11.414)
Epoch[022] Batch[599/1913] Speed: 359.07 samples/sec, Loss:(pitch, yaw, roll)/(13.659, 4.797, 11.540)
Epoch[022] Batch[699/1913] Speed: 359.25 samples/sec, Loss:(pitch, yaw, roll)/(13.532, 4.810, 11.385)
Epoch[022] Batch[799/1913] Speed: 358.56 samples/sec, Loss:(pitch, yaw, roll)/(13.594, 4.804, 11.426)
Epoch[022] Batch[899/1913] Speed: 360.49 samples/sec, Loss:(pitch, yaw, roll)/(13.532, 4.797, 11.377)
Epoch[022] Batch[999/1913] Speed: 358.16 samples/sec, Loss:(pitch, yaw, roll)/(13.513, 4.799, 11.309)
Epoch[022] Batch[1099/1913] Speed: 358.97 samples/sec, Loss:(pitch, yaw, roll)/(13.347, 4.800, 11.150)
Epoch[022] Batch[1199/1913] Speed: 358.62 samples/sec, Loss:(pitch, yaw, roll)/(13.355, 4.799, 11.158)
Epoch[022] Batch[1299/1913] Speed: 360.20 samples/sec, Loss:(pitch, yaw, roll)/(13.372, 4.788, 11.151)
Epoch[022] Batch[1399/1913] Speed: 358.84 samples/sec, Loss:(pitch, yaw, roll)/(13.451, 4.793, 11.213)
Epoch[022] Batch[1499/1913] Speed: 359.91 samples/sec, Loss:(pitch, yaw, roll)/(13.390, 4.797, 11.145)
Epoch[022] Batch[1599/1913] Speed: 359.36 samples/sec, Loss:(pitch, yaw, roll)/(13.466, 4.798, 11.226)
Epoch[022] Batch[1699/1913] Speed: 359.82 samples/sec, Loss:(pitch, yaw, roll)/(13.408, 4.800, 11.147)
Epoch[022] Batch[1799/1913] Speed: 358.60 samples/sec, Loss:(pitch, yaw, roll)/(13.369, 4.806, 11.121)
Epoch[022] Batch[1899/1913] Speed: 357.13 samples/sec, Loss:(pitch, yaw, roll)/(13.402, 4.801, 11.152)
Epoch[022] train: MAE:(pitch, yaw, roll, mean)/(3.029, 1.865, 2.407, 2.434), Cost=343 sec, lr=0.000054
Epoch[022] val  : MAE:(pitch, yaw, roll, mean)/(7.213, 8.462, 5.815, 7.164), Loss:(pitch, yaw, roll)/(83.179, 110.277, 90.434)
Epoch[023] Batch[099/1913] Speed: 354.29 samples/sec, Loss:(pitch, yaw, roll)/(14.028, 4.695, 11.818)
Epoch[023] Batch[199/1913] Speed: 358.86 samples/sec, Loss:(pitch, yaw, roll)/(13.773, 4.773, 11.578)
Epoch[023] Batch[299/1913] Speed: 358.26 samples/sec, Loss:(pitch, yaw, roll)/(13.008, 4.736, 10.669)
Epoch[023] Batch[399/1913] Speed: 358.49 samples/sec, Loss:(pitch, yaw, roll)/(13.414, 4.739, 11.130)
Epoch[023] Batch[499/1913] Speed: 359.43 samples/sec, Loss:(pitch, yaw, roll)/(13.702, 4.752, 11.408)
Epoch[023] Batch[599/1913] Speed: 357.29 samples/sec, Loss:(pitch, yaw, roll)/(13.548, 4.758, 11.285)
Epoch[023] Batch[699/1913] Speed: 359.57 samples/sec, Loss:(pitch, yaw, roll)/(13.305, 4.752, 11.042)
Epoch[023] Batch[799/1913] Speed: 358.93 samples/sec, Loss:(pitch, yaw, roll)/(13.313, 4.738, 11.030)
Epoch[023] Batch[899/1913] Speed: 359.96 samples/sec, Loss:(pitch, yaw, roll)/(13.297, 4.740, 10.999)
Epoch[023] Batch[999/1913] Speed: 358.94 samples/sec, Loss:(pitch, yaw, roll)/(13.267, 4.730, 10.963)
Epoch[023] Batch[1099/1913] Speed: 358.04 samples/sec, Loss:(pitch, yaw, roll)/(13.157, 4.728, 10.876)
Epoch[023] Batch[1199/1913] Speed: 359.08 samples/sec, Loss:(pitch, yaw, roll)/(13.122, 4.717, 10.823)
Epoch[023] Batch[1299/1913] Speed: 358.35 samples/sec, Loss:(pitch, yaw, roll)/(13.074, 4.717, 10.771)
Epoch[023] Batch[1399/1913] Speed: 358.64 samples/sec, Loss:(pitch, yaw, roll)/(12.952, 4.717, 10.680)
Epoch[023] Batch[1499/1913] Speed: 359.62 samples/sec, Loss:(pitch, yaw, roll)/(12.957, 4.717, 10.672)
Epoch[023] Batch[1599/1913] Speed: 359.00 samples/sec, Loss:(pitch, yaw, roll)/(12.997, 4.711, 10.689)
Epoch[023] Batch[1699/1913] Speed: 357.10 samples/sec, Loss:(pitch, yaw, roll)/(13.097, 4.717, 10.784)
Epoch[023] Batch[1799/1913] Speed: 358.42 samples/sec, Loss:(pitch, yaw, roll)/(13.013, 4.718, 10.697)
Epoch[023] Batch[1899/1913] Speed: 359.79 samples/sec, Loss:(pitch, yaw, roll)/(13.042, 4.716, 10.761)
Epoch[023] train: MAE:(pitch, yaw, roll, mean)/(2.999, 1.847, 2.368, 2.405), Cost=343 sec, lr=0.000031
Epoch[023] val  : MAE:(pitch, yaw, roll, mean)/(7.090, 8.335, 5.791, 7.072), Loss:(pitch, yaw, roll)/(79.364, 112.292, 89.476)
Epoch[024] Batch[099/1913] Speed: 353.54 samples/sec, Loss:(pitch, yaw, roll)/(13.303, 4.829, 11.093)
Epoch[024] Batch[199/1913] Speed: 358.71 samples/sec, Loss:(pitch, yaw, roll)/(13.317, 4.794, 11.184)
Epoch[024] Batch[299/1913] Speed: 359.48 samples/sec, Loss:(pitch, yaw, roll)/(13.147, 4.730, 11.219)
Epoch[024] Batch[399/1913] Speed: 358.37 samples/sec, Loss:(pitch, yaw, roll)/(12.869, 4.732, 10.764)
Epoch[024] Batch[499/1913] Speed: 357.89 samples/sec, Loss:(pitch, yaw, roll)/(12.917, 4.724, 10.926)
Epoch[024] Batch[599/1913] Speed: 359.44 samples/sec, Loss:(pitch, yaw, roll)/(12.731, 4.720, 10.699)
Epoch[024] Batch[699/1913] Speed: 358.90 samples/sec, Loss:(pitch, yaw, roll)/(12.927, 4.728, 10.770)
Epoch[024] Batch[799/1913] Speed: 357.96 samples/sec, Loss:(pitch, yaw, roll)/(12.776, 4.720, 10.641)
Epoch[024] Batch[899/1913] Speed: 357.77 samples/sec, Loss:(pitch, yaw, roll)/(12.793, 4.713, 10.633)
Epoch[024] Batch[999/1913] Speed: 358.44 samples/sec, Loss:(pitch, yaw, roll)/(12.730, 4.724, 10.560)
Epoch[024] Batch[1099/1913] Speed: 358.52 samples/sec, Loss:(pitch, yaw, roll)/(12.674, 4.716, 10.522)
Epoch[024] Batch[1199/1913] Speed: 356.59 samples/sec, Loss:(pitch, yaw, roll)/(12.711, 4.719, 10.542)
Epoch[024] Batch[1299/1913] Speed: 357.50 samples/sec, Loss:(pitch, yaw, roll)/(12.586, 4.714, 10.419)
Epoch[024] Batch[1399/1913] Speed: 358.13 samples/sec, Loss:(pitch, yaw, roll)/(12.693, 4.705, 10.485)
Epoch[024] Batch[1499/1913] Speed: 358.67 samples/sec, Loss:(pitch, yaw, roll)/(12.645, 4.703, 10.442)
Epoch[024] Batch[1599/1913] Speed: 358.02 samples/sec, Loss:(pitch, yaw, roll)/(12.674, 4.691, 10.477)
Epoch[024] Batch[1699/1913] Speed: 358.79 samples/sec, Loss:(pitch, yaw, roll)/(12.649, 4.682, 10.464)
Epoch[024] Batch[1799/1913] Speed: 355.52 samples/sec, Loss:(pitch, yaw, roll)/(12.670, 4.681, 10.483)
Epoch[024] Batch[1899/1913] Speed: 358.01 samples/sec, Loss:(pitch, yaw, roll)/(12.670, 4.672, 10.487)
Epoch[024] train: MAE:(pitch, yaw, roll, mean)/(2.963, 1.824, 2.346, 2.378), Cost=343 sec, lr=0.000014
Epoch[024] val  : MAE:(pitch, yaw, roll, mean)/(7.209, 8.425, 5.851, 7.162), Loss:(pitch, yaw, roll)/(81.466, 113.085, 90.547)
Epoch[025] Batch[099/1913] Speed: 352.76 samples/sec, Loss:(pitch, yaw, roll)/(11.515, 4.680, 9.632)
Epoch[025] Batch[199/1913] Speed: 357.13 samples/sec, Loss:(pitch, yaw, roll)/(11.199, 4.625, 9.166)
Epoch[025] Batch[299/1913] Speed: 358.07 samples/sec, Loss:(pitch, yaw, roll)/(11.485, 4.608, 9.447)
Epoch[025] Batch[399/1913] Speed: 358.07 samples/sec, Loss:(pitch, yaw, roll)/(11.542, 4.624, 9.390)
Epoch[025] Batch[499/1913] Speed: 357.86 samples/sec, Loss:(pitch, yaw, roll)/(11.824, 4.630, 9.676)
Epoch[025] Batch[599/1913] Speed: 358.38 samples/sec, Loss:(pitch, yaw, roll)/(11.657, 4.645, 9.532)
Epoch[025] Batch[699/1913] Speed: 359.73 samples/sec, Loss:(pitch, yaw, roll)/(11.749, 4.650, 9.603)
Epoch[025] Batch[799/1913] Speed: 358.01 samples/sec, Loss:(pitch, yaw, roll)/(11.955, 4.647, 9.765)
Epoch[025] Batch[899/1913] Speed: 358.87 samples/sec, Loss:(pitch, yaw, roll)/(11.955, 4.662, 9.733)
Epoch[025] Batch[999/1913] Speed: 360.07 samples/sec, Loss:(pitch, yaw, roll)/(12.036, 4.665, 9.865)
Epoch[025] Batch[1099/1913] Speed: 359.17 samples/sec, Loss:(pitch, yaw, roll)/(12.066, 4.662, 9.920)
Epoch[025] Batch[1199/1913] Speed: 359.23 samples/sec, Loss:(pitch, yaw, roll)/(12.167, 4.660, 10.001)
Epoch[025] Batch[1299/1913] Speed: 359.16 samples/sec, Loss:(pitch, yaw, roll)/(12.188, 4.664, 10.012)
Epoch[025] Batch[1399/1913] Speed: 358.15 samples/sec, Loss:(pitch, yaw, roll)/(12.172, 4.664, 9.997)
Epoch[025] Batch[1499/1913] Speed: 358.96 samples/sec, Loss:(pitch, yaw, roll)/(12.307, 4.654, 10.158)
Epoch[025] Batch[1599/1913] Speed: 360.43 samples/sec, Loss:(pitch, yaw, roll)/(12.267, 4.653, 10.105)
Epoch[025] Batch[1699/1913] Speed: 359.19 samples/sec, Loss:(pitch, yaw, roll)/(12.251, 4.648, 10.094)
Epoch[025] Batch[1799/1913] Speed: 359.65 samples/sec, Loss:(pitch, yaw, roll)/(12.299, 4.650, 10.144)
Epoch[025] Batch[1899/1913] Speed: 359.21 samples/sec, Loss:(pitch, yaw, roll)/(12.399, 4.648, 10.218)
Epoch[025] train: MAE:(pitch, yaw, roll, mean)/(2.946, 1.819, 2.322, 2.362), Cost=343 sec, lr=0.000004
Epoch[025] val  : MAE:(pitch, yaw, roll, mean)/(7.214, 8.523, 5.809, 7.182), Loss:(pitch, yaw, roll)/(80.852, 114.393, 89.186)
Epoch[026] Batch[099/1913] Speed: 351.41 samples/sec, Loss:(pitch, yaw, roll)/(12.006, 4.618, 9.902)
Epoch[026] Batch[199/1913] Speed: 357.55 samples/sec, Loss:(pitch, yaw, roll)/(12.131, 4.664, 9.931)
Epoch[026] Batch[299/1913] Speed: 356.12 samples/sec, Loss:(pitch, yaw, roll)/(11.982, 4.671, 9.611)
Epoch[026] Batch[399/1913] Speed: 357.40 samples/sec, Loss:(pitch, yaw, roll)/(12.107, 4.659, 9.872)
Epoch[026] Batch[499/1913] Speed: 358.12 samples/sec, Loss:(pitch, yaw, roll)/(12.553, 4.642, 10.296)
Epoch[026] Batch[599/1913] Speed: 358.47 samples/sec, Loss:(pitch, yaw, roll)/(12.758, 4.624, 10.546)
Epoch[026] Batch[699/1913] Speed: 357.75 samples/sec, Loss:(pitch, yaw, roll)/(12.709, 4.632, 10.526)
Epoch[026] Batch[799/1913] Speed: 358.32 samples/sec, Loss:(pitch, yaw, roll)/(12.489, 4.630, 10.317)
Epoch[026] Batch[899/1913] Speed: 359.33 samples/sec, Loss:(pitch, yaw, roll)/(12.501, 4.637, 10.344)
Epoch[026] Batch[999/1913] Speed: 358.68 samples/sec, Loss:(pitch, yaw, roll)/(12.497, 4.635, 10.350)
Epoch[026] Batch[1099/1913] Speed: 358.79 samples/sec, Loss:(pitch, yaw, roll)/(12.445, 4.635, 10.289)
Epoch[026] Batch[1199/1913] Speed: 357.15 samples/sec, Loss:(pitch, yaw, roll)/(12.425, 4.630, 10.264)
Epoch[026] Batch[1299/1913] Speed: 358.20 samples/sec, Loss:(pitch, yaw, roll)/(12.466, 4.632, 10.294)
Epoch[026] Batch[1399/1913] Speed: 358.36 samples/sec, Loss:(pitch, yaw, roll)/(12.457, 4.634, 10.263)
Epoch[026] Batch[1499/1913] Speed: 359.35 samples/sec, Loss:(pitch, yaw, roll)/(12.403, 4.630, 10.189)
Epoch[026] Batch[1599/1913] Speed: 358.13 samples/sec, Loss:(pitch, yaw, roll)/(12.391, 4.633, 10.164)
Epoch[026] Batch[1699/1913] Speed: 359.21 samples/sec, Loss:(pitch, yaw, roll)/(12.401, 4.625, 10.226)
Epoch[026] Batch[1799/1913] Speed: 356.59 samples/sec, Loss:(pitch, yaw, roll)/(12.377, 4.624, 10.181)
Epoch[026] Batch[1899/1913] Speed: 356.69 samples/sec, Loss:(pitch, yaw, roll)/(12.369, 4.623, 10.174)
Epoch[026] train: MAE:(pitch, yaw, roll, mean)/(2.940, 1.816, 2.326, 2.361), Cost=344 sec, lr=0.000001
Epoch[026] val  : MAE:(pitch, yaw, roll, mean)/(7.053, 8.357, 5.732, 7.047), Loss:(pitch, yaw, roll)/(78.302, 111.995, 88.368)
Epoch[027] Batch[099/1913] Speed: 353.37 samples/sec, Loss:(pitch, yaw, roll)/(12.197, 4.598, 9.974)
Epoch[027] Batch[199/1913] Speed: 359.03 samples/sec, Loss:(pitch, yaw, roll)/(12.208, 4.593, 9.897)
Epoch[027] Batch[299/1913] Speed: 358.66 samples/sec, Loss:(pitch, yaw, roll)/(12.448, 4.610, 10.070)
Epoch[027] Batch[399/1913] Speed: 358.19 samples/sec, Loss:(pitch, yaw, roll)/(12.252, 4.633, 9.988)
Epoch[027] Batch[499/1913] Speed: 359.30 samples/sec, Loss:(pitch, yaw, roll)/(12.153, 4.623, 9.958)
Epoch[027] Batch[599/1913] Speed: 358.63 samples/sec, Loss:(pitch, yaw, roll)/(12.180, 4.634, 9.974)
Epoch[027] Batch[699/1913] Speed: 357.89 samples/sec, Loss:(pitch, yaw, roll)/(12.075, 4.633, 9.855)
Epoch[027] Batch[799/1913] Speed: 359.13 samples/sec, Loss:(pitch, yaw, roll)/(12.189, 4.635, 10.008)
Epoch[027] Batch[899/1913] Speed: 359.37 samples/sec, Loss:(pitch, yaw, roll)/(12.132, 4.609, 9.989)
Epoch[027] Batch[999/1913] Speed: 358.76 samples/sec, Loss:(pitch, yaw, roll)/(12.177, 4.624, 10.031)
Epoch[027] Batch[1099/1913] Speed: 359.95 samples/sec, Loss:(pitch, yaw, roll)/(12.064, 4.615, 9.946)
Epoch[027] Batch[1199/1913] Speed: 358.49 samples/sec, Loss:(pitch, yaw, roll)/(12.070, 4.612, 9.931)
Epoch[027] Batch[1299/1913] Speed: 359.55 samples/sec, Loss:(pitch, yaw, roll)/(12.129, 4.614, 9.990)
Epoch[027] Batch[1399/1913] Speed: 360.26 samples/sec, Loss:(pitch, yaw, roll)/(12.099, 4.613, 9.970)
Epoch[027] Batch[1499/1913] Speed: 357.92 samples/sec, Loss:(pitch, yaw, roll)/(12.204, 4.611, 10.092)
Epoch[027] Batch[1599/1913] Speed: 354.55 samples/sec, Loss:(pitch, yaw, roll)/(12.204, 4.607, 10.099)
Epoch[027] Batch[1699/1913] Speed: 357.92 samples/sec, Loss:(pitch, yaw, roll)/(12.190, 4.610, 10.094)
Epoch[027] Batch[1799/1913] Speed: 360.54 samples/sec, Loss:(pitch, yaw, roll)/(12.186, 4.618, 10.079)
Epoch[027] Batch[1899/1913] Speed: 358.03 samples/sec, Loss:(pitch, yaw, roll)/(12.256, 4.619, 10.138)
Epoch[027] train: MAE:(pitch, yaw, roll, mean)/(2.924, 1.813, 2.312, 2.350), Cost=343 sec, lr=0.000001
Epoch[027] val  : MAE:(pitch, yaw, roll, mean)/(7.116, 8.533, 5.757, 7.135), Loss:(pitch, yaw, roll)/(80.262, 113.228, 89.108)
Epoch[028] Batch[099/1913] Speed: 352.78 samples/sec, Loss:(pitch, yaw, roll)/(12.838, 4.527, 10.220)
Epoch[028] Batch[199/1913] Speed: 358.66 samples/sec, Loss:(pitch, yaw, roll)/(12.591, 4.602, 9.869)
Epoch[028] Batch[299/1913] Speed: 358.17 samples/sec, Loss:(pitch, yaw, roll)/(12.645, 4.611, 10.147)
Epoch[028] Batch[399/1913] Speed: 359.96 samples/sec, Loss:(pitch, yaw, roll)/(12.837, 4.626, 10.256)
Epoch[028] Batch[499/1913] Speed: 359.57 samples/sec, Loss:(pitch, yaw, roll)/(12.706, 4.607, 10.180)
Epoch[028] Batch[599/1913] Speed: 357.28 samples/sec, Loss:(pitch, yaw, roll)/(12.528, 4.607, 10.035)
Epoch[028] Batch[699/1913] Speed: 358.77 samples/sec, Loss:(pitch, yaw, roll)/(12.645, 4.601, 10.213)
Epoch[028] Batch[799/1913] Speed: 358.41 samples/sec, Loss:(pitch, yaw, roll)/(12.433, 4.601, 10.010)
Epoch[028] Batch[899/1913] Speed: 358.08 samples/sec, Loss:(pitch, yaw, roll)/(12.449, 4.596, 10.037)
Epoch[028] Batch[999/1913] Speed: 360.32 samples/sec, Loss:(pitch, yaw, roll)/(12.457, 4.598, 10.108)
Epoch[028] Batch[1099/1913] Speed: 360.24 samples/sec, Loss:(pitch, yaw, roll)/(12.431, 4.597, 10.110)
Epoch[028] Batch[1199/1913] Speed: 357.67 samples/sec, Loss:(pitch, yaw, roll)/(12.351, 4.617, 10.024)
Epoch[028] Batch[1299/1913] Speed: 358.35 samples/sec, Loss:(pitch, yaw, roll)/(12.291, 4.609, 9.954)
Epoch[028] Batch[1399/1913] Speed: 358.22 samples/sec, Loss:(pitch, yaw, roll)/(12.334, 4.616, 9.998)
Epoch[028] Batch[1499/1913] Speed: 359.40 samples/sec, Loss:(pitch, yaw, roll)/(12.254, 4.619, 9.930)
Epoch[028] Batch[1599/1913] Speed: 359.09 samples/sec, Loss:(pitch, yaw, roll)/(12.206, 4.615, 9.917)
Epoch[028] Batch[1699/1913] Speed: 357.25 samples/sec, Loss:(pitch, yaw, roll)/(12.330, 4.609, 10.048)
Epoch[028] Batch[1799/1913] Speed: 359.06 samples/sec, Loss:(pitch, yaw, roll)/(12.345, 4.613, 10.085)
Epoch[028] Batch[1899/1913] Speed: 359.18 samples/sec, Loss:(pitch, yaw, roll)/(12.370, 4.614, 10.125)
Epoch[028] train: MAE:(pitch, yaw, roll, mean)/(2.942, 1.811, 2.318, 2.357), Cost=343 sec, lr=0.000001
Epoch[028] val  : MAE:(pitch, yaw, roll, mean)/(7.105, 8.338, 5.782, 7.075), Loss:(pitch, yaw, roll)/(80.520, 108.395, 89.947)
Epoch[029] Batch[099/1913] Speed: 352.48 samples/sec, Loss:(pitch, yaw, roll)/(11.161, 4.710, 8.933)
Epoch[029] Batch[199/1913] Speed: 358.62 samples/sec, Loss:(pitch, yaw, roll)/(11.794, 4.709, 9.598)
Epoch[029] Batch[299/1913] Speed: 357.55 samples/sec, Loss:(pitch, yaw, roll)/(12.152, 4.703, 10.068)
Epoch[029] Batch[399/1913] Speed: 358.82 samples/sec, Loss:(pitch, yaw, roll)/(11.906, 4.696, 9.840)
Epoch[029] Batch[499/1913] Speed: 359.31 samples/sec, Loss:(pitch, yaw, roll)/(12.213, 4.669, 10.121)
Epoch[029] Batch[599/1913] Speed: 358.44 samples/sec, Loss:(pitch, yaw, roll)/(12.352, 4.661, 10.248)
Epoch[029] Batch[699/1913] Speed: 356.54 samples/sec, Loss:(pitch, yaw, roll)/(12.323, 4.662, 10.274)
Epoch[029] Batch[799/1913] Speed: 357.87 samples/sec, Loss:(pitch, yaw, roll)/(12.251, 4.671, 10.211)
Epoch[029] Batch[899/1913] Speed: 358.48 samples/sec, Loss:(pitch, yaw, roll)/(12.350, 4.659, 10.269)
Epoch[029] Batch[999/1913] Speed: 358.19 samples/sec, Loss:(pitch, yaw, roll)/(12.258, 4.661, 10.123)
Epoch[029] Batch[1099/1913] Speed: 359.79 samples/sec, Loss:(pitch, yaw, roll)/(12.219, 4.648, 10.081)
Epoch[029] Batch[1199/1913] Speed: 359.36 samples/sec, Loss:(pitch, yaw, roll)/(12.255, 4.649, 10.089)
Epoch[029] Batch[1299/1913] Speed: 359.42 samples/sec, Loss:(pitch, yaw, roll)/(12.183, 4.652, 10.030)
Epoch[029] Batch[1399/1913] Speed: 359.55 samples/sec, Loss:(pitch, yaw, roll)/(12.133, 4.650, 10.014)
Epoch[029] Batch[1499/1913] Speed: 360.13 samples/sec, Loss:(pitch, yaw, roll)/(12.158, 4.641, 10.017)
Epoch[029] Batch[1599/1913] Speed: 359.48 samples/sec, Loss:(pitch, yaw, roll)/(12.172, 4.641, 10.031)
Epoch[029] Batch[1699/1913] Speed: 358.20 samples/sec, Loss:(pitch, yaw, roll)/(12.240, 4.640, 10.093)
Epoch[029] Batch[1799/1913] Speed: 356.44 samples/sec, Loss:(pitch, yaw, roll)/(12.276, 4.646, 10.124)
Epoch[029] Batch[1899/1913] Speed: 358.64 samples/sec, Loss:(pitch, yaw, roll)/(12.315, 4.642, 10.146)
Epoch[029] train: MAE:(pitch, yaw, roll, mean)/(2.929, 1.819, 2.315, 2.354), Cost=343 sec, lr=0.000001
Epoch[029] val  : MAE:(pitch, yaw, roll, mean)/(7.089, 8.632, 5.772, 7.164), Loss:(pitch, yaw, roll)/(77.554, 120.788, 89.587)


Min mean MAE: 6.963, Epoch: 18