nohup: ignoring input
Namespace(alpha=2.0, anno_txt='./data/300W_LP_pose.txt', bs=128, dataset='/home/lfx/Data/300W_LP', epochs=30, gpu=6, log_interval=100, lr=0.001, lr_decay_epoch='10, 15, 20', lr_type='cos', momentum=0.9, net='v3', num_workers=6, prefix='v3_large_alpha2', save='./weight', use_fc=1, version='large', wd=4e-05, weights='', width_mult=1.0)
[21:16:35] src/operator/nn/./cudnn/./cudnn_algoreg-inl.h:97: Running performance tests to find the best convolution algorithm, this can take a while... (set the environment variable MXNET_CUDNN_AUTOTUNE_DEFAULT to 0 to disable)
Epoch[000] Batch[099/956] Speed: 58.72 samples/sec, Loss:(pitch, yaw, roll)/(162.428, 717.634, 139.702)
Epoch[000] Batch[199/956] Speed: 112.34 samples/sec, Loss:(pitch, yaw, roll)/(151.019, 434.733, 132.856)
Epoch[000] Batch[299/956] Speed: 213.60 samples/sec, Loss:(pitch, yaw, roll)/(139.305, 324.859, 118.676)
Epoch[000] Batch[399/956] Speed: 326.37 samples/sec, Loss:(pitch, yaw, roll)/(126.087, 261.109, 106.626)
Epoch[000] Batch[499/956] Speed: 322.06 samples/sec, Loss:(pitch, yaw, roll)/(116.829, 217.949, 97.982)
Epoch[000] Batch[599/956] Speed: 325.46 samples/sec, Loss:(pitch, yaw, roll)/(109.821, 189.559, 91.260)
Epoch[000] Batch[699/956] Speed: 322.31 samples/sec, Loss:(pitch, yaw, roll)/(104.120, 168.800, 86.272)
Epoch[000] Batch[799/956] Speed: 321.44 samples/sec, Loss:(pitch, yaw, roll)/(99.874, 154.062, 82.614)
Epoch[000] Batch[899/956] Speed: 321.16 samples/sec, Loss:(pitch, yaw, roll)/(95.823, 140.336, 79.311)
[21:27:12] src/operator/nn/./cudnn/./cudnn_algoreg-inl.h:97: Running performance tests to find the best convolution algorithm, this can take a while... (set the environment variable MXNET_CUDNN_AUTOTUNE_DEFAULT to 0 to disable)
Epoch[000] train: MAE:(pitch, yaw, roll, mean)/(6.436, 6.775, 5.456, 6.222), Cost=662 sec, lr=0.000997
Epoch[000] val  : MAE:(pitch, yaw, roll, mean)/(8.218, 9.615, 6.905, 8.246), Loss:(pitch, yaw, roll)/(190.520, 225.570, 212.482)
Min val mean MAE! save model!
Epoch[001] Batch[099/956] Speed: 320.69 samples/sec, Loss:(pitch, yaw, roll)/(60.672, 35.777, 48.300)
Epoch[001] Batch[199/956] Speed: 323.23 samples/sec, Loss:(pitch, yaw, roll)/(59.501, 32.450, 47.471)
Epoch[001] Batch[299/956] Speed: 322.11 samples/sec, Loss:(pitch, yaw, roll)/(58.307, 29.580, 47.149)
Epoch[001] Batch[399/956] Speed: 322.19 samples/sec, Loss:(pitch, yaw, roll)/(57.572, 29.625, 47.049)
Epoch[001] Batch[499/956] Speed: 322.17 samples/sec, Loss:(pitch, yaw, roll)/(56.833, 27.761, 46.546)
Epoch[001] Batch[599/956] Speed: 320.88 samples/sec, Loss:(pitch, yaw, roll)/(56.705, 26.608, 46.622)
Epoch[001] Batch[699/956] Speed: 323.45 samples/sec, Loss:(pitch, yaw, roll)/(56.783, 28.004, 46.582)
Epoch[001] Batch[799/956] Speed: 321.05 samples/sec, Loss:(pitch, yaw, roll)/(56.921, 28.584, 46.411)
Epoch[001] Batch[899/956] Speed: 320.62 samples/sec, Loss:(pitch, yaw, roll)/(56.951, 28.586, 46.377)
Epoch[001] train: MAE:(pitch, yaw, roll, mean)/(4.760, 3.715, 3.835, 4.103), Cost=382 sec, lr=0.000987
Epoch[001] val  : MAE:(pitch, yaw, roll, mean)/(8.936, 12.158, 7.782, 9.625), Loss:(pitch, yaw, roll)/(202.653, 420.181, 238.181)
Epoch[002] Batch[099/956] Speed: 316.59 samples/sec, Loss:(pitch, yaw, roll)/(54.998, 27.030, 41.209)
Epoch[002] Batch[199/956] Speed: 321.50 samples/sec, Loss:(pitch, yaw, roll)/(54.517, 23.561, 43.490)
Epoch[002] Batch[299/956] Speed: 321.77 samples/sec, Loss:(pitch, yaw, roll)/(53.751, 24.986, 43.194)
Epoch[002] Batch[399/956] Speed: 322.08 samples/sec, Loss:(pitch, yaw, roll)/(52.322, 23.549, 42.221)
Epoch[002] Batch[499/956] Speed: 321.74 samples/sec, Loss:(pitch, yaw, roll)/(51.767, 22.877, 42.160)
Epoch[002] Batch[599/956] Speed: 323.17 samples/sec, Loss:(pitch, yaw, roll)/(51.161, 22.272, 42.030)
Epoch[002] Batch[699/956] Speed: 321.30 samples/sec, Loss:(pitch, yaw, roll)/(50.400, 21.943, 41.428)
Epoch[002] Batch[799/956] Speed: 320.42 samples/sec, Loss:(pitch, yaw, roll)/(50.443, 21.207, 41.641)
Epoch[002] Batch[899/956] Speed: 322.77 samples/sec, Loss:(pitch, yaw, roll)/(49.997, 20.489, 41.462)
Epoch[002] train: MAE:(pitch, yaw, roll, mean)/(4.311, 3.167, 3.456, 3.645), Cost=382 sec, lr=0.000970
Epoch[002] val  : MAE:(pitch, yaw, roll, mean)/(7.145, 8.506, 6.194, 7.282), Loss:(pitch, yaw, roll)/(163.730, 186.725, 188.891)
Min val mean MAE! save model!
Epoch[003] Batch[099/956] Speed: 317.43 samples/sec, Loss:(pitch, yaw, roll)/(40.778, 14.595, 34.691)
Epoch[003] Batch[199/956] Speed: 321.13 samples/sec, Loss:(pitch, yaw, roll)/(42.240, 14.394, 35.829)
Epoch[003] Batch[299/956] Speed: 321.20 samples/sec, Loss:(pitch, yaw, roll)/(42.727, 14.398, 36.409)
Epoch[003] Batch[399/956] Speed: 321.44 samples/sec, Loss:(pitch, yaw, roll)/(43.094, 14.448, 36.674)
Epoch[003] Batch[499/956] Speed: 322.72 samples/sec, Loss:(pitch, yaw, roll)/(43.646, 14.826, 37.271)
Epoch[003] Batch[599/956] Speed: 322.13 samples/sec, Loss:(pitch, yaw, roll)/(43.786, 14.935, 37.340)
Epoch[003] Batch[699/956] Speed: 321.28 samples/sec, Loss:(pitch, yaw, roll)/(43.739, 14.703, 37.305)
Epoch[003] Batch[799/956] Speed: 322.64 samples/sec, Loss:(pitch, yaw, roll)/(43.316, 14.663, 36.999)
Epoch[003] Batch[899/956] Speed: 323.54 samples/sec, Loss:(pitch, yaw, roll)/(43.363, 14.940, 37.059)
Epoch[003] train: MAE:(pitch, yaw, roll, mean)/(3.916, 2.752, 3.169, 3.279), Cost=383 sec, lr=0.000947
Epoch[003] val  : MAE:(pitch, yaw, roll, mean)/(7.273, 9.048, 6.015, 7.445), Loss:(pitch, yaw, roll)/(166.440, 203.813, 182.604)
Epoch[004] Batch[099/956] Speed: 318.96 samples/sec, Loss:(pitch, yaw, roll)/(41.777, 15.312, 35.402)
Epoch[004] Batch[199/956] Speed: 320.45 samples/sec, Loss:(pitch, yaw, roll)/(42.621, 14.504, 36.936)
Epoch[004] Batch[299/956] Speed: 322.86 samples/sec, Loss:(pitch, yaw, roll)/(42.339, 14.105, 36.553)
Epoch[004] Batch[399/956] Speed: 323.29 samples/sec, Loss:(pitch, yaw, roll)/(42.413, 14.034, 36.398)
Epoch[004] Batch[499/956] Speed: 320.70 samples/sec, Loss:(pitch, yaw, roll)/(42.407, 14.070, 36.559)
Epoch[004] Batch[599/956] Speed: 321.99 samples/sec, Loss:(pitch, yaw, roll)/(42.292, 13.935, 36.394)
Epoch[004] Batch[699/956] Speed: 322.11 samples/sec, Loss:(pitch, yaw, roll)/(42.411, 14.028, 36.463)
Epoch[004] Batch[799/956] Speed: 323.89 samples/sec, Loss:(pitch, yaw, roll)/(42.327, 14.015, 36.319)
Epoch[004] Batch[899/956] Speed: 321.57 samples/sec, Loss:(pitch, yaw, roll)/(41.772, 13.974, 35.832)
Epoch[004] train: MAE:(pitch, yaw, roll, mean)/(3.803, 2.653, 3.083, 3.179), Cost=382 sec, lr=0.000918
Epoch[004] val  : MAE:(pitch, yaw, roll, mean)/(7.780, 7.984, 5.686, 7.150), Loss:(pitch, yaw, roll)/(174.736, 176.072, 175.453)
Min val mean MAE! save model!
Epoch[005] Batch[099/956] Speed: 317.48 samples/sec, Loss:(pitch, yaw, roll)/(41.849, 12.125, 35.891)
Epoch[005] Batch[199/956] Speed: 322.09 samples/sec, Loss:(pitch, yaw, roll)/(42.741, 12.720, 37.563)
Epoch[005] Batch[299/956] Speed: 323.31 samples/sec, Loss:(pitch, yaw, roll)/(43.333, 15.031, 37.659)
Epoch[005] Batch[399/956] Speed: 320.73 samples/sec, Loss:(pitch, yaw, roll)/(44.244, 16.751, 37.994)
Epoch[005] Batch[499/956] Speed: 321.95 samples/sec, Loss:(pitch, yaw, roll)/(43.746, 16.327, 37.464)
Epoch[005] Batch[599/956] Speed: 322.06 samples/sec, Loss:(pitch, yaw, roll)/(43.118, 15.920, 36.664)
Epoch[005] Batch[699/956] Speed: 321.80 samples/sec, Loss:(pitch, yaw, roll)/(42.421, 15.478, 36.053)
Epoch[005] Batch[799/956] Speed: 322.26 samples/sec, Loss:(pitch, yaw, roll)/(42.132, 14.993, 36.021)
Epoch[005] Batch[899/956] Speed: 321.41 samples/sec, Loss:(pitch, yaw, roll)/(43.108, 16.900, 36.532)
Epoch[005] train: MAE:(pitch, yaw, roll, mean)/(3.947, 2.851, 3.186, 3.328), Cost=383 sec, lr=0.000883
Epoch[005] val  : MAE:(pitch, yaw, roll, mean)/(7.996, 9.277, 6.080, 7.784), Loss:(pitch, yaw, roll)/(173.745, 201.138, 176.623)
Epoch[006] Batch[099/956] Speed: 315.37 samples/sec, Loss:(pitch, yaw, roll)/(47.642, 19.095, 39.171)
Epoch[006] Batch[199/956] Speed: 323.10 samples/sec, Loss:(pitch, yaw, roll)/(44.485, 16.537, 37.198)
Epoch[006] Batch[299/956] Speed: 323.99 samples/sec, Loss:(pitch, yaw, roll)/(43.592, 15.505, 36.298)
Epoch[006] Batch[399/956] Speed: 321.45 samples/sec, Loss:(pitch, yaw, roll)/(43.693, 14.566, 36.554)
Epoch[006] Batch[499/956] Speed: 321.65 samples/sec, Loss:(pitch, yaw, roll)/(43.130, 13.804, 36.134)
Epoch[006] Batch[599/956] Speed: 322.00 samples/sec, Loss:(pitch, yaw, roll)/(42.672, 13.871, 35.797)
Epoch[006] Batch[699/956] Speed: 322.10 samples/sec, Loss:(pitch, yaw, roll)/(41.991, 13.497, 35.510)
Epoch[006] Batch[799/956] Speed: 323.45 samples/sec, Loss:(pitch, yaw, roll)/(41.724, 13.337, 35.533)
Epoch[006] Batch[899/956] Speed: 322.59 samples/sec, Loss:(pitch, yaw, roll)/(41.624, 13.046, 35.578)
Epoch[006] train: MAE:(pitch, yaw, roll, mean)/(3.753, 2.503, 3.017, 3.091), Cost=382 sec, lr=0.000843
Epoch[006] val  : MAE:(pitch, yaw, roll, mean)/(7.031, 7.787, 5.342, 6.720), Loss:(pitch, yaw, roll)/(155.727, 170.419, 165.254)
Min val mean MAE! save model!
Epoch[007] Batch[099/956] Speed: 317.94 samples/sec, Loss:(pitch, yaw, roll)/(36.457, 10.674, 31.510)
Epoch[007] Batch[199/956] Speed: 324.56 samples/sec, Loss:(pitch, yaw, roll)/(34.955, 10.256, 30.212)
Epoch[007] Batch[299/956] Speed: 321.54 samples/sec, Loss:(pitch, yaw, roll)/(37.437, 10.158, 32.563)
Epoch[007] Batch[399/956] Speed: 321.12 samples/sec, Loss:(pitch, yaw, roll)/(37.380, 10.356, 32.518)
Epoch[007] Batch[499/956] Speed: 322.31 samples/sec, Loss:(pitch, yaw, roll)/(37.714, 10.469, 33.125)
Epoch[007] Batch[599/956] Speed: 321.87 samples/sec, Loss:(pitch, yaw, roll)/(37.912, 10.477, 33.243)
Epoch[007] Batch[699/956] Speed: 321.47 samples/sec, Loss:(pitch, yaw, roll)/(37.639, 10.464, 32.916)
Epoch[007] Batch[799/956] Speed: 323.05 samples/sec, Loss:(pitch, yaw, roll)/(37.182, 10.440, 32.465)
Epoch[007] Batch[899/956] Speed: 322.12 samples/sec, Loss:(pitch, yaw, roll)/(37.169, 10.446, 32.554)
Epoch[007] train: MAE:(pitch, yaw, roll, mean)/(3.485, 2.247, 2.845, 2.859), Cost=382 sec, lr=0.000799
Epoch[007] val  : MAE:(pitch, yaw, roll, mean)/(7.111, 7.723, 5.661, 6.832), Loss:(pitch, yaw, roll)/(157.155, 164.871, 168.717)
Epoch[008] Batch[099/956] Speed: 319.15 samples/sec, Loss:(pitch, yaw, roll)/(38.109, 10.097, 31.959)
Epoch[008] Batch[199/956] Speed: 322.31 samples/sec, Loss:(pitch, yaw, roll)/(36.918, 9.828, 31.576)
Epoch[008] Batch[299/956] Speed: 321.88 samples/sec, Loss:(pitch, yaw, roll)/(35.874, 9.793, 30.671)
Epoch[008] Batch[399/956] Speed: 323.63 samples/sec, Loss:(pitch, yaw, roll)/(35.802, 9.864, 30.837)
Epoch[008] Batch[499/956] Speed: 322.78 samples/sec, Loss:(pitch, yaw, roll)/(35.826, 9.905, 31.061)
Epoch[008] Batch[599/956] Speed: 322.01 samples/sec, Loss:(pitch, yaw, roll)/(36.092, 9.775, 31.390)
Epoch[008] Batch[699/956] Speed: 321.53 samples/sec, Loss:(pitch, yaw, roll)/(36.265, 9.782, 31.471)
Epoch[008] Batch[799/956] Speed: 321.45 samples/sec, Loss:(pitch, yaw, roll)/(36.468, 9.788, 31.702)
Epoch[008] Batch[899/956] Speed: 322.93 samples/sec, Loss:(pitch, yaw, roll)/(36.685, 9.963, 32.046)
Epoch[008] train: MAE:(pitch, yaw, roll, mean)/(3.414, 2.193, 2.767, 2.791), Cost=382 sec, lr=0.000750
Epoch[008] val  : MAE:(pitch, yaw, roll, mean)/(7.001, 7.667, 5.445, 6.704), Loss:(pitch, yaw, roll)/(154.145, 175.626, 159.280)
Min val mean MAE! save model!
Epoch[009] Batch[099/956] Speed: 318.28 samples/sec, Loss:(pitch, yaw, roll)/(31.991, 9.553, 27.009)
Epoch[009] Batch[199/956] Speed: 321.97 samples/sec, Loss:(pitch, yaw, roll)/(34.325, 9.673, 29.564)
Epoch[009] Batch[299/956] Speed: 321.08 samples/sec, Loss:(pitch, yaw, roll)/(35.996, 9.505, 31.368)
Epoch[009] Batch[399/956] Speed: 323.41 samples/sec, Loss:(pitch, yaw, roll)/(36.114, 9.595, 31.624)
Epoch[009] Batch[499/956] Speed: 322.05 samples/sec, Loss:(pitch, yaw, roll)/(36.012, 9.505, 31.726)
Epoch[009] Batch[599/956] Speed: 321.06 samples/sec, Loss:(pitch, yaw, roll)/(36.412, 9.571, 32.325)
Epoch[009] Batch[699/956] Speed: 323.37 samples/sec, Loss:(pitch, yaw, roll)/(35.881, 9.567, 31.737)
Epoch[009] Batch[799/956] Speed: 323.78 samples/sec, Loss:(pitch, yaw, roll)/(35.560, 9.449, 31.440)
Epoch[009] Batch[899/956] Speed: 322.08 samples/sec, Loss:(pitch, yaw, roll)/(35.462, 9.360, 31.322)
Epoch[009] train: MAE:(pitch, yaw, roll, mean)/(3.329, 2.131, 2.724, 2.728), Cost=382 sec, lr=0.000698
Epoch[009] val  : MAE:(pitch, yaw, roll, mean)/(6.661, 7.898, 5.202, 6.587), Loss:(pitch, yaw, roll)/(139.496, 178.055, 157.112)
Min val mean MAE! save model!
Epoch[010] Batch[099/956] Speed: 318.48 samples/sec, Loss:(pitch, yaw, roll)/(34.588, 9.814, 31.934)
Epoch[010] Batch[199/956] Speed: 321.73 samples/sec, Loss:(pitch, yaw, roll)/(32.089, 9.223, 28.911)
Epoch[010] Batch[299/956] Speed: 324.48 samples/sec, Loss:(pitch, yaw, roll)/(33.479, 9.077, 30.218)
Epoch[010] Batch[399/956] Speed: 322.65 samples/sec, Loss:(pitch, yaw, roll)/(34.546, 9.042, 31.351)
Epoch[010] Batch[499/956] Speed: 321.61 samples/sec, Loss:(pitch, yaw, roll)/(35.068, 9.207, 31.473)
Epoch[010] Batch[599/956] Speed: 322.04 samples/sec, Loss:(pitch, yaw, roll)/(34.795, 9.222, 31.137)
Epoch[010] Batch[699/956] Speed: 323.12 samples/sec, Loss:(pitch, yaw, roll)/(34.832, 9.106, 31.300)
Epoch[010] Batch[799/956] Speed: 322.25 samples/sec, Loss:(pitch, yaw, roll)/(34.573, 9.004, 31.005)
Epoch[010] Batch[899/956] Speed: 323.96 samples/sec, Loss:(pitch, yaw, roll)/(34.157, 8.946, 30.544)
Epoch[010] train: MAE:(pitch, yaw, roll, mean)/(3.253, 2.064, 2.679, 2.665), Cost=382 sec, lr=0.000643
Epoch[010] val  : MAE:(pitch, yaw, roll, mean)/(6.860, 7.445, 5.137, 6.480), Loss:(pitch, yaw, roll)/(149.981, 168.953, 159.952)
Min val mean MAE! save model!
Epoch[011] Batch[099/956] Speed: 318.02 samples/sec, Loss:(pitch, yaw, roll)/(33.954, 8.350, 30.031)
Epoch[011] Batch[199/956] Speed: 323.83 samples/sec, Loss:(pitch, yaw, roll)/(32.472, 8.637, 29.177)
Epoch[011] Batch[299/956] Speed: 321.84 samples/sec, Loss:(pitch, yaw, roll)/(33.124, 8.466, 30.143)
Epoch[011] Batch[399/956] Speed: 322.25 samples/sec, Loss:(pitch, yaw, roll)/(33.506, 8.416, 30.310)
Epoch[011] Batch[499/956] Speed: 323.96 samples/sec, Loss:(pitch, yaw, roll)/(33.385, 8.413, 30.107)
Epoch[011] Batch[599/956] Speed: 322.16 samples/sec, Loss:(pitch, yaw, roll)/(33.496, 8.641, 30.136)
Epoch[011] Batch[699/956] Speed: 322.13 samples/sec, Loss:(pitch, yaw, roll)/(33.120, 8.544, 29.748)
Epoch[011] Batch[799/956] Speed: 322.41 samples/sec, Loss:(pitch, yaw, roll)/(32.955, 8.527, 29.482)
Epoch[011] Batch[899/956] Speed: 322.93 samples/sec, Loss:(pitch, yaw, roll)/(33.267, 8.530, 29.660)
Epoch[011] train: MAE:(pitch, yaw, roll, mean)/(3.189, 2.010, 2.621, 2.607), Cost=381 sec, lr=0.000587
Epoch[011] val  : MAE:(pitch, yaw, roll, mean)/(6.902, 7.212, 5.084, 6.399), Loss:(pitch, yaw, roll)/(147.310, 155.305, 158.108)
Min val mean MAE! save model!
Epoch[012] Batch[099/956] Speed: 318.56 samples/sec, Loss:(pitch, yaw, roll)/(33.019, 7.787, 28.790)
Epoch[012] Batch[199/956] Speed: 322.59 samples/sec, Loss:(pitch, yaw, roll)/(32.783, 7.823, 29.097)
Epoch[012] Batch[299/956] Speed: 321.32 samples/sec, Loss:(pitch, yaw, roll)/(32.681, 7.886, 29.265)
Epoch[012] Batch[399/956] Speed: 321.92 samples/sec, Loss:(pitch, yaw, roll)/(32.659, 7.823, 29.577)
Epoch[012] Batch[499/956] Speed: 327.49 samples/sec, Loss:(pitch, yaw, roll)/(32.839, 7.791, 29.699)
Epoch[012] Batch[599/956] Speed: 325.39 samples/sec, Loss:(pitch, yaw, roll)/(32.847, 7.789, 29.713)
Epoch[012] Batch[699/956] Speed: 326.26 samples/sec, Loss:(pitch, yaw, roll)/(32.482, 7.771, 29.406)
Epoch[012] Batch[799/956] Speed: 325.70 samples/sec, Loss:(pitch, yaw, roll)/(32.319, 7.748, 29.126)
Epoch[012] Batch[899/956] Speed: 327.39 samples/sec, Loss:(pitch, yaw, roll)/(32.318, 7.737, 29.101)
Epoch[012] train: MAE:(pitch, yaw, roll, mean)/(3.109, 1.895, 2.568, 2.524), Cost=379 sec, lr=0.000529
Epoch[012] val  : MAE:(pitch, yaw, roll, mean)/(6.571, 7.265, 5.154, 6.330), Loss:(pitch, yaw, roll)/(143.494, 162.738, 155.470)
Min val mean MAE! save model!
Epoch[013] Batch[099/956] Speed: 324.34 samples/sec, Loss:(pitch, yaw, roll)/(29.509, 7.429, 26.747)
Epoch[013] Batch[199/956] Speed: 326.05 samples/sec, Loss:(pitch, yaw, roll)/(31.115, 7.454, 28.183)
Epoch[013] Batch[299/956] Speed: 325.70 samples/sec, Loss:(pitch, yaw, roll)/(31.308, 7.458, 28.372)
Epoch[013] Batch[399/956] Speed: 325.75 samples/sec, Loss:(pitch, yaw, roll)/(31.776, 7.498, 28.612)
Epoch[013] Batch[499/956] Speed: 327.17 samples/sec, Loss:(pitch, yaw, roll)/(31.488, 7.535, 28.396)
Epoch[013] Batch[599/956] Speed: 327.09 samples/sec, Loss:(pitch, yaw, roll)/(31.338, 7.486, 28.248)
Epoch[013] Batch[699/956] Speed: 327.97 samples/sec, Loss:(pitch, yaw, roll)/(31.526, 7.455, 28.488)
Epoch[013] Batch[799/956] Speed: 326.28 samples/sec, Loss:(pitch, yaw, roll)/(31.373, 7.450, 28.274)
Epoch[013] Batch[899/956] Speed: 327.01 samples/sec, Loss:(pitch, yaw, roll)/(31.169, 7.419, 28.244)
Epoch[013] train: MAE:(pitch, yaw, roll, mean)/(3.038, 1.846, 2.518, 2.467), Cost=377 sec, lr=0.000471
Epoch[013] val  : MAE:(pitch, yaw, roll, mean)/(6.594, 7.491, 5.040, 6.375), Loss:(pitch, yaw, roll)/(140.610, 171.626, 151.315)
Epoch[014] Batch[099/956] Speed: 324.30 samples/sec, Loss:(pitch, yaw, roll)/(29.184, 7.039, 27.267)
Epoch[014] Batch[199/956] Speed: 326.54 samples/sec, Loss:(pitch, yaw, roll)/(29.760, 6.960, 27.352)
Epoch[014] Batch[299/956] Speed: 327.68 samples/sec, Loss:(pitch, yaw, roll)/(28.965, 7.013, 26.402)
Epoch[014] Batch[399/956] Speed: 326.86 samples/sec, Loss:(pitch, yaw, roll)/(28.324, 6.938, 25.702)
Epoch[014] Batch[499/956] Speed: 326.35 samples/sec, Loss:(pitch, yaw, roll)/(28.881, 7.008, 26.033)
Epoch[014] Batch[599/956] Speed: 326.67 samples/sec, Loss:(pitch, yaw, roll)/(29.042, 6.993, 26.215)
Epoch[014] Batch[699/956] Speed: 327.37 samples/sec, Loss:(pitch, yaw, roll)/(29.433, 6.991, 26.629)
Epoch[014] Batch[799/956] Speed: 327.07 samples/sec, Loss:(pitch, yaw, roll)/(29.777, 6.973, 26.924)
Epoch[014] Batch[899/956] Speed: 326.46 samples/sec, Loss:(pitch, yaw, roll)/(29.797, 6.988, 26.914)
Epoch[014] train: MAE:(pitch, yaw, roll, mean)/(2.947, 1.785, 2.449, 2.394), Cost=376 sec, lr=0.000413
Epoch[014] val  : MAE:(pitch, yaw, roll, mean)/(6.615, 7.257, 4.936, 6.269), Loss:(pitch, yaw, roll)/(144.914, 158.464, 149.962)
Min val mean MAE! save model!
Epoch[015] Batch[099/956] Speed: 322.79 samples/sec, Loss:(pitch, yaw, roll)/(28.682, 6.643, 25.673)
Epoch[015] Batch[199/956] Speed: 326.09 samples/sec, Loss:(pitch, yaw, roll)/(28.724, 6.512, 25.580)
Epoch[015] Batch[299/956] Speed: 328.60 samples/sec, Loss:(pitch, yaw, roll)/(28.369, 6.540, 25.387)
Epoch[015] Batch[399/956] Speed: 327.62 samples/sec, Loss:(pitch, yaw, roll)/(28.530, 6.589, 25.712)
Epoch[015] Batch[499/956] Speed: 327.23 samples/sec, Loss:(pitch, yaw, roll)/(27.827, 6.552, 25.033)
Epoch[015] Batch[599/956] Speed: 325.81 samples/sec, Loss:(pitch, yaw, roll)/(28.199, 6.559, 25.574)
Epoch[015] Batch[699/956] Speed: 325.73 samples/sec, Loss:(pitch, yaw, roll)/(28.594, 6.543, 25.959)
Epoch[015] Batch[799/956] Speed: 327.88 samples/sec, Loss:(pitch, yaw, roll)/(28.463, 6.519, 25.817)
Epoch[015] Batch[899/956] Speed: 326.71 samples/sec, Loss:(pitch, yaw, roll)/(28.622, 6.486, 25.986)
Epoch[015] train: MAE:(pitch, yaw, roll, mean)/(2.876, 1.712, 2.384, 2.324), Cost=376 sec, lr=0.000357
Epoch[015] val  : MAE:(pitch, yaw, roll, mean)/(6.739, 7.282, 5.399, 6.473), Loss:(pitch, yaw, roll)/(149.983, 162.906, 169.106)
Epoch[016] Batch[099/956] Speed: 324.87 samples/sec, Loss:(pitch, yaw, roll)/(25.562, 6.179, 23.627)
Epoch[016] Batch[199/956] Speed: 327.78 samples/sec, Loss:(pitch, yaw, roll)/(26.757, 6.189, 24.503)
Epoch[016] Batch[299/956] Speed: 327.67 samples/sec, Loss:(pitch, yaw, roll)/(26.972, 6.218, 24.657)
Epoch[016] Batch[399/956] Speed: 328.99 samples/sec, Loss:(pitch, yaw, roll)/(27.205, 6.192, 24.790)
Epoch[016] Batch[499/956] Speed: 327.36 samples/sec, Loss:(pitch, yaw, roll)/(26.634, 6.207, 24.091)
Epoch[016] Batch[599/956] Speed: 326.35 samples/sec, Loss:(pitch, yaw, roll)/(26.759, 6.188, 24.266)
Epoch[016] Batch[699/956] Speed: 326.22 samples/sec, Loss:(pitch, yaw, roll)/(26.935, 6.177, 24.462)
Epoch[016] Batch[799/956] Speed: 327.52 samples/sec, Loss:(pitch, yaw, roll)/(27.160, 6.204, 24.725)
Epoch[016] Batch[899/956] Speed: 327.58 samples/sec, Loss:(pitch, yaw, roll)/(27.264, 6.187, 24.845)
Epoch[016] train: MAE:(pitch, yaw, roll, mean)/(2.794, 1.659, 2.334, 2.263), Cost=375 sec, lr=0.000302
Epoch[016] val  : MAE:(pitch, yaw, roll, mean)/(6.563, 7.483, 5.410, 6.485), Loss:(pitch, yaw, roll)/(147.358, 171.463, 167.296)
Epoch[017] Batch[099/956] Speed: 322.83 samples/sec, Loss:(pitch, yaw, roll)/(26.199, 6.190, 24.067)
Epoch[017] Batch[199/956] Speed: 329.03 samples/sec, Loss:(pitch, yaw, roll)/(27.028, 6.164, 25.028)
Epoch[017] Batch[299/956] Speed: 327.00 samples/sec, Loss:(pitch, yaw, roll)/(27.087, 6.112, 25.053)
Epoch[017] Batch[399/956] Speed: 326.95 samples/sec, Loss:(pitch, yaw, roll)/(26.765, 6.040, 24.643)
Epoch[017] Batch[499/956] Speed: 329.04 samples/sec, Loss:(pitch, yaw, roll)/(26.389, 6.009, 24.227)
Epoch[017] Batch[599/956] Speed: 326.11 samples/sec, Loss:(pitch, yaw, roll)/(26.354, 5.988, 24.190)
Epoch[017] Batch[699/956] Speed: 327.77 samples/sec, Loss:(pitch, yaw, roll)/(26.827, 5.995, 24.634)
Epoch[017] Batch[799/956] Speed: 328.06 samples/sec, Loss:(pitch, yaw, roll)/(27.003, 5.975, 24.870)
Epoch[017] Batch[899/956] Speed: 326.75 samples/sec, Loss:(pitch, yaw, roll)/(26.750, 5.965, 24.583)
Epoch[017] train: MAE:(pitch, yaw, roll, mean)/(2.714, 1.625, 2.296, 2.212), Cost=376 sec, lr=0.000250
Epoch[017] val  : MAE:(pitch, yaw, roll, mean)/(6.595, 7.214, 5.093, 6.301), Loss:(pitch, yaw, roll)/(144.482, 158.443, 150.967)
Epoch[018] Batch[099/956] Speed: 324.35 samples/sec, Loss:(pitch, yaw, roll)/(25.432, 5.640, 23.535)
Epoch[018] Batch[199/956] Speed: 325.81 samples/sec, Loss:(pitch, yaw, roll)/(25.622, 5.721, 23.822)
Epoch[018] Batch[299/956] Speed: 327.39 samples/sec, Loss:(pitch, yaw, roll)/(26.482, 5.755, 24.548)
Epoch[018] Batch[399/956] Speed: 329.47 samples/sec, Loss:(pitch, yaw, roll)/(26.069, 5.761, 24.087)
Epoch[018] Batch[499/956] Speed: 327.72 samples/sec, Loss:(pitch, yaw, roll)/(26.160, 5.765, 24.259)
Epoch[018] Batch[599/956] Speed: 326.23 samples/sec, Loss:(pitch, yaw, roll)/(25.775, 5.744, 23.903)
Epoch[018] Batch[699/956] Speed: 327.61 samples/sec, Loss:(pitch, yaw, roll)/(25.946, 5.746, 24.078)
Epoch[018] Batch[799/956] Speed: 327.82 samples/sec, Loss:(pitch, yaw, roll)/(25.743, 5.744, 23.850)
Epoch[018] Batch[899/956] Speed: 326.90 samples/sec, Loss:(pitch, yaw, roll)/(25.630, 5.718, 23.731)
Epoch[018] train: MAE:(pitch, yaw, roll, mean)/(2.647, 1.588, 2.243, 2.160), Cost=376 sec, lr=0.000202
Epoch[018] val  : MAE:(pitch, yaw, roll, mean)/(6.476, 7.412, 5.038, 6.309), Loss:(pitch, yaw, roll)/(139.287, 165.050, 152.388)
Epoch[019] Batch[099/956] Speed: 324.56 samples/sec, Loss:(pitch, yaw, roll)/(25.004, 5.387, 23.268)
Epoch[019] Batch[199/956] Speed: 327.67 samples/sec, Loss:(pitch, yaw, roll)/(24.689, 5.392, 22.966)
Epoch[019] Batch[299/956] Speed: 326.87 samples/sec, Loss:(pitch, yaw, roll)/(24.926, 5.419, 22.979)
Epoch[019] Batch[399/956] Speed: 327.61 samples/sec, Loss:(pitch, yaw, roll)/(24.988, 5.439, 22.984)
Epoch[019] Batch[499/956] Speed: 327.22 samples/sec, Loss:(pitch, yaw, roll)/(24.368, 5.423, 22.310)
Epoch[019] Batch[599/956] Speed: 327.94 samples/sec, Loss:(pitch, yaw, roll)/(24.184, 5.428, 22.036)
Epoch[019] Batch[699/956] Speed: 328.11 samples/sec, Loss:(pitch, yaw, roll)/(24.138, 5.431, 21.984)
Epoch[019] Batch[799/956] Speed: 326.65 samples/sec, Loss:(pitch, yaw, roll)/(24.411, 5.413, 22.404)
Epoch[019] Batch[899/956] Speed: 326.65 samples/sec, Loss:(pitch, yaw, roll)/(24.411, 5.414, 22.389)
Epoch[019] train: MAE:(pitch, yaw, roll, mean)/(2.595, 1.531, 2.183, 2.103), Cost=376 sec, lr=0.000157
Epoch[019] val  : MAE:(pitch, yaw, roll, mean)/(6.572, 7.181, 5.096, 6.283), Loss:(pitch, yaw, roll)/(145.931, 158.206, 155.475)
Epoch[020] Batch[099/956] Speed: 325.07 samples/sec, Loss:(pitch, yaw, roll)/(22.745, 5.256, 20.915)
Epoch[020] Batch[199/956] Speed: 327.61 samples/sec, Loss:(pitch, yaw, roll)/(23.341, 5.277, 21.405)
Epoch[020] Batch[299/956] Speed: 326.43 samples/sec, Loss:(pitch, yaw, roll)/(24.616, 5.310, 22.703)
Epoch[020] Batch[399/956] Speed: 326.62 samples/sec, Loss:(pitch, yaw, roll)/(24.119, 5.296, 22.160)
Epoch[020] Batch[499/956] Speed: 327.11 samples/sec, Loss:(pitch, yaw, roll)/(23.864, 5.289, 22.012)
Epoch[020] Batch[599/956] Speed: 328.47 samples/sec, Loss:(pitch, yaw, roll)/(23.872, 5.270, 22.066)
Epoch[020] Batch[699/956] Speed: 325.83 samples/sec, Loss:(pitch, yaw, roll)/(23.908, 5.279, 22.081)
Epoch[020] Batch[799/956] Speed: 327.48 samples/sec, Loss:(pitch, yaw, roll)/(23.504, 5.269, 21.708)
Epoch[020] Batch[899/956] Speed: 327.63 samples/sec, Loss:(pitch, yaw, roll)/(23.618, 5.264, 21.844)
Epoch[020] train: MAE:(pitch, yaw, roll, mean)/(2.526, 1.505, 2.134, 2.055), Cost=376 sec, lr=0.000117
Epoch[020] val  : MAE:(pitch, yaw, roll, mean)/(6.550, 7.191, 5.046, 6.263), Loss:(pitch, yaw, roll)/(142.862, 159.566, 151.620)
Min val mean MAE! save model!
Epoch[021] Batch[099/956] Speed: 324.04 samples/sec, Loss:(pitch, yaw, roll)/(24.562, 5.180, 22.221)
Epoch[021] Batch[199/956] Speed: 326.49 samples/sec, Loss:(pitch, yaw, roll)/(23.439, 5.113, 21.294)
Epoch[021] Batch[299/956] Speed: 326.57 samples/sec, Loss:(pitch, yaw, roll)/(23.495, 5.130, 21.341)
Epoch[021] Batch[399/956] Speed: 327.20 samples/sec, Loss:(pitch, yaw, roll)/(23.179, 5.148, 21.098)
Epoch[021] Batch[499/956] Speed: 326.88 samples/sec, Loss:(pitch, yaw, roll)/(22.757, 5.127, 20.719)
Epoch[021] Batch[599/956] Speed: 326.42 samples/sec, Loss:(pitch, yaw, roll)/(22.880, 5.114, 20.964)
Epoch[021] Batch[699/956] Speed: 326.77 samples/sec, Loss:(pitch, yaw, roll)/(22.756, 5.106, 20.857)
Epoch[021] Batch[799/956] Speed: 328.57 samples/sec, Loss:(pitch, yaw, roll)/(22.515, 5.087, 20.654)
Epoch[021] Batch[899/956] Speed: 328.65 samples/sec, Loss:(pitch, yaw, roll)/(22.733, 5.095, 20.911)
Epoch[021] train: MAE:(pitch, yaw, roll, mean)/(2.480, 1.474, 2.097, 2.017), Cost=376 sec, lr=0.000083
Epoch[021] val  : MAE:(pitch, yaw, roll, mean)/(6.516, 7.126, 5.054, 6.232), Loss:(pitch, yaw, roll)/(143.008, 156.222, 150.365)
Min val mean MAE! save model!
Epoch[022] Batch[099/956] Speed: 324.74 samples/sec, Loss:(pitch, yaw, roll)/(21.349, 4.961, 19.472)
Epoch[022] Batch[199/956] Speed: 326.94 samples/sec, Loss:(pitch, yaw, roll)/(22.037, 5.028, 20.235)
Epoch[022] Batch[299/956] Speed: 327.14 samples/sec, Loss:(pitch, yaw, roll)/(21.941, 5.011, 20.174)
Epoch[022] Batch[399/956] Speed: 326.49 samples/sec, Loss:(pitch, yaw, roll)/(21.648, 5.026, 19.829)
Epoch[022] Batch[499/956] Speed: 328.24 samples/sec, Loss:(pitch, yaw, roll)/(21.490, 5.039, 19.632)
Epoch[022] Batch[599/956] Speed: 326.12 samples/sec, Loss:(pitch, yaw, roll)/(21.716, 5.036, 19.918)
Epoch[022] Batch[699/956] Speed: 327.05 samples/sec, Loss:(pitch, yaw, roll)/(21.539, 5.037, 19.793)
Epoch[022] Batch[799/956] Speed: 326.99 samples/sec, Loss:(pitch, yaw, roll)/(21.708, 5.025, 19.994)
Epoch[022] Batch[899/956] Speed: 327.33 samples/sec, Loss:(pitch, yaw, roll)/(21.765, 5.021, 20.029)
Epoch[022] train: MAE:(pitch, yaw, roll, mean)/(2.427, 1.461, 2.053, 1.980), Cost=376 sec, lr=0.000054
Epoch[022] val  : MAE:(pitch, yaw, roll, mean)/(6.527, 7.065, 4.980, 6.191), Loss:(pitch, yaw, roll)/(141.734, 156.601, 149.232)
Min val mean MAE! save model!
Epoch[023] Batch[099/956] Speed: 324.60 samples/sec, Loss:(pitch, yaw, roll)/(21.444, 4.908, 19.665)
Epoch[023] Batch[199/956] Speed: 327.97 samples/sec, Loss:(pitch, yaw, roll)/(21.416, 4.894, 19.613)
Epoch[023] Batch[299/956] Speed: 326.89 samples/sec, Loss:(pitch, yaw, roll)/(21.749, 4.902, 19.890)
Epoch[023] Batch[399/956] Speed: 327.05 samples/sec, Loss:(pitch, yaw, roll)/(21.567, 4.895, 19.713)
Epoch[023] Batch[499/956] Speed: 326.08 samples/sec, Loss:(pitch, yaw, roll)/(21.216, 4.895, 19.507)
Epoch[023] Batch[599/956] Speed: 326.81 samples/sec, Loss:(pitch, yaw, roll)/(21.063, 4.891, 19.361)
Epoch[023] Batch[699/956] Speed: 328.03 samples/sec, Loss:(pitch, yaw, roll)/(21.146, 4.887, 19.380)
Epoch[023] Batch[799/956] Speed: 325.30 samples/sec, Loss:(pitch, yaw, roll)/(20.889, 4.886, 19.137)
Epoch[023] Batch[899/956] Speed: 327.82 samples/sec, Loss:(pitch, yaw, roll)/(21.047, 4.878, 19.296)
Epoch[023] train: MAE:(pitch, yaw, roll, mean)/(2.379, 1.432, 2.012, 1.941), Cost=376 sec, lr=0.000031
Epoch[023] val  : MAE:(pitch, yaw, roll, mean)/(6.443, 7.092, 4.941, 6.159), Loss:(pitch, yaw, roll)/(140.127, 155.222, 150.423)
Min val mean MAE! save model!
Epoch[024] Batch[099/956] Speed: 323.64 samples/sec, Loss:(pitch, yaw, roll)/(20.122, 4.902, 18.462)
Epoch[024] Batch[199/956] Speed: 327.40 samples/sec, Loss:(pitch, yaw, roll)/(21.034, 4.866, 19.209)
Epoch[024] Batch[299/956] Speed: 327.01 samples/sec, Loss:(pitch, yaw, roll)/(20.778, 4.869, 19.038)
Epoch[024] Batch[399/956] Speed: 326.79 samples/sec, Loss:(pitch, yaw, roll)/(19.916, 4.861, 18.280)
Epoch[024] Batch[499/956] Speed: 328.36 samples/sec, Loss:(pitch, yaw, roll)/(19.987, 4.853, 18.306)
Epoch[024] Batch[599/956] Speed: 326.66 samples/sec, Loss:(pitch, yaw, roll)/(20.103, 4.854, 18.479)
Epoch[024] Batch[699/956] Speed: 327.13 samples/sec, Loss:(pitch, yaw, roll)/(20.328, 4.861, 18.681)
Epoch[024] Batch[799/956] Speed: 328.04 samples/sec, Loss:(pitch, yaw, roll)/(20.251, 4.873, 18.591)
Epoch[024] Batch[899/956] Speed: 328.68 samples/sec, Loss:(pitch, yaw, roll)/(20.354, 4.872, 18.655)
Epoch[024] train: MAE:(pitch, yaw, roll, mean)/(2.363, 1.432, 2.002, 1.932), Cost=376 sec, lr=0.000014
Epoch[024] val  : MAE:(pitch, yaw, roll, mean)/(6.485, 7.021, 5.023, 6.176), Loss:(pitch, yaw, roll)/(142.748, 149.928, 152.120)
Epoch[025] Batch[099/956] Speed: 325.44 samples/sec, Loss:(pitch, yaw, roll)/(20.947, 4.845, 19.199)
Epoch[025] Batch[199/956] Speed: 326.34 samples/sec, Loss:(pitch, yaw, roll)/(20.916, 4.845, 19.118)
Epoch[025] Batch[299/956] Speed: 328.47 samples/sec, Loss:(pitch, yaw, roll)/(20.366, 4.831, 18.583)
Epoch[025] Batch[399/956] Speed: 325.57 samples/sec, Loss:(pitch, yaw, roll)/(20.251, 4.840, 18.450)
Epoch[025] Batch[499/956] Speed: 327.54 samples/sec, Loss:(pitch, yaw, roll)/(20.417, 4.841, 18.663)
Epoch[025] Batch[599/956] Speed: 327.28 samples/sec, Loss:(pitch, yaw, roll)/(20.206, 4.834, 18.525)
Epoch[025] Batch[699/956] Speed: 326.22 samples/sec, Loss:(pitch, yaw, roll)/(20.236, 4.832, 18.496)
Epoch[025] Batch[799/956] Speed: 327.39 samples/sec, Loss:(pitch, yaw, roll)/(20.203, 4.828, 18.492)
Epoch[025] Batch[899/956] Speed: 327.32 samples/sec, Loss:(pitch, yaw, roll)/(20.195, 4.819, 18.532)
Epoch[025] train: MAE:(pitch, yaw, roll, mean)/(2.343, 1.422, 1.989, 1.918), Cost=376 sec, lr=0.000004
Epoch[025] val  : MAE:(pitch, yaw, roll, mean)/(6.455, 7.115, 4.953, 6.174), Loss:(pitch, yaw, roll)/(141.400, 153.560, 150.475)
Epoch[026] Batch[099/956] Speed: 324.16 samples/sec, Loss:(pitch, yaw, roll)/(20.457, 4.746, 18.770)
Epoch[026] Batch[199/956] Speed: 326.54 samples/sec, Loss:(pitch, yaw, roll)/(19.120, 4.751, 17.612)
Epoch[026] Batch[299/956] Speed: 329.06 samples/sec, Loss:(pitch, yaw, roll)/(19.258, 4.771, 17.913)
Epoch[026] Batch[399/956] Speed: 326.83 samples/sec, Loss:(pitch, yaw, roll)/(19.523, 4.766, 18.090)
Epoch[026] Batch[499/956] Speed: 328.19 samples/sec, Loss:(pitch, yaw, roll)/(19.644, 4.773, 18.188)
Epoch[026] Batch[599/956] Speed: 326.40 samples/sec, Loss:(pitch, yaw, roll)/(19.577, 4.778, 18.146)
Epoch[026] Batch[699/956] Speed: 327.27 samples/sec, Loss:(pitch, yaw, roll)/(19.491, 4.789, 18.012)
Epoch[026] Batch[799/956] Speed: 328.26 samples/sec, Loss:(pitch, yaw, roll)/(19.413, 4.790, 17.879)
Epoch[026] Batch[899/956] Speed: 325.87 samples/sec, Loss:(pitch, yaw, roll)/(19.499, 4.790, 17.919)
Epoch[026] train: MAE:(pitch, yaw, roll, mean)/(2.324, 1.415, 1.969, 1.902), Cost=376 sec, lr=0.000001
Epoch[026] val  : MAE:(pitch, yaw, roll, mean)/(6.464, 7.139, 5.005, 6.203), Loss:(pitch, yaw, roll)/(140.911, 157.966, 151.193)
Epoch[027] Batch[099/956] Speed: 324.78 samples/sec, Loss:(pitch, yaw, roll)/(20.299, 4.734, 18.437)
Epoch[027] Batch[199/956] Speed: 327.67 samples/sec, Loss:(pitch, yaw, roll)/(19.426, 4.723, 17.633)
Epoch[027] Batch[299/956] Speed: 326.62 samples/sec, Loss:(pitch, yaw, roll)/(19.456, 4.726, 17.669)
Epoch[027] Batch[399/956] Speed: 328.27 samples/sec, Loss:(pitch, yaw, roll)/(19.310, 4.725, 17.680)
Epoch[027] Batch[499/956] Speed: 327.75 samples/sec, Loss:(pitch, yaw, roll)/(19.692, 4.737, 18.019)
Epoch[027] Batch[599/956] Speed: 327.15 samples/sec, Loss:(pitch, yaw, roll)/(19.472, 4.745, 17.779)
Epoch[027] Batch[699/956] Speed: 325.86 samples/sec, Loss:(pitch, yaw, roll)/(19.743, 4.744, 18.125)
Epoch[027] Batch[799/956] Speed: 325.86 samples/sec, Loss:(pitch, yaw, roll)/(19.663, 4.749, 18.027)
Epoch[027] Batch[899/956] Speed: 324.30 samples/sec, Loss:(pitch, yaw, roll)/(19.831, 4.758, 18.201)
Epoch[027] train: MAE:(pitch, yaw, roll, mean)/(2.319, 1.411, 1.970, 1.900), Cost=377 sec, lr=0.000001
Epoch[027] val  : MAE:(pitch, yaw, roll, mean)/(6.432, 7.130, 4.928, 6.163), Loss:(pitch, yaw, roll)/(139.413, 159.134, 146.306)
Epoch[028] Batch[099/956] Speed: 321.12 samples/sec, Loss:(pitch, yaw, roll)/(18.860, 4.913, 17.438)
Epoch[028] Batch[199/956] Speed: 325.13 samples/sec, Loss:(pitch, yaw, roll)/(19.279, 4.863, 17.734)
Epoch[028] Batch[299/956] Speed: 326.01 samples/sec, Loss:(pitch, yaw, roll)/(19.495, 4.822, 17.840)
Epoch[028] Batch[399/956] Speed: 322.33 samples/sec, Loss:(pitch, yaw, roll)/(19.497, 4.796, 17.782)
Epoch[028] Batch[499/956] Speed: 324.28 samples/sec, Loss:(pitch, yaw, roll)/(19.269, 4.780, 17.664)
Epoch[028] Batch[599/956] Speed: 324.80 samples/sec, Loss:(pitch, yaw, roll)/(19.173, 4.779, 17.536)
Epoch[028] Batch[699/956] Speed: 324.78 samples/sec, Loss:(pitch, yaw, roll)/(19.363, 4.776, 17.752)
Epoch[028] Batch[799/956] Speed: 322.93 samples/sec, Loss:(pitch, yaw, roll)/(19.527, 4.776, 18.038)
Epoch[028] Batch[899/956] Speed: 322.98 samples/sec, Loss:(pitch, yaw, roll)/(19.758, 4.784, 18.233)
Epoch[028] train: MAE:(pitch, yaw, roll, mean)/(2.326, 1.414, 1.974, 1.905), Cost=379 sec, lr=0.000001
Epoch[028] val  : MAE:(pitch, yaw, roll, mean)/(6.497, 7.130, 4.994, 6.207), Loss:(pitch, yaw, roll)/(141.136, 158.950, 149.929)
Epoch[029] Batch[099/956] Speed: 321.50 samples/sec, Loss:(pitch, yaw, roll)/(20.239, 4.753, 18.503)
Epoch[029] Batch[199/956] Speed: 322.45 samples/sec, Loss:(pitch, yaw, roll)/(19.933, 4.721, 18.316)
Epoch[029] Batch[299/956] Speed: 323.99 samples/sec, Loss:(pitch, yaw, roll)/(19.515, 4.710, 17.890)
Epoch[029] Batch[399/956] Speed: 324.09 samples/sec, Loss:(pitch, yaw, roll)/(19.249, 4.732, 17.705)
Epoch[029] Batch[499/956] Speed: 325.33 samples/sec, Loss:(pitch, yaw, roll)/(19.605, 4.723, 18.134)
Epoch[029] Batch[599/956] Speed: 322.15 samples/sec, Loss:(pitch, yaw, roll)/(19.361, 4.722, 17.837)
Epoch[029] Batch[699/956] Speed: 324.82 samples/sec, Loss:(pitch, yaw, roll)/(19.743, 4.732, 18.201)
Epoch[029] Batch[799/956] Speed: 323.46 samples/sec, Loss:(pitch, yaw, roll)/(19.687, 4.731, 18.150)
Epoch[029] Batch[899/956] Speed: 324.26 samples/sec, Loss:(pitch, yaw, roll)/(19.821, 4.745, 18.290)
Epoch[029] train: MAE:(pitch, yaw, roll, mean)/(2.328, 1.407, 1.974, 1.903), Cost=380 sec, lr=0.000001
Epoch[029] val  : MAE:(pitch, yaw, roll, mean)/(6.419, 7.095, 4.919, 6.145), Loss:(pitch, yaw, roll)/(140.028, 157.393, 147.050)
Min val mean MAE! save model!


Min mean MAE: 6.145, Epoch: 29.000
