nohup: ignoring input
Namespace(alpha=2.0, anno_txt='./data/300W_LP_pose.txt', bs=128, dataset='/home/lfx/Data/300W_LP', epochs=30, gpu=4, log_interval=100, lr=0.001, lr_decay_epoch='10, 15, 20', lr_type='cos', momentum=0.9, net='v3', num_workers=6, prefix='v3_large_alpha2', save='./weight', use_fc=1, version='large', wd=4e-05, weights='', width_mult=1.0)
[10:45:41] src/operator/nn/./cudnn/./cudnn_algoreg-inl.h:97: Running performance tests to find the best convolution algorithm, this can take a while... (set the environment variable MXNET_CUDNN_AUTOTUNE_DEFAULT to 0 to disable)
Epoch[000] Batch[099/956] Speed: 235.43 samples/sec, Loss:(pitch, yaw, roll)/(166.314, 960.926, 147.900)
Epoch[000] Batch[199/956] Speed: 311.87 samples/sec, Loss:(pitch, yaw, roll)/(158.399, 630.715, 139.393)
Epoch[000] Batch[299/956] Speed: 311.71 samples/sec, Loss:(pitch, yaw, roll)/(150.689, 496.707, 132.527)
Epoch[000] Batch[399/956] Speed: 322.21 samples/sec, Loss:(pitch, yaw, roll)/(141.400, 408.769, 121.438)
Epoch[000] Batch[499/956] Speed: 324.70 samples/sec, Loss:(pitch, yaw, roll)/(134.164, 353.839, 112.780)
Epoch[000] Batch[599/956] Speed: 321.70 samples/sec, Loss:(pitch, yaw, roll)/(129.441, 321.556, 107.250)
Epoch[000] Batch[699/956] Speed: 322.65 samples/sec, Loss:(pitch, yaw, roll)/(124.871, 292.327, 102.200)
Epoch[000] Batch[799/956] Speed: 323.26 samples/sec, Loss:(pitch, yaw, roll)/(120.474, 267.609, 97.621)
Epoch[000] Batch[899/956] Speed: 323.16 samples/sec, Loss:(pitch, yaw, roll)/(116.511, 248.274, 93.603)
[10:52:19] src/operator/nn/./cudnn/./cudnn_algoreg-inl.h:97: Running performance tests to find the best convolution algorithm, this can take a while... (set the environment variable MXNET_CUDNN_AUTOTUNE_DEFAULT to 0 to disable)
Epoch[000] train: MAE:(pitch, yaw, roll, mean)/(7.407, 9.426, 6.240, 7.691), Cost=410 sec, lr=0.000997
Epoch[000] val  : MAE:(pitch, yaw, roll, mean)/(9.017, 12.407, 8.092, 9.839), Loss:(pitch, yaw, roll)/(226.149, 420.328, 248.158)
Min val mean MAE! save model!
Epoch[001] Batch[099/956] Speed: 293.65 samples/sec, Loss:(pitch, yaw, roll)/(91.645, 77.277, 66.154)
Epoch[001] Batch[199/956] Speed: 306.15 samples/sec, Loss:(pitch, yaw, roll)/(84.863, 74.018, 62.997)
Epoch[001] Batch[299/956] Speed: 310.79 samples/sec, Loss:(pitch, yaw, roll)/(84.221, 69.729, 62.687)
Epoch[001] Batch[399/956] Speed: 309.30 samples/sec, Loss:(pitch, yaw, roll)/(83.189, 68.016, 61.423)
Epoch[001] Batch[499/956] Speed: 310.74 samples/sec, Loss:(pitch, yaw, roll)/(81.767, 67.755, 60.913)
Epoch[001] Batch[599/956] Speed: 311.82 samples/sec, Loss:(pitch, yaw, roll)/(81.004, 69.858, 60.247)
Epoch[001] Batch[699/956] Speed: 320.53 samples/sec, Loss:(pitch, yaw, roll)/(79.721, 69.312, 59.280)
Epoch[001] Batch[799/956] Speed: 321.54 samples/sec, Loss:(pitch, yaw, roll)/(79.371, 69.408, 58.997)
Epoch[001] Batch[899/956] Speed: 325.26 samples/sec, Loss:(pitch, yaw, roll)/(78.775, 67.657, 58.665)
Epoch[001] train: MAE:(pitch, yaw, roll, mean)/(5.900, 5.272, 4.585, 5.252), Cost=393 sec, lr=0.000987
Epoch[001] val  : MAE:(pitch, yaw, roll, mean)/(9.709, 11.793, 9.434, 10.312), Loss:(pitch, yaw, roll)/(254.085, 433.202, 288.616)
Epoch[002] Batch[099/956] Speed: 315.48 samples/sec, Loss:(pitch, yaw, roll)/(81.696, 82.621, 60.043)
Epoch[002] Batch[199/956] Speed: 321.50 samples/sec, Loss:(pitch, yaw, roll)/(74.284, 62.772, 54.892)
Epoch[002] Batch[299/956] Speed: 320.66 samples/sec, Loss:(pitch, yaw, roll)/(70.525, 54.459, 52.549)
Epoch[002] Batch[399/956] Speed: 320.42 samples/sec, Loss:(pitch, yaw, roll)/(68.739, 51.470, 50.931)
Epoch[002] Batch[499/956] Speed: 321.09 samples/sec, Loss:(pitch, yaw, roll)/(68.884, 51.862, 51.611)
Epoch[002] Batch[599/956] Speed: 319.52 samples/sec, Loss:(pitch, yaw, roll)/(69.290, 52.508, 51.855)
Epoch[002] Batch[699/956] Speed: 314.29 samples/sec, Loss:(pitch, yaw, roll)/(69.542, 49.829, 52.528)
Epoch[002] Batch[799/956] Speed: 301.75 samples/sec, Loss:(pitch, yaw, roll)/(68.252, 47.290, 51.584)
Epoch[002] Batch[899/956] Speed: 312.99 samples/sec, Loss:(pitch, yaw, roll)/(67.670, 45.854, 51.236)
Epoch[002] train: MAE:(pitch, yaw, roll, mean)/(5.316, 4.349, 4.128, 4.598), Cost=389 sec, lr=0.000970
Epoch[002] val  : MAE:(pitch, yaw, roll, mean)/(8.741, 9.842, 6.670, 8.418), Loss:(pitch, yaw, roll)/(203.709, 296.147, 196.347)
Min val mean MAE! save model!
Epoch[003] Batch[099/956] Speed: 324.83 samples/sec, Loss:(pitch, yaw, roll)/(61.886, 50.856, 47.123)
Epoch[003] Batch[199/956] Speed: 327.63 samples/sec, Loss:(pitch, yaw, roll)/(66.647, 53.695, 50.351)
Epoch[003] Batch[299/956] Speed: 327.46 samples/sec, Loss:(pitch, yaw, roll)/(66.421, 53.244, 50.441)
Epoch[003] Batch[399/956] Speed: 327.09 samples/sec, Loss:(pitch, yaw, roll)/(67.253, 50.623, 51.171)
Epoch[003] Batch[499/956] Speed: 327.90 samples/sec, Loss:(pitch, yaw, roll)/(65.849, 48.605, 49.972)
Epoch[003] Batch[599/956] Speed: 326.85 samples/sec, Loss:(pitch, yaw, roll)/(64.940, 45.565, 49.576)
Epoch[003] Batch[699/956] Speed: 316.65 samples/sec, Loss:(pitch, yaw, roll)/(64.162, 44.258, 49.113)
Epoch[003] Batch[799/956] Speed: 303.13 samples/sec, Loss:(pitch, yaw, roll)/(63.636, 42.802, 48.989)
Epoch[003] Batch[899/956] Speed: 310.72 samples/sec, Loss:(pitch, yaw, roll)/(63.385, 41.421, 48.926)
Epoch[003] train: MAE:(pitch, yaw, roll, mean)/(5.129, 4.154, 4.015, 4.433), Cost=384 sec, lr=0.000947
Epoch[003] val  : MAE:(pitch, yaw, roll, mean)/(8.976, 12.050, 7.675, 9.567), Loss:(pitch, yaw, roll)/(221.722, 438.284, 238.900)
Epoch[004] Batch[099/956] Speed: 306.62 samples/sec, Loss:(pitch, yaw, roll)/(56.700, 27.747, 42.059)
Epoch[004] Batch[199/956] Speed: 314.40 samples/sec, Loss:(pitch, yaw, roll)/(59.888, 35.657, 45.533)
Epoch[004] Batch[299/956] Speed: 313.10 samples/sec, Loss:(pitch, yaw, roll)/(59.456, 36.062, 45.677)
Epoch[004] Batch[399/956] Speed: 312.32 samples/sec, Loss:(pitch, yaw, roll)/(59.059, 35.355, 45.977)
Epoch[004] Batch[499/956] Speed: 312.16 samples/sec, Loss:(pitch, yaw, roll)/(58.954, 33.546, 45.977)
Epoch[004] Batch[599/956] Speed: 323.11 samples/sec, Loss:(pitch, yaw, roll)/(58.748, 32.278, 45.891)
Epoch[004] Batch[699/956] Speed: 308.36 samples/sec, Loss:(pitch, yaw, roll)/(57.803, 30.748, 45.001)
Epoch[004] Batch[799/956] Speed: 310.31 samples/sec, Loss:(pitch, yaw, roll)/(57.086, 30.079, 44.481)
Epoch[004] Batch[899/956] Speed: 309.50 samples/sec, Loss:(pitch, yaw, roll)/(57.454, 29.960, 44.909)
Epoch[004] train: MAE:(pitch, yaw, roll, mean)/(4.836, 3.700, 3.791, 4.109), Cost=394 sec, lr=0.000918
Epoch[004] val  : MAE:(pitch, yaw, roll, mean)/(8.475, 9.117, 7.424, 8.339), Loss:(pitch, yaw, roll)/(208.291, 236.609, 217.725)
Min val mean MAE! save model!
Epoch[005] Batch[099/956] Speed: 303.53 samples/sec, Loss:(pitch, yaw, roll)/(62.994, 31.711, 48.714)
Epoch[005] Batch[199/956] Speed: 309.60 samples/sec, Loss:(pitch, yaw, roll)/(59.102, 29.621, 45.460)
Epoch[005] Batch[299/956] Speed: 308.92 samples/sec, Loss:(pitch, yaw, roll)/(57.209, 27.119, 44.044)
Epoch[005] Batch[399/956] Speed: 307.69 samples/sec, Loss:(pitch, yaw, roll)/(56.895, 26.883, 43.786)
Epoch[005] Batch[499/956] Speed: 307.73 samples/sec, Loss:(pitch, yaw, roll)/(56.476, 27.306, 43.332)
Epoch[005] Batch[599/956] Speed: 329.35 samples/sec, Loss:(pitch, yaw, roll)/(57.044, 27.916, 44.181)
Epoch[005] Batch[699/956] Speed: 327.68 samples/sec, Loss:(pitch, yaw, roll)/(56.802, 27.277, 44.106)
Epoch[005] Batch[799/956] Speed: 326.63 samples/sec, Loss:(pitch, yaw, roll)/(57.130, 28.376, 44.364)
Epoch[005] Batch[899/956] Speed: 327.98 samples/sec, Loss:(pitch, yaw, roll)/(57.452, 28.034, 44.479)
Epoch[005] train: MAE:(pitch, yaw, roll, mean)/(4.796, 3.575, 3.715, 4.029), Cost=388 sec, lr=0.000883
Epoch[005] val  : MAE:(pitch, yaw, roll, mean)/(8.022, 8.409, 6.680, 7.704), Loss:(pitch, yaw, roll)/(196.520, 209.946, 204.320)
Min val mean MAE! save model!
Epoch[006] Batch[099/956] Speed: 302.25 samples/sec, Loss:(pitch, yaw, roll)/(55.798, 33.319, 42.557)
Epoch[006] Batch[199/956] Speed: 279.89 samples/sec, Loss:(pitch, yaw, roll)/(55.736, 28.114, 43.112)
Epoch[006] Batch[299/956] Speed: 287.78 samples/sec, Loss:(pitch, yaw, roll)/(54.393, 25.398, 42.903)
Epoch[006] Batch[399/956] Speed: 300.40 samples/sec, Loss:(pitch, yaw, roll)/(52.378, 24.080, 40.956)
Epoch[006] Batch[499/956] Speed: 309.42 samples/sec, Loss:(pitch, yaw, roll)/(52.814, 24.571, 41.165)
Epoch[006] Batch[599/956] Speed: 312.66 samples/sec, Loss:(pitch, yaw, roll)/(53.132, 24.228, 41.361)
Epoch[006] Batch[699/956] Speed: 311.14 samples/sec, Loss:(pitch, yaw, roll)/(54.330, 26.355, 42.237)
Epoch[006] Batch[799/956] Speed: 313.64 samples/sec, Loss:(pitch, yaw, roll)/(54.999, 26.568, 42.763)
Epoch[006] Batch[899/956] Speed: 312.51 samples/sec, Loss:(pitch, yaw, roll)/(54.551, 26.321, 42.444)
Epoch[006] train: MAE:(pitch, yaw, roll, mean)/(4.655, 3.427, 3.611, 3.897), Cost=405 sec, lr=0.000843
Epoch[006] val  : MAE:(pitch, yaw, roll, mean)/(8.017, 8.694, 6.481, 7.731), Loss:(pitch, yaw, roll)/(193.757, 237.970, 193.750)
Epoch[007] Batch[099/956] Speed: 305.05 samples/sec, Loss:(pitch, yaw, roll)/(51.477, 19.556, 39.256)
Epoch[007] Batch[199/956] Speed: 325.18 samples/sec, Loss:(pitch, yaw, roll)/(51.275, 20.688, 39.953)
Epoch[007] Batch[299/956] Speed: 306.72 samples/sec, Loss:(pitch, yaw, roll)/(50.822, 21.329, 40.309)
Epoch[007] Batch[399/956] Speed: 312.10 samples/sec, Loss:(pitch, yaw, roll)/(50.233, 20.579, 39.600)
Epoch[007] Batch[499/956] Speed: 308.64 samples/sec, Loss:(pitch, yaw, roll)/(49.390, 20.407, 38.966)
Epoch[007] Batch[599/956] Speed: 312.89 samples/sec, Loss:(pitch, yaw, roll)/(50.264, 22.942, 39.736)
Epoch[007] Batch[699/956] Speed: 309.92 samples/sec, Loss:(pitch, yaw, roll)/(50.664, 23.148, 39.903)
Epoch[007] Batch[799/956] Speed: 312.48 samples/sec, Loss:(pitch, yaw, roll)/(50.876, 24.005, 39.970)
Epoch[007] Batch[899/956] Speed: 310.12 samples/sec, Loss:(pitch, yaw, roll)/(51.797, 23.592, 40.776)
Epoch[007] train: MAE:(pitch, yaw, roll, mean)/(4.493, 3.219, 3.496, 3.736), Cost=395 sec, lr=0.000799
Epoch[007] val  : MAE:(pitch, yaw, roll, mean)/(8.230, 9.081, 7.081, 8.131), Loss:(pitch, yaw, roll)/(198.572, 228.713, 207.262)
Epoch[008] Batch[099/956] Speed: 306.27 samples/sec, Loss:(pitch, yaw, roll)/(51.897, 21.030, 42.976)
Epoch[008] Batch[199/956] Speed: 325.72 samples/sec, Loss:(pitch, yaw, roll)/(48.370, 18.969, 38.772)
Epoch[008] Batch[299/956] Speed: 320.51 samples/sec, Loss:(pitch, yaw, roll)/(47.758, 18.946, 38.095)
Epoch[008] Batch[399/956] Speed: 321.91 samples/sec, Loss:(pitch, yaw, roll)/(48.113, 20.569, 38.199)
Epoch[008] Batch[499/956] Speed: 323.34 samples/sec, Loss:(pitch, yaw, roll)/(49.783, 22.804, 39.185)
Epoch[008] Batch[599/956] Speed: 322.30 samples/sec, Loss:(pitch, yaw, roll)/(50.484, 22.827, 39.738)
Epoch[008] Batch[699/956] Speed: 311.66 samples/sec, Loss:(pitch, yaw, roll)/(50.173, 22.130, 39.604)
Epoch[008] Batch[799/956] Speed: 294.70 samples/sec, Loss:(pitch, yaw, roll)/(50.022, 21.523, 39.646)
Epoch[008] Batch[899/956] Speed: 300.23 samples/sec, Loss:(pitch, yaw, roll)/(49.566, 20.881, 39.292)
Epoch[008] train: MAE:(pitch, yaw, roll, mean)/(4.361, 3.107, 3.403, 3.624), Cost=393 sec, lr=0.000750
Epoch[008] val  : MAE:(pitch, yaw, roll, mean)/(8.065, 8.100, 5.878, 7.348), Loss:(pitch, yaw, roll)/(184.661, 198.731, 176.470)
Min val mean MAE! save model!
Epoch[009] Batch[099/956] Speed: 299.48 samples/sec, Loss:(pitch, yaw, roll)/(47.710, 16.607, 37.686)
Epoch[009] Batch[199/956] Speed: 305.09 samples/sec, Loss:(pitch, yaw, roll)/(46.990, 19.773, 37.186)
Epoch[009] Batch[299/956] Speed: 306.34 samples/sec, Loss:(pitch, yaw, roll)/(45.999, 21.382, 36.201)
Epoch[009] Batch[399/956] Speed: 307.95 samples/sec, Loss:(pitch, yaw, roll)/(47.813, 20.828, 38.120)
Epoch[009] Batch[499/956] Speed: 305.35 samples/sec, Loss:(pitch, yaw, roll)/(47.848, 20.779, 38.011)
Epoch[009] Batch[599/956] Speed: 325.91 samples/sec, Loss:(pitch, yaw, roll)/(48.176, 21.255, 38.195)
Epoch[009] Batch[699/956] Speed: 305.86 samples/sec, Loss:(pitch, yaw, roll)/(48.142, 21.347, 38.094)
Epoch[009] Batch[799/956] Speed: 312.98 samples/sec, Loss:(pitch, yaw, roll)/(48.205, 21.133, 38.158)
Epoch[009] Batch[899/956] Speed: 313.31 samples/sec, Loss:(pitch, yaw, roll)/(48.198, 20.770, 38.292)
Epoch[009] train: MAE:(pitch, yaw, roll, mean)/(4.287, 3.024, 3.322, 3.545), Cost=398 sec, lr=0.000698
Epoch[009] val  : MAE:(pitch, yaw, roll, mean)/(7.724, 7.777, 6.332, 7.278), Loss:(pitch, yaw, roll)/(178.790, 211.394, 194.009)
Min val mean MAE! save model!
Epoch[010] Batch[099/956] Speed: 311.90 samples/sec, Loss:(pitch, yaw, roll)/(44.938, 16.829, 36.766)
Epoch[010] Batch[199/956] Speed: 315.37 samples/sec, Loss:(pitch, yaw, roll)/(47.494, 22.282, 37.514)
Epoch[010] Batch[299/956] Speed: 315.46 samples/sec, Loss:(pitch, yaw, roll)/(48.346, 21.942, 38.905)
Epoch[010] Batch[399/956] Speed: 313.97 samples/sec, Loss:(pitch, yaw, roll)/(46.314, 20.250, 37.037)
Epoch[010] Batch[499/956] Speed: 312.19 samples/sec, Loss:(pitch, yaw, roll)/(45.510, 19.210, 36.598)
Epoch[010] Batch[599/956] Speed: 329.98 samples/sec, Loss:(pitch, yaw, roll)/(45.700, 18.913, 36.694)
Epoch[010] Batch[699/956] Speed: 327.32 samples/sec, Loss:(pitch, yaw, roll)/(45.409, 18.315, 36.449)
Epoch[010] Batch[799/956] Speed: 326.16 samples/sec, Loss:(pitch, yaw, roll)/(45.554, 18.037, 36.673)
Epoch[010] Batch[899/956] Speed: 325.72 samples/sec, Loss:(pitch, yaw, roll)/(45.333, 17.916, 36.510)
Epoch[010] train: MAE:(pitch, yaw, roll, mean)/(4.121, 2.847, 3.228, 3.399), Cost=384 sec, lr=0.000643
Epoch[010] val  : MAE:(pitch, yaw, roll, mean)/(7.740, 7.462, 5.658, 6.953), Loss:(pitch, yaw, roll)/(172.263, 170.441, 165.498)
Min val mean MAE! save model!
Epoch[011] Batch[099/956] Speed: 325.67 samples/sec, Loss:(pitch, yaw, roll)/(41.073, 13.519, 33.344)
Epoch[011] Batch[199/956] Speed: 316.80 samples/sec, Loss:(pitch, yaw, roll)/(42.076, 13.768, 34.402)
Epoch[011] Batch[299/956] Speed: 320.09 samples/sec, Loss:(pitch, yaw, roll)/(41.674, 14.178, 34.078)
Epoch[011] Batch[399/956] Speed: 323.21 samples/sec, Loss:(pitch, yaw, roll)/(43.272, 16.006, 35.247)
Epoch[011] Batch[499/956] Speed: 323.73 samples/sec, Loss:(pitch, yaw, roll)/(43.089, 15.707, 34.952)
Epoch[011] Batch[599/956] Speed: 322.97 samples/sec, Loss:(pitch, yaw, roll)/(42.839, 15.564, 34.684)
Epoch[011] Batch[699/956] Speed: 324.30 samples/sec, Loss:(pitch, yaw, roll)/(42.711, 15.491, 34.319)
Epoch[011] Batch[799/956] Speed: 322.58 samples/sec, Loss:(pitch, yaw, roll)/(43.020, 15.326, 34.612)
Epoch[011] Batch[899/956] Speed: 320.99 samples/sec, Loss:(pitch, yaw, roll)/(43.278, 15.201, 34.904)
Epoch[011] train: MAE:(pitch, yaw, roll, mean)/(4.022, 2.722, 3.147, 3.297), Cost=381 sec, lr=0.000587
Epoch[011] val  : MAE:(pitch, yaw, roll, mean)/(7.430, 7.008, 5.538, 6.659), Loss:(pitch, yaw, roll)/(165.715, 154.098, 170.395)
Min val mean MAE! save model!
Epoch[012] Batch[099/956] Speed: 322.19 samples/sec, Loss:(pitch, yaw, roll)/(43.047, 13.514, 34.009)
Epoch[012] Batch[199/956] Speed: 316.01 samples/sec, Loss:(pitch, yaw, roll)/(40.764, 12.978, 32.528)
Epoch[012] Batch[299/956] Speed: 318.63 samples/sec, Loss:(pitch, yaw, roll)/(40.489, 12.806, 32.314)
Epoch[012] Batch[399/956] Speed: 322.69 samples/sec, Loss:(pitch, yaw, roll)/(41.049, 12.895, 33.056)
Epoch[012] Batch[499/956] Speed: 323.85 samples/sec, Loss:(pitch, yaw, roll)/(39.901, 13.016, 32.054)
Epoch[012] Batch[599/956] Speed: 323.24 samples/sec, Loss:(pitch, yaw, roll)/(39.881, 13.025, 32.373)
Epoch[012] Batch[699/956] Speed: 324.91 samples/sec, Loss:(pitch, yaw, roll)/(39.644, 13.367, 32.289)
Epoch[012] Batch[799/956] Speed: 325.97 samples/sec, Loss:(pitch, yaw, roll)/(39.626, 13.266, 32.242)
Epoch[012] Batch[899/956] Speed: 325.11 samples/sec, Loss:(pitch, yaw, roll)/(39.730, 13.595, 32.215)
Epoch[012] train: MAE:(pitch, yaw, roll, mean)/(3.833, 2.592, 3.016, 3.147), Cost=381 sec, lr=0.000529
Epoch[012] val  : MAE:(pitch, yaw, roll, mean)/(7.626, 8.312, 6.116, 7.351), Loss:(pitch, yaw, roll)/(180.125, 204.326, 180.214)
Epoch[013] Batch[099/956] Speed: 327.01 samples/sec, Loss:(pitch, yaw, roll)/(39.744, 12.554, 31.893)
Epoch[013] Batch[199/956] Speed: 328.87 samples/sec, Loss:(pitch, yaw, roll)/(39.717, 12.530, 33.114)
Epoch[013] Batch[299/956] Speed: 328.30 samples/sec, Loss:(pitch, yaw, roll)/(39.795, 13.122, 33.252)
Epoch[013] Batch[399/956] Speed: 328.97 samples/sec, Loss:(pitch, yaw, roll)/(39.376, 12.883, 32.817)
Epoch[013] Batch[499/956] Speed: 326.85 samples/sec, Loss:(pitch, yaw, roll)/(39.386, 12.695, 32.742)
Epoch[013] Batch[599/956] Speed: 313.59 samples/sec, Loss:(pitch, yaw, roll)/(38.831, 12.545, 32.281)
Epoch[013] Batch[699/956] Speed: 323.77 samples/sec, Loss:(pitch, yaw, roll)/(38.729, 12.521, 32.026)
Epoch[013] Batch[799/956] Speed: 324.90 samples/sec, Loss:(pitch, yaw, roll)/(38.636, 12.439, 31.754)
Epoch[013] Batch[899/956] Speed: 325.12 samples/sec, Loss:(pitch, yaw, roll)/(38.441, 12.358, 31.570)
Epoch[013] train: MAE:(pitch, yaw, roll, mean)/(3.751, 2.469, 2.940, 3.053), Cost=378 sec, lr=0.000471
Epoch[013] val  : MAE:(pitch, yaw, roll, mean)/(7.350, 7.259, 5.986, 6.865), Loss:(pitch, yaw, roll)/(167.211, 170.409, 181.552)
Epoch[014] Batch[099/956] Speed: 319.58 samples/sec, Loss:(pitch, yaw, roll)/(34.333, 12.561, 28.126)
Epoch[014] Batch[199/956] Speed: 323.85 samples/sec, Loss:(pitch, yaw, roll)/(34.399, 12.801, 27.814)
Epoch[014] Batch[299/956] Speed: 324.32 samples/sec, Loss:(pitch, yaw, roll)/(34.751, 12.461, 28.466)
Epoch[014] Batch[399/956] Speed: 326.42 samples/sec, Loss:(pitch, yaw, roll)/(36.065, 12.347, 29.614)
Epoch[014] Batch[499/956] Speed: 323.73 samples/sec, Loss:(pitch, yaw, roll)/(36.336, 12.153, 29.685)
Epoch[014] Batch[599/956] Speed: 320.26 samples/sec, Loss:(pitch, yaw, roll)/(36.268, 12.954, 29.475)
Epoch[014] Batch[699/956] Speed: 324.84 samples/sec, Loss:(pitch, yaw, roll)/(36.412, 13.023, 29.482)
Epoch[014] Batch[799/956] Speed: 325.85 samples/sec, Loss:(pitch, yaw, roll)/(36.903, 12.931, 29.942)
Epoch[014] Batch[899/956] Speed: 324.87 samples/sec, Loss:(pitch, yaw, roll)/(37.021, 12.814, 30.020)
Epoch[014] train: MAE:(pitch, yaw, roll, mean)/(3.707, 2.492, 2.909, 3.036), Cost=379 sec, lr=0.000413
Epoch[014] val  : MAE:(pitch, yaw, roll, mean)/(7.270, 6.942, 5.488, 6.566), Loss:(pitch, yaw, roll)/(163.226, 133.936, 168.401)
Min val mean MAE! save model!
Epoch[015] Batch[099/956] Speed: 319.47 samples/sec, Loss:(pitch, yaw, roll)/(34.793, 11.704, 28.531)
Epoch[015] Batch[199/956] Speed: 325.10 samples/sec, Loss:(pitch, yaw, roll)/(34.373, 11.298, 28.789)
Epoch[015] Batch[299/956] Speed: 326.28 samples/sec, Loss:(pitch, yaw, roll)/(34.620, 11.334, 28.866)
Epoch[015] Batch[399/956] Speed: 329.07 samples/sec, Loss:(pitch, yaw, roll)/(34.404, 11.239, 28.442)
Epoch[015] Batch[499/956] Speed: 330.50 samples/sec, Loss:(pitch, yaw, roll)/(34.354, 11.200, 28.347)
Epoch[015] Batch[599/956] Speed: 328.65 samples/sec, Loss:(pitch, yaw, roll)/(34.387, 11.189, 28.500)
Epoch[015] Batch[699/956] Speed: 329.69 samples/sec, Loss:(pitch, yaw, roll)/(34.177, 11.131, 28.270)
Epoch[015] Batch[799/956] Speed: 328.59 samples/sec, Loss:(pitch, yaw, roll)/(34.435, 12.226, 28.412)
Epoch[015] Batch[899/956] Speed: 325.23 samples/sec, Loss:(pitch, yaw, roll)/(34.728, 12.410, 28.638)
Epoch[015] train: MAE:(pitch, yaw, roll, mean)/(3.587, 2.414, 2.819, 2.940), Cost=378 sec, lr=0.000357
Epoch[015] val  : MAE:(pitch, yaw, roll, mean)/(7.468, 7.746, 5.691, 6.968), Loss:(pitch, yaw, roll)/(172.322, 182.904, 179.258)
Epoch[016] Batch[099/956] Speed: 316.38 samples/sec, Loss:(pitch, yaw, roll)/(30.023, 11.174, 24.515)
Epoch[016] Batch[199/956] Speed: 324.71 samples/sec, Loss:(pitch, yaw, roll)/(31.097, 11.004, 25.461)
Epoch[016] Batch[299/956] Speed: 323.72 samples/sec, Loss:(pitch, yaw, roll)/(31.928, 10.942, 26.475)
Epoch[016] Batch[399/956] Speed: 324.55 samples/sec, Loss:(pitch, yaw, roll)/(31.987, 10.875, 26.212)
Epoch[016] Batch[499/956] Speed: 324.95 samples/sec, Loss:(pitch, yaw, roll)/(31.909, 10.795, 26.152)
Epoch[016] Batch[599/956] Speed: 323.04 samples/sec, Loss:(pitch, yaw, roll)/(31.936, 10.767, 26.092)
Epoch[016] Batch[699/956] Speed: 324.19 samples/sec, Loss:(pitch, yaw, roll)/(32.212, 10.759, 26.426)
Epoch[016] Batch[799/956] Speed: 329.29 samples/sec, Loss:(pitch, yaw, roll)/(32.338, 10.746, 26.626)
Epoch[016] Batch[899/956] Speed: 321.94 samples/sec, Loss:(pitch, yaw, roll)/(32.531, 10.726, 26.926)
Epoch[016] train: MAE:(pitch, yaw, roll, mean)/(3.470, 2.307, 2.743, 2.840), Cost=380 sec, lr=0.000302
Epoch[016] val  : MAE:(pitch, yaw, roll, mean)/(7.514, 7.712, 5.728, 6.985), Loss:(pitch, yaw, roll)/(175.313, 209.858, 177.809)
Epoch[017] Batch[099/956] Speed: 317.27 samples/sec, Loss:(pitch, yaw, roll)/(28.892, 9.960, 23.257)
Epoch[017] Batch[199/956] Speed: 324.16 samples/sec, Loss:(pitch, yaw, roll)/(29.282, 10.131, 23.911)
Epoch[017] Batch[299/956] Speed: 322.47 samples/sec, Loss:(pitch, yaw, roll)/(29.581, 10.276, 24.230)
Epoch[017] Batch[399/956] Speed: 323.08 samples/sec, Loss:(pitch, yaw, roll)/(30.114, 10.269, 24.592)
Epoch[017] Batch[499/956] Speed: 323.35 samples/sec, Loss:(pitch, yaw, roll)/(30.650, 10.315, 25.153)
Epoch[017] Batch[599/956] Speed: 315.51 samples/sec, Loss:(pitch, yaw, roll)/(30.573, 10.290, 25.097)
Epoch[017] Batch[699/956] Speed: 314.58 samples/sec, Loss:(pitch, yaw, roll)/(30.486, 10.204, 25.008)
Epoch[017] Batch[799/956] Speed: 323.40 samples/sec, Loss:(pitch, yaw, roll)/(30.228, 10.226, 24.824)
Epoch[017] Batch[899/956] Speed: 323.74 samples/sec, Loss:(pitch, yaw, roll)/(30.385, 10.226, 25.022)
Epoch[017] train: MAE:(pitch, yaw, roll, mean)/(3.366, 2.248, 2.665, 2.760), Cost=383 sec, lr=0.000250
Epoch[017] val  : MAE:(pitch, yaw, roll, mean)/(7.411, 6.856, 5.642, 6.636), Loss:(pitch, yaw, roll)/(175.224, 147.282, 175.671)
Epoch[018] Batch[099/956] Speed: 316.07 samples/sec, Loss:(pitch, yaw, roll)/(29.197, 11.037, 23.884)
Epoch[018] Batch[199/956] Speed: 321.12 samples/sec, Loss:(pitch, yaw, roll)/(27.925, 10.837, 22.545)
Epoch[018] Batch[299/956] Speed: 319.46 samples/sec, Loss:(pitch, yaw, roll)/(29.427, 10.609, 23.801)
Epoch[018] Batch[399/956] Speed: 319.10 samples/sec, Loss:(pitch, yaw, roll)/(29.292, 10.494, 23.675)
Epoch[018] Batch[499/956] Speed: 314.42 samples/sec, Loss:(pitch, yaw, roll)/(29.254, 10.527, 23.812)
Epoch[018] Batch[599/956] Speed: 314.83 samples/sec, Loss:(pitch, yaw, roll)/(29.550, 10.437, 24.166)
Epoch[018] Batch[699/956] Speed: 313.84 samples/sec, Loss:(pitch, yaw, roll)/(29.379, 10.378, 24.112)
Epoch[018] Batch[799/956] Speed: 312.74 samples/sec, Loss:(pitch, yaw, roll)/(29.214, 10.348, 23.971)
Epoch[018] Batch[899/956] Speed: 314.02 samples/sec, Loss:(pitch, yaw, roll)/(29.076, 10.295, 23.917)
Epoch[018] train: MAE:(pitch, yaw, roll, mean)/(3.295, 2.214, 2.611, 2.707), Cost=389 sec, lr=0.000202
Epoch[018] val  : MAE:(pitch, yaw, roll, mean)/(7.171, 6.836, 5.705, 6.571), Loss:(pitch, yaw, roll)/(165.732, 139.961, 176.840)
Epoch[019] Batch[099/956] Speed: 308.11 samples/sec, Loss:(pitch, yaw, roll)/(26.163, 9.514, 20.567)
Epoch[019] Batch[199/956] Speed: 311.30 samples/sec, Loss:(pitch, yaw, roll)/(26.210, 9.647, 20.638)
Epoch[019] Batch[299/956] Speed: 314.76 samples/sec, Loss:(pitch, yaw, roll)/(26.014, 9.621, 20.603)
Epoch[019] Batch[399/956] Speed: 319.89 samples/sec, Loss:(pitch, yaw, roll)/(26.453, 9.550, 21.207)
Epoch[019] Batch[499/956] Speed: 312.08 samples/sec, Loss:(pitch, yaw, roll)/(26.929, 9.526, 21.645)
Epoch[019] Batch[599/956] Speed: 314.26 samples/sec, Loss:(pitch, yaw, roll)/(27.173, 9.509, 22.012)
Epoch[019] Batch[699/956] Speed: 313.38 samples/sec, Loss:(pitch, yaw, roll)/(27.244, 9.529, 22.116)
Epoch[019] Batch[799/956] Speed: 315.17 samples/sec, Loss:(pitch, yaw, roll)/(27.620, 9.518, 22.495)
Epoch[019] Batch[899/956] Speed: 312.26 samples/sec, Loss:(pitch, yaw, roll)/(27.592, 9.484, 22.429)
Epoch[019] train: MAE:(pitch, yaw, roll, mean)/(3.229, 2.149, 2.532, 2.637), Cost=393 sec, lr=0.000157
Epoch[019] val  : MAE:(pitch, yaw, roll, mean)/(7.274, 6.721, 5.748, 6.581), Loss:(pitch, yaw, roll)/(171.382, 141.207, 178.645)
Epoch[020] Batch[099/956] Speed: 309.63 samples/sec, Loss:(pitch, yaw, roll)/(24.621, 9.349, 19.833)
Epoch[020] Batch[199/956] Speed: 312.82 samples/sec, Loss:(pitch, yaw, roll)/(25.278, 9.094, 20.341)
Epoch[020] Batch[299/956] Speed: 314.23 samples/sec, Loss:(pitch, yaw, roll)/(24.684, 9.141, 19.873)
Epoch[020] Batch[399/956] Speed: 322.85 samples/sec, Loss:(pitch, yaw, roll)/(25.363, 9.125, 20.602)
Epoch[020] Batch[499/956] Speed: 318.64 samples/sec, Loss:(pitch, yaw, roll)/(25.779, 9.141, 21.033)
Epoch[020] Batch[599/956] Speed: 321.18 samples/sec, Loss:(pitch, yaw, roll)/(26.043, 9.147, 21.248)
Epoch[020] Batch[699/956] Speed: 321.67 samples/sec, Loss:(pitch, yaw, roll)/(25.966, 9.146, 21.143)
Epoch[020] Batch[799/956] Speed: 321.76 samples/sec, Loss:(pitch, yaw, roll)/(26.079, 9.252, 21.247)
Epoch[020] Batch[899/956] Speed: 322.25 samples/sec, Loss:(pitch, yaw, roll)/(25.944, 9.246, 21.180)
Epoch[020] train: MAE:(pitch, yaw, roll, mean)/(3.135, 2.116, 2.473, 2.575), Cost=387 sec, lr=0.000117
Epoch[020] val  : MAE:(pitch, yaw, roll, mean)/(7.251, 6.731, 5.722, 6.568), Loss:(pitch, yaw, roll)/(166.739, 138.495, 172.543)
Epoch[021] Batch[099/956] Speed: 309.18 samples/sec, Loss:(pitch, yaw, roll)/(26.523, 9.279, 21.722)
Epoch[021] Batch[199/956] Speed: 314.07 samples/sec, Loss:(pitch, yaw, roll)/(24.831, 9.127, 20.327)
Epoch[021] Batch[299/956] Speed: 313.43 samples/sec, Loss:(pitch, yaw, roll)/(25.143, 9.066, 20.608)
Epoch[021] Batch[399/956] Speed: 313.19 samples/sec, Loss:(pitch, yaw, roll)/(24.983, 9.037, 20.435)
Epoch[021] Batch[499/956] Speed: 316.40 samples/sec, Loss:(pitch, yaw, roll)/(25.032, 9.010, 20.447)
Epoch[021] Batch[599/956] Speed: 311.62 samples/sec, Loss:(pitch, yaw, roll)/(24.649, 8.982, 20.114)
Epoch[021] Batch[699/956] Speed: 312.21 samples/sec, Loss:(pitch, yaw, roll)/(24.685, 8.958, 20.123)
Epoch[021] Batch[799/956] Speed: 318.50 samples/sec, Loss:(pitch, yaw, roll)/(24.627, 8.929, 20.077)
Epoch[021] Batch[899/956] Speed: 318.78 samples/sec, Loss:(pitch, yaw, roll)/(24.528, 8.918, 19.969)
Epoch[021] train: MAE:(pitch, yaw, roll, mean)/(3.053, 2.083, 2.407, 2.514), Cost=392 sec, lr=0.000083
Epoch[021] val  : MAE:(pitch, yaw, roll, mean)/(7.286, 6.889, 5.681, 6.619), Loss:(pitch, yaw, roll)/(166.898, 146.341, 173.726)
Epoch[022] Batch[099/956] Speed: 309.62 samples/sec, Loss:(pitch, yaw, roll)/(23.062, 8.802, 17.821)
Epoch[022] Batch[199/956] Speed: 315.16 samples/sec, Loss:(pitch, yaw, roll)/(23.112, 8.833, 18.400)
Epoch[022] Batch[299/956] Speed: 313.77 samples/sec, Loss:(pitch, yaw, roll)/(23.448, 8.853, 18.842)
Epoch[022] Batch[399/956] Speed: 309.92 samples/sec, Loss:(pitch, yaw, roll)/(23.587, 8.851, 19.120)
Epoch[022] Batch[499/956] Speed: 312.02 samples/sec, Loss:(pitch, yaw, roll)/(23.706, 8.827, 19.329)
Epoch[022] Batch[599/956] Speed: 311.09 samples/sec, Loss:(pitch, yaw, roll)/(23.278, 8.775, 18.924)
Epoch[022] Batch[699/956] Speed: 313.20 samples/sec, Loss:(pitch, yaw, roll)/(23.318, 8.753, 18.956)
Epoch[022] Batch[799/956] Speed: 317.46 samples/sec, Loss:(pitch, yaw, roll)/(23.364, 8.747, 19.039)
Epoch[022] Batch[899/956] Speed: 319.61 samples/sec, Loss:(pitch, yaw, roll)/(23.365, 8.734, 19.055)
Epoch[022] train: MAE:(pitch, yaw, roll, mean)/(3.002, 2.057, 2.377, 2.478), Cost=392 sec, lr=0.000054
Epoch[022] val  : MAE:(pitch, yaw, roll, mean)/(7.216, 6.627, 5.536, 6.460), Loss:(pitch, yaw, roll)/(161.611, 130.968, 167.673)
Min val mean MAE! save model!
Epoch[023] Batch[099/956] Speed: 315.83 samples/sec, Loss:(pitch, yaw, roll)/(21.852, 8.687, 17.654)
Epoch[023] Batch[199/956] Speed: 320.83 samples/sec, Loss:(pitch, yaw, roll)/(22.489, 8.592, 18.339)
Epoch[023] Batch[299/956] Speed: 320.34 samples/sec, Loss:(pitch, yaw, roll)/(22.728, 8.668, 18.505)
Epoch[023] Batch[399/956] Speed: 319.08 samples/sec, Loss:(pitch, yaw, roll)/(22.845, 8.614, 18.648)
Epoch[023] Batch[499/956] Speed: 310.91 samples/sec, Loss:(pitch, yaw, roll)/(22.792, 8.631, 18.544)
Epoch[023] Batch[599/956] Speed: 312.67 samples/sec, Loss:(pitch, yaw, roll)/(22.473, 8.627, 18.221)
Epoch[023] Batch[699/956] Speed: 310.86 samples/sec, Loss:(pitch, yaw, roll)/(22.436, 8.611, 18.265)
Epoch[023] Batch[799/956] Speed: 312.06 samples/sec, Loss:(pitch, yaw, roll)/(22.575, 8.628, 18.369)
Epoch[023] Batch[899/956] Speed: 312.56 samples/sec, Loss:(pitch, yaw, roll)/(22.438, 8.604, 18.259)
Epoch[023] train: MAE:(pitch, yaw, roll, mean)/(2.967, 2.034, 2.337, 2.446), Cost=391 sec, lr=0.000031
Epoch[023] val  : MAE:(pitch, yaw, roll, mean)/(7.262, 6.684, 5.497, 6.481), Loss:(pitch, yaw, roll)/(166.250, 133.221, 168.647)
Epoch[024] Batch[099/956] Speed: 305.62 samples/sec, Loss:(pitch, yaw, roll)/(21.944, 8.441, 17.715)
Epoch[024] Batch[199/956] Speed: 313.78 samples/sec, Loss:(pitch, yaw, roll)/(21.062, 8.610, 16.808)
Epoch[024] Batch[299/956] Speed: 316.22 samples/sec, Loss:(pitch, yaw, roll)/(21.056, 8.574, 16.774)
Epoch[024] Batch[399/956] Speed: 318.75 samples/sec, Loss:(pitch, yaw, roll)/(20.983, 8.516, 16.679)
Epoch[024] Batch[499/956] Speed: 310.73 samples/sec, Loss:(pitch, yaw, roll)/(20.927, 8.483, 16.617)
Epoch[024] Batch[599/956] Speed: 310.48 samples/sec, Loss:(pitch, yaw, roll)/(21.529, 8.483, 17.252)
Epoch[024] Batch[699/956] Speed: 312.35 samples/sec, Loss:(pitch, yaw, roll)/(21.482, 8.457, 17.167)
Epoch[024] Batch[799/956] Speed: 309.46 samples/sec, Loss:(pitch, yaw, roll)/(21.433, 8.451, 17.204)
Epoch[024] Batch[899/956] Speed: 309.00 samples/sec, Loss:(pitch, yaw, roll)/(21.703, 8.440, 17.441)
Epoch[024] train: MAE:(pitch, yaw, roll, mean)/(2.923, 2.013, 2.298, 2.411), Cost=395 sec, lr=0.000014
Epoch[024] val  : MAE:(pitch, yaw, roll, mean)/(7.319, 6.876, 5.558, 6.584), Loss:(pitch, yaw, roll)/(167.619, 152.169, 171.668)
Epoch[025] Batch[099/956] Speed: 304.68 samples/sec, Loss:(pitch, yaw, roll)/(21.626, 8.556, 17.245)
Epoch[025] Batch[199/956] Speed: 310.78 samples/sec, Loss:(pitch, yaw, roll)/(20.912, 8.475, 16.621)
Epoch[025] Batch[299/956] Speed: 319.59 samples/sec, Loss:(pitch, yaw, roll)/(20.639, 8.385, 16.534)
Epoch[025] Batch[399/956] Speed: 319.04 samples/sec, Loss:(pitch, yaw, roll)/(20.990, 8.383, 16.766)
Epoch[025] Batch[499/956] Speed: 321.18 samples/sec, Loss:(pitch, yaw, roll)/(21.289, 8.348, 17.060)
Epoch[025] Batch[599/956] Speed: 320.17 samples/sec, Loss:(pitch, yaw, roll)/(21.412, 8.369, 17.279)
Epoch[025] Batch[699/956] Speed: 319.93 samples/sec, Loss:(pitch, yaw, roll)/(21.424, 8.349, 17.296)
Epoch[025] Batch[799/956] Speed: 319.67 samples/sec, Loss:(pitch, yaw, roll)/(21.420, 8.351, 17.262)
Epoch[025] Batch[899/956] Speed: 312.20 samples/sec, Loss:(pitch, yaw, roll)/(21.228, 8.342, 17.084)
Epoch[025] train: MAE:(pitch, yaw, roll, mean)/(2.913, 2.006, 2.290, 2.403), Cost=390 sec, lr=0.000004
Epoch[025] val  : MAE:(pitch, yaw, roll, mean)/(7.344, 6.862, 5.554, 6.587), Loss:(pitch, yaw, roll)/(170.583, 145.838, 172.750)
Epoch[026] Batch[099/956] Speed: 303.25 samples/sec, Loss:(pitch, yaw, roll)/(20.066, 8.326, 16.405)
Epoch[026] Batch[199/956] Speed: 310.59 samples/sec, Loss:(pitch, yaw, roll)/(20.912, 8.374, 17.130)
Epoch[026] Batch[299/956] Speed: 312.75 samples/sec, Loss:(pitch, yaw, roll)/(20.960, 8.347, 16.917)
Epoch[026] Batch[399/956] Speed: 316.20 samples/sec, Loss:(pitch, yaw, roll)/(21.253, 8.357, 17.213)
Epoch[026] Batch[499/956] Speed: 316.38 samples/sec, Loss:(pitch, yaw, roll)/(21.227, 8.387, 17.083)
Epoch[026] Batch[599/956] Speed: 314.63 samples/sec, Loss:(pitch, yaw, roll)/(21.249, 8.370, 17.134)
Epoch[026] Batch[699/956] Speed: 318.69 samples/sec, Loss:(pitch, yaw, roll)/(21.249, 8.394, 17.213)
Epoch[026] Batch[799/956] Speed: 322.29 samples/sec, Loss:(pitch, yaw, roll)/(21.140, 8.399, 17.037)
Epoch[026] Batch[899/956] Speed: 313.71 samples/sec, Loss:(pitch, yaw, roll)/(21.033, 8.387, 16.888)
Epoch[026] train: MAE:(pitch, yaw, roll, mean)/(2.888, 2.006, 2.282, 2.392), Cost=391 sec, lr=0.000001
Epoch[026] val  : MAE:(pitch, yaw, roll, mean)/(7.355, 6.732, 5.582, 6.556), Loss:(pitch, yaw, roll)/(167.205, 139.283, 170.971)
Epoch[027] Batch[099/956] Speed: 309.29 samples/sec, Loss:(pitch, yaw, roll)/(21.723, 8.495, 17.499)
Epoch[027] Batch[199/956] Speed: 313.22 samples/sec, Loss:(pitch, yaw, roll)/(21.732, 8.271, 17.873)
Epoch[027] Batch[299/956] Speed: 314.10 samples/sec, Loss:(pitch, yaw, roll)/(21.602, 8.258, 17.737)
Epoch[027] Batch[399/956] Speed: 314.44 samples/sec, Loss:(pitch, yaw, roll)/(21.234, 8.275, 17.328)
Epoch[027] Batch[499/956] Speed: 314.38 samples/sec, Loss:(pitch, yaw, roll)/(21.495, 8.303, 17.524)
Epoch[027] Batch[599/956] Speed: 315.68 samples/sec, Loss:(pitch, yaw, roll)/(21.224, 8.319, 17.169)
Epoch[027] Batch[699/956] Speed: 321.54 samples/sec, Loss:(pitch, yaw, roll)/(21.379, 8.325, 17.275)
Epoch[027] Batch[799/956] Speed: 321.50 samples/sec, Loss:(pitch, yaw, roll)/(21.462, 8.338, 17.295)
Epoch[027] Batch[899/956] Speed: 322.75 samples/sec, Loss:(pitch, yaw, roll)/(21.376, 8.350, 17.231)
Epoch[027] train: MAE:(pitch, yaw, roll, mean)/(2.906, 2.003, 2.286, 2.398), Cost=388 sec, lr=0.000001
Epoch[027] val  : MAE:(pitch, yaw, roll, mean)/(7.141, 6.776, 5.497, 6.471), Loss:(pitch, yaw, roll)/(159.427, 141.956, 169.257)
Epoch[028] Batch[099/956] Speed: 318.51 samples/sec, Loss:(pitch, yaw, roll)/(20.700, 8.337, 16.140)
Epoch[028] Batch[199/956] Speed: 321.88 samples/sec, Loss:(pitch, yaw, roll)/(20.728, 8.373, 16.224)
Epoch[028] Batch[299/956] Speed: 315.60 samples/sec, Loss:(pitch, yaw, roll)/(20.540, 8.369, 16.193)
Epoch[028] Batch[399/956] Speed: 315.26 samples/sec, Loss:(pitch, yaw, roll)/(20.619, 8.370, 16.362)
Epoch[028] Batch[499/956] Speed: 312.85 samples/sec, Loss:(pitch, yaw, roll)/(20.529, 8.331, 16.338)
Epoch[028] Batch[599/956] Speed: 315.72 samples/sec, Loss:(pitch, yaw, roll)/(20.776, 8.356, 16.548)
Epoch[028] Batch[699/956] Speed: 312.54 samples/sec, Loss:(pitch, yaw, roll)/(20.725, 8.374, 16.507)
Epoch[028] Batch[799/956] Speed: 313.11 samples/sec, Loss:(pitch, yaw, roll)/(20.758, 8.343, 16.590)
Epoch[028] Batch[899/956] Speed: 312.34 samples/sec, Loss:(pitch, yaw, roll)/(20.865, 8.345, 16.671)
Epoch[028] train: MAE:(pitch, yaw, roll, mean)/(2.900, 1.999, 2.277, 2.392), Cost=390 sec, lr=0.000001
Epoch[028] val  : MAE:(pitch, yaw, roll, mean)/(7.275, 6.917, 5.568, 6.587), Loss:(pitch, yaw, roll)/(168.981, 148.845, 170.951)
Epoch[029] Batch[099/956] Speed: 310.51 samples/sec, Loss:(pitch, yaw, roll)/(21.914, 8.468, 17.185)
Epoch[029] Batch[199/956] Speed: 321.90 samples/sec, Loss:(pitch, yaw, roll)/(22.032, 8.432, 17.802)
Epoch[029] Batch[299/956] Speed: 313.90 samples/sec, Loss:(pitch, yaw, roll)/(22.078, 8.381, 17.833)
Epoch[029] Batch[399/956] Speed: 312.93 samples/sec, Loss:(pitch, yaw, roll)/(21.893, 8.414, 17.623)
Epoch[029] Batch[499/956] Speed: 313.75 samples/sec, Loss:(pitch, yaw, roll)/(21.798, 8.404, 17.549)
Epoch[029] Batch[599/956] Speed: 314.13 samples/sec, Loss:(pitch, yaw, roll)/(21.270, 8.407, 17.020)
Epoch[029] Batch[699/956] Speed: 313.75 samples/sec, Loss:(pitch, yaw, roll)/(21.414, 8.382, 17.260)
Epoch[029] Batch[799/956] Speed: 314.84 samples/sec, Loss:(pitch, yaw, roll)/(21.375, 8.372, 17.224)
Epoch[029] Batch[899/956] Speed: 314.29 samples/sec, Loss:(pitch, yaw, roll)/(21.200, 8.362, 17.061)
Epoch[029] train: MAE:(pitch, yaw, roll, mean)/(2.904, 2.001, 2.281, 2.395), Cost=391 sec, lr=0.000001
Epoch[029] val  : MAE:(pitch, yaw, roll, mean)/(7.309, 6.610, 5.568, 6.496), Loss:(pitch, yaw, roll)/(167.659, 130.607, 172.723)


Min mean MAE: 6.460, Epoch: 22.000
