nohup: ignoring input
Namespace(alpha=1.0, anno_txt='./data/300W_LP_pose.txt', bs=256, dataset='/home/lfx/Data/300W_LP', epochs=30, gpu=4, log_interval=100, lr=0.001, lr_decay_epoch='10, 15, 20', lr_type='cos', momentum=0.9, net='facenet', num_workers=6, prefix='facenet_alpha1', save='./weight', use_fc=1, version='small', wd=4e-05, weights='', width_mult=1.0)
[16:19:41] src/operator/nn/./cudnn/./cudnn_algoreg-inl.h:97: Running performance tests to find the best convolution algorithm, this can take a while... (set the environment variable MXNET_CUDNN_AUTOTUNE_DEFAULT to 0 to disable)
Epoch[000] Batch[099/478] Speed: 597.58 samples/sec, Loss:(pitch, yaw, roll)/(83.274, 202.202, 55.781)
Epoch[000] Batch[199/478] Speed: 721.19 samples/sec, Loss:(pitch, yaw, roll)/(64.915, 125.887, 46.745)
Epoch[000] Batch[299/478] Speed: 712.85 samples/sec, Loss:(pitch, yaw, roll)/(56.915, 95.571, 42.097)
Epoch[000] Batch[399/478] Speed: 705.19 samples/sec, Loss:(pitch, yaw, roll)/(51.576, 77.727, 38.785)
Epoch[000] train: MAE:(pitch, yaw, roll, mean)/(6.250, 7.186, 4.886, 6.107), Cost=186 sec, lr=0.000997
Epoch[000] val  : MAE:(pitch, yaw, roll, mean)/(8.989, 10.182, 8.021, 9.064), Loss:(pitch, yaw, roll)/(110.354, 136.179, 127.370)
Min val mean MAE! save model!
Epoch[001] Batch[099/478] Speed: 687.65 samples/sec, Loss:(pitch, yaw, roll)/(30.383, 20.368, 25.565)
Epoch[001] Batch[199/478] Speed: 703.27 samples/sec, Loss:(pitch, yaw, roll)/(29.961, 19.695, 24.855)
Epoch[001] Batch[299/478] Speed: 701.65 samples/sec, Loss:(pitch, yaw, roll)/(29.059, 19.146, 24.375)
Epoch[001] Batch[399/478] Speed: 700.99 samples/sec, Loss:(pitch, yaw, roll)/(28.713, 18.528, 23.957)
Epoch[001] train: MAE:(pitch, yaw, roll, mean)/(4.432, 4.257, 3.570, 4.086), Cost=177 sec, lr=0.000987
Epoch[001] val  : MAE:(pitch, yaw, roll, mean)/(8.181, 9.358, 6.880, 8.139), Loss:(pitch, yaw, roll)/(95.953, 117.667, 111.174)
Min val mean MAE! save model!
Epoch[002] Batch[099/478] Speed: 681.94 samples/sec, Loss:(pitch, yaw, roll)/(23.582, 15.003, 19.886)
Epoch[002] Batch[199/478] Speed: 697.64 samples/sec, Loss:(pitch, yaw, roll)/(24.206, 15.850, 20.697)
Epoch[002] Batch[299/478] Speed: 698.26 samples/sec, Loss:(pitch, yaw, roll)/(23.869, 16.041, 20.464)
Epoch[002] Batch[399/478] Speed: 701.10 samples/sec, Loss:(pitch, yaw, roll)/(23.615, 15.908, 20.230)
Epoch[002] train: MAE:(pitch, yaw, roll, mean)/(3.973, 4.053, 3.235, 3.754), Cost=178 sec, lr=0.000970
Epoch[002] val  : MAE:(pitch, yaw, roll, mean)/(8.002, 9.475, 6.521, 7.999), Loss:(pitch, yaw, roll)/(92.410, 120.325, 101.091)
Min val mean MAE! save model!
Epoch[003] Batch[099/478] Speed: 682.85 samples/sec, Loss:(pitch, yaw, roll)/(21.915, 12.029, 18.768)
Epoch[003] Batch[199/478] Speed: 697.67 samples/sec, Loss:(pitch, yaw, roll)/(21.154, 13.078, 18.200)
Epoch[003] Batch[299/478] Speed: 700.56 samples/sec, Loss:(pitch, yaw, roll)/(21.811, 12.964, 18.777)
Epoch[003] Batch[399/478] Speed: 702.30 samples/sec, Loss:(pitch, yaw, roll)/(22.067, 12.724, 19.054)
Epoch[003] train: MAE:(pitch, yaw, roll, mean)/(3.733, 3.584, 3.036, 3.451), Cost=179 sec, lr=0.000947
Epoch[003] val  : MAE:(pitch, yaw, roll, mean)/(7.930, 8.765, 6.368, 7.688), Loss:(pitch, yaw, roll)/(90.457, 111.179, 97.202)
Min val mean MAE! save model!
Epoch[004] Batch[099/478] Speed: 684.73 samples/sec, Loss:(pitch, yaw, roll)/(19.597, 13.050, 16.707)
Epoch[004] Batch[199/478] Speed: 699.79 samples/sec, Loss:(pitch, yaw, roll)/(20.415, 12.115, 17.770)
Epoch[004] Batch[299/478] Speed: 697.02 samples/sec, Loss:(pitch, yaw, roll)/(20.761, 12.763, 18.062)
Epoch[004] Batch[399/478] Speed: 699.11 samples/sec, Loss:(pitch, yaw, roll)/(20.428, 12.507, 17.860)
Epoch[004] train: MAE:(pitch, yaw, roll, mean)/(3.585, 3.646, 2.953, 3.394), Cost=178 sec, lr=0.000918
Epoch[004] val  : MAE:(pitch, yaw, roll, mean)/(7.366, 8.827, 6.441, 7.545), Loss:(pitch, yaw, roll)/(85.749, 111.123, 97.408)
Min val mean MAE! save model!
Epoch[005] Batch[099/478] Speed: 685.09 samples/sec, Loss:(pitch, yaw, roll)/(19.465, 11.704, 16.862)
Epoch[005] Batch[199/478] Speed: 699.56 samples/sec, Loss:(pitch, yaw, roll)/(19.829, 11.377, 17.199)
Epoch[005] Batch[299/478] Speed: 693.08 samples/sec, Loss:(pitch, yaw, roll)/(19.915, 11.782, 17.252)
Epoch[005] Batch[399/478] Speed: 701.17 samples/sec, Loss:(pitch, yaw, roll)/(19.729, 11.666, 17.198)
Epoch[005] train: MAE:(pitch, yaw, roll, mean)/(3.501, 3.465, 2.860, 3.275), Cost=178 sec, lr=0.000883
Epoch[005] val  : MAE:(pitch, yaw, roll, mean)/(7.427, 8.628, 6.037, 7.364), Loss:(pitch, yaw, roll)/(84.844, 112.755, 94.050)
Min val mean MAE! save model!
Epoch[006] Batch[099/478] Speed: 680.72 samples/sec, Loss:(pitch, yaw, roll)/(19.675, 11.230, 17.193)
Epoch[006] Batch[199/478] Speed: 698.35 samples/sec, Loss:(pitch, yaw, roll)/(19.273, 10.624, 16.947)
Epoch[006] Batch[299/478] Speed: 694.94 samples/sec, Loss:(pitch, yaw, roll)/(19.302, 10.740, 17.061)
Epoch[006] Batch[399/478] Speed: 697.30 samples/sec, Loss:(pitch, yaw, roll)/(19.048, 10.907, 16.885)
Epoch[006] train: MAE:(pitch, yaw, roll, mean)/(3.401, 3.394, 2.835, 3.210), Cost=179 sec, lr=0.000843
Epoch[006] val  : MAE:(pitch, yaw, roll, mean)/(7.266, 8.772, 5.941, 7.326), Loss:(pitch, yaw, roll)/(84.035, 111.009, 93.715)
Min val mean MAE! save model!
Epoch[007] Batch[099/478] Speed: 682.83 samples/sec, Loss:(pitch, yaw, roll)/(18.015, 13.834, 15.659)
Epoch[007] Batch[199/478] Speed: 697.90 samples/sec, Loss:(pitch, yaw, roll)/(18.205, 12.764, 15.948)
Epoch[007] Batch[299/478] Speed: 699.36 samples/sec, Loss:(pitch, yaw, roll)/(18.908, 12.536, 16.573)
Epoch[007] Batch[399/478] Speed: 698.81 samples/sec, Loss:(pitch, yaw, roll)/(18.887, 12.142, 16.553)
Epoch[007] train: MAE:(pitch, yaw, roll, mean)/(3.374, 3.531, 2.773, 3.226), Cost=178 sec, lr=0.000799
Epoch[007] val  : MAE:(pitch, yaw, roll, mean)/(7.183, 8.483, 6.251, 7.306), Loss:(pitch, yaw, roll)/(82.439, 106.762, 94.391)
Min val mean MAE! save model!
Epoch[008] Batch[099/478] Speed: 678.00 samples/sec, Loss:(pitch, yaw, roll)/(17.650, 10.576, 15.687)
Epoch[008] Batch[199/478] Speed: 699.84 samples/sec, Loss:(pitch, yaw, roll)/(17.987, 10.769, 15.882)
Epoch[008] Batch[299/478] Speed: 704.15 samples/sec, Loss:(pitch, yaw, roll)/(18.479, 11.023, 16.492)
Epoch[008] Batch[399/478] Speed: 695.46 samples/sec, Loss:(pitch, yaw, roll)/(18.372, 10.867, 16.356)
Epoch[008] train: MAE:(pitch, yaw, roll, mean)/(3.280, 3.360, 2.719, 3.120), Cost=178 sec, lr=0.000750
Epoch[008] val  : MAE:(pitch, yaw, roll, mean)/(6.967, 8.140, 6.163, 7.090), Loss:(pitch, yaw, roll)/(79.530, 102.908, 95.833)
Min val mean MAE! save model!
Epoch[009] Batch[099/478] Speed: 680.76 samples/sec, Loss:(pitch, yaw, roll)/(16.948, 10.223, 15.018)
Epoch[009] Batch[199/478] Speed: 701.09 samples/sec, Loss:(pitch, yaw, roll)/(16.995, 10.525, 15.201)
Epoch[009] Batch[299/478] Speed: 699.39 samples/sec, Loss:(pitch, yaw, roll)/(17.098, 10.648, 15.195)
Epoch[009] Batch[399/478] Speed: 697.57 samples/sec, Loss:(pitch, yaw, roll)/(17.084, 10.261, 15.204)
Epoch[009] train: MAE:(pitch, yaw, roll, mean)/(3.173, 3.285, 2.637, 3.032), Cost=178 sec, lr=0.000698
Epoch[009] val  : MAE:(pitch, yaw, roll, mean)/(7.258, 8.562, 6.010, 7.277), Loss:(pitch, yaw, roll)/(83.689, 108.477, 92.628)
Epoch[010] Batch[099/478] Speed: 678.45 samples/sec, Loss:(pitch, yaw, roll)/(17.749, 10.126, 15.444)
Epoch[010] Batch[199/478] Speed: 697.28 samples/sec, Loss:(pitch, yaw, roll)/(17.108, 10.699, 14.958)
Epoch[010] Batch[299/478] Speed: 699.20 samples/sec, Loss:(pitch, yaw, roll)/(17.256, 10.109, 15.174)
Epoch[010] Batch[399/478] Speed: 696.87 samples/sec, Loss:(pitch, yaw, roll)/(17.429, 10.121, 15.457)
Epoch[010] train: MAE:(pitch, yaw, roll, mean)/(3.183, 3.223, 2.625, 3.010), Cost=179 sec, lr=0.000643
Epoch[010] val  : MAE:(pitch, yaw, roll, mean)/(7.070, 8.440, 5.905, 7.139), Loss:(pitch, yaw, roll)/(82.207, 107.938, 93.087)
Epoch[011] Batch[099/478] Speed: 683.10 samples/sec, Loss:(pitch, yaw, roll)/(16.995, 11.214, 15.256)
Epoch[011] Batch[199/478] Speed: 696.03 samples/sec, Loss:(pitch, yaw, roll)/(17.046, 10.832, 15.206)
Epoch[011] Batch[299/478] Speed: 699.87 samples/sec, Loss:(pitch, yaw, roll)/(17.048, 10.226, 15.281)
Epoch[011] Batch[399/478] Speed: 698.53 samples/sec, Loss:(pitch, yaw, roll)/(17.044, 10.416, 15.299)
Epoch[011] train: MAE:(pitch, yaw, roll, mean)/(3.090, 3.314, 2.578, 2.994), Cost=178 sec, lr=0.000587
Epoch[011] val  : MAE:(pitch, yaw, roll, mean)/(6.836, 8.341, 5.725, 6.968), Loss:(pitch, yaw, roll)/(76.762, 103.662, 89.617)
Min val mean MAE! save model!
Epoch[012] Batch[099/478] Speed: 679.78 samples/sec, Loss:(pitch, yaw, roll)/(16.036, 10.767, 14.600)
Epoch[012] Batch[199/478] Speed: 697.29 samples/sec, Loss:(pitch, yaw, roll)/(15.957, 9.714, 14.470)
Epoch[012] Batch[299/478] Speed: 696.61 samples/sec, Loss:(pitch, yaw, roll)/(16.204, 9.732, 14.717)
Epoch[012] Batch[399/478] Speed: 705.22 samples/sec, Loss:(pitch, yaw, roll)/(16.284, 10.057, 14.753)
Epoch[012] train: MAE:(pitch, yaw, roll, mean)/(3.010, 3.234, 2.529, 2.924), Cost=178 sec, lr=0.000529
Epoch[012] val  : MAE:(pitch, yaw, roll, mean)/(6.873, 8.060, 5.802, 6.911), Loss:(pitch, yaw, roll)/(76.405, 99.639, 91.796)
Min val mean MAE! save model!
Epoch[013] Batch[099/478] Speed: 680.09 samples/sec, Loss:(pitch, yaw, roll)/(14.476, 9.469, 13.058)
Epoch[013] Batch[199/478] Speed: 699.81 samples/sec, Loss:(pitch, yaw, roll)/(15.046, 9.610, 13.707)
Epoch[013] Batch[299/478] Speed: 695.87 samples/sec, Loss:(pitch, yaw, roll)/(15.402, 9.564, 13.960)
Epoch[013] Batch[399/478] Speed: 700.53 samples/sec, Loss:(pitch, yaw, roll)/(15.770, 9.276, 14.268)
Epoch[013] train: MAE:(pitch, yaw, roll, mean)/(2.948, 3.148, 2.480, 2.859), Cost=178 sec, lr=0.000471
Epoch[013] val  : MAE:(pitch, yaw, roll, mean)/(7.343, 8.436, 5.969, 7.249), Loss:(pitch, yaw, roll)/(83.489, 105.389, 93.832)
Epoch[014] Batch[099/478] Speed: 681.22 samples/sec, Loss:(pitch, yaw, roll)/(15.669, 9.704, 14.329)
Epoch[014] Batch[199/478] Speed: 698.25 samples/sec, Loss:(pitch, yaw, roll)/(15.395, 9.961, 13.921)
Epoch[014] Batch[299/478] Speed: 697.25 samples/sec, Loss:(pitch, yaw, roll)/(15.516, 9.740, 14.194)
Epoch[014] Batch[399/478] Speed: 698.76 samples/sec, Loss:(pitch, yaw, roll)/(15.514, 9.791, 14.072)
Epoch[014] train: MAE:(pitch, yaw, roll, mean)/(2.884, 3.267, 2.430, 2.860), Cost=178 sec, lr=0.000413
Epoch[014] val  : MAE:(pitch, yaw, roll, mean)/(6.919, 8.178, 5.774, 6.957), Loss:(pitch, yaw, roll)/(77.801, 102.882, 90.533)
Epoch[015] Batch[099/478] Speed: 679.86 samples/sec, Loss:(pitch, yaw, roll)/(14.432, 9.995, 13.018)
Epoch[015] Batch[199/478] Speed: 702.10 samples/sec, Loss:(pitch, yaw, roll)/(15.156, 10.186, 13.876)
Epoch[015] Batch[299/478] Speed: 697.79 samples/sec, Loss:(pitch, yaw, roll)/(15.108, 9.469, 13.793)
Epoch[015] Batch[399/478] Speed: 699.29 samples/sec, Loss:(pitch, yaw, roll)/(14.872, 9.434, 13.529)
Epoch[015] train: MAE:(pitch, yaw, roll, mean)/(2.809, 3.168, 2.365, 2.781), Cost=178 sec, lr=0.000357
Epoch[015] val  : MAE:(pitch, yaw, roll, mean)/(6.946, 8.148, 5.725, 6.939), Loss:(pitch, yaw, roll)/(80.553, 99.934, 91.520)
Epoch[016] Batch[099/478] Speed: 684.25 samples/sec, Loss:(pitch, yaw, roll)/(13.189, 8.985, 12.040)
Epoch[016] Batch[199/478] Speed: 704.42 samples/sec, Loss:(pitch, yaw, roll)/(13.507, 8.683, 12.210)
Epoch[016] Batch[299/478] Speed: 704.56 samples/sec, Loss:(pitch, yaw, roll)/(13.820, 8.794, 12.524)
Epoch[016] Batch[399/478] Speed: 700.70 samples/sec, Loss:(pitch, yaw, roll)/(14.271, 8.784, 13.059)
Epoch[016] train: MAE:(pitch, yaw, roll, mean)/(2.733, 3.049, 2.324, 2.702), Cost=177 sec, lr=0.000302
Epoch[016] val  : MAE:(pitch, yaw, roll, mean)/(7.152, 8.158, 5.861, 7.057), Loss:(pitch, yaw, roll)/(78.886, 99.603, 89.731)
Epoch[017] Batch[099/478] Speed: 683.53 samples/sec, Loss:(pitch, yaw, roll)/(13.845, 9.211, 12.685)
Epoch[017] Batch[199/478] Speed: 693.79 samples/sec, Loss:(pitch, yaw, roll)/(13.952, 8.860, 12.716)
Epoch[017] Batch[299/478] Speed: 702.07 samples/sec, Loss:(pitch, yaw, roll)/(14.066, 8.765, 12.884)
Epoch[017] Batch[399/478] Speed: 697.42 samples/sec, Loss:(pitch, yaw, roll)/(14.253, 8.901, 13.066)
Epoch[017] train: MAE:(pitch, yaw, roll, mean)/(2.719, 3.086, 2.321, 2.709), Cost=178 sec, lr=0.000250
Epoch[017] val  : MAE:(pitch, yaw, roll, mean)/(6.995, 7.948, 5.884, 6.942), Loss:(pitch, yaw, roll)/(79.415, 96.544, 91.912)
Epoch[018] Batch[099/478] Speed: 679.56 samples/sec, Loss:(pitch, yaw, roll)/(12.829, 8.163, 11.780)
Epoch[018] Batch[199/478] Speed: 698.71 samples/sec, Loss:(pitch, yaw, roll)/(13.131, 8.861, 12.049)
Epoch[018] Batch[299/478] Speed: 697.02 samples/sec, Loss:(pitch, yaw, roll)/(13.198, 8.614, 12.148)
Epoch[018] Batch[399/478] Speed: 699.45 samples/sec, Loss:(pitch, yaw, roll)/(13.299, 8.811, 12.235)
Epoch[018] train: MAE:(pitch, yaw, roll, mean)/(2.614, 3.097, 2.242, 2.651), Cost=178 sec, lr=0.000202
Epoch[018] val  : MAE:(pitch, yaw, roll, mean)/(6.810, 8.097, 5.643, 6.850), Loss:(pitch, yaw, roll)/(75.406, 101.018, 88.811)
Min val mean MAE! save model!
Epoch[019] Batch[099/478] Speed: 679.66 samples/sec, Loss:(pitch, yaw, roll)/(13.214, 7.900, 12.137)
Epoch[019] Batch[199/478] Speed: 700.24 samples/sec, Loss:(pitch, yaw, roll)/(13.067, 7.806, 12.071)
Epoch[019] Batch[299/478] Speed: 696.67 samples/sec, Loss:(pitch, yaw, roll)/(13.237, 8.248, 12.247)
Epoch[019] Batch[399/478] Speed: 700.58 samples/sec, Loss:(pitch, yaw, roll)/(13.137, 8.015, 12.165)
Epoch[019] train: MAE:(pitch, yaw, roll, mean)/(2.554, 2.973, 2.217, 2.581), Cost=178 sec, lr=0.000157
Epoch[019] val  : MAE:(pitch, yaw, roll, mean)/(7.018, 8.121, 5.653, 6.931), Loss:(pitch, yaw, roll)/(79.791, 101.495, 91.716)
Epoch[020] Batch[099/478] Speed: 680.94 samples/sec, Loss:(pitch, yaw, roll)/(13.016, 8.845, 12.111)
Epoch[020] Batch[199/478] Speed: 697.97 samples/sec, Loss:(pitch, yaw, roll)/(12.770, 9.030, 11.779)
Epoch[020] Batch[299/478] Speed: 704.84 samples/sec, Loss:(pitch, yaw, roll)/(12.714, 8.682, 11.699)
Epoch[020] Batch[399/478] Speed: 704.32 samples/sec, Loss:(pitch, yaw, roll)/(12.719, 8.500, 11.696)
Epoch[020] train: MAE:(pitch, yaw, roll, mean)/(2.501, 3.041, 2.153, 2.565), Cost=177 sec, lr=0.000117
Epoch[020] val  : MAE:(pitch, yaw, roll, mean)/(6.939, 7.977, 5.716, 6.878), Loss:(pitch, yaw, roll)/(78.300, 99.261, 90.822)
Epoch[021] Batch[099/478] Speed: 696.33 samples/sec, Loss:(pitch, yaw, roll)/(11.824, 8.326, 10.769)
Epoch[021] Batch[199/478] Speed: 703.10 samples/sec, Loss:(pitch, yaw, roll)/(12.113, 8.272, 11.143)
Epoch[021] Batch[299/478] Speed: 707.16 samples/sec, Loss:(pitch, yaw, roll)/(12.036, 8.064, 11.100)
Epoch[021] Batch[399/478] Speed: 710.56 samples/sec, Loss:(pitch, yaw, roll)/(12.191, 8.290, 11.295)
Epoch[021] train: MAE:(pitch, yaw, roll, mean)/(2.437, 3.024, 2.118, 2.526), Cost=175 sec, lr=0.000083
Epoch[021] val  : MAE:(pitch, yaw, roll, mean)/(6.866, 7.922, 5.694, 6.827), Loss:(pitch, yaw, roll)/(77.441, 97.907, 90.507)
Min val mean MAE! save model!
Epoch[022] Batch[099/478] Speed: 694.85 samples/sec, Loss:(pitch, yaw, roll)/(11.641, 8.890, 10.767)
Epoch[022] Batch[199/478] Speed: 712.31 samples/sec, Loss:(pitch, yaw, roll)/(11.719, 8.275, 10.877)
Epoch[022] Batch[299/478] Speed: 710.76 samples/sec, Loss:(pitch, yaw, roll)/(11.665, 8.887, 10.836)
Epoch[022] Batch[399/478] Speed: 707.66 samples/sec, Loss:(pitch, yaw, roll)/(11.746, 8.972, 10.860)
Epoch[022] train: MAE:(pitch, yaw, roll, mean)/(2.412, 3.087, 2.096, 2.532), Cost=175 sec, lr=0.000054
Epoch[022] val  : MAE:(pitch, yaw, roll, mean)/(6.902, 7.929, 5.663, 6.831), Loss:(pitch, yaw, roll)/(78.383, 98.537, 90.334)
Epoch[023] Batch[099/478] Speed: 694.53 samples/sec, Loss:(pitch, yaw, roll)/(10.860, 7.726, 10.052)
Epoch[023] Batch[199/478] Speed: 709.75 samples/sec, Loss:(pitch, yaw, roll)/(11.448, 7.941, 10.701)
Epoch[023] Batch[299/478] Speed: 705.27 samples/sec, Loss:(pitch, yaw, roll)/(11.439, 8.346, 10.601)
Epoch[023] Batch[399/478] Speed: 707.39 samples/sec, Loss:(pitch, yaw, roll)/(11.409, 7.905, 10.565)
Epoch[023] train: MAE:(pitch, yaw, roll, mean)/(2.367, 2.834, 2.052, 2.418), Cost=175 sec, lr=0.000031
Epoch[023] val  : MAE:(pitch, yaw, roll, mean)/(6.849, 8.084, 5.629, 6.854), Loss:(pitch, yaw, roll)/(75.703, 100.032, 88.312)
Epoch[024] Batch[099/478] Speed: 698.37 samples/sec, Loss:(pitch, yaw, roll)/(10.823, 7.870, 9.944)
Epoch[024] Batch[199/478] Speed: 709.40 samples/sec, Loss:(pitch, yaw, roll)/(11.383, 8.203, 10.515)
Epoch[024] Batch[299/478] Speed: 712.54 samples/sec, Loss:(pitch, yaw, roll)/(11.211, 8.033, 10.297)
Epoch[024] Batch[399/478] Speed: 710.23 samples/sec, Loss:(pitch, yaw, roll)/(11.201, 8.120, 10.275)
Epoch[024] train: MAE:(pitch, yaw, roll, mean)/(2.349, 2.912, 2.035, 2.432), Cost=175 sec, lr=0.000014
Epoch[024] val  : MAE:(pitch, yaw, roll, mean)/(6.885, 7.900, 5.604, 6.796), Loss:(pitch, yaw, roll)/(78.102, 97.362, 88.433)
Min val mean MAE! save model!
Epoch[025] Batch[099/478] Speed: 689.99 samples/sec, Loss:(pitch, yaw, roll)/(10.966, 8.678, 10.433)
Epoch[025] Batch[199/478] Speed: 703.93 samples/sec, Loss:(pitch, yaw, roll)/(11.294, 8.189, 10.552)
Epoch[025] Batch[299/478] Speed: 710.07 samples/sec, Loss:(pitch, yaw, roll)/(11.001, 8.554, 10.212)
Epoch[025] Batch[399/478] Speed: 703.61 samples/sec, Loss:(pitch, yaw, roll)/(10.940, 8.279, 10.106)
Epoch[025] train: MAE:(pitch, yaw, roll, mean)/(2.323, 2.949, 2.026, 2.433), Cost=176 sec, lr=0.000004
Epoch[025] val  : MAE:(pitch, yaw, roll, mean)/(6.866, 7.904, 5.596, 6.789), Loss:(pitch, yaw, roll)/(76.658, 97.715, 89.129)
Min val mean MAE! save model!
Epoch[026] Batch[099/478] Speed: 697.26 samples/sec, Loss:(pitch, yaw, roll)/(11.555, 10.167, 10.615)
Epoch[026] Batch[199/478] Speed: 710.64 samples/sec, Loss:(pitch, yaw, roll)/(11.166, 8.961, 10.191)
Epoch[026] Batch[299/478] Speed: 710.77 samples/sec, Loss:(pitch, yaw, roll)/(10.953, 8.304, 10.026)
Epoch[026] Batch[399/478] Speed: 708.47 samples/sec, Loss:(pitch, yaw, roll)/(11.100, 8.264, 10.253)
Epoch[026] train: MAE:(pitch, yaw, roll, mean)/(2.336, 2.960, 2.030, 2.442), Cost=175 sec, lr=0.000001
Epoch[026] val  : MAE:(pitch, yaw, roll, mean)/(6.894, 7.916, 5.618, 6.809), Loss:(pitch, yaw, roll)/(77.012, 97.770, 89.601)
Epoch[027] Batch[099/478] Speed: 691.32 samples/sec, Loss:(pitch, yaw, roll)/(11.556, 8.895, 10.495)
Epoch[027] Batch[199/478] Speed: 707.28 samples/sec, Loss:(pitch, yaw, roll)/(11.280, 8.047, 10.370)
Epoch[027] Batch[299/478] Speed: 707.02 samples/sec, Loss:(pitch, yaw, roll)/(11.221, 8.163, 10.308)
Epoch[027] Batch[399/478] Speed: 706.84 samples/sec, Loss:(pitch, yaw, roll)/(11.073, 7.917, 10.186)
Epoch[027] train: MAE:(pitch, yaw, roll, mean)/(2.319, 2.870, 2.022, 2.404), Cost=176 sec, lr=0.000001
Epoch[027] val  : MAE:(pitch, yaw, roll, mean)/(6.817, 7.907, 5.564, 6.763), Loss:(pitch, yaw, roll)/(76.151, 96.073, 87.896)
Min val mean MAE! save model!
Epoch[028] Batch[099/478] Speed: 692.43 samples/sec, Loss:(pitch, yaw, roll)/(11.243, 8.532, 10.372)
Epoch[028] Batch[199/478] Speed: 703.58 samples/sec, Loss:(pitch, yaw, roll)/(11.288, 8.902, 10.332)
Epoch[028] Batch[299/478] Speed: 707.43 samples/sec, Loss:(pitch, yaw, roll)/(11.169, 8.089, 10.256)
Epoch[028] Batch[399/478] Speed: 707.22 samples/sec, Loss:(pitch, yaw, roll)/(11.130, 8.277, 10.231)
Epoch[028] train: MAE:(pitch, yaw, roll, mean)/(2.337, 2.977, 2.026, 2.447), Cost=176 sec, lr=0.000001
Epoch[028] val  : MAE:(pitch, yaw, roll, mean)/(6.854, 7.803, 5.622, 6.760), Loss:(pitch, yaw, roll)/(76.177, 95.562, 90.098)
Min val mean MAE! save model!
Epoch[029] Batch[099/478] Speed: 691.58 samples/sec, Loss:(pitch, yaw, roll)/(11.108, 9.367, 10.249)
Epoch[029] Batch[199/478] Speed: 709.05 samples/sec, Loss:(pitch, yaw, roll)/(10.658, 8.592, 9.839)
Epoch[029] Batch[299/478] Speed: 714.16 samples/sec, Loss:(pitch, yaw, roll)/(11.013, 8.496, 10.270)
Epoch[029] Batch[399/478] Speed: 709.54 samples/sec, Loss:(pitch, yaw, roll)/(11.043, 8.661, 10.311)
Epoch[029] train: MAE:(pitch, yaw, roll, mean)/(2.314, 2.963, 2.051, 2.443), Cost=176 sec, lr=0.000001
Epoch[029] val  : MAE:(pitch, yaw, roll, mean)/(6.886, 7.924, 5.599, 6.803), Loss:(pitch, yaw, roll)/(76.130, 97.755, 88.065)


Min mean MAE: 6.760, Epoch: 28.000
