nohup: ignoring input
Namespace(alpha=1.0, anno_txt='./data/300W_LP_pose.txt', bs=256, dataset='/home/lfx/Data/300W_LP', epochs=30, gpu=3, log_interval=100, lr=0.001, lr_decay_epoch='10, 15, 20', lr_type='cos', momentum=0.9, net='v3', num_workers=6, prefix='v3_small_alpha1', save='./weight', use_fc=1, version='small', wd=4e-05, weights='', width_mult=1.0)
[21:14:12] src/operator/nn/./cudnn/./cudnn_algoreg-inl.h:97: Running performance tests to find the best convolution algorithm, this can take a while... (set the environment variable MXNET_CUDNN_AUTOTUNE_DEFAULT to 0 to disable)
Epoch[000] Batch[099/478] Speed: 61.36 samples/sec, Loss:(pitch, yaw, roll)/(85.371, 326.566, 72.686)
Epoch[000] Batch[199/478] Speed: 198.70 samples/sec, Loss:(pitch, yaw, roll)/(77.948, 196.453, 67.173)
Epoch[000] Batch[299/478] Speed: 787.81 samples/sec, Loss:(pitch, yaw, roll)/(69.998, 144.206, 59.346)
Epoch[000] Batch[399/478] Speed: 810.35 samples/sec, Loss:(pitch, yaw, roll)/(63.267, 115.015, 53.213)
[21:24:40] src/operator/nn/./cudnn/./cudnn_algoreg-inl.h:97: Running performance tests to find the best convolution algorithm, this can take a while... (set the environment variable MXNET_CUDNN_AUTOTUNE_DEFAULT to 0 to disable)
Epoch[000] train: MAE:(pitch, yaw, roll, mean)/(7.333, 8.160, 6.374, 7.289), Cost=650 sec, lr=0.000997
Epoch[000] val  : MAE:(pitch, yaw, roll, mean)/(9.469, 10.664, 8.063, 9.398), Loss:(pitch, yaw, roll)/(112.743, 138.351, 126.767)
Min val mean MAE! save model!
Epoch[001] Batch[099/478] Speed: 775.89 samples/sec, Loss:(pitch, yaw, roll)/(36.061, 19.760, 28.986)
Epoch[001] Batch[199/478] Speed: 810.78 samples/sec, Loss:(pitch, yaw, roll)/(35.603, 18.644, 28.456)
Epoch[001] Batch[299/478] Speed: 794.65 samples/sec, Loss:(pitch, yaw, roll)/(34.643, 19.289, 27.569)
Epoch[001] Batch[399/478] Speed: 798.29 samples/sec, Loss:(pitch, yaw, roll)/(33.496, 17.765, 26.855)
Epoch[001] train: MAE:(pitch, yaw, roll, mean)/(5.115, 3.949, 4.079, 4.381), Cost=155 sec, lr=0.000987
Epoch[001] val  : MAE:(pitch, yaw, roll, mean)/(7.880, 9.780, 6.755, 8.138), Loss:(pitch, yaw, roll)/(93.249, 126.025, 108.505)
Min val mean MAE! save model!
Epoch[002] Batch[099/478] Speed: 773.40 samples/sec, Loss:(pitch, yaw, roll)/(29.396, 12.481, 23.812)
Epoch[002] Batch[199/478] Speed: 795.59 samples/sec, Loss:(pitch, yaw, roll)/(28.482, 12.323, 23.376)
Epoch[002] Batch[299/478] Speed: 794.16 samples/sec, Loss:(pitch, yaw, roll)/(28.006, 12.622, 22.937)
Epoch[002] Batch[399/478] Speed: 799.74 samples/sec, Loss:(pitch, yaw, roll)/(27.512, 13.243, 22.610)
Epoch[002] train: MAE:(pitch, yaw, roll, mean)/(4.499, 3.431, 3.617, 3.849), Cost=156 sec, lr=0.000970
Epoch[002] val  : MAE:(pitch, yaw, roll, mean)/(7.515, 9.086, 6.264, 7.621), Loss:(pitch, yaw, roll)/(84.199, 114.144, 98.672)
Min val mean MAE! save model!
Epoch[003] Batch[099/478] Speed: 767.67 samples/sec, Loss:(pitch, yaw, roll)/(25.637, 9.803, 21.364)
Epoch[003] Batch[199/478] Speed: 801.53 samples/sec, Loss:(pitch, yaw, roll)/(25.346, 9.887, 21.201)
Epoch[003] Batch[299/478] Speed: 796.61 samples/sec, Loss:(pitch, yaw, roll)/(24.883, 9.932, 20.869)
Epoch[003] Batch[399/478] Speed: 786.10 samples/sec, Loss:(pitch, yaw, roll)/(24.936, 10.161, 20.805)
Epoch[003] train: MAE:(pitch, yaw, roll, mean)/(4.172, 3.005, 3.338, 3.505), Cost=157 sec, lr=0.000947
Epoch[003] val  : MAE:(pitch, yaw, roll, mean)/(7.311, 8.899, 6.012, 7.407), Loss:(pitch, yaw, roll)/(78.693, 108.975, 92.708)
Min val mean MAE! save model!
Epoch[004] Batch[099/478] Speed: 767.44 samples/sec, Loss:(pitch, yaw, roll)/(22.484, 9.413, 19.239)
Epoch[004] Batch[199/478] Speed: 785.93 samples/sec, Loss:(pitch, yaw, roll)/(22.905, 9.247, 19.592)
Epoch[004] Batch[299/478] Speed: 796.16 samples/sec, Loss:(pitch, yaw, roll)/(23.221, 8.906, 19.654)
Epoch[004] Batch[399/478] Speed: 796.34 samples/sec, Loss:(pitch, yaw, roll)/(23.095, 9.033, 19.672)
Epoch[004] train: MAE:(pitch, yaw, roll, mean)/(3.975, 2.768, 3.225, 3.322), Cost=157 sec, lr=0.000918
Epoch[004] val  : MAE:(pitch, yaw, roll, mean)/(7.141, 8.910, 6.228, 7.426), Loss:(pitch, yaw, roll)/(77.937, 106.196, 96.424)
Epoch[005] Batch[099/478] Speed: 764.95 samples/sec, Loss:(pitch, yaw, roll)/(21.982, 8.053, 18.729)
Epoch[005] Batch[199/478] Speed: 794.87 samples/sec, Loss:(pitch, yaw, roll)/(21.793, 8.703, 18.810)
Epoch[005] Batch[299/478] Speed: 793.46 samples/sec, Loss:(pitch, yaw, roll)/(21.458, 8.482, 18.522)
Epoch[005] Batch[399/478] Speed: 791.98 samples/sec, Loss:(pitch, yaw, roll)/(21.703, 8.364, 18.825)
Epoch[005] train: MAE:(pitch, yaw, roll, mean)/(3.810, 2.718, 3.121, 3.216), Cost=157 sec, lr=0.000883
Epoch[005] val  : MAE:(pitch, yaw, roll, mean)/(7.489, 8.495, 6.067, 7.350), Loss:(pitch, yaw, roll)/(81.291, 104.816, 93.613)
Min val mean MAE! save model!
Epoch[006] Batch[099/478] Speed: 769.36 samples/sec, Loss:(pitch, yaw, roll)/(21.514, 7.595, 18.549)
Epoch[006] Batch[199/478] Speed: 793.69 samples/sec, Loss:(pitch, yaw, roll)/(21.425, 7.799, 18.447)
Epoch[006] Batch[299/478] Speed: 793.28 samples/sec, Loss:(pitch, yaw, roll)/(21.300, 8.439, 18.254)
Epoch[006] Batch[399/478] Speed: 791.74 samples/sec, Loss:(pitch, yaw, roll)/(21.426, 9.208, 18.290)
Epoch[006] train: MAE:(pitch, yaw, roll, mean)/(3.903, 2.851, 3.137, 3.297), Cost=157 sec, lr=0.000843
Epoch[006] val  : MAE:(pitch, yaw, roll, mean)/(7.317, 9.025, 6.038, 7.460), Loss:(pitch, yaw, roll)/(80.530, 121.837, 97.041)
Epoch[007] Batch[099/478] Speed: 764.82 samples/sec, Loss:(pitch, yaw, roll)/(22.516, 8.160, 19.594)
Epoch[007] Batch[199/478] Speed: 801.53 samples/sec, Loss:(pitch, yaw, roll)/(21.087, 8.026, 18.001)
Epoch[007] Batch[299/478] Speed: 792.33 samples/sec, Loss:(pitch, yaw, roll)/(21.100, 7.801, 18.184)
Epoch[007] Batch[399/478] Speed: 787.69 samples/sec, Loss:(pitch, yaw, roll)/(20.628, 7.620, 17.835)
Epoch[007] train: MAE:(pitch, yaw, roll, mean)/(3.677, 2.560, 2.997, 3.078), Cost=157 sec, lr=0.000799
Epoch[007] val  : MAE:(pitch, yaw, roll, mean)/(6.920, 8.428, 5.954, 7.100), Loss:(pitch, yaw, roll)/(75.628, 105.473, 90.217)
Min val mean MAE! save model!
Epoch[008] Batch[099/478] Speed: 767.28 samples/sec, Loss:(pitch, yaw, roll)/(20.029, 6.756, 18.192)
Epoch[008] Batch[199/478] Speed: 798.46 samples/sec, Loss:(pitch, yaw, roll)/(19.552, 6.770, 17.469)
Epoch[008] Batch[299/478] Speed: 797.51 samples/sec, Loss:(pitch, yaw, roll)/(19.369, 6.756, 17.044)
Epoch[008] Batch[399/478] Speed: 794.14 samples/sec, Loss:(pitch, yaw, roll)/(19.589, 6.726, 17.182)
Epoch[008] train: MAE:(pitch, yaw, roll, mean)/(3.539, 2.369, 2.897, 2.935), Cost=157 sec, lr=0.000750
Epoch[008] val  : MAE:(pitch, yaw, roll, mean)/(7.074, 8.601, 5.953, 7.209), Loss:(pitch, yaw, roll)/(77.251, 110.221, 90.717)
Epoch[009] Batch[099/478] Speed: 775.42 samples/sec, Loss:(pitch, yaw, roll)/(19.226, 6.441, 16.953)
Epoch[009] Batch[199/478] Speed: 788.10 samples/sec, Loss:(pitch, yaw, roll)/(19.482, 6.435, 17.311)
Epoch[009] Batch[299/478] Speed: 798.42 samples/sec, Loss:(pitch, yaw, roll)/(19.362, 6.351, 17.027)
Epoch[009] Batch[399/478] Speed: 791.04 samples/sec, Loss:(pitch, yaw, roll)/(18.942, 6.417, 16.664)
Epoch[009] train: MAE:(pitch, yaw, roll, mean)/(3.479, 2.304, 2.856, 2.880), Cost=157 sec, lr=0.000698
Epoch[009] val  : MAE:(pitch, yaw, roll, mean)/(6.993, 8.592, 5.859, 7.148), Loss:(pitch, yaw, roll)/(75.906, 106.416, 91.663)
Epoch[010] Batch[099/478] Speed: 764.31 samples/sec, Loss:(pitch, yaw, roll)/(17.550, 6.777, 15.238)
Epoch[010] Batch[199/478] Speed: 789.58 samples/sec, Loss:(pitch, yaw, roll)/(17.599, 6.414, 15.486)
Epoch[010] Batch[299/478] Speed: 800.32 samples/sec, Loss:(pitch, yaw, roll)/(18.562, 6.395, 16.356)
Epoch[010] Batch[399/478] Speed: 789.13 samples/sec, Loss:(pitch, yaw, roll)/(18.405, 6.274, 16.149)
Epoch[010] train: MAE:(pitch, yaw, roll, mean)/(3.388, 2.270, 2.770, 2.810), Cost=157 sec, lr=0.000643
Epoch[010] val  : MAE:(pitch, yaw, roll, mean)/(6.842, 8.266, 5.533, 6.880), Loss:(pitch, yaw, roll)/(72.757, 104.073, 86.597)
Min val mean MAE! save model!
Epoch[011] Batch[099/478] Speed: 774.17 samples/sec, Loss:(pitch, yaw, roll)/(17.446, 5.710, 15.201)
Epoch[011] Batch[199/478] Speed: 804.09 samples/sec, Loss:(pitch, yaw, roll)/(18.593, 5.816, 16.358)
Epoch[011] Batch[299/478] Speed: 791.85 samples/sec, Loss:(pitch, yaw, roll)/(18.531, 5.851, 16.319)
Epoch[011] Batch[399/478] Speed: 790.98 samples/sec, Loss:(pitch, yaw, roll)/(18.242, 5.902, 16.060)
Epoch[011] train: MAE:(pitch, yaw, roll, mean)/(3.322, 2.182, 2.723, 2.742), Cost=156 sec, lr=0.000587
Epoch[011] val  : MAE:(pitch, yaw, roll, mean)/(6.736, 8.405, 5.466, 6.869), Loss:(pitch, yaw, roll)/(73.077, 107.939, 86.913)
Min val mean MAE! save model!
Epoch[012] Batch[099/478] Speed: 774.39 samples/sec, Loss:(pitch, yaw, roll)/(17.881, 5.352, 15.898)
Epoch[012] Batch[199/478] Speed: 802.19 samples/sec, Loss:(pitch, yaw, roll)/(17.516, 5.549, 15.724)
Epoch[012] Batch[299/478] Speed: 790.10 samples/sec, Loss:(pitch, yaw, roll)/(17.681, 5.506, 15.746)
Epoch[012] Batch[399/478] Speed: 793.45 samples/sec, Loss:(pitch, yaw, roll)/(17.762, 5.462, 15.799)
Epoch[012] train: MAE:(pitch, yaw, roll, mean)/(3.245, 2.087, 2.688, 2.674), Cost=156 sec, lr=0.000529
Epoch[012] val  : MAE:(pitch, yaw, roll, mean)/(6.769, 8.085, 5.679, 6.844), Loss:(pitch, yaw, roll)/(73.806, 100.250, 90.418)
Min val mean MAE! save model!
Epoch[013] Batch[099/478] Speed: 764.65 samples/sec, Loss:(pitch, yaw, roll)/(16.880, 5.401, 15.330)
Epoch[013] Batch[199/478] Speed: 799.48 samples/sec, Loss:(pitch, yaw, roll)/(17.184, 5.429, 15.412)
Epoch[013] Batch[299/478] Speed: 796.94 samples/sec, Loss:(pitch, yaw, roll)/(16.881, 5.379, 15.036)
Epoch[013] Batch[399/478] Speed: 793.52 samples/sec, Loss:(pitch, yaw, roll)/(17.005, 5.330, 15.123)
Epoch[013] train: MAE:(pitch, yaw, roll, mean)/(3.165, 2.055, 2.617, 2.612), Cost=156 sec, lr=0.000471
Epoch[013] val  : MAE:(pitch, yaw, roll, mean)/(6.877, 8.355, 5.753, 6.995), Loss:(pitch, yaw, roll)/(72.929, 113.487, 88.486)
Epoch[014] Batch[099/478] Speed: 764.05 samples/sec, Loss:(pitch, yaw, roll)/(15.565, 5.006, 13.745)
Epoch[014] Batch[199/478] Speed: 791.68 samples/sec, Loss:(pitch, yaw, roll)/(15.903, 5.015, 14.304)
Epoch[014] Batch[299/478] Speed: 794.62 samples/sec, Loss:(pitch, yaw, roll)/(16.050, 5.067, 14.424)
Epoch[014] Batch[399/478] Speed: 794.81 samples/sec, Loss:(pitch, yaw, roll)/(16.556, 5.053, 14.936)
Epoch[014] train: MAE:(pitch, yaw, roll, mean)/(3.107, 1.982, 2.588, 2.559), Cost=157 sec, lr=0.000413
Epoch[014] val  : MAE:(pitch, yaw, roll, mean)/(6.883, 8.251, 5.504, 6.879), Loss:(pitch, yaw, roll)/(72.806, 107.517, 87.328)
Epoch[015] Batch[099/478] Speed: 769.69 samples/sec, Loss:(pitch, yaw, roll)/(15.587, 4.911, 14.061)
Epoch[015] Batch[199/478] Speed: 797.46 samples/sec, Loss:(pitch, yaw, roll)/(16.070, 4.810, 14.293)
Epoch[015] Batch[299/478] Speed: 796.16 samples/sec, Loss:(pitch, yaw, roll)/(15.782, 4.801, 14.020)
Epoch[015] Batch[399/478] Speed: 792.99 samples/sec, Loss:(pitch, yaw, roll)/(15.891, 4.780, 14.171)
Epoch[015] train: MAE:(pitch, yaw, roll, mean)/(3.032, 1.909, 2.517, 2.486), Cost=157 sec, lr=0.000357
Epoch[015] val  : MAE:(pitch, yaw, roll, mean)/(6.886, 8.577, 5.642, 7.035), Loss:(pitch, yaw, roll)/(76.355, 111.769, 88.975)
Epoch[016] Batch[099/478] Speed: 772.40 samples/sec, Loss:(pitch, yaw, roll)/(15.452, 4.626, 14.047)
Epoch[016] Batch[199/478] Speed: 792.52 samples/sec, Loss:(pitch, yaw, roll)/(15.696, 4.641, 14.055)
Epoch[016] Batch[299/478] Speed: 796.04 samples/sec, Loss:(pitch, yaw, roll)/(15.790, 4.625, 14.243)
Epoch[016] Batch[399/478] Speed: 789.72 samples/sec, Loss:(pitch, yaw, roll)/(15.899, 4.623, 14.401)
Epoch[016] train: MAE:(pitch, yaw, roll, mean)/(2.997, 1.866, 2.503, 2.455), Cost=157 sec, lr=0.000302
Epoch[016] val  : MAE:(pitch, yaw, roll, mean)/(6.761, 8.227, 5.411, 6.800), Loss:(pitch, yaw, roll)/(72.413, 109.162, 85.212)
Min val mean MAE! save model!
Epoch[017] Batch[099/478] Speed: 762.27 samples/sec, Loss:(pitch, yaw, roll)/(14.515, 4.529, 13.158)
Epoch[017] Batch[199/478] Speed: 796.23 samples/sec, Loss:(pitch, yaw, roll)/(15.311, 4.520, 13.812)
Epoch[017] Batch[299/478] Speed: 790.10 samples/sec, Loss:(pitch, yaw, roll)/(15.030, 4.466, 13.592)
Epoch[017] Batch[399/478] Speed: 797.83 samples/sec, Loss:(pitch, yaw, roll)/(15.170, 4.448, 13.681)
Epoch[017] train: MAE:(pitch, yaw, roll, mean)/(2.912, 1.818, 2.434, 2.388), Cost=157 sec, lr=0.000250
Epoch[017] val  : MAE:(pitch, yaw, roll, mean)/(6.607, 8.163, 5.352, 6.707), Loss:(pitch, yaw, roll)/(69.762, 103.373, 82.765)
Min val mean MAE! save model!
Epoch[018] Batch[099/478] Speed: 765.83 samples/sec, Loss:(pitch, yaw, roll)/(15.330, 4.388, 14.065)
Epoch[018] Batch[199/478] Speed: 797.32 samples/sec, Loss:(pitch, yaw, roll)/(14.698, 4.324, 13.198)
Epoch[018] Batch[299/478] Speed: 790.77 samples/sec, Loss:(pitch, yaw, roll)/(14.698, 4.297, 13.257)
Epoch[018] Batch[399/478] Speed: 795.06 samples/sec, Loss:(pitch, yaw, roll)/(14.656, 4.266, 13.265)
Epoch[018] train: MAE:(pitch, yaw, roll, mean)/(2.850, 1.762, 2.396, 2.336), Cost=157 sec, lr=0.000202
Epoch[018] val  : MAE:(pitch, yaw, roll, mean)/(6.717, 8.186, 5.467, 6.790), Loss:(pitch, yaw, roll)/(71.894, 108.994, 83.732)
Epoch[019] Batch[099/478] Speed: 756.94 samples/sec, Loss:(pitch, yaw, roll)/(14.217, 4.113, 13.022)
Epoch[019] Batch[199/478] Speed: 792.04 samples/sec, Loss:(pitch, yaw, roll)/(14.239, 4.137, 12.947)
Epoch[019] Batch[299/478] Speed: 794.79 samples/sec, Loss:(pitch, yaw, roll)/(14.402, 4.133, 13.132)
Epoch[019] Batch[399/478] Speed: 791.01 samples/sec, Loss:(pitch, yaw, roll)/(14.455, 4.122, 13.152)
Epoch[019] train: MAE:(pitch, yaw, roll, mean)/(2.788, 1.726, 2.342, 2.286), Cost=157 sec, lr=0.000157
Epoch[019] val  : MAE:(pitch, yaw, roll, mean)/(6.857, 8.129, 5.568, 6.851), Loss:(pitch, yaw, roll)/(75.070, 104.466, 88.977)
Epoch[020] Batch[099/478] Speed: 758.94 samples/sec, Loss:(pitch, yaw, roll)/(13.585, 4.060, 12.534)
Epoch[020] Batch[199/478] Speed: 795.06 samples/sec, Loss:(pitch, yaw, roll)/(13.727, 4.052, 12.494)
Epoch[020] Batch[299/478] Speed: 792.20 samples/sec, Loss:(pitch, yaw, roll)/(13.790, 4.040, 12.499)
Epoch[020] Batch[399/478] Speed: 788.77 samples/sec, Loss:(pitch, yaw, roll)/(13.654, 4.022, 12.383)
Epoch[020] train: MAE:(pitch, yaw, roll, mean)/(2.726, 1.695, 2.301, 2.241), Cost=157 sec, lr=0.000117
Epoch[020] val  : MAE:(pitch, yaw, roll, mean)/(6.668, 8.105, 5.424, 6.732), Loss:(pitch, yaw, roll)/(69.640, 103.775, 83.658)
Epoch[021] Batch[099/478] Speed: 761.21 samples/sec, Loss:(pitch, yaw, roll)/(13.452, 3.918, 12.080)
Epoch[021] Batch[199/478] Speed: 790.99 samples/sec, Loss:(pitch, yaw, roll)/(13.563, 3.913, 12.240)
Epoch[021] Batch[299/478] Speed: 799.33 samples/sec, Loss:(pitch, yaw, roll)/(13.373, 3.905, 12.112)
Epoch[021] Batch[399/478] Speed: 787.96 samples/sec, Loss:(pitch, yaw, roll)/(13.522, 3.881, 12.317)
Epoch[021] train: MAE:(pitch, yaw, roll, mean)/(2.677, 1.648, 2.263, 2.196), Cost=157 sec, lr=0.000083
Epoch[021] val  : MAE:(pitch, yaw, roll, mean)/(6.761, 8.081, 5.437, 6.760), Loss:(pitch, yaw, roll)/(71.669, 106.585, 86.602)
Epoch[022] Batch[099/478] Speed: 764.62 samples/sec, Loss:(pitch, yaw, roll)/(12.937, 3.792, 11.872)
Epoch[022] Batch[199/478] Speed: 798.38 samples/sec, Loss:(pitch, yaw, roll)/(12.927, 3.774, 11.797)
Epoch[022] Batch[299/478] Speed: 792.98 samples/sec, Loss:(pitch, yaw, roll)/(12.835, 3.789, 11.703)
Epoch[022] Batch[399/478] Speed: 793.80 samples/sec, Loss:(pitch, yaw, roll)/(13.168, 3.792, 12.018)
Epoch[022] train: MAE:(pitch, yaw, roll, mean)/(2.646, 1.624, 2.233, 2.168), Cost=157 sec, lr=0.000054
Epoch[022] val  : MAE:(pitch, yaw, roll, mean)/(6.746, 8.048, 5.454, 6.750), Loss:(pitch, yaw, roll)/(73.068, 107.621, 85.153)
Epoch[023] Batch[099/478] Speed: 768.79 samples/sec, Loss:(pitch, yaw, roll)/(13.344, 3.752, 12.120)
Epoch[023] Batch[199/478] Speed: 794.68 samples/sec, Loss:(pitch, yaw, roll)/(12.741, 3.726, 11.774)
Epoch[023] Batch[299/478] Speed: 790.03 samples/sec, Loss:(pitch, yaw, roll)/(12.827, 3.716, 11.837)
Epoch[023] Batch[399/478] Speed: 797.90 samples/sec, Loss:(pitch, yaw, roll)/(12.835, 3.713, 11.795)
Epoch[023] train: MAE:(pitch, yaw, roll, mean)/(2.606, 1.599, 2.215, 2.140), Cost=157 sec, lr=0.000031
Epoch[023] val  : MAE:(pitch, yaw, roll, mean)/(6.730, 7.987, 5.398, 6.705), Loss:(pitch, yaw, roll)/(71.474, 103.010, 84.635)
Min val mean MAE! save model!
Epoch[024] Batch[099/478] Speed: 766.49 samples/sec, Loss:(pitch, yaw, roll)/(13.098, 3.678, 12.106)
Epoch[024] Batch[199/478] Speed: 796.39 samples/sec, Loss:(pitch, yaw, roll)/(12.476, 3.683, 11.461)
Epoch[024] Batch[299/478] Speed: 798.77 samples/sec, Loss:(pitch, yaw, roll)/(12.465, 3.662, 11.461)
Epoch[024] Batch[399/478] Speed: 795.63 samples/sec, Loss:(pitch, yaw, roll)/(12.697, 3.657, 11.706)
Epoch[024] train: MAE:(pitch, yaw, roll, mean)/(2.573, 1.582, 2.192, 2.116), Cost=157 sec, lr=0.000014
Epoch[024] val  : MAE:(pitch, yaw, roll, mean)/(6.777, 7.913, 5.459, 6.716), Loss:(pitch, yaw, roll)/(72.624, 101.573, 85.965)
Epoch[025] Batch[099/478] Speed: 763.27 samples/sec, Loss:(pitch, yaw, roll)/(12.612, 3.651, 11.606)
Epoch[025] Batch[199/478] Speed: 795.46 samples/sec, Loss:(pitch, yaw, roll)/(12.069, 3.640, 10.972)
Epoch[025] Batch[299/478] Speed: 784.63 samples/sec, Loss:(pitch, yaw, roll)/(12.302, 3.636, 11.188)
Epoch[025] Batch[399/478] Speed: 798.30 samples/sec, Loss:(pitch, yaw, roll)/(12.398, 3.630, 11.270)
Epoch[025] train: MAE:(pitch, yaw, roll, mean)/(2.566, 1.571, 2.164, 2.100), Cost=157 sec, lr=0.000004
Epoch[025] val  : MAE:(pitch, yaw, roll, mean)/(6.644, 7.969, 5.426, 6.680), Loss:(pitch, yaw, roll)/(70.523, 102.160, 85.337)
Min val mean MAE! save model!
Epoch[026] Batch[099/478] Speed: 761.79 samples/sec, Loss:(pitch, yaw, roll)/(12.077, 3.612, 10.955)
Epoch[026] Batch[199/478] Speed: 794.80 samples/sec, Loss:(pitch, yaw, roll)/(12.281, 3.610, 11.254)
Epoch[026] Batch[299/478] Speed: 788.11 samples/sec, Loss:(pitch, yaw, roll)/(12.369, 3.608, 11.316)
Epoch[026] Batch[399/478] Speed: 796.21 samples/sec, Loss:(pitch, yaw, roll)/(12.506, 3.604, 11.509)
Epoch[026] train: MAE:(pitch, yaw, roll, mean)/(2.556, 1.564, 2.169, 2.096), Cost=157 sec, lr=0.000001
Epoch[026] val  : MAE:(pitch, yaw, roll, mean)/(6.713, 7.985, 5.395, 6.697), Loss:(pitch, yaw, roll)/(72.182, 105.782, 84.669)
Epoch[027] Batch[099/478] Speed: 768.94 samples/sec, Loss:(pitch, yaw, roll)/(12.599, 3.625, 11.508)
Epoch[027] Batch[199/478] Speed: 792.73 samples/sec, Loss:(pitch, yaw, roll)/(12.449, 3.625, 11.318)
Epoch[027] Batch[299/478] Speed: 794.67 samples/sec, Loss:(pitch, yaw, roll)/(12.450, 3.624, 11.277)
Epoch[027] Batch[399/478] Speed: 796.21 samples/sec, Loss:(pitch, yaw, roll)/(12.584, 3.623, 11.433)
Epoch[027] train: MAE:(pitch, yaw, roll, mean)/(2.571, 1.570, 2.168, 2.103), Cost=157 sec, lr=0.000001
Epoch[027] val  : MAE:(pitch, yaw, roll, mean)/(6.627, 7.976, 5.377, 6.660), Loss:(pitch, yaw, roll)/(70.052, 105.142, 83.827)
Min val mean MAE! save model!
Epoch[028] Batch[099/478] Speed: 770.74 samples/sec, Loss:(pitch, yaw, roll)/(12.427, 3.659, 11.366)
Epoch[028] Batch[199/478] Speed: 791.58 samples/sec, Loss:(pitch, yaw, roll)/(12.614, 3.643, 11.543)
Epoch[028] Batch[299/478] Speed: 791.29 samples/sec, Loss:(pitch, yaw, roll)/(12.376, 3.631, 11.320)
Epoch[028] Batch[399/478] Speed: 783.48 samples/sec, Loss:(pitch, yaw, roll)/(12.339, 3.628, 11.253)
Epoch[028] train: MAE:(pitch, yaw, roll, mean)/(2.560, 1.570, 2.159, 2.096), Cost=157 sec, lr=0.000001
Epoch[028] val  : MAE:(pitch, yaw, roll, mean)/(6.702, 7.907, 5.406, 6.672), Loss:(pitch, yaw, roll)/(71.224, 100.765, 85.226)
Epoch[029] Batch[099/478] Speed: 766.96 samples/sec, Loss:(pitch, yaw, roll)/(11.611, 3.614, 10.595)
Epoch[029] Batch[199/478] Speed: 793.78 samples/sec, Loss:(pitch, yaw, roll)/(12.052, 3.614, 11.023)
Epoch[029] Batch[299/478] Speed: 795.23 samples/sec, Loss:(pitch, yaw, roll)/(12.245, 3.618, 11.237)
Epoch[029] Batch[399/478] Speed: 795.00 samples/sec, Loss:(pitch, yaw, roll)/(12.217, 3.616, 11.202)
Epoch[029] train: MAE:(pitch, yaw, roll, mean)/(2.562, 1.565, 2.173, 2.100), Cost=156 sec, lr=0.000001
Epoch[029] val  : MAE:(pitch, yaw, roll, mean)/(6.748, 7.979, 5.402, 6.710), Loss:(pitch, yaw, roll)/(72.228, 103.629, 85.245)


Min mean MAE: 6.660, Epoch: 27.000
